<?xml version="1.0" encoding="UTF-8"?>
<testsuites name="Demo" time="594" tests="5" failures="2" errors="0">
   <testsuite name="Demo" tests="5" failures="2" errors="0" time="594" timestamp="2018-08-21 11:37:31" hostname="SEEBORUTS - 5CG7062KWD.SD.DIKA.BE" id="Test Suites/testing/Demo">
      <properties>
         <property name="deviceName" value=""/>
         <property name="devicePlatform" value=""/>
         <property name="logFolder" value="C:\\Users\\seeboruts\\OneDrive - SD Worx\\Desktop\\Katalon_eBlox_Reporting\\Reports\\testing\\Demo\\20180821_113728"/>
         <property name="logFiles" value="C:\\Users\\seeboruts\\OneDrive - SD Worx\\Desktop\\Katalon_eBlox_Reporting\\Reports\\testing\\Demo\\20180821_113728\\execution0.log"/>
         <property name="attachments" value="C:\\Users\\seeboruts\\OneDrive - SD Worx\\Desktop\\Katalon_eBlox_Reporting\\Reports\\testing\\Demo\\20180821_113728\\1534837407218.png, C:\\Users\\seeboruts\\OneDrive - SD Worx\\Desktop\\Katalon_eBlox_Reporting\\Reports\\testing\\Demo\\20180821_113728\\1534837584630.png"/>
         <property name="hostName" value="SEEBORUTS - 5CG7062KWD.SD.DIKA.BE"/>
         <property name="os" value="Windows 10 64bit"/>
         <property name="katalonVersion" value="5.6.0.1"/>
         <property name="browser" value="Chrome 68.0.3440.106"/>
         <property name="hostAddress" value="10.136.82.137"/>
         <property name="sessionId" value="0f6c2a62765944420d626961532e8a5c"/>
         <property name="seleniumVersion" value="3.7.1"/>
         <property name="proxyInformation" value="ProxyInformation{proxyOption=NO_PROXY, proxyServerType=HTTP, password=, proxyServerAddress=, proxyServerPort=0}"/>
         <property name="platform" value="Windows 10"/>
      </properties>
      <testcase name="Test Cases/New Folder/TC1 LANGUAGE" classname="Test Cases/New Folder/TC1 LANGUAGE" status="PASSED">
         <system-out><![CDATA[2018-08-21 11:37:31 - [TEST_CASE][PASSED] - Test Cases/New Folder/TC1 LANGUAGE: Test Cases/New Folder/TC1 LANGUAGE

2018-08-21 11:37:32 - [TEST_STEP][PASSED] - callTestCase: Call Test Case 'Test Cases/Login/TC1 Login to Mysdworx' successfully

2018-08-21 11:37:32 - [TEST_CASE][PASSED] - Test Cases/Login/TC1 Login to Mysdworx: Test Cases/Login/TC1 Login to Mysdworx

2018-08-21 11:37:32 - [TEST_STEP][PASSED] - openBrowser: Browser is opened with url: ''

2018-08-21 11:37:36 - [MESSAGE][PASSED] - Browser is opened with url: ''

2018-08-21 11:37:36 - [TEST_STEP][PASSED] - navigateToUrl: Navigate to 'https://internet.acc.sd.dika.be/ebloxreporting/web.sensitive/main/?lang=fr' successfully

2018-08-21 11:37:42 - [MESSAGE][PASSED] - Navigate to 'https://internet.acc.sd.dika.be/ebloxreporting/web.sensitive/main/?lang=fr' successfully

2018-08-21 11:37:42 - [TEST_STEP][PASSED] - maximizeWindow: Current window maximized

2018-08-21 11:37:43 - [MESSAGE][PASSED] - Current window maximized

2018-08-21 11:37:43 - [TEST_STEP][PASSED] - setText: Text 'DP_EBLOX_RPP_VASCO' is set on object 'Object Repository/Page_mysdworx - Log in/input_Username'

2018-08-21 11:37:48 - [MESSAGE][PASSED] - Text 'DP_EBLOX_RPP_VASCO' is set on object 'Object Repository/Page_mysdworx - Log in/input_Username'

2018-08-21 11:37:48 - [TEST_STEP][PASSED] - Statement - frame = new javax.swing.JFrame(User Input Frame): null

2018-08-21 11:37:48 - [TEST_STEP][PASSED] - Statement - frame.requestFocus(): null

2018-08-21 11:37:48 - [TEST_STEP][PASSED] - Statement - pass = javax.swing.JOptionPane.showInputDialog(frame, "Enter the password from token!!"): null

2018-08-21 11:37:59 - [TEST_STEP][PASSED] - delay: Delayed 2 second(s)

2018-08-21 11:38:01 - [MESSAGE][PASSED] - Delayed 2 second(s)

2018-08-21 11:38:01 - [TEST_STEP][PASSED] - setText: Text '842680' is set on object 'Object Repository/Page_mysdworx - Log in/input_Password'

2018-08-21 11:38:01 - [MESSAGE][PASSED] - Text '842680' is set on object 'Object Repository/Page_mysdworx - Log in/input_Password'

2018-08-21 11:38:01 - [TEST_STEP][PASSED] - click: Object: 'Object Repository/Page_mysdworx - Log in/button_Se connecter' is clicked on

2018-08-21 11:38:01 - [MESSAGE][PASSED] - Object: 'Object Repository/Page_mysdworx - Log in/button_Se connecter' is clicked on

2018-08-21 11:38:01 - [TEST_STEP][PASSED] - waitForPageLoad: Wait for page load successfully

2018-08-21 11:38:01 - [MESSAGE][PASSED] - Wait for page load successfully

2018-08-21 11:38:01 - [TEST_STEP][NOT_RUN] - closeBrowser: NOT_RUN: closeBrowser

2018-08-21 11:38:01 - [MESSAGE][NOT_RUN] - NOT_RUN: closeBrowser

2018-08-21 11:38:01 - [MESSAGE][PASSED] - Call Test Case 'Test Cases/Login/TC1 Login to Mysdworx' successfully

2018-08-21 11:38:01 - [TEST_STEP][PASSED] - waitForPageLoad: Wait for page load successfully

2018-08-21 11:38:01 - [MESSAGE][PASSED] - Wait for page load successfully

2018-08-21 11:38:01 - [TEST_STEP][PASSED] - callTestCase: Call Test Case 'Test Cases/Select Language/TC1 Verify NL language' successfully

2018-08-21 11:38:02 - [TEST_CASE][PASSED] - Test Cases/Select Language/TC1 Verify NL language: Test Cases/Select Language/TC1 Verify NL language

2018-08-21 11:38:02 - [TEST_STEP][PASSED] - waitForElementClickable: Object 'Object Repository/Change language link Obj/NL_language' is clickable

2018-08-21 11:38:27 - [MESSAGE][PASSED] - Object 'Object Repository/Change language link Obj/NL_language' is clickable

2018-08-21 11:38:27 - [TEST_STEP][PASSED] - click: Object: 'Object Repository/Change language link Obj/NL_language' is clicked on

2018-08-21 11:38:36 - [MESSAGE][PASSED] - Object: 'Object Repository/Change language link Obj/NL_language' is clicked on

2018-08-21 11:38:36 - [TEST_STEP][PASSED] - waitForPageLoad: Wait for page load successfully

2018-08-21 11:38:36 - [MESSAGE][PASSED] - Wait for page load successfully

2018-08-21 11:38:36 - [MESSAGE][PASSED] - Call Test Case 'Test Cases/Select Language/TC1 Verify NL language' successfully

2018-08-21 11:38:36 - [TEST_STEP][PASSED] - waitForPageLoad: Wait for page load successfully

2018-08-21 11:38:37 - [MESSAGE][PASSED] - Wait for page load successfully

2018-08-21 11:38:37 - [TEST_STEP][PASSED] - callTestCase: Call Test Case 'Test Cases/Mes rapports/Main Page/TC Verify Mes rapports tab' successfully

2018-08-21 11:38:37 - [TEST_CASE][PASSED] - Test Cases/Mes rapports/Main Page/TC Verify Mes rapports tab: Test Cases/Mes rapports/Main Page/TC Verify Mes rapports tab

2018-08-21 11:38:37 - [TEST_STEP][PASSED] - click: Object: 'Object Repository/Mes rapports Obj/Mes rapports_tab' is clicked on

2018-08-21 11:38:37 - [MESSAGE][PASSED] - Object: 'Object Repository/Mes rapports Obj/Mes rapports_tab' is clicked on

2018-08-21 11:38:37 - [MESSAGE][PASSED] - Call Test Case 'Test Cases/Mes rapports/Main Page/TC Verify Mes rapports tab' successfully

2018-08-21 11:38:37 - [TEST_STEP][PASSED] - waitForPageLoad: Wait for page load successfully

2018-08-21 11:38:37 - [MESSAGE][PASSED] - Wait for page load successfully

2018-08-21 11:38:37 - [TEST_STEP][PASSED] - callTestCase: Call Test Case 'Test Cases/Mes rapports/Main Page/TC Verify Deployer function' successfully

2018-08-21 11:38:37 - [TEST_CASE][PASSED] - Test Cases/Mes rapports/Main Page/TC Verify Deployer function: Test Cases/Mes rapports/Main Page/TC Verify Deployer function

2018-08-21 11:38:37 - [TEST_STEP][PASSED] - waitForPageLoad: Wait for page load successfully

2018-08-21 11:38:37 - [MESSAGE][PASSED] - Wait for page load successfully

2018-08-21 11:38:37 - [TEST_STEP][PASSED] - waitForElementClickable: Object 'Object Repository/Mes rapports Obj/button_setting_dropdown' is clickable

2018-08-21 11:38:39 - [MESSAGE][PASSED] - Object 'Object Repository/Mes rapports Obj/button_setting_dropdown' is clickable

2018-08-21 11:38:39 - [TEST_STEP][PASSED] - click: Object: 'Object Repository/Mes rapports Obj/button_setting_dropdown' is clicked on

2018-08-21 11:38:39 - [MESSAGE][PASSED] - Object: 'Object Repository/Mes rapports Obj/button_setting_dropdown' is clicked on

2018-08-21 11:38:39 - [TEST_STEP][PASSED] - click: Object: 'Object Repository/Mes rapports Obj/a_Dployer tout' is clicked on

2018-08-21 11:38:43 - [MESSAGE][PASSED] - Object: 'Object Repository/Mes rapports Obj/a_Dployer tout' is clicked on

2018-08-21 11:38:43 - [MESSAGE][PASSED] - Call Test Case 'Test Cases/Mes rapports/Main Page/TC Verify Deployer function' successfully

2018-08-21 11:38:43 - [TEST_STEP][PASSED] - waitForPageLoad: Wait for page load successfully

2018-08-21 11:38:43 - [MESSAGE][PASSED] - Wait for page load successfully

2018-08-21 11:38:43 - [TEST_STEP][PASSED] - callTestCase: Call Test Case 'Test Cases/Mes rapports/Main Page/TC Verify Masquer function' successfully

2018-08-21 11:38:43 - [TEST_CASE][PASSED] - Test Cases/Mes rapports/Main Page/TC Verify Masquer function: Test Cases/Mes rapports/Main Page/TC Verify Masquer function

2018-08-21 11:38:43 - [TEST_STEP][PASSED] - click: Object: 'Object Repository/Mes rapports Obj/button_setting_dropdown' is clicked on

2018-08-21 11:38:43 - [MESSAGE][PASSED] - Object: 'Object Repository/Mes rapports Obj/button_setting_dropdown' is clicked on

2018-08-21 11:38:43 - [TEST_STEP][PASSED] - click: Object: 'Object Repository/Mes rapports Obj/a_Masquer tout' is clicked on

2018-08-21 11:38:43 - [MESSAGE][PASSED] - Object: 'Object Repository/Mes rapports Obj/a_Masquer tout' is clicked on

2018-08-21 11:38:43 - [MESSAGE][PASSED] - Call Test Case 'Test Cases/Mes rapports/Main Page/TC Verify Masquer function' successfully

2018-08-21 11:38:43 - [TEST_STEP][PASSED] - callTestCase: Call Test Case 'Test Cases/Mes rapports/Main Page/TC Verify info icon function' successfully

2018-08-21 11:38:43 - [TEST_CASE][PASSED] - Test Cases/Mes rapports/Main Page/TC Verify info icon function: Test Cases/Mes rapports/Main Page/TC Verify info icon function

2018-08-21 11:38:44 - [TEST_STEP][PASSED] - click: Object: 'Object Repository/Mes rapports Obj/info_Icon' is clicked on

2018-08-21 11:38:44 - [MESSAGE][PASSED] - Object: 'Object Repository/Mes rapports Obj/info_Icon' is clicked on

2018-08-21 11:38:44 - [MESSAGE][PASSED] - Call Test Case 'Test Cases/Mes rapports/Main Page/TC Verify info icon function' successfully

2018-08-21 11:38:44 - [TEST_STEP][PASSED] - callTestCase: Call Test Case 'Test Cases/Mes rapports/Main Page/TC Verify Url' successfully

2018-08-21 11:38:44 - [TEST_CASE][PASSED] - Test Cases/Mes rapports/Main Page/TC Verify Url: Test Cases/Mes rapports/Main Page/TC Verify Url

2018-08-21 11:38:44 - [TEST_STEP][PASSED] - waitForPageLoad: Wait for page load successfully

2018-08-21 11:38:44 - [MESSAGE][PASSED] - Wait for page load successfully

2018-08-21 11:38:44 - [TEST_STEP][PASSED] - Statement - url = com.kms.katalon.core.webui.keyword.WebUiBuiltInKeywords.getUrl(): Current window's url is: 'https://internet.acc.sd.dika.be/ebloxreporting/web.sensitive/main/FpyDF/iIz9g8MffKNXfNyb1H/NL/#/mijnrapporten'

2018-08-21 11:38:44 - [MESSAGE][PASSED] - Current window's url is: 'https://internet.acc.sd.dika.be/ebloxreporting/web.sensitive/main/FpyDF/iIz9g8MffKNXfNyb1H/NL/#/mijnrapporten'

2018-08-21 11:38:44 - [TEST_STEP][PASSED] - Statement - p = java.util.regex.Pattern.compile("00040 ANTILOPE GROEP"): null

2018-08-21 11:38:44 - [TEST_STEP][PASSED] - Statement - m = p.matcher(url): null

2018-08-21 11:38:44 - [TEST_STEP][PASSED] - Statement - If (m.find()): null

2018-08-21 11:38:44 - [TEST_STEP][PASSED] - Statement - Else: The user name and the concern number are not present in the URL

2018-08-21 11:38:44 - [TEST_STEP][PASSED] - Statement - com.kms.katalon.core.util.KeywordUtil.markPassed("The user name and the concern number are not present in the URL"): The user name and the concern number are not present in the URL

2018-08-21 11:38:44 - [MESSAGE][PASSED] - The user name and the concern number are not present in the URL

2018-08-21 11:38:44 - [MESSAGE][PASSED] - Call Test Case 'Test Cases/Mes rapports/Main Page/TC Verify Url' successfully

2018-08-21 11:38:44 - [TEST_STEP][PASSED] - waitForPageLoad: Wait for page load successfully

2018-08-21 11:38:44 - [MESSAGE][PASSED] - Wait for page load successfully

2018-08-21 11:38:44 - [TEST_STEP][PASSED] - callTestCase: Call Test Case 'Test Cases/Select Language/TC2 Verify FR Language' successfully

2018-08-21 11:38:44 - [TEST_CASE][PASSED] - Test Cases/Select Language/TC2 Verify FR Language: Test Cases/Select Language/TC2 Verify FR Language

2018-08-21 11:38:44 - [TEST_STEP][PASSED] - click: Object: 'Object Repository/Change language link Obj/FR_language' is clicked on

2018-08-21 11:38:49 - [MESSAGE][PASSED] - Object: 'Object Repository/Change language link Obj/FR_language' is clicked on

2018-08-21 11:38:49 - [TEST_STEP][PASSED] - waitForPageLoad: Wait for page load successfully

2018-08-21 11:38:49 - [MESSAGE][PASSED] - Wait for page load successfully

2018-08-21 11:38:49 - [MESSAGE][PASSED] - Call Test Case 'Test Cases/Select Language/TC2 Verify FR Language' successfully

2018-08-21 11:38:49 - [TEST_STEP][PASSED] - waitForPageLoad: Wait for page load successfully

2018-08-21 11:38:49 - [MESSAGE][PASSED] - Wait for page load successfully

2018-08-21 11:38:49 - [TEST_STEP][PASSED] - callTestCase: Call Test Case 'Test Cases/Mes rapports/Main Page/TC Verify Mes rapports tab' successfully

2018-08-21 11:38:49 - [TEST_CASE][PASSED] - Test Cases/Mes rapports/Main Page/TC Verify Mes rapports tab: Test Cases/Mes rapports/Main Page/TC Verify Mes rapports tab

2018-08-21 11:38:49 - [TEST_STEP][PASSED] - click: Object: 'Object Repository/Mes rapports Obj/Mes rapports_tab' is clicked on

2018-08-21 11:38:49 - [MESSAGE][PASSED] - Object: 'Object Repository/Mes rapports Obj/Mes rapports_tab' is clicked on

2018-08-21 11:38:49 - [MESSAGE][PASSED] - Call Test Case 'Test Cases/Mes rapports/Main Page/TC Verify Mes rapports tab' successfully

2018-08-21 11:38:49 - [TEST_STEP][PASSED] - waitForPageLoad: Wait for page load successfully

2018-08-21 11:38:49 - [MESSAGE][PASSED] - Wait for page load successfully

2018-08-21 11:38:49 - [TEST_STEP][PASSED] - callTestCase: Call Test Case 'Test Cases/Mes rapports/Main Page/TC Verify Deployer function' successfully

2018-08-21 11:38:49 - [TEST_CASE][PASSED] - Test Cases/Mes rapports/Main Page/TC Verify Deployer function: Test Cases/Mes rapports/Main Page/TC Verify Deployer function

2018-08-21 11:38:49 - [TEST_STEP][PASSED] - waitForPageLoad: Wait for page load successfully

2018-08-21 11:38:49 - [MESSAGE][PASSED] - Wait for page load successfully

2018-08-21 11:38:49 - [TEST_STEP][PASSED] - waitForElementClickable: Object 'Object Repository/Mes rapports Obj/button_setting_dropdown' is clickable

2018-08-21 11:38:52 - [MESSAGE][PASSED] - Object 'Object Repository/Mes rapports Obj/button_setting_dropdown' is clickable

2018-08-21 11:38:52 - [TEST_STEP][PASSED] - click: Object: 'Object Repository/Mes rapports Obj/button_setting_dropdown' is clicked on

2018-08-21 11:38:52 - [MESSAGE][PASSED] - Object: 'Object Repository/Mes rapports Obj/button_setting_dropdown' is clicked on

2018-08-21 11:38:52 - [TEST_STEP][PASSED] - click: Object: 'Object Repository/Mes rapports Obj/a_Dployer tout' is clicked on

2018-08-21 11:38:56 - [MESSAGE][PASSED] - Object: 'Object Repository/Mes rapports Obj/a_Dployer tout' is clicked on

2018-08-21 11:38:56 - [MESSAGE][PASSED] - Call Test Case 'Test Cases/Mes rapports/Main Page/TC Verify Deployer function' successfully

2018-08-21 11:38:56 - [TEST_STEP][PASSED] - waitForPageLoad: Wait for page load successfully

2018-08-21 11:38:56 - [MESSAGE][PASSED] - Wait for page load successfully

2018-08-21 11:38:56 - [TEST_STEP][PASSED] - callTestCase: Call Test Case 'Test Cases/Mes rapports/Main Page/TC Verify Masquer function' successfully

2018-08-21 11:38:56 - [TEST_CASE][PASSED] - Test Cases/Mes rapports/Main Page/TC Verify Masquer function: Test Cases/Mes rapports/Main Page/TC Verify Masquer function

2018-08-21 11:38:56 - [TEST_STEP][PASSED] - click: Object: 'Object Repository/Mes rapports Obj/button_setting_dropdown' is clicked on

2018-08-21 11:38:56 - [MESSAGE][PASSED] - Object: 'Object Repository/Mes rapports Obj/button_setting_dropdown' is clicked on

2018-08-21 11:38:56 - [TEST_STEP][PASSED] - click: Object: 'Object Repository/Mes rapports Obj/a_Masquer tout' is clicked on

2018-08-21 11:38:56 - [MESSAGE][PASSED] - Object: 'Object Repository/Mes rapports Obj/a_Masquer tout' is clicked on

2018-08-21 11:38:56 - [MESSAGE][PASSED] - Call Test Case 'Test Cases/Mes rapports/Main Page/TC Verify Masquer function' successfully

2018-08-21 11:38:56 - [TEST_STEP][PASSED] - callTestCase: Call Test Case 'Test Cases/Mes rapports/Main Page/TC Verify info icon function' successfully

2018-08-21 11:38:56 - [TEST_CASE][PASSED] - Test Cases/Mes rapports/Main Page/TC Verify info icon function: Test Cases/Mes rapports/Main Page/TC Verify info icon function

2018-08-21 11:38:56 - [TEST_STEP][PASSED] - click: Object: 'Object Repository/Mes rapports Obj/info_Icon' is clicked on

2018-08-21 11:38:56 - [MESSAGE][PASSED] - Object: 'Object Repository/Mes rapports Obj/info_Icon' is clicked on

2018-08-21 11:38:56 - [MESSAGE][PASSED] - Call Test Case 'Test Cases/Mes rapports/Main Page/TC Verify info icon function' successfully

2018-08-21 11:38:56 - [TEST_STEP][PASSED] - callTestCase: Call Test Case 'Test Cases/Mes rapports/Main Page/TC Verify Url' successfully

2018-08-21 11:38:56 - [TEST_CASE][PASSED] - Test Cases/Mes rapports/Main Page/TC Verify Url: Test Cases/Mes rapports/Main Page/TC Verify Url

2018-08-21 11:38:56 - [TEST_STEP][PASSED] - waitForPageLoad: Wait for page load successfully

2018-08-21 11:38:56 - [MESSAGE][PASSED] - Wait for page load successfully

2018-08-21 11:38:56 - [TEST_STEP][PASSED] - Statement - url = com.kms.katalon.core.webui.keyword.WebUiBuiltInKeywords.getUrl(): Current window's url is: 'https://internet.acc.sd.dika.be/ebloxreporting/web.sensitive/main/FpyDF/iIz9g8MffKNXfNyb1H/FR/#/mijnrapporten'

2018-08-21 11:38:56 - [MESSAGE][PASSED] - Current window's url is: 'https://internet.acc.sd.dika.be/ebloxreporting/web.sensitive/main/FpyDF/iIz9g8MffKNXfNyb1H/FR/#/mijnrapporten'

2018-08-21 11:38:56 - [TEST_STEP][PASSED] - Statement - p = java.util.regex.Pattern.compile("00040 ANTILOPE GROEP"): null

2018-08-21 11:38:56 - [TEST_STEP][PASSED] - Statement - m = p.matcher(url): null

2018-08-21 11:38:56 - [TEST_STEP][PASSED] - Statement - If (m.find()): null

2018-08-21 11:38:56 - [TEST_STEP][PASSED] - Statement - Else: The user name and the concern number are not present in the URL

2018-08-21 11:38:56 - [TEST_STEP][PASSED] - Statement - com.kms.katalon.core.util.KeywordUtil.markPassed("The user name and the concern number are not present in the URL"): The user name and the concern number are not present in the URL

2018-08-21 11:38:56 - [MESSAGE][PASSED] - The user name and the concern number are not present in the URL

2018-08-21 11:38:56 - [MESSAGE][PASSED] - Call Test Case 'Test Cases/Mes rapports/Main Page/TC Verify Url' successfully

2018-08-21 11:38:56 - [TEST_STEP][PASSED] - waitForPageLoad: Wait for page load successfully

2018-08-21 11:38:56 - [MESSAGE][PASSED] - Wait for page load successfully

2018-08-21 11:38:56 - [TEST_STEP][PASSED] - callTestCase: Call Test Case 'Test Cases/Select Language/TC2 Verify FR Language' successfully

2018-08-21 11:38:56 - [TEST_CASE][PASSED] - Test Cases/Select Language/TC2 Verify FR Language: Test Cases/Select Language/TC2 Verify FR Language

2018-08-21 11:38:56 - [TEST_STEP][PASSED] - click: Object: 'Object Repository/Change language link Obj/FR_language' is clicked on

2018-08-21 11:38:56 - [MESSAGE][PASSED] - Object: 'Object Repository/Change language link Obj/FR_language' is clicked on

2018-08-21 11:38:56 - [TEST_STEP][PASSED] - waitForPageLoad: Wait for page load successfully

2018-08-21 11:38:56 - [MESSAGE][PASSED] - Wait for page load successfully

2018-08-21 11:38:56 - [MESSAGE][PASSED] - Call Test Case 'Test Cases/Select Language/TC2 Verify FR Language' successfully

2018-08-21 11:38:56 - [TEST_STEP][PASSED] - waitForPageLoad: Wait for page load successfully

2018-08-21 11:38:56 - [MESSAGE][PASSED] - Wait for page load successfully

2018-08-21 11:38:56 - [TEST_STEP][PASSED] - callTestCase: Call Test Case 'Test Cases/Select Language/TC1 Verify NL language' successfully

2018-08-21 11:38:56 - [TEST_CASE][PASSED] - Test Cases/Select Language/TC1 Verify NL language: Test Cases/Select Language/TC1 Verify NL language

2018-08-21 11:38:56 - [TEST_STEP][PASSED] - waitForElementClickable: Object 'Object Repository/Change language link Obj/NL_language' is clickable

2018-08-21 11:38:56 - [MESSAGE][PASSED] - Object 'Object Repository/Change language link Obj/NL_language' is clickable

2018-08-21 11:38:56 - [TEST_STEP][PASSED] - click: Object: 'Object Repository/Change language link Obj/NL_language' is clicked on

2018-08-21 11:39:02 - [MESSAGE][PASSED] - Object: 'Object Repository/Change language link Obj/NL_language' is clicked on

2018-08-21 11:39:02 - [TEST_STEP][PASSED] - waitForPageLoad: Wait for page load successfully

2018-08-21 11:39:02 - [MESSAGE][PASSED] - Wait for page load successfully

2018-08-21 11:39:02 - [MESSAGE][PASSED] - Call Test Case 'Test Cases/Select Language/TC1 Verify NL language' successfully

2018-08-21 11:39:02 - [TEST_STEP][PASSED] - waitForPageLoad: Wait for page load successfully

2018-08-21 11:39:02 - [MESSAGE][PASSED] - Wait for page load successfully

2018-08-21 11:39:02 - [TEST_STEP][PASSED] - callTestCase: Call Test Case 'Test Cases/Menu- Bibliotheque/TC Verify Bibliotheque tab' successfully

2018-08-21 11:39:02 - [TEST_CASE][PASSED] - Test Cases/Menu- Bibliotheque/TC Verify Bibliotheque tab: Test Cases/Menu- Bibliotheque/TC Verify Bibliotheque tab

2018-08-21 11:39:03 - [TEST_STEP][PASSED] - click: Object: 'Object Repository/Bibliotheque Obj/Bibliothque_tab' is clicked on

2018-08-21 11:39:03 - [MESSAGE][PASSED] - Object: 'Object Repository/Bibliotheque Obj/Bibliothque_tab' is clicked on

2018-08-21 11:39:03 - [MESSAGE][PASSED] - Call Test Case 'Test Cases/Menu- Bibliotheque/TC Verify Bibliotheque tab' successfully

2018-08-21 11:39:03 - [TEST_STEP][PASSED] - waitForPageLoad: Wait for page load successfully

2018-08-21 11:39:03 - [MESSAGE][PASSED] - Wait for page load successfully

2018-08-21 11:39:03 - [TEST_STEP][PASSED] - callTestCase: Call Test Case 'Test Cases/Menu- Bibliotheque/TC1 Verify Deployer function' successfully

2018-08-21 11:39:03 - [TEST_CASE][PASSED] - Test Cases/Menu- Bibliotheque/TC1 Verify Deployer function: Test Cases/Menu- Bibliotheque/TC1 Verify Deployer function

2018-08-21 11:39:03 - [TEST_STEP][PASSED] - waitForPageLoad: Wait for page load successfully

2018-08-21 11:39:03 - [MESSAGE][PASSED] - Wait for page load successfully

2018-08-21 11:39:03 - [TEST_STEP][PASSED] - click: Object: 'Object Repository/Bibliotheque Obj/button_setting_dropdown' is clicked on

2018-08-21 11:39:06 - [MESSAGE][PASSED] - Object: 'Object Repository/Bibliotheque Obj/button_setting_dropdown' is clicked on

2018-08-21 11:39:06 - [TEST_STEP][PASSED] - click: Object: 'Object Repository/Bibliotheque Obj/a_Dployer tout' is clicked on

2018-08-21 11:39:06 - [MESSAGE][PASSED] - Object: 'Object Repository/Bibliotheque Obj/a_Dployer tout' is clicked on

2018-08-21 11:39:06 - [MESSAGE][PASSED] - Call Test Case 'Test Cases/Menu- Bibliotheque/TC1 Verify Deployer function' successfully

2018-08-21 11:39:06 - [TEST_STEP][PASSED] - waitForPageLoad: Wait for page load successfully

2018-08-21 11:39:06 - [MESSAGE][PASSED] - Wait for page load successfully

2018-08-21 11:39:06 - [TEST_STEP][PASSED] - callTestCase: Call Test Case 'Test Cases/Menu- Bibliotheque/TC2 Verify Masquer function' successfully

2018-08-21 11:39:06 - [TEST_CASE][PASSED] - Test Cases/Menu- Bibliotheque/TC2 Verify Masquer function: Test Cases/Menu- Bibliotheque/TC2 Verify Masquer function

2018-08-21 11:39:06 - [TEST_STEP][PASSED] - click: Object: 'Object Repository/Bibliotheque Obj/button_setting_dropdown' is clicked on

2018-08-21 11:39:06 - [MESSAGE][PASSED] - Object: 'Object Repository/Bibliotheque Obj/button_setting_dropdown' is clicked on

2018-08-21 11:39:06 - [TEST_STEP][PASSED] - click: Object: 'Object Repository/Bibliotheque Obj/a_Masquer tout' is clicked on

2018-08-21 11:39:07 - [MESSAGE][PASSED] - Object: 'Object Repository/Bibliotheque Obj/a_Masquer tout' is clicked on

2018-08-21 11:39:07 - [MESSAGE][PASSED] - Call Test Case 'Test Cases/Menu- Bibliotheque/TC2 Verify Masquer function' successfully

2018-08-21 11:39:07 - [TEST_STEP][PASSED] - callTestCase: Call Test Case 'Test Cases/Menu- Bibliotheque/TC3 Verify info icon function' successfully

2018-08-21 11:39:07 - [TEST_CASE][PASSED] - Test Cases/Menu- Bibliotheque/TC3 Verify info icon function: Test Cases/Menu- Bibliotheque/TC3 Verify info icon function

2018-08-21 11:39:07 - [TEST_STEP][PASSED] - click: Object: 'Object Repository/Bibliotheque Obj/info_Icon' is clicked on

2018-08-21 11:39:07 - [MESSAGE][PASSED] - Object: 'Object Repository/Bibliotheque Obj/info_Icon' is clicked on

2018-08-21 11:39:07 - [MESSAGE][PASSED] - Call Test Case 'Test Cases/Menu- Bibliotheque/TC3 Verify info icon function' successfully

2018-08-21 11:39:07 - [TEST_STEP][PASSED] - callTestCase: Call Test Case 'Test Cases/Menu- Bibliotheque/TC4 Verify Url' successfully

2018-08-21 11:39:07 - [TEST_CASE][PASSED] - Test Cases/Menu- Bibliotheque/TC4 Verify Url: Test Cases/Menu- Bibliotheque/TC4 Verify Url

2018-08-21 11:39:07 - [TEST_STEP][PASSED] - waitForPageLoad: Wait for page load successfully

2018-08-21 11:39:07 - [MESSAGE][PASSED] - Wait for page load successfully

2018-08-21 11:39:07 - [TEST_STEP][PASSED] - Statement - url = com.kms.katalon.core.webui.keyword.WebUiBuiltInKeywords.getUrl(): Current window's url is: 'https://internet.acc.sd.dika.be/ebloxreporting/web.sensitive/main/FpyDF/iIz9g8MffKNXfNyb1H/NL/#/bibliotheek/'

2018-08-21 11:39:08 - [MESSAGE][PASSED] - Current window's url is: 'https://internet.acc.sd.dika.be/ebloxreporting/web.sensitive/main/FpyDF/iIz9g8MffKNXfNyb1H/NL/#/bibliotheek/'

2018-08-21 11:39:08 - [TEST_STEP][PASSED] - Statement - p = java.util.regex.Pattern.compile("00040 ANTILOPE GROEP"): null

2018-08-21 11:39:08 - [TEST_STEP][PASSED] - Statement - m = p.matcher(url): null

2018-08-21 11:39:08 - [TEST_STEP][PASSED] - Statement - If (m.find()): null

2018-08-21 11:39:08 - [TEST_STEP][PASSED] - Statement - Else: The user name and the concern number are not present in the URL

2018-08-21 11:39:08 - [TEST_STEP][PASSED] - Statement - com.kms.katalon.core.util.KeywordUtil.markPassed("The user name and the concern number are not present in the URL"): The user name and the concern number are not present in the URL

2018-08-21 11:39:08 - [MESSAGE][PASSED] - The user name and the concern number are not present in the URL

2018-08-21 11:39:08 - [MESSAGE][PASSED] - Call Test Case 'Test Cases/Menu- Bibliotheque/TC4 Verify Url' successfully

2018-08-21 11:39:08 - [TEST_STEP][PASSED] - callTestCase: Call Test Case 'Test Cases/Menu- Comptages/TC Verify Comptages tab' successfully

2018-08-21 11:39:08 - [TEST_CASE][PASSED] - Test Cases/Menu- Comptages/TC Verify Comptages tab: Test Cases/Menu- Comptages/TC Verify Comptages tab

2018-08-21 11:39:08 - [TEST_STEP][PASSED] - click: Object: 'Object Repository/Comptages Obj/Comptages_tab' is clicked on

2018-08-21 11:39:08 - [MESSAGE][PASSED] - Object: 'Object Repository/Comptages Obj/Comptages_tab' is clicked on

2018-08-21 11:39:08 - [MESSAGE][PASSED] - Call Test Case 'Test Cases/Menu- Comptages/TC Verify Comptages tab' successfully

2018-08-21 11:39:08 - [TEST_STEP][PASSED] - callTestCase: Call Test Case 'Test Cases/Menu- Comptages/TC2 Verify Nouveau comptage button' successfully

2018-08-21 11:39:08 - [TEST_CASE][PASSED] - Test Cases/Menu- Comptages/TC2 Verify Nouveau comptage button: Test Cases/Menu- Comptages/TC2 Verify Nouveau comptage button

2018-08-21 11:39:08 - [TEST_STEP][PASSED] - click: Object: 'Object Repository/Comptages Obj/button_Nouveau comptage' is clicked on

2018-08-21 11:39:10 - [MESSAGE][PASSED] - Object: 'Object Repository/Comptages Obj/button_Nouveau comptage' is clicked on

2018-08-21 11:39:10 - [MESSAGE][PASSED] - Call Test Case 'Test Cases/Menu- Comptages/TC2 Verify Nouveau comptage button' successfully

2018-08-21 11:39:10 - [TEST_STEP][PASSED] - callTestCase: Call Test Case 'Test Cases/Menu- Comptages/TC3 Verify Montants Function' successfully

2018-08-21 11:39:10 - [TEST_CASE][PASSED] - Test Cases/Menu- Comptages/TC3 Verify Montants Function: Test Cases/Menu- Comptages/TC3 Verify Montants Function

2018-08-21 11:39:10 - [TEST_STEP][PASSED] - click: Object: 'Object Repository/Comptages Obj/a_Montants' is clicked on

2018-08-21 11:39:10 - [MESSAGE][PASSED] - Object: 'Object Repository/Comptages Obj/a_Montants' is clicked on

2018-08-21 11:39:10 - [MESSAGE][PASSED] - Call Test Case 'Test Cases/Menu- Comptages/TC3 Verify Montants Function' successfully

2018-08-21 11:39:10 - [TEST_STEP][PASSED] - callTestCase: Call Test Case 'Test Cases/Menu- Comptages/TC4 Verify the creation of a new Comptage' successfully

2018-08-21 11:39:11 - [TEST_CASE][PASSED] - Test Cases/Menu- Comptages/TC4 Verify the creation of a new Comptage: Test Cases/Menu- Comptages/TC4 Verify the creation of a new Comptage

2018-08-21 11:39:11 - [TEST_STEP][PASSED] - setText: Text 'testing' is set on object 'Object Repository/Comptages Obj/input_comptage_name'

2018-08-21 11:39:11 - [MESSAGE][PASSED] - Text 'testing' is set on object 'Object Repository/Comptages Obj/input_comptage_name'

2018-08-21 11:39:11 - [TEST_STEP][PASSED] - delay: Delayed 5 second(s)

2018-08-21 11:39:16 - [MESSAGE][PASSED] - Delayed 5 second(s)

2018-08-21 11:39:16 - [TEST_STEP][PASSED] - click: Object: 'Object Repository/Comptages Obj/dropdown_arrow' is clicked on

2018-08-21 11:39:16 - [MESSAGE][PASSED] - Object: 'Object Repository/Comptages Obj/dropdown_arrow' is clicked on

2018-08-21 11:39:16 - [TEST_STEP][PASSED] - delay: Delayed 5 second(s)

2018-08-21 11:39:21 - [MESSAGE][PASSED] - Delayed 5 second(s)

2018-08-21 11:39:21 - [TEST_STEP][PASSED] - setText: Text 'Attest loonlasten' is set on object 'Object Repository/Comptages Obj/input_comptage_type'

2018-08-21 11:39:21 - [MESSAGE][PASSED] - Text 'Attest loonlasten' is set on object 'Object Repository/Comptages Obj/input_comptage_type'

2018-08-21 11:39:21 - [TEST_STEP][PASSED] - sendKeys: Keys 'ENTER + ' sent to object: 'Object Repository/Comptages Obj/input_comptage_type'

2018-08-21 11:39:21 - [MESSAGE][PASSED] - Keys 'ENTER + ' sent to object: 'Object Repository/Comptages Obj/input_comptage_type'

2018-08-21 11:39:21 - [MESSAGE][PASSED] - Call Test Case 'Test Cases/Menu- Comptages/TC4 Verify the creation of a new Comptage' successfully

2018-08-21 11:39:21 - [TEST_STEP][PASSED] - callTestCase: Call Test Case 'Test Cases/Menu- Comptages/TC7 Verify Sauvegarder button' successfully

2018-08-21 11:39:22 - [TEST_CASE][PASSED] - Test Cases/Menu- Comptages/TC7 Verify Sauvegarder button: Test Cases/Menu- Comptages/TC7 Verify Sauvegarder button

2018-08-21 11:39:22 - [TEST_STEP][PASSED] - click: Object: 'Object Repository/Comptages Obj/button_Sauvegarder' is clicked on

2018-08-21 11:39:22 - [MESSAGE][PASSED] - Object: 'Object Repository/Comptages Obj/button_Sauvegarder' is clicked on

2018-08-21 11:39:22 - [MESSAGE][PASSED] - Call Test Case 'Test Cases/Menu- Comptages/TC7 Verify Sauvegarder button' successfully

2018-08-21 11:39:22 - [TEST_STEP][PASSED] - closeBrowser: Browser is closed

2018-08-21 11:39:22 - [MESSAGE][PASSED] - Browser is closed]]></system-out>
         <system-err><![CDATA[]]></system-err>
      </testcase>
      <testcase name="Test Cases/New Folder/TC10 BASED ON THE LIBRARY" classname="Test Cases/New Folder/TC10 BASED ON THE LIBRARY" status="PASSED">
         <system-out><![CDATA[2018-08-21 11:39:22 - [TEST_CASE][PASSED] - Test Cases/New Folder/TC10 BASED ON THE LIBRARY: Test Cases/New Folder/TC10 BASED ON THE LIBRARY

2018-08-21 11:39:23 - [TEST_STEP][PASSED] - callTestCase: Call Test Case 'Test Cases/Login/TC1 Login to Mysdworx' successfully

2018-08-21 11:39:23 - [TEST_CASE][PASSED] - Test Cases/Login/TC1 Login to Mysdworx: Test Cases/Login/TC1 Login to Mysdworx

2018-08-21 11:39:23 - [TEST_STEP][PASSED] - openBrowser: Browser is opened with url: ''

2018-08-21 11:39:25 - [MESSAGE][PASSED] - Browser is opened with url: ''

2018-08-21 11:39:25 - [TEST_STEP][PASSED] - navigateToUrl: Navigate to 'https://internet.acc.sd.dika.be/ebloxreporting/web.sensitive/main/?lang=fr' successfully

2018-08-21 11:39:30 - [MESSAGE][PASSED] - Navigate to 'https://internet.acc.sd.dika.be/ebloxreporting/web.sensitive/main/?lang=fr' successfully

2018-08-21 11:39:30 - [TEST_STEP][PASSED] - maximizeWindow: Current window maximized

2018-08-21 11:39:31 - [MESSAGE][PASSED] - Current window maximized

2018-08-21 11:39:31 - [TEST_STEP][PASSED] - setText: Text 'DP_EBLOX_RPP_VASCO' is set on object 'Object Repository/Page_mysdworx - Log in/input_Username'

2018-08-21 11:39:35 - [MESSAGE][PASSED] - Text 'DP_EBLOX_RPP_VASCO' is set on object 'Object Repository/Page_mysdworx - Log in/input_Username'

2018-08-21 11:39:35 - [TEST_STEP][PASSED] - Statement - frame = new javax.swing.JFrame(User Input Frame): null

2018-08-21 11:39:35 - [TEST_STEP][PASSED] - Statement - frame.requestFocus(): null

2018-08-21 11:39:35 - [TEST_STEP][PASSED] - Statement - pass = javax.swing.JOptionPane.showInputDialog(frame, "Enter the password from token!!"): null

2018-08-21 11:39:43 - [TEST_STEP][PASSED] - delay: Delayed 2 second(s)

2018-08-21 11:39:45 - [MESSAGE][PASSED] - Delayed 2 second(s)

2018-08-21 11:39:45 - [TEST_STEP][PASSED] - setText: Text '254682' is set on object 'Object Repository/Page_mysdworx - Log in/input_Password'

2018-08-21 11:39:45 - [MESSAGE][PASSED] - Text '254682' is set on object 'Object Repository/Page_mysdworx - Log in/input_Password'

2018-08-21 11:39:45 - [TEST_STEP][PASSED] - click: Object: 'Object Repository/Page_mysdworx - Log in/button_Se connecter' is clicked on

2018-08-21 11:39:45 - [MESSAGE][PASSED] - Object: 'Object Repository/Page_mysdworx - Log in/button_Se connecter' is clicked on

2018-08-21 11:39:45 - [TEST_STEP][PASSED] - waitForPageLoad: Wait for page load successfully

2018-08-21 11:39:45 - [MESSAGE][PASSED] - Wait for page load successfully

2018-08-21 11:39:45 - [TEST_STEP][NOT_RUN] - closeBrowser: NOT_RUN: closeBrowser

2018-08-21 11:39:45 - [MESSAGE][NOT_RUN] - NOT_RUN: closeBrowser

2018-08-21 11:39:45 - [MESSAGE][PASSED] - Call Test Case 'Test Cases/Login/TC1 Login to Mysdworx' successfully

2018-08-21 11:39:45 - [TEST_STEP][PASSED] - waitForPageLoad: Wait for page load successfully

2018-08-21 11:39:45 - [MESSAGE][PASSED] - Wait for page load successfully

2018-08-21 11:39:45 - [TEST_STEP][PASSED] - callTestCase: Call Test Case 'Test Cases/Select Language/TC1 Verify NL language' successfully

2018-08-21 11:39:45 - [TEST_CASE][PASSED] - Test Cases/Select Language/TC1 Verify NL language: Test Cases/Select Language/TC1 Verify NL language

2018-08-21 11:39:45 - [TEST_STEP][PASSED] - waitForElementClickable: Object 'Object Repository/Change language link Obj/NL_language' is clickable

2018-08-21 11:40:07 - [MESSAGE][PASSED] - Object 'Object Repository/Change language link Obj/NL_language' is clickable

2018-08-21 11:40:07 - [TEST_STEP][PASSED] - click: Object: 'Object Repository/Change language link Obj/NL_language' is clicked on

2018-08-21 11:40:12 - [MESSAGE][PASSED] - Object: 'Object Repository/Change language link Obj/NL_language' is clicked on

2018-08-21 11:40:12 - [TEST_STEP][PASSED] - waitForPageLoad: Wait for page load successfully

2018-08-21 11:40:12 - [MESSAGE][PASSED] - Wait for page load successfully

2018-08-21 11:40:12 - [MESSAGE][PASSED] - Call Test Case 'Test Cases/Select Language/TC1 Verify NL language' successfully

2018-08-21 11:40:12 - [TEST_STEP][PASSED] - waitForPageLoad: Wait for page load successfully

2018-08-21 11:40:12 - [MESSAGE][PASSED] - Wait for page load successfully

2018-08-21 11:40:12 - [TEST_STEP][PASSED] - callTestCase: Call Test Case 'Test Cases/Mes rapports/Verify Nouveau rapport button' successfully

2018-08-21 11:40:12 - [TEST_CASE][PASSED] - Test Cases/Mes rapports/Verify Nouveau rapport button: Test Cases/Mes rapports/Verify Nouveau rapport button

2018-08-21 11:40:12 - [TEST_STEP][PASSED] - click: Object: 'Object Repository/Mes rapports Obj/button_Nouveau rapport' is clicked on

2018-08-21 11:40:15 - [MESSAGE][PASSED] - Object: 'Object Repository/Mes rapports Obj/button_Nouveau rapport' is clicked on

2018-08-21 11:40:15 - [TEST_STEP][PASSED] - waitForPageLoad: Wait for page load successfully

2018-08-21 11:40:15 - [MESSAGE][PASSED] - Wait for page load successfully

2018-08-21 11:40:15 - [MESSAGE][PASSED] - Call Test Case 'Test Cases/Mes rapports/Verify Nouveau rapport button' successfully

2018-08-21 11:40:15 - [TEST_STEP][PASSED] - waitForPageLoad: Wait for page load successfully

2018-08-21 11:40:15 - [MESSAGE][PASSED] - Wait for page load successfully

2018-08-21 11:40:15 - [TEST_STEP][PASSED] - callTestCase: Call Test Case 'Test Cases/Mes rapports/Mes rapports - BASE DE RAPPORT/TC3  Verify radio button Baser sur un rapport de la Bibliotheque' successfully

2018-08-21 11:40:15 - [TEST_CASE][PASSED] - Test Cases/Mes rapports/Mes rapports - BASE DE RAPPORT/TC3  Verify radio button Baser sur un rapport de la Bibliotheque: Test Cases/Mes rapports/Mes rapports - BASE DE RAPPORT/TC3  Verify radio button Baser sur un rapport de la Bibliotheque

2018-08-21 11:40:15 - [TEST_STEP][PASSED] - click: Object: 'Object Repository/Mes rapports Obj/BASE DE RAPPORT/radioButton_Baser sur un rapport de la Bibliothque' is clicked on

2018-08-21 11:40:16 - [MESSAGE][PASSED] - Object: 'Object Repository/Mes rapports Obj/BASE DE RAPPORT/radioButton_Baser sur un rapport de la Bibliothque' is clicked on

2018-08-21 11:40:16 - [MESSAGE][PASSED] - Call Test Case 'Test Cases/Mes rapports/Mes rapports - BASE DE RAPPORT/TC3  Verify radio button Baser sur un rapport de la Bibliotheque' successfully

2018-08-21 11:40:16 - [TEST_STEP][PASSED] - click: Object: 'Object Repository/Mes rapports Obj/BASE DE RAPPORT/Bibliotheque dropdown' is clicked on

2018-08-21 11:40:16 - [MESSAGE][PASSED] - Object: 'Object Repository/Mes rapports Obj/BASE DE RAPPORT/Bibliotheque dropdown' is clicked on

2018-08-21 11:40:16 - [TEST_STEP][PASSED] - setText: Text 'test huidig jaar' is set on object 'Object Repository/Mes rapports Obj/BASE DE RAPPORT/Bibliotheque - dropdowm input'

2018-08-21 11:40:17 - [MESSAGE][PASSED] - Text 'test huidig jaar' is set on object 'Object Repository/Mes rapports Obj/BASE DE RAPPORT/Bibliotheque - dropdowm input'

2018-08-21 11:40:17 - [TEST_STEP][PASSED] - sendKeys: Keys 'ENTER + ' sent to object: 'Object Repository/Mes rapports Obj/BASE DE RAPPORT/Bibliotheque - dropdowm input'

2018-08-21 11:40:17 - [MESSAGE][PASSED] - Keys 'ENTER + ' sent to object: 'Object Repository/Mes rapports Obj/BASE DE RAPPORT/Bibliotheque - dropdowm input'

2018-08-21 11:40:17 - [TEST_STEP][PASSED] - delay: Delayed 1 second(s)

2018-08-21 11:40:18 - [MESSAGE][PASSED] - Delayed 1 second(s)

2018-08-21 11:40:18 - [TEST_STEP][PASSED] - callTestCase: Call Test Case 'Test Cases/Mes rapports/TC Verify the next button arrow' successfully

2018-08-21 11:40:18 - [TEST_CASE][PASSED] - Test Cases/Mes rapports/TC Verify the next button arrow: Test Cases/Mes rapports/TC Verify the next button arrow

2018-08-21 11:40:18 - [TEST_STEP][PASSED] - waitForElementClickable: Object 'Object Repository/Mes rapports Obj/button_Next_Arrow' is clickable

2018-08-21 11:40:18 - [MESSAGE][PASSED] - Object 'Object Repository/Mes rapports Obj/button_Next_Arrow' is clickable

2018-08-21 11:40:18 - [TEST_STEP][PASSED] - click: Object: 'Object Repository/Mes rapports Obj/button_Next_Arrow' is clicked on

2018-08-21 11:40:18 - [MESSAGE][PASSED] - Object: 'Object Repository/Mes rapports Obj/button_Next_Arrow' is clicked on

2018-08-21 11:40:18 - [TEST_STEP][PASSED] - delay: Delayed 5 second(s)

2018-08-21 11:40:23 - [MESSAGE][PASSED] - Delayed 5 second(s)

2018-08-21 11:40:23 - [MESSAGE][PASSED] - Call Test Case 'Test Cases/Mes rapports/TC Verify the next button arrow' successfully

2018-08-21 11:40:23 - [TEST_STEP][PASSED] - waitForPageLoad: Wait for page load successfully

2018-08-21 11:40:23 - [MESSAGE][PASSED] - Wait for page load successfully

2018-08-21 11:40:23 - [TEST_STEP][PASSED] - callTestCase: Call Test Case 'Test Cases/Mes rapports/Mes rapports - CONTENU/TC Verify input field INTERNAL' successfully

2018-08-21 11:40:23 - [TEST_CASE][PASSED] - Test Cases/Mes rapports/Mes rapports - CONTENU/TC Verify input field INTERNAL: Test Cases/Mes rapports/Mes rapports - CONTENU/TC Verify input field INTERNAL

2018-08-21 11:40:23 - [TEST_STEP][PASSED] - Statement - excelData = com.kms.katalon.core.testdata.TestDataFactory.findTestData(Data Files/Data/INTERNAL): Reading excel file with source file 'C:\Users\seeboruts\OneDrive - SD Worx\Desktop\test_DAta.xlsx' and sheet name 'INTERNAL'

2018-08-21 11:40:24 - [TEST_STEP][PASSED] - Statement - test = excelData.getRowNumbers(): null

2018-08-21 11:40:24 - [TEST_STEP][PASSED] - Statement - println("No of rows" + test): null

2018-08-21 11:40:24 - [TEST_STEP][PASSED] - Statement - For ([i = 1, i <= test, (i++)]): Object: 'Object Repository/Mes rapports Obj/CONTENU/click_Remove_text' is clicked on

2018-08-21 11:40:24 - [TEST_STEP][PASSED] - setText: Text 'Naam werknemer' is set on object 'Object Repository/Mes rapports Obj/CONTENU/input_Contenu_Selecteur'

2018-08-21 11:40:24 - [MESSAGE][PASSED] - Text 'Naam werknemer' is set on object 'Object Repository/Mes rapports Obj/CONTENU/input_Contenu_Selecteur'

2018-08-21 11:40:24 - [TEST_STEP][PASSED] - delay: Delayed 3 second(s)

2018-08-21 11:40:27 - [MESSAGE][PASSED] - Delayed 3 second(s)

2018-08-21 11:40:27 - [TEST_STEP][PASSED] - click: Object: 'Object Repository/Mes rapports Obj/CONTENU/Selecteur Obj NL/Naam werknemer' is clicked on

2018-08-21 11:40:28 - [MESSAGE][PASSED] - Object: 'Object Repository/Mes rapports Obj/CONTENU/Selecteur Obj NL/Naam werknemer' is clicked on

2018-08-21 11:40:28 - [TEST_STEP][PASSED] - delay: Delayed 3 second(s)

2018-08-21 11:40:31 - [MESSAGE][PASSED] - Delayed 3 second(s)

2018-08-21 11:40:31 - [TEST_STEP][PASSED] - click: Object: 'Object Repository/Mes rapports Obj/CONTENU/click_Remove_text' is clicked on

2018-08-21 11:40:31 - [MESSAGE][PASSED] - Object: 'Object Repository/Mes rapports Obj/CONTENU/click_Remove_text' is clicked on

2018-08-21 11:40:31 - [TEST_STEP][PASSED] - setText: Text 'Afdeling' is set on object 'Object Repository/Mes rapports Obj/CONTENU/input_Contenu_Selecteur'

2018-08-21 11:40:31 - [MESSAGE][PASSED] - Text 'Afdeling' is set on object 'Object Repository/Mes rapports Obj/CONTENU/input_Contenu_Selecteur'

2018-08-21 11:40:31 - [TEST_STEP][PASSED] - delay: Delayed 3 second(s)

2018-08-21 11:40:34 - [MESSAGE][PASSED] - Delayed 3 second(s)

2018-08-21 11:40:34 - [TEST_STEP][PASSED] - click: Object: 'Object Repository/Mes rapports Obj/CONTENU/Selecteur Obj NL/Afdeling' is clicked on

2018-08-21 11:40:34 - [MESSAGE][PASSED] - Object: 'Object Repository/Mes rapports Obj/CONTENU/Selecteur Obj NL/Afdeling' is clicked on

2018-08-21 11:40:34 - [TEST_STEP][PASSED] - delay: Delayed 3 second(s)

2018-08-21 11:40:37 - [MESSAGE][PASSED] - Delayed 3 second(s)

2018-08-21 11:40:37 - [TEST_STEP][PASSED] - click: Object: 'Object Repository/Mes rapports Obj/CONTENU/click_Remove_text' is clicked on

2018-08-21 11:40:37 - [MESSAGE][PASSED] - Object: 'Object Repository/Mes rapports Obj/CONTENU/click_Remove_text' is clicked on

2018-08-21 11:40:37 - [TEST_STEP][PASSED] - setText: Text 'Brutoloon' is set on object 'Object Repository/Mes rapports Obj/CONTENU/input_Contenu_Selecteur'

2018-08-21 11:40:37 - [MESSAGE][PASSED] - Text 'Brutoloon' is set on object 'Object Repository/Mes rapports Obj/CONTENU/input_Contenu_Selecteur'

2018-08-21 11:40:37 - [TEST_STEP][PASSED] - delay: Delayed 3 second(s)

2018-08-21 11:40:40 - [MESSAGE][PASSED] - Delayed 3 second(s)

2018-08-21 11:40:40 - [TEST_STEP][PASSED] - click: Object: 'Object Repository/Mes rapports Obj/CONTENU/Selecteur Obj NL/Brutoloon' is clicked on

2018-08-21 11:40:41 - [MESSAGE][PASSED] - Object: 'Object Repository/Mes rapports Obj/CONTENU/Selecteur Obj NL/Brutoloon' is clicked on

2018-08-21 11:40:41 - [TEST_STEP][PASSED] - delay: Delayed 3 second(s)

2018-08-21 11:40:44 - [MESSAGE][PASSED] - Delayed 3 second(s)

2018-08-21 11:40:44 - [TEST_STEP][PASSED] - click: Object: 'Object Repository/Mes rapports Obj/CONTENU/click_Remove_text' is clicked on

2018-08-21 11:40:44 - [MESSAGE][PASSED] - Object: 'Object Repository/Mes rapports Obj/CONTENU/click_Remove_text' is clicked on

2018-08-21 11:40:44 - [MESSAGE][PASSED] - Call Test Case 'Test Cases/Mes rapports/Mes rapports - CONTENU/TC Verify input field INTERNAL' successfully

2018-08-21 11:40:44 - [TEST_STEP][PASSED] - callTestCase: Call Test Case 'Test Cases/Verify URL/TC Verify Url' successfully

2018-08-21 11:40:44 - [TEST_CASE][PASSED] - Test Cases/Verify URL/TC Verify Url: Test Cases/Verify URL/TC Verify Url

2018-08-21 11:40:44 - [TEST_STEP][PASSED] - waitForPageLoad: Wait for page load successfully

2018-08-21 11:40:44 - [MESSAGE][PASSED] - Wait for page load successfully

2018-08-21 11:40:44 - [TEST_STEP][PASSED] - Statement - url = com.kms.katalon.core.webui.keyword.WebUiBuiltInKeywords.getUrl(): Current window's url is: 'https://internet.acc.sd.dika.be/ebloxreporting/web.sensitive/main/FpyDF/iIz9g8MffKNXfNyb1H/NL/#/definitie/wizard/extern/index/28145/inhoud'

2018-08-21 11:40:44 - [MESSAGE][PASSED] - Current window's url is: 'https://internet.acc.sd.dika.be/ebloxreporting/web.sensitive/main/FpyDF/iIz9g8MffKNXfNyb1H/NL/#/definitie/wizard/extern/index/28145/inhoud'

2018-08-21 11:40:44 - [TEST_STEP][PASSED] - Statement - p = java.util.regex.Pattern.compile("00040 ANTILOPE GROEP"): null

2018-08-21 11:40:44 - [TEST_STEP][PASSED] - Statement - m = p.matcher(url): null

2018-08-21 11:40:44 - [TEST_STEP][PASSED] - Statement - If (m.find()): null

2018-08-21 11:40:44 - [TEST_STEP][PASSED] - Statement - Else: The user name and the concern number are not present in the URL

2018-08-21 11:40:44 - [TEST_STEP][PASSED] - Statement - com.kms.katalon.core.util.KeywordUtil.markPassed("The user name and the concern number are not present in the URL"): The user name and the concern number are not present in the URL

2018-08-21 11:40:44 - [MESSAGE][PASSED] - The user name and the concern number are not present in the URL

2018-08-21 11:40:44 - [MESSAGE][PASSED] - Call Test Case 'Test Cases/Verify URL/TC Verify Url' successfully

2018-08-21 11:40:44 - [TEST_STEP][PASSED] - callTestCase: Call Test Case 'Test Cases/Mes rapports/TC Verify the next button arrow' successfully

2018-08-21 11:40:44 - [TEST_CASE][PASSED] - Test Cases/Mes rapports/TC Verify the next button arrow: Test Cases/Mes rapports/TC Verify the next button arrow

2018-08-21 11:40:44 - [TEST_STEP][PASSED] - waitForElementClickable: Object 'Object Repository/Mes rapports Obj/button_Next_Arrow' is clickable

2018-08-21 11:40:44 - [MESSAGE][PASSED] - Object 'Object Repository/Mes rapports Obj/button_Next_Arrow' is clickable

2018-08-21 11:40:44 - [TEST_STEP][PASSED] - click: Object: 'Object Repository/Mes rapports Obj/button_Next_Arrow' is clicked on

2018-08-21 11:40:45 - [MESSAGE][PASSED] - Object: 'Object Repository/Mes rapports Obj/button_Next_Arrow' is clicked on

2018-08-21 11:40:45 - [TEST_STEP][PASSED] - delay: Delayed 5 second(s)

2018-08-21 11:40:50 - [MESSAGE][PASSED] - Delayed 5 second(s)

2018-08-21 11:40:50 - [MESSAGE][PASSED] - Call Test Case 'Test Cases/Mes rapports/TC Verify the next button arrow' successfully

2018-08-21 11:40:50 - [TEST_STEP][PASSED] - waitForPageLoad: Wait for page load successfully

2018-08-21 11:40:50 - [MESSAGE][PASSED] - Wait for page load successfully

2018-08-21 11:40:50 - [TEST_STEP][PASSED] - callTestCase: Call Test Case 'Test Cases/Mes rapports/Mes rapports - SELECTION/Verify if checkbox is unchecked/TC 10 Deselect all checkbox' successfully

2018-08-21 11:40:50 - [TEST_CASE][PASSED] - Test Cases/Mes rapports/Mes rapports - SELECTION/Verify if checkbox is unchecked/TC 10 Deselect all checkbox: Test Cases/Mes rapports/Mes rapports - SELECTION/Verify if checkbox is unchecked/TC 10 Deselect all checkbox

2018-08-21 11:40:50 - [TEST_STEP][PASSED] - callTestCase: Call Test Case 'Test Cases/Mes rapports/Mes rapports - SELECTION/Verify if checkbox is unchecked/TC 1 Verify Contrats actifs checkbox  is un-checked' successfully

2018-08-21 11:40:50 - [TEST_CASE][PASSED] - Test Cases/Mes rapports/Mes rapports - SELECTION/Verify if checkbox is unchecked/TC 1 Verify Contrats actifs checkbox  is un-checked: Test Cases/Mes rapports/Mes rapports - SELECTION/Verify if checkbox is unchecked/TC 1 Verify Contrats actifs checkbox  is un-checked

2018-08-21 11:40:50 - [TEST_STEP][PASSED] - uncheck: Object 'Object Repository/Mes rapports Obj/SELECTION/Contrats actifs checkBox' is un-checked

2018-08-21 11:41:07 - [MESSAGE][PASSED] - Object 'Object Repository/Mes rapports Obj/SELECTION/Contrats actifs checkBox' is un-checked

2018-08-21 11:41:07 - [MESSAGE][PASSED] - Call Test Case 'Test Cases/Mes rapports/Mes rapports - SELECTION/Verify if checkbox is unchecked/TC 1 Verify Contrats actifs checkbox  is un-checked' successfully

2018-08-21 11:41:07 - [TEST_STEP][PASSED] - callTestCase: Call Test Case 'Test Cases/Mes rapports/Mes rapports - SELECTION/Verify if checkbox is unchecked/TC 2 VErify Dossier and Groupe checkBox  is un-checked' successfully

2018-08-21 11:41:07 - [TEST_CASE][PASSED] - Test Cases/Mes rapports/Mes rapports - SELECTION/Verify if checkbox is unchecked/TC 2 VErify Dossier and Groupe checkBox  is un-checked: Test Cases/Mes rapports/Mes rapports - SELECTION/Verify if checkbox is unchecked/TC 2 VErify Dossier and Groupe checkBox  is un-checked

2018-08-21 11:41:07 - [TEST_STEP][PASSED] - uncheck: Object 'Object Repository/Mes rapports Obj/SELECTION/Dossier and Groupe checkbox' is un-checked

2018-08-21 11:41:07 - [MESSAGE][PASSED] - Object 'Object Repository/Mes rapports Obj/SELECTION/Dossier and Groupe checkbox' is un-checked

2018-08-21 11:41:07 - [MESSAGE][PASSED] - Call Test Case 'Test Cases/Mes rapports/Mes rapports - SELECTION/Verify if checkbox is unchecked/TC 2 VErify Dossier and Groupe checkBox  is un-checked' successfully

2018-08-21 11:41:07 - [TEST_STEP][PASSED] - callTestCase: Call Test Case 'Test Cases/Mes rapports/Mes rapports - SELECTION/Verify if checkbox is unchecked/TC 3 Verify Travailleur checkBox  is un-checked' successfully

2018-08-21 11:41:07 - [TEST_CASE][PASSED] - Test Cases/Mes rapports/Mes rapports - SELECTION/Verify if checkbox is unchecked/TC 3 Verify Travailleur checkBox  is un-checked: Test Cases/Mes rapports/Mes rapports - SELECTION/Verify if checkbox is unchecked/TC 3 Verify Travailleur checkBox  is un-checked

2018-08-21 11:41:08 - [TEST_STEP][PASSED] - uncheck: Object 'Object Repository/Mes rapports Obj/SELECTION/Travailleur checkbox' is un-checked

2018-08-21 11:41:08 - [MESSAGE][PASSED] - Object 'Object Repository/Mes rapports Obj/SELECTION/Travailleur checkbox' is un-checked

2018-08-21 11:41:08 - [MESSAGE][PASSED] - Call Test Case 'Test Cases/Mes rapports/Mes rapports - SELECTION/Verify if checkbox is unchecked/TC 3 Verify Travailleur checkBox  is un-checked' successfully

2018-08-21 11:41:08 - [TEST_STEP][PASSED] - callTestCase: Call Test Case 'Test Cases/Mes rapports/Mes rapports - SELECTION/Verify if checkbox is unchecked/TC 4 Verify Departement checkBox  is un-checked' successfully

2018-08-21 11:41:08 - [TEST_CASE][PASSED] - Test Cases/Mes rapports/Mes rapports - SELECTION/Verify if checkbox is unchecked/TC 4 Verify Departement checkBox  is un-checked: Test Cases/Mes rapports/Mes rapports - SELECTION/Verify if checkbox is unchecked/TC 4 Verify Departement checkBox  is un-checked

2018-08-21 11:41:08 - [TEST_STEP][PASSED] - uncheck: Object 'Object Repository/Mes rapports Obj/SELECTION/Departement checkbox' is un-checked

2018-08-21 11:41:08 - [MESSAGE][PASSED] - Object 'Object Repository/Mes rapports Obj/SELECTION/Departement checkbox' is un-checked

2018-08-21 11:41:08 - [MESSAGE][PASSED] - Call Test Case 'Test Cases/Mes rapports/Mes rapports - SELECTION/Verify if checkbox is unchecked/TC 4 Verify Departement checkBox  is un-checked' successfully

2018-08-21 11:41:08 - [TEST_STEP][PASSED] - callTestCase: Call Test Case 'Test Cases/Mes rapports/Mes rapports - SELECTION/Verify if checkbox is unchecked/TC 5 Verify Caractere juridique du contract checBox  is un-checked' successfully

2018-08-21 11:41:08 - [TEST_CASE][PASSED] - Test Cases/Mes rapports/Mes rapports - SELECTION/Verify if checkbox is unchecked/TC 5 Verify Caractere juridique du contract checBox  is un-checked: Test Cases/Mes rapports/Mes rapports - SELECTION/Verify if checkbox is unchecked/TC 5 Verify Caractere juridique du contract checBox  is un-checked

2018-08-21 11:41:08 - [TEST_STEP][PASSED] - uncheck: Object 'Object Repository/Mes rapports Obj/SELECTION/Caractere juridique de contrat' is un-checked

2018-08-21 11:41:08 - [MESSAGE][PASSED] - Object 'Object Repository/Mes rapports Obj/SELECTION/Caractere juridique de contrat' is un-checked

2018-08-21 11:41:08 - [MESSAGE][PASSED] - Call Test Case 'Test Cases/Mes rapports/Mes rapports - SELECTION/Verify if checkbox is unchecked/TC 5 Verify Caractere juridique du contract checBox  is un-checked' successfully

2018-08-21 11:41:08 - [TEST_STEP][PASSED] - callTestCase: Call Test Case 'Test Cases/Mes rapports/Mes rapports - SELECTION/Verify if checkbox is unchecked/TC 6 Verify Pays de naissance checkBox  is un-checked' successfully

2018-08-21 11:41:08 - [TEST_CASE][PASSED] - Test Cases/Mes rapports/Mes rapports - SELECTION/Verify if checkbox is unchecked/TC 6 Verify Pays de naissance checkBox  is un-checked: Test Cases/Mes rapports/Mes rapports - SELECTION/Verify if checkbox is unchecked/TC 6 Verify Pays de naissance checkBox  is un-checked

2018-08-21 11:41:08 - [TEST_STEP][PASSED] - uncheck: Object 'Object Repository/Mes rapports Obj/SELECTION/Pays de naisssance checkbox' is un-checked

2018-08-21 11:41:08 - [MESSAGE][PASSED] - Object 'Object Repository/Mes rapports Obj/SELECTION/Pays de naisssance checkbox' is un-checked

2018-08-21 11:41:08 - [MESSAGE][PASSED] - Call Test Case 'Test Cases/Mes rapports/Mes rapports - SELECTION/Verify if checkbox is unchecked/TC 6 Verify Pays de naissance checkBox  is un-checked' successfully

2018-08-21 11:41:08 - [TEST_STEP][PASSED] - callTestCase: Call Test Case 'Test Cases/Mes rapports/Mes rapports - SELECTION/Verify if checkbox is unchecked/TC 7 Verify Sexe checkBox  is un-checked' successfully

2018-08-21 11:41:09 - [TEST_CASE][PASSED] - Test Cases/Mes rapports/Mes rapports - SELECTION/Verify if checkbox is unchecked/TC 7 Verify Sexe checkBox  is un-checked: Test Cases/Mes rapports/Mes rapports - SELECTION/Verify if checkbox is unchecked/TC 7 Verify Sexe checkBox  is un-checked

2018-08-21 11:41:09 - [TEST_STEP][PASSED] - uncheck: Object 'Object Repository/Mes rapports Obj/SELECTION/Sexe checkbox' is un-checked

2018-08-21 11:41:09 - [MESSAGE][PASSED] - Object 'Object Repository/Mes rapports Obj/SELECTION/Sexe checkbox' is un-checked

2018-08-21 11:41:09 - [MESSAGE][PASSED] - Call Test Case 'Test Cases/Mes rapports/Mes rapports - SELECTION/Verify if checkbox is unchecked/TC 7 Verify Sexe checkBox  is un-checked' successfully

2018-08-21 11:41:09 - [TEST_STEP][PASSED] - callTestCase: Call Test Case 'Test Cases/Mes rapports/Mes rapports - SELECTION/Verify if checkbox is unchecked/TC 8 Verify Mode de remuneration checkBox  is un-checked' successfully

2018-08-21 11:41:09 - [TEST_CASE][PASSED] - Test Cases/Mes rapports/Mes rapports - SELECTION/Verify if checkbox is unchecked/TC 8 Verify Mode de remuneration checkBox  is un-checked: Test Cases/Mes rapports/Mes rapports - SELECTION/Verify if checkbox is unchecked/TC 8 Verify Mode de remuneration checkBox  is un-checked

2018-08-21 11:41:09 - [TEST_STEP][PASSED] - uncheck: Object 'Object Repository/Mes rapports Obj/SELECTION/Mode de remuneration checkbox' is un-checked

2018-08-21 11:41:09 - [MESSAGE][PASSED] - Object 'Object Repository/Mes rapports Obj/SELECTION/Mode de remuneration checkbox' is un-checked

2018-08-21 11:41:09 - [MESSAGE][PASSED] - Call Test Case 'Test Cases/Mes rapports/Mes rapports - SELECTION/Verify if checkbox is unchecked/TC 8 Verify Mode de remuneration checkBox  is un-checked' successfully

2018-08-21 11:41:09 - [TEST_STEP][PASSED] - callTestCase: Call Test Case 'Test Cases/Mes rapports/Mes rapports - SELECTION/Verify if checkbox is unchecked/TC 9 Verify Suspension checkBox  is un-checked' successfully

2018-08-21 11:41:09 - [TEST_CASE][PASSED] - Test Cases/Mes rapports/Mes rapports - SELECTION/Verify if checkbox is unchecked/TC 9 Verify Suspension checkBox  is un-checked: Test Cases/Mes rapports/Mes rapports - SELECTION/Verify if checkbox is unchecked/TC 9 Verify Suspension checkBox  is un-checked

2018-08-21 11:41:09 - [TEST_STEP][PASSED] - uncheck: Object 'Object Repository/Mes rapports Obj/SELECTION/Suspension checkbox' is un-checked

2018-08-21 11:41:09 - [MESSAGE][PASSED] - Object 'Object Repository/Mes rapports Obj/SELECTION/Suspension checkbox' is un-checked

2018-08-21 11:41:09 - [MESSAGE][PASSED] - Call Test Case 'Test Cases/Mes rapports/Mes rapports - SELECTION/Verify if checkbox is unchecked/TC 9 Verify Suspension checkBox  is un-checked' successfully

2018-08-21 11:41:09 - [MESSAGE][PASSED] - Call Test Case 'Test Cases/Mes rapports/Mes rapports - SELECTION/Verify if checkbox is unchecked/TC 10 Deselect all checkbox' successfully

2018-08-21 11:41:09 - [TEST_STEP][PASSED] - callTestCase: Call Test Case 'Test Cases/Verify URL/TC Verify Url' successfully

2018-08-21 11:41:09 - [TEST_CASE][PASSED] - Test Cases/Verify URL/TC Verify Url: Test Cases/Verify URL/TC Verify Url

2018-08-21 11:41:09 - [TEST_STEP][PASSED] - waitForPageLoad: Wait for page load successfully

2018-08-21 11:41:09 - [MESSAGE][PASSED] - Wait for page load successfully

2018-08-21 11:41:09 - [TEST_STEP][PASSED] - Statement - url = com.kms.katalon.core.webui.keyword.WebUiBuiltInKeywords.getUrl(): Current window's url is: 'https://internet.acc.sd.dika.be/ebloxreporting/web.sensitive/main/FpyDF/iIz9g8MffKNXfNyb1H/NL/#/definitie/wizard/extern/index/28145/selectie'

2018-08-21 11:41:09 - [MESSAGE][PASSED] - Current window's url is: 'https://internet.acc.sd.dika.be/ebloxreporting/web.sensitive/main/FpyDF/iIz9g8MffKNXfNyb1H/NL/#/definitie/wizard/extern/index/28145/selectie'

2018-08-21 11:41:09 - [TEST_STEP][PASSED] - Statement - p = java.util.regex.Pattern.compile("00040 ANTILOPE GROEP"): null

2018-08-21 11:41:09 - [TEST_STEP][PASSED] - Statement - m = p.matcher(url): null

2018-08-21 11:41:09 - [TEST_STEP][PASSED] - Statement - If (m.find()): null

2018-08-21 11:41:09 - [TEST_STEP][PASSED] - Statement - Else: The user name and the concern number are not present in the URL

2018-08-21 11:41:09 - [TEST_STEP][PASSED] - Statement - com.kms.katalon.core.util.KeywordUtil.markPassed("The user name and the concern number are not present in the URL"): The user name and the concern number are not present in the URL

2018-08-21 11:41:09 - [MESSAGE][PASSED] - The user name and the concern number are not present in the URL

2018-08-21 11:41:09 - [MESSAGE][PASSED] - Call Test Case 'Test Cases/Verify URL/TC Verify Url' successfully

2018-08-21 11:41:09 - [TEST_STEP][PASSED] - waitForPageLoad: Wait for page load successfully

2018-08-21 11:41:09 - [MESSAGE][PASSED] - Wait for page load successfully

2018-08-21 11:41:09 - [TEST_STEP][PASSED] - callTestCase: Call Test Case 'Test Cases/Mes rapports/TC Verify the next button arrow' successfully

2018-08-21 11:41:10 - [TEST_CASE][PASSED] - Test Cases/Mes rapports/TC Verify the next button arrow: Test Cases/Mes rapports/TC Verify the next button arrow

2018-08-21 11:41:10 - [TEST_STEP][PASSED] - waitForElementClickable: Object 'Object Repository/Mes rapports Obj/button_Next_Arrow' is clickable

2018-08-21 11:41:10 - [MESSAGE][PASSED] - Object 'Object Repository/Mes rapports Obj/button_Next_Arrow' is clickable

2018-08-21 11:41:10 - [TEST_STEP][PASSED] - click: Object: 'Object Repository/Mes rapports Obj/button_Next_Arrow' is clicked on

2018-08-21 11:41:10 - [MESSAGE][PASSED] - Object: 'Object Repository/Mes rapports Obj/button_Next_Arrow' is clicked on

2018-08-21 11:41:10 - [TEST_STEP][PASSED] - delay: Delayed 5 second(s)

2018-08-21 11:41:15 - [MESSAGE][PASSED] - Delayed 5 second(s)

2018-08-21 11:41:15 - [MESSAGE][PASSED] - Call Test Case 'Test Cases/Mes rapports/TC Verify the next button arrow' successfully

2018-08-21 11:41:15 - [TEST_STEP][PASSED] - click: Object: 'Object Repository/Mes rapports Obj/EXECUTION/Button executer' is clicked on

2018-08-21 11:41:15 - [MESSAGE][PASSED] - Object: 'Object Repository/Mes rapports Obj/EXECUTION/Button executer' is clicked on

2018-08-21 11:41:15 - [TEST_STEP][PASSED] - closeBrowser: Browser is closed

2018-08-21 11:41:15 - [MESSAGE][PASSED] - Browser is closed]]></system-out>
         <system-err><![CDATA[]]></system-err>
      </testcase>
      <testcase name="Test Cases/New Folder/TC12 NEGATIVE VALUES" classname="Test Cases/New Folder/TC12 NEGATIVE VALUES" status="PASSED">
         <system-out><![CDATA[2018-08-21 11:41:15 - [TEST_CASE][PASSED] - Test Cases/New Folder/TC12 NEGATIVE VALUES: Test Cases/New Folder/TC12 NEGATIVE VALUES

2018-08-21 11:41:16 - [TEST_STEP][PASSED] - callTestCase: Call Test Case 'Test Cases/Login/TC1 Login to Mysdworx' successfully

2018-08-21 11:41:16 - [TEST_CASE][PASSED] - Test Cases/Login/TC1 Login to Mysdworx: Test Cases/Login/TC1 Login to Mysdworx

2018-08-21 11:41:16 - [TEST_STEP][PASSED] - openBrowser: Browser is opened with url: ''

2018-08-21 11:41:18 - [MESSAGE][PASSED] - Browser is opened with url: ''

2018-08-21 11:41:18 - [TEST_STEP][PASSED] - navigateToUrl: Navigate to 'https://internet.acc.sd.dika.be/ebloxreporting/web.sensitive/main/?lang=fr' successfully

2018-08-21 11:41:23 - [MESSAGE][PASSED] - Navigate to 'https://internet.acc.sd.dika.be/ebloxreporting/web.sensitive/main/?lang=fr' successfully

2018-08-21 11:41:23 - [TEST_STEP][PASSED] - maximizeWindow: Current window maximized

2018-08-21 11:41:24 - [MESSAGE][PASSED] - Current window maximized

2018-08-21 11:41:24 - [TEST_STEP][PASSED] - setText: Text 'DP_EBLOX_RPP_VASCO' is set on object 'Object Repository/Page_mysdworx - Log in/input_Username'

2018-08-21 11:41:28 - [MESSAGE][PASSED] - Text 'DP_EBLOX_RPP_VASCO' is set on object 'Object Repository/Page_mysdworx - Log in/input_Username'

2018-08-21 11:41:28 - [TEST_STEP][PASSED] - Statement - frame = new javax.swing.JFrame(User Input Frame): null

2018-08-21 11:41:28 - [TEST_STEP][PASSED] - Statement - frame.requestFocus(): null

2018-08-21 11:41:28 - [TEST_STEP][PASSED] - Statement - pass = javax.swing.JOptionPane.showInputDialog(frame, "Enter the password from token!!"): null

2018-08-21 11:41:37 - [TEST_STEP][PASSED] - delay: Delayed 2 second(s)

2018-08-21 11:41:39 - [MESSAGE][PASSED] - Delayed 2 second(s)

2018-08-21 11:41:39 - [TEST_STEP][PASSED] - setText: Text '736837' is set on object 'Object Repository/Page_mysdworx - Log in/input_Password'

2018-08-21 11:41:40 - [MESSAGE][PASSED] - Text '736837' is set on object 'Object Repository/Page_mysdworx - Log in/input_Password'

2018-08-21 11:41:40 - [TEST_STEP][PASSED] - click: Object: 'Object Repository/Page_mysdworx - Log in/button_Se connecter' is clicked on

2018-08-21 11:41:40 - [MESSAGE][PASSED] - Object: 'Object Repository/Page_mysdworx - Log in/button_Se connecter' is clicked on

2018-08-21 11:41:40 - [TEST_STEP][PASSED] - waitForPageLoad: Wait for page load successfully

2018-08-21 11:41:40 - [MESSAGE][PASSED] - Wait for page load successfully

2018-08-21 11:41:40 - [TEST_STEP][NOT_RUN] - closeBrowser: NOT_RUN: closeBrowser

2018-08-21 11:41:40 - [MESSAGE][NOT_RUN] - NOT_RUN: closeBrowser

2018-08-21 11:41:40 - [MESSAGE][PASSED] - Call Test Case 'Test Cases/Login/TC1 Login to Mysdworx' successfully

2018-08-21 11:41:40 - [TEST_STEP][PASSED] - waitForPageLoad: Wait for page load successfully

2018-08-21 11:41:40 - [MESSAGE][PASSED] - Wait for page load successfully

2018-08-21 11:41:40 - [TEST_STEP][PASSED] - callTestCase: Call Test Case 'Test Cases/Select Language/TC1 Verify NL language' successfully

2018-08-21 11:41:40 - [TEST_CASE][PASSED] - Test Cases/Select Language/TC1 Verify NL language: Test Cases/Select Language/TC1 Verify NL language

2018-08-21 11:41:40 - [TEST_STEP][PASSED] - waitForElementClickable: Object 'Object Repository/Change language link Obj/NL_language' is clickable

2018-08-21 11:42:03 - [MESSAGE][PASSED] - Object 'Object Repository/Change language link Obj/NL_language' is clickable

2018-08-21 11:42:03 - [TEST_STEP][PASSED] - click: Object: 'Object Repository/Change language link Obj/NL_language' is clicked on

2018-08-21 11:42:12 - [MESSAGE][PASSED] - Object: 'Object Repository/Change language link Obj/NL_language' is clicked on

2018-08-21 11:42:12 - [TEST_STEP][PASSED] - waitForPageLoad: Wait for page load successfully

2018-08-21 11:42:12 - [MESSAGE][PASSED] - Wait for page load successfully

2018-08-21 11:42:12 - [MESSAGE][PASSED] - Call Test Case 'Test Cases/Select Language/TC1 Verify NL language' successfully

2018-08-21 11:42:12 - [TEST_STEP][PASSED] - waitForPageLoad: Wait for page load successfully

2018-08-21 11:42:12 - [MESSAGE][PASSED] - Wait for page load successfully

2018-08-21 11:42:12 - [TEST_STEP][PASSED] - setText: Text 'REG NEGATIEF' is set on object 'Object Repository/Mes rapports Obj/input search filter'

2018-08-21 11:42:15 - [MESSAGE][PASSED] - Text 'REG NEGATIEF' is set on object 'Object Repository/Mes rapports Obj/input search filter'

2018-08-21 11:42:15 - [TEST_STEP][PASSED] - click: Object: 'Object Repository/Page_eBlox Reporting/Search_Icon' is clicked on

2018-08-21 11:42:15 - [MESSAGE][PASSED] - Object: 'Object Repository/Page_eBlox Reporting/Search_Icon' is clicked on

2018-08-21 11:42:15 - [TEST_STEP][PASSED] - Statement - myTestObject = new com.kms.katalon.core.testobject.TestObject(Select_report_NEGATIEF): null

2018-08-21 11:42:15 - [TEST_STEP][PASSED] - Statement - myTestObject.addProperty("xpath", EQUALS, "//a[@ui-sref='uitvoering.index({id:item.id})']//span[@text='REG NEGATIEF']"): null

2018-08-21 11:42:15 - [TEST_STEP][PASSED] - click: Object: 'Select_report_NEGATIEF' is clicked on

2018-08-21 11:42:15 - [MESSAGE][PASSED] - Object: 'Select_report_NEGATIEF' is clicked on

2018-08-21 11:42:15 - [TEST_STEP][PASSED] - waitForPageLoad: Wait for page load successfully

2018-08-21 11:42:15 - [MESSAGE][PASSED] - Wait for page load successfully

2018-08-21 11:42:15 - [TEST_STEP][PASSED] - delay: Delayed 2 second(s)

2018-08-21 11:42:17 - [MESSAGE][PASSED] - Delayed 2 second(s)

2018-08-21 11:42:17 - [TEST_STEP][PASSED] - Statement - historic = com.kms.katalon.core.webui.keyword.WebUiBuiltInKeywords.modifyObjectProperty(com.kms.katalon.core.testobject.ObjectRepository.findTestObject(Mes rapports Obj/EXECUTION/Description _Date de reference historique), "xpath", "contains", "//*[@id="uitvoering-parameters"]/div/div[2]/div/div/table/tbody/tr[2]/td[2]/div/div/rapp-date-prompt/div/div/rapp-special-values/div/button", true): Modify property of object successfully

2018-08-21 11:42:17 - [MESSAGE][PASSED] - Modify property of object successfully

2018-08-21 11:42:17 - [TEST_STEP][PASSED] - click: Object: 'Object Repository/Mes rapports Obj/EXECUTION/Description _Date de reference historique' is clicked on

2018-08-21 11:42:17 - [MESSAGE][PASSED] - Object: 'Object Repository/Mes rapports Obj/EXECUTION/Description _Date de reference historique' is clicked on

2018-08-21 11:42:17 - [TEST_STEP][PASSED] - delay: Delayed 2 second(s)

2018-08-21 11:42:19 - [MESSAGE][PASSED] - Delayed 2 second(s)

2018-08-21 11:42:19 - [TEST_STEP][PASSED] - click: Object: 'Object Repository/Mes rapports Obj/EXECUTION/Aujourdhui - Vandaag' is clicked on

2018-08-21 11:42:20 - [MESSAGE][PASSED] - Object: 'Object Repository/Mes rapports Obj/EXECUTION/Aujourdhui - Vandaag' is clicked on

2018-08-21 11:42:20 - [TEST_STEP][PASSED] - click: Object: 'Object Repository/Mes rapports Obj/EXECUTION/Button executer' is clicked on

2018-08-21 11:42:20 - [MESSAGE][PASSED] - Object: 'Object Repository/Mes rapports Obj/EXECUTION/Button executer' is clicked on

2018-08-21 11:42:20 - [TEST_STEP][PASSED] - waitForPageLoad: Wait for page load successfully

2018-08-21 11:42:20 - [MESSAGE][PASSED] - Wait for page load successfully

2018-08-21 11:42:20 - [TEST_STEP][PASSED] - delay: Delayed 10 second(s)

2018-08-21 11:42:30 - [MESSAGE][PASSED] - Delayed 10 second(s)

2018-08-21 11:42:30 - [TEST_STEP][PASSED] - closeBrowser: Browser is closed

2018-08-21 11:42:30 - [MESSAGE][PASSED] - Browser is closed]]></system-out>
         <system-err><![CDATA[]]></system-err>
      </testcase>
      <testcase name="Test Cases/New Folder/TC13 DIVIDED BY 0" classname="Test Cases/New Folder/TC13 DIVIDED BY 0" status="FAILED">
         <failure type="FAILED" message="Unable to click on object 'Object Repository/Mes rapports Obj/EXECUTION/Ref historic - DOB' (Root cause: org.openqa.selenium.StaleElementReferenceException: stale element reference: element is not attached to the page document
  (Session info: chrome=68.0.3440.106)
  (Driver info: chromedriver=2.35.528161 (5b82f2d2aae0ca24b877009200ced9065a772e73),platform=Windows NT 10.0.16299 x86_64) (WARNING: The server did not provide any stacktrace information)
Command duration or timeout: 0 milliseconds
For documentation on this error, please visit: http://seleniumhq.org/exceptions/stale_element_reference.html
Build info: version: '3.7.1', revision: '8a0099a', time: '2017-11-06T21:07:36.161Z'
System info: host: '5CG7062KWD', ip: '10.136.82.137', os.name: 'Windows 10', os.arch: 'amd64', os.version: '10.0', java.version: '1.8.0_181'
Driver info: com.kms.katalon.selenium.driver.CChromeDriver
Capabilities {acceptInsecureCerts: false, acceptSslCerts: false, applicationCacheEnabled: false, browserConnectionEnabled: false, browserName: chrome, chrome: {chromedriverVersion: 2.35.528161 (5b82f2d2aae0ca..., userDataDir: C:\Users\SEEBOR~1\AppData\L...}, cssSelectorsEnabled: true, databaseEnabled: false, handlesAlerts: true, hasTouchScreen: false, javascriptEnabled: true, locationContextEnabled: true, mobileEmulationEnabled: false, nativeEvents: true, networkConnectionEnabled: false, pageLoadStrategy: normal, platform: XP, platformName: XP, rotatable: false, setWindowRect: true, takesHeapSnapshot: true, takesScreenshot: true, unexpectedAlertBehaviour: , unhandledPromptBehavior: , version: 68.0.3440.106, webStorageEnabled: true}
Session ID: 9713b010909b568d42ead818bd681f22)"/>
         <system-out><![CDATA[2018-08-21 11:42:30 - [TEST_CASE][FAILED] - Test Cases/New Folder/TC13 DIVIDED BY 0: Test Cases/New Folder/TC13 DIVIDED BY 0 FAILED because (of) Unable to click on object 'Object Repository/Mes rapports Obj/EXECUTION/Ref historic - DOB' (Root cause: org.openqa.selenium.StaleElementReferenceException: stale element reference: element is not attached to the page document
  (Session info: chrome=68.0.3440.106)
  (Driver info: chromedriver=2.35.528161 (5b82f2d2aae0ca24b877009200ced9065a772e73),platform=Windows NT 10.0.16299 x86_64) (WARNING: The server did not provide any stacktrace information)
Command duration or timeout: 0 milliseconds
For documentation on this error, please visit: http://seleniumhq.org/exceptions/stale_element_reference.html
Build info: version: '3.7.1', revision: '8a0099a', time: '2017-11-06T21:07:36.161Z'
System info: host: '5CG7062KWD', ip: '10.136.82.137', os.name: 'Windows 10', os.arch: 'amd64', os.version: '10.0', java.version: '1.8.0_181'
Driver info: com.kms.katalon.selenium.driver.CChromeDriver
Capabilities {acceptInsecureCerts: false, acceptSslCerts: false, applicationCacheEnabled: false, browserConnectionEnabled: false, browserName: chrome, chrome: {chromedriverVersion: 2.35.528161 (5b82f2d2aae0ca..., userDataDir: C:\Users\SEEBOR~1\AppData\L...}, cssSelectorsEnabled: true, databaseEnabled: false, handlesAlerts: true, hasTouchScreen: false, javascriptEnabled: true, locationContextEnabled: true, mobileEmulationEnabled: false, nativeEvents: true, networkConnectionEnabled: false, pageLoadStrategy: normal, platform: XP, platformName: XP, rotatable: false, setWindowRect: true, takesHeapSnapshot: true, takesScreenshot: true, unexpectedAlertBehaviour: , unhandledPromptBehavior: , version: 68.0.3440.106, webStorageEnabled: true}
Session ID: 9713b010909b568d42ead818bd681f22)

2018-08-21 11:42:31 - [TEST_STEP][PASSED] - callTestCase: Call Test Case 'Test Cases/Login/TC1 Login to Mysdworx' successfully

2018-08-21 11:42:31 - [TEST_CASE][PASSED] - Test Cases/Login/TC1 Login to Mysdworx: Test Cases/Login/TC1 Login to Mysdworx

2018-08-21 11:42:31 - [TEST_STEP][PASSED] - openBrowser: Browser is opened with url: ''

2018-08-21 11:42:33 - [MESSAGE][PASSED] - Browser is opened with url: ''

2018-08-21 11:42:33 - [TEST_STEP][PASSED] - navigateToUrl: Navigate to 'https://internet.acc.sd.dika.be/ebloxreporting/web.sensitive/main/?lang=fr' successfully

2018-08-21 11:42:38 - [MESSAGE][PASSED] - Navigate to 'https://internet.acc.sd.dika.be/ebloxreporting/web.sensitive/main/?lang=fr' successfully

2018-08-21 11:42:38 - [TEST_STEP][PASSED] - maximizeWindow: Current window maximized

2018-08-21 11:42:39 - [MESSAGE][PASSED] - Current window maximized

2018-08-21 11:42:39 - [TEST_STEP][PASSED] - setText: Text 'DP_EBLOX_RPP_VASCO' is set on object 'Object Repository/Page_mysdworx - Log in/input_Username'

2018-08-21 11:42:45 - [MESSAGE][PASSED] - Text 'DP_EBLOX_RPP_VASCO' is set on object 'Object Repository/Page_mysdworx - Log in/input_Username'

2018-08-21 11:42:45 - [TEST_STEP][PASSED] - Statement - frame = new javax.swing.JFrame(User Input Frame): null

2018-08-21 11:42:45 - [TEST_STEP][PASSED] - Statement - frame.requestFocus(): null

2018-08-21 11:42:45 - [TEST_STEP][PASSED] - Statement - pass = javax.swing.JOptionPane.showInputDialog(frame, "Enter the password from token!!"): null

2018-08-21 11:42:53 - [TEST_STEP][PASSED] - delay: Delayed 2 second(s)

2018-08-21 11:42:55 - [MESSAGE][PASSED] - Delayed 2 second(s)

2018-08-21 11:42:55 - [TEST_STEP][PASSED] - setText: Text '172659' is set on object 'Object Repository/Page_mysdworx - Log in/input_Password'

2018-08-21 11:42:55 - [MESSAGE][PASSED] - Text '172659' is set on object 'Object Repository/Page_mysdworx - Log in/input_Password'

2018-08-21 11:42:55 - [TEST_STEP][PASSED] - click: Object: 'Object Repository/Page_mysdworx - Log in/button_Se connecter' is clicked on

2018-08-21 11:42:55 - [MESSAGE][PASSED] - Object: 'Object Repository/Page_mysdworx - Log in/button_Se connecter' is clicked on

2018-08-21 11:42:55 - [TEST_STEP][PASSED] - waitForPageLoad: Wait for page load successfully

2018-08-21 11:42:55 - [MESSAGE][PASSED] - Wait for page load successfully

2018-08-21 11:42:55 - [TEST_STEP][NOT_RUN] - closeBrowser: NOT_RUN: closeBrowser

2018-08-21 11:42:55 - [MESSAGE][NOT_RUN] - NOT_RUN: closeBrowser

2018-08-21 11:42:55 - [MESSAGE][PASSED] - Call Test Case 'Test Cases/Login/TC1 Login to Mysdworx' successfully

2018-08-21 11:42:55 - [TEST_STEP][PASSED] - waitForPageLoad: Wait for page load successfully

2018-08-21 11:42:55 - [MESSAGE][PASSED] - Wait for page load successfully

2018-08-21 11:42:55 - [TEST_STEP][PASSED] - callTestCase: Call Test Case 'Test Cases/Select Language/TC1 Verify NL language' successfully

2018-08-21 11:42:55 - [TEST_CASE][PASSED] - Test Cases/Select Language/TC1 Verify NL language: Test Cases/Select Language/TC1 Verify NL language

2018-08-21 11:42:55 - [TEST_STEP][PASSED] - waitForElementClickable: Object 'Object Repository/Change language link Obj/NL_language' is clickable

2018-08-21 11:43:17 - [MESSAGE][PASSED] - Object 'Object Repository/Change language link Obj/NL_language' is clickable

2018-08-21 11:43:17 - [TEST_STEP][PASSED] - click: Object: 'Object Repository/Change language link Obj/NL_language' is clicked on

2018-08-21 11:43:22 - [MESSAGE][PASSED] - Object: 'Object Repository/Change language link Obj/NL_language' is clicked on

2018-08-21 11:43:22 - [TEST_STEP][PASSED] - waitForPageLoad: Wait for page load successfully

2018-08-21 11:43:22 - [MESSAGE][PASSED] - Wait for page load successfully

2018-08-21 11:43:22 - [MESSAGE][PASSED] - Call Test Case 'Test Cases/Select Language/TC1 Verify NL language' successfully

2018-08-21 11:43:22 - [TEST_STEP][PASSED] - waitForPageLoad: Wait for page load successfully

2018-08-21 11:43:22 - [MESSAGE][PASSED] - Wait for page load successfully

2018-08-21 11:43:22 - [TEST_STEP][PASSED] - setText: Text 'REG BEWERKING 0' is set on object 'Object Repository/Mes rapports Obj/input search filter'

2018-08-21 11:43:25 - [MESSAGE][PASSED] - Text 'REG BEWERKING 0' is set on object 'Object Repository/Mes rapports Obj/input search filter'

2018-08-21 11:43:25 - [TEST_STEP][PASSED] - click: Object: 'Object Repository/Page_eBlox Reporting/Search_Icon' is clicked on

2018-08-21 11:43:25 - [MESSAGE][PASSED] - Object: 'Object Repository/Page_eBlox Reporting/Search_Icon' is clicked on

2018-08-21 11:43:25 - [TEST_STEP][PASSED] - Statement - myTestObject = new com.kms.katalon.core.testobject.TestObject(Select_report): null

2018-08-21 11:43:25 - [TEST_STEP][PASSED] - Statement - myTestObject.addProperty("xpath", EQUALS, "//span[@text='REG BEWERKING']"): null

2018-08-21 11:43:25 - [TEST_STEP][PASSED] - click: Object: 'Select_report' is clicked on

2018-08-21 11:43:26 - [MESSAGE][PASSED] - Object: 'Select_report' is clicked on

2018-08-21 11:43:26 - [TEST_STEP][PASSED] - waitForPageLoad: Wait for page load successfully

2018-08-21 11:43:26 - [MESSAGE][PASSED] - Wait for page load successfully

2018-08-21 11:43:26 - [TEST_STEP][PASSED] - waitForElementClickable: Object 'Object Repository/Mes rapports Obj/EXECUTION/Ref historic - DOB' is clickable

2018-08-21 11:43:27 - [MESSAGE][PASSED] - Object 'Object Repository/Mes rapports Obj/EXECUTION/Ref historic - DOB' is clickable

2018-08-21 11:43:27 - [TEST_STEP][PASSED] - Statement - historic = com.kms.katalon.core.webui.keyword.WebUiBuiltInKeywords.modifyObjectProperty(com.kms.katalon.core.testobject.ObjectRepository.findTestObject(Mes rapports Obj/EXECUTION/Ref historic - DOB), "xpath", "contains", "//*[@id="uitvoering-parameters"]/div/div[2]/div/div/table/tbody/tr[4]/td[2]/div/div/rapp-date-prompt/div/div/rapp-special-values/div/button", true): Modify property of object successfully

2018-08-21 11:43:27 - [MESSAGE][PASSED] - Modify property of object successfully

2018-08-21 11:43:27 - [TEST_STEP][FAILED] - click: Unable to click on object 'Object Repository/Mes rapports Obj/EXECUTION/Ref historic - DOB' (Root cause: org.openqa.selenium.StaleElementReferenceException: stale element reference: element is not attached to the page document
  (Session info: chrome=68.0.3440.106)
  (Driver info: chromedriver=2.35.528161 (5b82f2d2aae0ca24b877009200ced9065a772e73),platform=Windows NT 10.0.16299 x86_64) (WARNING: The server did not provide any stacktrace information)
Command duration or timeout: 0 milliseconds
For documentation on this error, please visit: http://seleniumhq.org/exceptions/stale_element_reference.html
Build info: version: '3.7.1', revision: '8a0099a', time: '2017-11-06T21:07:36.161Z'
System info: host: '5CG7062KWD', ip: '10.136.82.137', os.name: 'Windows 10', os.arch: 'amd64', os.version: '10.0', java.version: '1.8.0_181'
Driver info: com.kms.katalon.selenium.driver.CChromeDriver
Capabilities {acceptInsecureCerts: false, acceptSslCerts: false, applicationCacheEnabled: false, browserConnectionEnabled: false, browserName: chrome, chrome: {chromedriverVersion: 2.35.528161 (5b82f2d2aae0ca..., userDataDir: C:\Users\SEEBOR~1\AppData\L...}, cssSelectorsEnabled: true, databaseEnabled: false, handlesAlerts: true, hasTouchScreen: false, javascriptEnabled: true, locationContextEnabled: true, mobileEmulationEnabled: false, nativeEvents: true, networkConnectionEnabled: false, pageLoadStrategy: normal, platform: XP, platformName: XP, rotatable: false, setWindowRect: true, takesHeapSnapshot: true, takesScreenshot: true, unexpectedAlertBehaviour: , unhandledPromptBehavior: , version: 68.0.3440.106, webStorageEnabled: true}
Session ID: 9713b010909b568d42ead818bd681f22)

2018-08-21 11:43:27 - [MESSAGE][FAILED] - Unable to click on object 'Object Repository/Mes rapports Obj/EXECUTION/Ref historic - DOB' (Root cause: org.openqa.selenium.StaleElementReferenceException: stale element reference: element is not attached to the page document
  (Session info: chrome=68.0.3440.106)
  (Driver info: chromedriver=2.35.528161 (5b82f2d2aae0ca24b877009200ced9065a772e73),platform=Windows NT 10.0.16299 x86_64) (WARNING: The server did not provide any stacktrace information)
Command duration or timeout: 0 milliseconds
For documentation on this error, please visit: http://seleniumhq.org/exceptions/stale_element_reference.html
Build info: version: '3.7.1', revision: '8a0099a', time: '2017-11-06T21:07:36.161Z'
System info: host: '5CG7062KWD', ip: '10.136.82.137', os.name: 'Windows 10', os.arch: 'amd64', os.version: '10.0', java.version: '1.8.0_181'
Driver info: com.kms.katalon.selenium.driver.CChromeDriver
Capabilities {acceptInsecureCerts: false, acceptSslCerts: false, applicationCacheEnabled: false, browserConnectionEnabled: false, browserName: chrome, chrome: {chromedriverVersion: 2.35.528161 (5b82f2d2aae0ca..., userDataDir: C:\Users\SEEBOR~1\AppData\L...}, cssSelectorsEnabled: true, databaseEnabled: false, handlesAlerts: true, hasTouchScreen: false, javascriptEnabled: true, locationContextEnabled: true, mobileEmulationEnabled: false, nativeEvents: true, networkConnectionEnabled: false, pageLoadStrategy: normal, platform: XP, platformName: XP, rotatable: false, setWindowRect: true, takesHeapSnapshot: true, takesScreenshot: true, unexpectedAlertBehaviour: , unhandledPromptBehavior: , version: 68.0.3440.106, webStorageEnabled: true}
Session ID: 9713b010909b568d42ead818bd681f22)
[[ATTACHMENT|C:\\Users\\seeboruts\\OneDrive - SD Worx\\Desktop\\Katalon_eBlox_Reporting\\Reports\\testing\\Demo\\20180821_113728\\1534837407218.png]]]]></system-out>
         <system-err><![CDATA[2018-08-21 11:42:30 - [TEST_CASE][FAILED] - Test Cases/New Folder/TC13 DIVIDED BY 0: Test Cases/New Folder/TC13 DIVIDED BY 0 FAILED because (of) Unable to click on object 'Object Repository/Mes rapports Obj/EXECUTION/Ref historic - DOB' (Root cause: org.openqa.selenium.StaleElementReferenceException: stale element reference: element is not attached to the page document
  (Session info: chrome=68.0.3440.106)
  (Driver info: chromedriver=2.35.528161 (5b82f2d2aae0ca24b877009200ced9065a772e73),platform=Windows NT 10.0.16299 x86_64) (WARNING: The server did not provide any stacktrace information)
Command duration or timeout: 0 milliseconds
For documentation on this error, please visit: http://seleniumhq.org/exceptions/stale_element_reference.html
Build info: version: '3.7.1', revision: '8a0099a', time: '2017-11-06T21:07:36.161Z'
System info: host: '5CG7062KWD', ip: '10.136.82.137', os.name: 'Windows 10', os.arch: 'amd64', os.version: '10.0', java.version: '1.8.0_181'
Driver info: com.kms.katalon.selenium.driver.CChromeDriver
Capabilities {acceptInsecureCerts: false, acceptSslCerts: false, applicationCacheEnabled: false, browserConnectionEnabled: false, browserName: chrome, chrome: {chromedriverVersion: 2.35.528161 (5b82f2d2aae0ca..., userDataDir: C:\Users\SEEBOR~1\AppData\L...}, cssSelectorsEnabled: true, databaseEnabled: false, handlesAlerts: true, hasTouchScreen: false, javascriptEnabled: true, locationContextEnabled: true, mobileEmulationEnabled: false, nativeEvents: true, networkConnectionEnabled: false, pageLoadStrategy: normal, platform: XP, platformName: XP, rotatable: false, setWindowRect: true, takesHeapSnapshot: true, takesScreenshot: true, unexpectedAlertBehaviour: , unhandledPromptBehavior: , version: 68.0.3440.106, webStorageEnabled: true}
Session ID: 9713b010909b568d42ead818bd681f22)]]></system-err>
      </testcase>
      <testcase name="Test Cases/New Folder/TC14 OWN COLUMNS" classname="Test Cases/New Folder/TC14 OWN COLUMNS" status="PASSED">
         <system-out><![CDATA[2018-08-21 11:43:27 - [TEST_CASE][PASSED] - Test Cases/New Folder/TC14 OWN COLUMNS: Test Cases/New Folder/TC14 OWN COLUMNS

2018-08-21 11:43:27 - [TEST_STEP][PASSED] - callTestCase: Call Test Case 'Test Cases/Login/TC1 Login to Mysdworx' successfully

2018-08-21 11:43:27 - [TEST_CASE][PASSED] - Test Cases/Login/TC1 Login to Mysdworx: Test Cases/Login/TC1 Login to Mysdworx

2018-08-21 11:43:27 - [TEST_STEP][PASSED] - openBrowser: Browser is opened with url: ''

2018-08-21 11:43:27 - [MESSAGE][WARNING] - A browser is already opened. Closing browser and opening a new one

2018-08-21 11:43:30 - [MESSAGE][PASSED] - Browser is opened with url: ''

2018-08-21 11:43:30 - [TEST_STEP][PASSED] - navigateToUrl: Navigate to 'https://internet.acc.sd.dika.be/ebloxreporting/web.sensitive/main/?lang=fr' successfully

2018-08-21 11:43:35 - [MESSAGE][PASSED] - Navigate to 'https://internet.acc.sd.dika.be/ebloxreporting/web.sensitive/main/?lang=fr' successfully

2018-08-21 11:43:35 - [TEST_STEP][PASSED] - maximizeWindow: Current window maximized

2018-08-21 11:43:36 - [MESSAGE][PASSED] - Current window maximized

2018-08-21 11:43:36 - [TEST_STEP][PASSED] - setText: Text 'DP_EBLOX_RPP_VASCO' is set on object 'Object Repository/Page_mysdworx - Log in/input_Username'

2018-08-21 11:43:39 - [MESSAGE][PASSED] - Text 'DP_EBLOX_RPP_VASCO' is set on object 'Object Repository/Page_mysdworx - Log in/input_Username'

2018-08-21 11:43:39 - [TEST_STEP][PASSED] - Statement - frame = new javax.swing.JFrame(User Input Frame): null

2018-08-21 11:43:39 - [TEST_STEP][PASSED] - Statement - frame.requestFocus(): null

2018-08-21 11:43:39 - [TEST_STEP][PASSED] - Statement - pass = javax.swing.JOptionPane.showInputDialog(frame, "Enter the password from token!!"): null

2018-08-21 11:43:46 - [TEST_STEP][PASSED] - delay: Delayed 2 second(s)

2018-08-21 11:43:48 - [MESSAGE][PASSED] - Delayed 2 second(s)

2018-08-21 11:43:48 - [TEST_STEP][PASSED] - setText: Text '885216' is set on object 'Object Repository/Page_mysdworx - Log in/input_Password'

2018-08-21 11:43:48 - [MESSAGE][PASSED] - Text '885216' is set on object 'Object Repository/Page_mysdworx - Log in/input_Password'

2018-08-21 11:43:48 - [TEST_STEP][PASSED] - click: Object: 'Object Repository/Page_mysdworx - Log in/button_Se connecter' is clicked on

2018-08-21 11:43:48 - [MESSAGE][PASSED] - Object: 'Object Repository/Page_mysdworx - Log in/button_Se connecter' is clicked on

2018-08-21 11:43:48 - [TEST_STEP][PASSED] - waitForPageLoad: Wait for page load successfully

2018-08-21 11:43:48 - [MESSAGE][PASSED] - Wait for page load successfully

2018-08-21 11:43:48 - [TEST_STEP][NOT_RUN] - closeBrowser: NOT_RUN: closeBrowser

2018-08-21 11:43:48 - [MESSAGE][NOT_RUN] - NOT_RUN: closeBrowser

2018-08-21 11:43:48 - [MESSAGE][PASSED] - Call Test Case 'Test Cases/Login/TC1 Login to Mysdworx' successfully

2018-08-21 11:43:48 - [TEST_STEP][PASSED] - waitForPageLoad: Wait for page load successfully

2018-08-21 11:43:48 - [MESSAGE][PASSED] - Wait for page load successfully

2018-08-21 11:43:48 - [TEST_STEP][PASSED] - callTestCase: Call Test Case 'Test Cases/Select Language/TC1 Verify NL language' successfully

2018-08-21 11:43:48 - [TEST_CASE][PASSED] - Test Cases/Select Language/TC1 Verify NL language: Test Cases/Select Language/TC1 Verify NL language

2018-08-21 11:43:48 - [TEST_STEP][PASSED] - waitForElementClickable: Object 'Object Repository/Change language link Obj/NL_language' is clickable

2018-08-21 11:44:10 - [MESSAGE][PASSED] - Object 'Object Repository/Change language link Obj/NL_language' is clickable

2018-08-21 11:44:10 - [TEST_STEP][PASSED] - click: Object: 'Object Repository/Change language link Obj/NL_language' is clicked on

2018-08-21 11:44:15 - [MESSAGE][PASSED] - Object: 'Object Repository/Change language link Obj/NL_language' is clicked on

2018-08-21 11:44:15 - [TEST_STEP][PASSED] - waitForPageLoad: Wait for page load successfully

2018-08-21 11:44:15 - [MESSAGE][PASSED] - Wait for page load successfully

2018-08-21 11:44:15 - [MESSAGE][PASSED] - Call Test Case 'Test Cases/Select Language/TC1 Verify NL language' successfully

2018-08-21 11:44:15 - [TEST_STEP][PASSED] - waitForPageLoad: Wait for page load successfully

2018-08-21 11:44:15 - [MESSAGE][PASSED] - Wait for page load successfully

2018-08-21 11:44:15 - [TEST_STEP][PASSED] - setText: Text 'REG EIGEN RUBRIEK' is set on object 'Object Repository/Mes rapports Obj/input search filter'

2018-08-21 11:44:18 - [MESSAGE][PASSED] - Text 'REG EIGEN RUBRIEK' is set on object 'Object Repository/Mes rapports Obj/input search filter'

2018-08-21 11:44:18 - [TEST_STEP][PASSED] - click: Object: 'Object Repository/Page_eBlox Reporting/Search_Icon' is clicked on

2018-08-21 11:44:18 - [MESSAGE][PASSED] - Object: 'Object Repository/Page_eBlox Reporting/Search_Icon' is clicked on

2018-08-21 11:44:18 - [TEST_STEP][PASSED] - Statement - myTestObject = new com.kms.katalon.core.testobject.TestObject(Select_report): null

2018-08-21 11:44:18 - [TEST_STEP][PASSED] - Statement - myTestObject.addProperty("xpath", EQUALS, "//span[@text='REG EIGEN RUBRIEK']"): null

2018-08-21 11:44:18 - [TEST_STEP][PASSED] - click: Object: 'Select_report' is clicked on

2018-08-21 11:44:19 - [MESSAGE][PASSED] - Object: 'Select_report' is clicked on

2018-08-21 11:44:19 - [TEST_STEP][PASSED] - delay: Delayed 2 second(s)

2018-08-21 11:44:21 - [MESSAGE][PASSED] - Delayed 2 second(s)

2018-08-21 11:44:21 - [TEST_STEP][PASSED] - waitForElementClickable: Object 'Object Repository/Mes rapports Obj/EXECUTION/Description _Date de reference historique' is clickable

2018-08-21 11:44:21 - [MESSAGE][PASSED] - Object 'Object Repository/Mes rapports Obj/EXECUTION/Description _Date de reference historique' is clickable

2018-08-21 11:44:21 - [TEST_STEP][PASSED] - click: Object: 'Object Repository/Mes rapports Obj/EXECUTION/Description _Date de reference historique' is clicked on

2018-08-21 11:44:21 - [MESSAGE][PASSED] - Object: 'Object Repository/Mes rapports Obj/EXECUTION/Description _Date de reference historique' is clicked on

2018-08-21 11:44:21 - [TEST_STEP][PASSED] - delay: Delayed 2 second(s)

2018-08-21 11:44:23 - [MESSAGE][PASSED] - Delayed 2 second(s)

2018-08-21 11:44:23 - [TEST_STEP][PASSED] - click: Object: 'Object Repository/Mes rapports Obj/EXECUTION/Description_Date de reference historique - Dernier jour mois precedent' is clicked on

2018-08-21 11:44:23 - [MESSAGE][PASSED] - Object: 'Object Repository/Mes rapports Obj/EXECUTION/Description_Date de reference historique - Dernier jour mois precedent' is clicked on

2018-08-21 11:44:23 - [TEST_STEP][PASSED] - click: Object: 'Object Repository/Mes rapports Obj/EXECUTION/Button executer' is clicked on

2018-08-21 11:44:23 - [MESSAGE][PASSED] - Object: 'Object Repository/Mes rapports Obj/EXECUTION/Button executer' is clicked on

2018-08-21 11:44:23 - [TEST_STEP][PASSED] - closeBrowser: Browser is closed

2018-08-21 11:44:24 - [MESSAGE][PASSED] - Browser is closed]]></system-out>
         <system-err><![CDATA[]]></system-err>
      </testcase>
      <testcase name="Test Cases/New Folder/TC4 BASED ON MY REPORTS" classname="Test Cases/New Folder/TC4 BASED ON MY REPORTS" status="FAILED">
         <failure type="FAILED" message="Unable to un-check object 'Object Repository/Mes rapports Obj/SELECTION/Contrats actifs checkBox' (Root cause: com.kms.katalon.core.webui.exception.WebElementNotFoundException: Web element with id: 'Object Repository/Mes rapports Obj/SELECTION/Contrats actifs checkBox' located by 'By.xpath: //*[@id=&quot;wizard-page&quot;]/div[2]/div/div/div/div/div[1]/div[2]/div/div/form/div/div/div[1]/div/span/label/input[count(. | //input[@type = 'checkbox' and @ng-show = 'fixedSelectie.actief' and @ng-model = 'fixedSelectie.criterium.actief' and @class = 'ng-pristine ng-untouched ng-valid']) = count(//input[@type = 'checkbox' and @ng-show = 'fixedSelectie.actief' and @ng-model = 'fixedSelectie.criterium.actief' and @class = 'ng-pristine ng-untouched ng-valid'])]' not found)"/>
         <system-out><![CDATA[2018-08-21 11:44:24 - [TEST_CASE][FAILED] - Test Cases/New Folder/TC4 BASED ON MY REPORTS: Test Cases/New Folder/TC4 BASED ON MY REPORTS FAILED because (of) Unable to un-check object 'Object Repository/Mes rapports Obj/SELECTION/Contrats actifs checkBox' (Root cause: com.kms.katalon.core.webui.exception.WebElementNotFoundException: Web element with id: 'Object Repository/Mes rapports Obj/SELECTION/Contrats actifs checkBox' located by 'By.xpath: //*[@id="wizard-page"]/div[2]/div/div/div/div/div[1]/div[2]/div/div/form/div/div/div[1]/div/span/label/input[count(. | //input[@type = 'checkbox' and @ng-show = 'fixedSelectie.actief' and @ng-model = 'fixedSelectie.criterium.actief' and @class = 'ng-pristine ng-untouched ng-valid']) = count(//input[@type = 'checkbox' and @ng-show = 'fixedSelectie.actief' and @ng-model = 'fixedSelectie.criterium.actief' and @class = 'ng-pristine ng-untouched ng-valid'])]' not found)

2018-08-21 11:44:24 - [TEST_STEP][PASSED] - callTestCase: Call Test Case 'Test Cases/Login/TC1 Login to Mysdworx' successfully

2018-08-21 11:44:24 - [TEST_CASE][PASSED] - Test Cases/Login/TC1 Login to Mysdworx: Test Cases/Login/TC1 Login to Mysdworx

2018-08-21 11:44:24 - [TEST_STEP][PASSED] - openBrowser: Browser is opened with url: ''

2018-08-21 11:44:26 - [MESSAGE][PASSED] - Browser is opened with url: ''

2018-08-21 11:44:26 - [TEST_STEP][PASSED] - navigateToUrl: Navigate to 'https://internet.acc.sd.dika.be/ebloxreporting/web.sensitive/main/?lang=fr' successfully

2018-08-21 11:44:31 - [MESSAGE][PASSED] - Navigate to 'https://internet.acc.sd.dika.be/ebloxreporting/web.sensitive/main/?lang=fr' successfully

2018-08-21 11:44:31 - [TEST_STEP][PASSED] - maximizeWindow: Current window maximized

2018-08-21 11:44:32 - [MESSAGE][PASSED] - Current window maximized

2018-08-21 11:44:32 - [TEST_STEP][PASSED] - setText: Text 'DP_EBLOX_RPP_VASCO' is set on object 'Object Repository/Page_mysdworx - Log in/input_Username'

2018-08-21 11:44:36 - [MESSAGE][PASSED] - Text 'DP_EBLOX_RPP_VASCO' is set on object 'Object Repository/Page_mysdworx - Log in/input_Username'

2018-08-21 11:44:36 - [TEST_STEP][PASSED] - Statement - frame = new javax.swing.JFrame(User Input Frame): null

2018-08-21 11:44:36 - [TEST_STEP][PASSED] - Statement - frame.requestFocus(): null

2018-08-21 11:44:36 - [TEST_STEP][PASSED] - Statement - pass = javax.swing.JOptionPane.showInputDialog(frame, "Enter the password from token!!"): null

2018-08-21 11:44:46 - [TEST_STEP][PASSED] - delay: Delayed 2 second(s)

2018-08-21 11:44:49 - [MESSAGE][PASSED] - Delayed 2 second(s)

2018-08-21 11:44:49 - [TEST_STEP][PASSED] - setText: Text '996062' is set on object 'Object Repository/Page_mysdworx - Log in/input_Password'

2018-08-21 11:44:49 - [MESSAGE][PASSED] - Text '996062' is set on object 'Object Repository/Page_mysdworx - Log in/input_Password'

2018-08-21 11:44:49 - [TEST_STEP][PASSED] - click: Object: 'Object Repository/Page_mysdworx - Log in/button_Se connecter' is clicked on

2018-08-21 11:44:49 - [MESSAGE][PASSED] - Object: 'Object Repository/Page_mysdworx - Log in/button_Se connecter' is clicked on

2018-08-21 11:44:49 - [TEST_STEP][PASSED] - waitForPageLoad: Wait for page load successfully

2018-08-21 11:44:49 - [MESSAGE][PASSED] - Wait for page load successfully

2018-08-21 11:44:49 - [TEST_STEP][NOT_RUN] - closeBrowser: NOT_RUN: closeBrowser

2018-08-21 11:44:49 - [MESSAGE][NOT_RUN] - NOT_RUN: closeBrowser

2018-08-21 11:44:49 - [MESSAGE][PASSED] - Call Test Case 'Test Cases/Login/TC1 Login to Mysdworx' successfully

2018-08-21 11:44:49 - [TEST_STEP][PASSED] - waitForPageLoad: Wait for page load successfully

2018-08-21 11:44:49 - [MESSAGE][PASSED] - Wait for page load successfully

2018-08-21 11:44:49 - [TEST_STEP][PASSED] - callTestCase: Call Test Case 'Test Cases/Select Language/TC1 Verify NL language' successfully

2018-08-21 11:44:49 - [TEST_CASE][PASSED] - Test Cases/Select Language/TC1 Verify NL language: Test Cases/Select Language/TC1 Verify NL language

2018-08-21 11:44:49 - [TEST_STEP][PASSED] - waitForElementClickable: Object 'Object Repository/Change language link Obj/NL_language' is clickable

2018-08-21 11:45:16 - [MESSAGE][PASSED] - Object 'Object Repository/Change language link Obj/NL_language' is clickable

2018-08-21 11:45:16 - [TEST_STEP][PASSED] - click: Object: 'Object Repository/Change language link Obj/NL_language' is clicked on

2018-08-21 11:45:21 - [MESSAGE][PASSED] - Object: 'Object Repository/Change language link Obj/NL_language' is clicked on

2018-08-21 11:45:21 - [TEST_STEP][PASSED] - waitForPageLoad: Wait for page load successfully

2018-08-21 11:45:21 - [MESSAGE][PASSED] - Wait for page load successfully

2018-08-21 11:45:21 - [MESSAGE][PASSED] - Call Test Case 'Test Cases/Select Language/TC1 Verify NL language' successfully

2018-08-21 11:45:21 - [TEST_STEP][PASSED] - waitForPageLoad: Wait for page load successfully

2018-08-21 11:45:21 - [MESSAGE][PASSED] - Wait for page load successfully

2018-08-21 11:45:21 - [TEST_STEP][PASSED] - callTestCase: Call Test Case 'Test Cases/Mes rapports/Verify Nouveau rapport button' successfully

2018-08-21 11:45:21 - [TEST_CASE][PASSED] - Test Cases/Mes rapports/Verify Nouveau rapport button: Test Cases/Mes rapports/Verify Nouveau rapport button

2018-08-21 11:45:21 - [TEST_STEP][PASSED] - click: Object: 'Object Repository/Mes rapports Obj/button_Nouveau rapport' is clicked on

2018-08-21 11:45:23 - [MESSAGE][PASSED] - Object: 'Object Repository/Mes rapports Obj/button_Nouveau rapport' is clicked on

2018-08-21 11:45:23 - [TEST_STEP][PASSED] - waitForPageLoad: Wait for page load successfully

2018-08-21 11:45:24 - [MESSAGE][PASSED] - Wait for page load successfully

2018-08-21 11:45:24 - [MESSAGE][PASSED] - Call Test Case 'Test Cases/Mes rapports/Verify Nouveau rapport button' successfully

2018-08-21 11:45:24 - [TEST_STEP][PASSED] - callTestCase: Call Test Case 'Test Cases/Mes rapports/Mes rapports - BASE DE RAPPORT/TC2  Verify radio button Baser sur un rapport issu de Mes rapports' successfully

2018-08-21 11:45:24 - [TEST_CASE][PASSED] - Test Cases/Mes rapports/Mes rapports - BASE DE RAPPORT/TC2  Verify radio button Baser sur un rapport issu de Mes rapports: Test Cases/Mes rapports/Mes rapports - BASE DE RAPPORT/TC2  Verify radio button Baser sur un rapport issu de Mes rapports

2018-08-21 11:45:24 - [TEST_STEP][PASSED] - click: Object: 'Object Repository/Mes rapports Obj/BASE DE RAPPORT/radioButton_Baser sur un rapport issu de Mes rapports' is clicked on

2018-08-21 11:45:24 - [MESSAGE][PASSED] - Object: 'Object Repository/Mes rapports Obj/BASE DE RAPPORT/radioButton_Baser sur un rapport issu de Mes rapports' is clicked on

2018-08-21 11:45:24 - [MESSAGE][PASSED] - Call Test Case 'Test Cases/Mes rapports/Mes rapports - BASE DE RAPPORT/TC2  Verify radio button Baser sur un rapport issu de Mes rapports' successfully

2018-08-21 11:45:24 - [TEST_STEP][PASSED] - click: Object: 'Object Repository/Mes rapports Obj/BASE DE RAPPORT/Baser sur un rapport issu de mes rapport dropdown' is clicked on

2018-08-21 11:45:25 - [MESSAGE][PASSED] - Object: 'Object Repository/Mes rapports Obj/BASE DE RAPPORT/Baser sur un rapport issu de mes rapport dropdown' is clicked on

2018-08-21 11:45:25 - [TEST_STEP][PASSED] - setText: Text 'TEST 2 MAU JAN 2018 (SANJIV)' is set on object 'Object Repository/Mes rapports Obj/BASE DE RAPPORT/Mes rapport input'

2018-08-21 11:45:25 - [MESSAGE][PASSED] - Text 'TEST 2 MAU JAN 2018 (SANJIV)' is set on object 'Object Repository/Mes rapports Obj/BASE DE RAPPORT/Mes rapport input'

2018-08-21 11:45:25 - [TEST_STEP][PASSED] - sendKeys: Keys 'ENTER + ' sent to object: 'Object Repository/Mes rapports Obj/BASE DE RAPPORT/Mes rapport input'

2018-08-21 11:45:25 - [MESSAGE][PASSED] - Keys 'ENTER + ' sent to object: 'Object Repository/Mes rapports Obj/BASE DE RAPPORT/Mes rapport input'

2018-08-21 11:45:25 - [TEST_STEP][PASSED] - callTestCase: Call Test Case 'Test Cases/Mes rapports/TC Verify the next button arrow' successfully

2018-08-21 11:45:25 - [TEST_CASE][PASSED] - Test Cases/Mes rapports/TC Verify the next button arrow: Test Cases/Mes rapports/TC Verify the next button arrow

2018-08-21 11:45:25 - [TEST_STEP][PASSED] - waitForElementClickable: Object 'Object Repository/Mes rapports Obj/button_Next_Arrow' is clickable

2018-08-21 11:45:25 - [MESSAGE][PASSED] - Object 'Object Repository/Mes rapports Obj/button_Next_Arrow' is clickable

2018-08-21 11:45:25 - [TEST_STEP][PASSED] - click: Object: 'Object Repository/Mes rapports Obj/button_Next_Arrow' is clicked on

2018-08-21 11:45:25 - [MESSAGE][PASSED] - Object: 'Object Repository/Mes rapports Obj/button_Next_Arrow' is clicked on

2018-08-21 11:45:25 - [TEST_STEP][PASSED] - delay: Delayed 5 second(s)

2018-08-21 11:45:30 - [MESSAGE][PASSED] - Delayed 5 second(s)

2018-08-21 11:45:30 - [MESSAGE][PASSED] - Call Test Case 'Test Cases/Mes rapports/TC Verify the next button arrow' successfully

2018-08-21 11:45:30 - [TEST_STEP][PASSED] - click: Object: 'Object Repository/Mes rapports Obj/CONTENU/Click on contenu' is clicked on

2018-08-21 11:45:47 - [MESSAGE][PASSED] - Object: 'Object Repository/Mes rapports Obj/CONTENU/Click on contenu' is clicked on

2018-08-21 11:45:47 - [TEST_STEP][PASSED] - click: Object: 'Object Repository/Mes rapports Obj/CONTENU/delete' is clicked on

2018-08-21 11:45:47 - [MESSAGE][PASSED] - Object: 'Object Repository/Mes rapports Obj/CONTENU/delete' is clicked on

2018-08-21 11:45:47 - [TEST_STEP][PASSED] - callTestCase: Call Test Case 'Test Cases/Verify URL/TC Verify Url' successfully

2018-08-21 11:45:47 - [TEST_CASE][PASSED] - Test Cases/Verify URL/TC Verify Url: Test Cases/Verify URL/TC Verify Url

2018-08-21 11:45:47 - [TEST_STEP][PASSED] - waitForPageLoad: Wait for page load successfully

2018-08-21 11:45:47 - [MESSAGE][PASSED] - Wait for page load successfully

2018-08-21 11:45:47 - [TEST_STEP][PASSED] - Statement - url = com.kms.katalon.core.webui.keyword.WebUiBuiltInKeywords.getUrl(): Current window's url is: 'https://internet.acc.sd.dika.be/ebloxreporting/web.sensitive/main/FpyDF/iIz9g8MffKNXfNyb1H/NL/#/definitie/wizard/extern/index/28146/inhoud'

2018-08-21 11:45:47 - [MESSAGE][PASSED] - Current window's url is: 'https://internet.acc.sd.dika.be/ebloxreporting/web.sensitive/main/FpyDF/iIz9g8MffKNXfNyb1H/NL/#/definitie/wizard/extern/index/28146/inhoud'

2018-08-21 11:45:47 - [TEST_STEP][PASSED] - Statement - p = java.util.regex.Pattern.compile("00040 ANTILOPE GROEP"): null

2018-08-21 11:45:47 - [TEST_STEP][PASSED] - Statement - m = p.matcher(url): null

2018-08-21 11:45:47 - [TEST_STEP][PASSED] - Statement - If (m.find()): null

2018-08-21 11:45:47 - [TEST_STEP][PASSED] - Statement - Else: The user name and the concern number are not present in the URL

2018-08-21 11:45:47 - [TEST_STEP][PASSED] - Statement - com.kms.katalon.core.util.KeywordUtil.markPassed("The user name and the concern number are not present in the URL"): The user name and the concern number are not present in the URL

2018-08-21 11:45:47 - [MESSAGE][PASSED] - The user name and the concern number are not present in the URL

2018-08-21 11:45:47 - [MESSAGE][PASSED] - Call Test Case 'Test Cases/Verify URL/TC Verify Url' successfully

2018-08-21 11:45:47 - [TEST_STEP][PASSED] - callTestCase: Call Test Case 'Test Cases/Mes rapports/TC Verify the next button arrow' successfully

2018-08-21 11:45:47 - [TEST_CASE][PASSED] - Test Cases/Mes rapports/TC Verify the next button arrow: Test Cases/Mes rapports/TC Verify the next button arrow

2018-08-21 11:45:47 - [TEST_STEP][PASSED] - waitForElementClickable: Object 'Object Repository/Mes rapports Obj/button_Next_Arrow' is clickable

2018-08-21 11:45:48 - [MESSAGE][PASSED] - Object 'Object Repository/Mes rapports Obj/button_Next_Arrow' is clickable

2018-08-21 11:45:48 - [TEST_STEP][PASSED] - click: Object: 'Object Repository/Mes rapports Obj/button_Next_Arrow' is clicked on

2018-08-21 11:45:48 - [MESSAGE][PASSED] - Object: 'Object Repository/Mes rapports Obj/button_Next_Arrow' is clicked on

2018-08-21 11:45:48 - [TEST_STEP][PASSED] - delay: Delayed 5 second(s)

2018-08-21 11:45:53 - [MESSAGE][PASSED] - Delayed 5 second(s)

2018-08-21 11:45:53 - [MESSAGE][PASSED] - Call Test Case 'Test Cases/Mes rapports/TC Verify the next button arrow' successfully

2018-08-21 11:45:53 - [TEST_STEP][PASSED] - waitForPageLoad: Wait for page load successfully

2018-08-21 11:45:53 - [MESSAGE][PASSED] - Wait for page load successfully

2018-08-21 11:45:53 - [TEST_STEP][FAILED] - callTestCase: Unable to call Test Case with id 'Test Cases/Mes rapports/Mes rapports - SELECTION/Verify if checkbox is unchecked/TC 1 Verify Contrats actifs checkbox  is un-checked' (Root cause: Call Test Case 'Test Cases/Mes rapports/Mes rapports - SELECTION/Verify if checkbox is unchecked/TC 1 Verify Contrats actifs checkbox  is un-checked' failed)

2018-08-21 11:45:53 - [TEST_CASE][FAILED] - Test Cases/Mes rapports/Mes rapports - SELECTION/Verify if checkbox is unchecked/TC 1 Verify Contrats actifs checkbox  is un-checked: Test Cases/Mes rapports/Mes rapports - SELECTION/Verify if checkbox is unchecked/TC 1 Verify Contrats actifs checkbox  is un-checked FAILED because (of) Unable to un-check object 'Object Repository/Mes rapports Obj/SELECTION/Contrats actifs checkBox' (Root cause: com.kms.katalon.core.webui.exception.WebElementNotFoundException: Web element with id: 'Object Repository/Mes rapports Obj/SELECTION/Contrats actifs checkBox' located by 'By.xpath: //*[@id="wizard-page"]/div[2]/div/div/div/div/div[1]/div[2]/div/div/form/div/div/div[1]/div/span/label/input[count(. | //input[@type = 'checkbox' and @ng-show = 'fixedSelectie.actief' and @ng-model = 'fixedSelectie.criterium.actief' and @class = 'ng-pristine ng-untouched ng-valid']) = count(//input[@type = 'checkbox' and @ng-show = 'fixedSelectie.actief' and @ng-model = 'fixedSelectie.criterium.actief' and @class = 'ng-pristine ng-untouched ng-valid'])]' not found)

2018-08-21 11:45:53 - [TEST_STEP][FAILED] - uncheck: Unable to un-check object 'Object Repository/Mes rapports Obj/SELECTION/Contrats actifs checkBox' (Root cause: com.kms.katalon.core.webui.exception.WebElementNotFoundException: Web element with id: 'Object Repository/Mes rapports Obj/SELECTION/Contrats actifs checkBox' located by 'By.xpath: //*[@id="wizard-page"]/div[2]/div/div/div/div/div[1]/div[2]/div/div/form/div/div/div[1]/div/span/label/input[count(. | //input[@type = 'checkbox' and @ng-show = 'fixedSelectie.actief' and @ng-model = 'fixedSelectie.criterium.actief' and @class = 'ng-pristine ng-untouched ng-valid']) = count(//input[@type = 'checkbox' and @ng-show = 'fixedSelectie.actief' and @ng-model = 'fixedSelectie.criterium.actief' and @class = 'ng-pristine ng-untouched ng-valid'])]' not found)

2018-08-21 11:46:24 - [MESSAGE][FAILED] - Unable to un-check object 'Object Repository/Mes rapports Obj/SELECTION/Contrats actifs checkBox' (Root cause: com.kms.katalon.core.webui.exception.WebElementNotFoundException: Web element with id: 'Object Repository/Mes rapports Obj/SELECTION/Contrats actifs checkBox' located by 'By.xpath: //*[@id="wizard-page"]/div[2]/div/div/div/div/div[1]/div[2]/div/div/form/div/div/div[1]/div/span/label/input[count(. | //input[@type = 'checkbox' and @ng-show = 'fixedSelectie.actief' and @ng-model = 'fixedSelectie.criterium.actief' and @class = 'ng-pristine ng-untouched ng-valid']) = count(//input[@type = 'checkbox' and @ng-show = 'fixedSelectie.actief' and @ng-model = 'fixedSelectie.criterium.actief' and @class = 'ng-pristine ng-untouched ng-valid'])]' not found)
[[ATTACHMENT|C:\\Users\\seeboruts\\OneDrive - SD Worx\\Desktop\\Katalon_eBlox_Reporting\\Reports\\testing\\Demo\\20180821_113728\\1534837584630.png]]

2018-08-21 11:46:24 - [MESSAGE][FAILED] - Unable to call Test Case with id 'Test Cases/Mes rapports/Mes rapports - SELECTION/Verify if checkbox is unchecked/TC 1 Verify Contrats actifs checkbox  is un-checked' (Root cause: Call Test Case 'Test Cases/Mes rapports/Mes rapports - SELECTION/Verify if checkbox is unchecked/TC 1 Verify Contrats actifs checkbox  is un-checked' failed)]]></system-out>
         <system-err><![CDATA[2018-08-21 11:44:24 - [TEST_CASE][FAILED] - Test Cases/New Folder/TC4 BASED ON MY REPORTS: Test Cases/New Folder/TC4 BASED ON MY REPORTS FAILED because (of) Unable to un-check object 'Object Repository/Mes rapports Obj/SELECTION/Contrats actifs checkBox' (Root cause: com.kms.katalon.core.webui.exception.WebElementNotFoundException: Web element with id: 'Object Repository/Mes rapports Obj/SELECTION/Contrats actifs checkBox' located by 'By.xpath: //*[@id="wizard-page"]/div[2]/div/div/div/div/div[1]/div[2]/div/div/form/div/div/div[1]/div/span/label/input[count(. | //input[@type = 'checkbox' and @ng-show = 'fixedSelectie.actief' and @ng-model = 'fixedSelectie.criterium.actief' and @class = 'ng-pristine ng-untouched ng-valid']) = count(//input[@type = 'checkbox' and @ng-show = 'fixedSelectie.actief' and @ng-model = 'fixedSelectie.criterium.actief' and @class = 'ng-pristine ng-untouched ng-valid'])]' not found)]]></system-err>
      </testcase>
      <testcase name="Test Cases/New Folder/TC17 ARGUMENT AGE" classname="Test Cases/New Folder/TC17 ARGUMENT AGE" status="PASSED">
         <system-out><![CDATA[2018-08-21 11:46:24 - [TEST_CASE][PASSED] - Test Cases/New Folder/TC17 ARGUMENT AGE: Test Cases/New Folder/TC17 ARGUMENT AGE

2018-08-21 11:46:25 - [TEST_STEP][PASSED] - callTestCase: Call Test Case 'Test Cases/Login/TC1 Login to Mysdworx' successfully

2018-08-21 11:46:25 - [TEST_CASE][PASSED] - Test Cases/Login/TC1 Login to Mysdworx: Test Cases/Login/TC1 Login to Mysdworx

2018-08-21 11:46:25 - [TEST_STEP][PASSED] - openBrowser: Browser is opened with url: ''

2018-08-21 11:46:25 - [MESSAGE][WARNING] - A browser is already opened. Closing browser and opening a new one

2018-08-21 11:46:27 - [MESSAGE][PASSED] - Browser is opened with url: ''

2018-08-21 11:46:27 - [TEST_STEP][PASSED] - navigateToUrl: Navigate to 'https://internet.acc.sd.dika.be/ebloxreporting/web.sensitive/main/?lang=fr' successfully

2018-08-21 11:46:32 - [MESSAGE][PASSED] - Navigate to 'https://internet.acc.sd.dika.be/ebloxreporting/web.sensitive/main/?lang=fr' successfully

2018-08-21 11:46:32 - [TEST_STEP][PASSED] - maximizeWindow: Current window maximized

2018-08-21 11:46:34 - [MESSAGE][PASSED] - Current window maximized

2018-08-21 11:46:34 - [TEST_STEP][PASSED] - setText: Text 'DP_EBLOX_RPP_VASCO' is set on object 'Object Repository/Page_mysdworx - Log in/input_Username'

2018-08-21 11:46:38 - [MESSAGE][PASSED] - Text 'DP_EBLOX_RPP_VASCO' is set on object 'Object Repository/Page_mysdworx - Log in/input_Username'

2018-08-21 11:46:38 - [TEST_STEP][PASSED] - Statement - frame = new javax.swing.JFrame(User Input Frame): null

2018-08-21 11:46:38 - [TEST_STEP][PASSED] - Statement - frame.requestFocus(): null

2018-08-21 11:46:38 - [TEST_STEP][PASSED] - Statement - pass = javax.swing.JOptionPane.showInputDialog(frame, "Enter the password from token!!"): null

2018-08-21 11:46:40 - [TEST_STEP][PASSED] - delay: Delayed 2 second(s)

2018-08-21 11:46:42 - [MESSAGE][PASSED] - Delayed 2 second(s)

2018-08-21 11:46:42 - [TEST_STEP][PASSED] - setText: Text '184105' is set on object 'Object Repository/Page_mysdworx - Log in/input_Password'

2018-08-21 11:46:42 - [MESSAGE][PASSED] - Text '184105' is set on object 'Object Repository/Page_mysdworx - Log in/input_Password'

2018-08-21 11:46:42 - [TEST_STEP][PASSED] - click: Object: 'Object Repository/Page_mysdworx - Log in/button_Se connecter' is clicked on

2018-08-21 11:46:42 - [MESSAGE][PASSED] - Object: 'Object Repository/Page_mysdworx - Log in/button_Se connecter' is clicked on

2018-08-21 11:46:42 - [TEST_STEP][PASSED] - waitForPageLoad: Wait for page load successfully

2018-08-21 11:46:42 - [MESSAGE][PASSED] - Wait for page load successfully

2018-08-21 11:46:42 - [TEST_STEP][NOT_RUN] - closeBrowser: NOT_RUN: closeBrowser

2018-08-21 11:46:42 - [MESSAGE][NOT_RUN] - NOT_RUN: closeBrowser

2018-08-21 11:46:42 - [MESSAGE][PASSED] - Call Test Case 'Test Cases/Login/TC1 Login to Mysdworx' successfully

2018-08-21 11:46:42 - [TEST_STEP][PASSED] - waitForPageLoad: Wait for page load successfully

2018-08-21 11:46:42 - [MESSAGE][PASSED] - Wait for page load successfully

2018-08-21 11:46:42 - [TEST_STEP][PASSED] - callTestCase: Call Test Case 'Test Cases/Select Language/TC1 Verify NL language' successfully

2018-08-21 11:46:42 - [TEST_CASE][PASSED] - Test Cases/Select Language/TC1 Verify NL language: Test Cases/Select Language/TC1 Verify NL language

2018-08-21 11:46:42 - [TEST_STEP][PASSED] - waitForElementClickable: Object 'Object Repository/Change language link Obj/NL_language' is clickable

2018-08-21 11:47:12 - [MESSAGE][PASSED] - Object 'Object Repository/Change language link Obj/NL_language' is clickable

2018-08-21 11:47:12 - [TEST_STEP][PASSED] - click: Object: 'Object Repository/Change language link Obj/NL_language' is clicked on

2018-08-21 11:47:17 - [MESSAGE][PASSED] - Object: 'Object Repository/Change language link Obj/NL_language' is clicked on

2018-08-21 11:47:17 - [TEST_STEP][PASSED] - waitForPageLoad: Wait for page load successfully

2018-08-21 11:47:17 - [MESSAGE][PASSED] - Wait for page load successfully

2018-08-21 11:47:17 - [MESSAGE][PASSED] - Call Test Case 'Test Cases/Select Language/TC1 Verify NL language' successfully

2018-08-21 11:47:17 - [TEST_STEP][PASSED] - callTestCase: Call Test Case 'Test Cases/Mes rapports/Main Page/TC Verify Mes rapports tab' successfully

2018-08-21 11:47:17 - [TEST_CASE][PASSED] - Test Cases/Mes rapports/Main Page/TC Verify Mes rapports tab: Test Cases/Mes rapports/Main Page/TC Verify Mes rapports tab

2018-08-21 11:47:17 - [TEST_STEP][PASSED] - click: Object: 'Object Repository/Mes rapports Obj/Mes rapports_tab' is clicked on

2018-08-21 11:47:17 - [MESSAGE][PASSED] - Object: 'Object Repository/Mes rapports Obj/Mes rapports_tab' is clicked on

2018-08-21 11:47:17 - [MESSAGE][PASSED] - Call Test Case 'Test Cases/Mes rapports/Main Page/TC Verify Mes rapports tab' successfully

2018-08-21 11:47:17 - [TEST_STEP][PASSED] - setText: Text 'REG ARGUMENT LEEFTIJD' is set on object 'Object Repository/Mes rapports Obj/input search filter'

2018-08-21 11:47:20 - [MESSAGE][PASSED] - Text 'REG ARGUMENT LEEFTIJD' is set on object 'Object Repository/Mes rapports Obj/input search filter'

2018-08-21 11:47:20 - [TEST_STEP][PASSED] - click: Object: 'Object Repository/Page_eBlox Reporting/Search_Icon' is clicked on

2018-08-21 11:47:20 - [MESSAGE][PASSED] - Object: 'Object Repository/Page_eBlox Reporting/Search_Icon' is clicked on

2018-08-21 11:47:20 - [TEST_STEP][PASSED] - Statement - myTestObject = new com.kms.katalon.core.testobject.TestObject(Select_report): null

2018-08-21 11:47:20 - [TEST_STEP][PASSED] - Statement - myTestObject.addProperty("xpath", EQUALS, "//a[@class='hide-on-hover']//span[@text='REG LEEFTIJD ARGUMENT']"): null

2018-08-21 11:47:20 - [TEST_STEP][PASSED] - click: Object: 'Select_report' is clicked on

2018-08-21 11:47:20 - [MESSAGE][PASSED] - Object: 'Select_report' is clicked on

2018-08-21 11:47:20 - [TEST_STEP][PASSED] - delay: Delayed 2 second(s)

2018-08-21 11:47:22 - [MESSAGE][PASSED] - Delayed 2 second(s)

2018-08-21 11:47:22 - [TEST_STEP][PASSED] - waitForElementClickable: Object 'Object Repository/Mes rapports Obj/EXECUTION/Description _Date de reference historique' is clickable

2018-08-21 11:47:22 - [MESSAGE][PASSED] - Object 'Object Repository/Mes rapports Obj/EXECUTION/Description _Date de reference historique' is clickable

2018-08-21 11:47:22 - [TEST_STEP][PASSED] - click: Object: 'Object Repository/Mes rapports Obj/EXECUTION/Description _Date de reference historique' is clicked on

2018-08-21 11:47:23 - [MESSAGE][PASSED] - Object: 'Object Repository/Mes rapports Obj/EXECUTION/Description _Date de reference historique' is clicked on

2018-08-21 11:47:23 - [TEST_STEP][PASSED] - delay: Delayed 2 second(s)

2018-08-21 11:47:25 - [MESSAGE][PASSED] - Delayed 2 second(s)

2018-08-21 11:47:25 - [TEST_STEP][PASSED] - click: Object: 'Object Repository/Mes rapports Obj/EXECUTION/Aujourdhui - Vandaag' is clicked on

2018-08-21 11:47:25 - [MESSAGE][PASSED] - Object: 'Object Repository/Mes rapports Obj/EXECUTION/Aujourdhui - Vandaag' is clicked on

2018-08-21 11:47:25 - [TEST_STEP][PASSED] - click: Object: 'Object Repository/Mes rapports Obj/EXECUTION/Button executer' is clicked on

2018-08-21 11:47:25 - [MESSAGE][PASSED] - Object: 'Object Repository/Mes rapports Obj/EXECUTION/Button executer' is clicked on

2018-08-21 11:47:25 - [TEST_STEP][PASSED] - waitForPageLoad: Wait for page load successfully

2018-08-21 11:47:25 - [MESSAGE][PASSED] - Wait for page load successfully

2018-08-21 11:47:25 - [TEST_STEP][PASSED] - closeBrowser: Browser is closed

2018-08-21 11:47:25 - [MESSAGE][PASSED] - Browser is closed]]></system-out>
         <system-err><![CDATA[]]></system-err>
      </testcase>
      <system-out><![CDATA[2018-08-21 11:37:31 - [TEST_SUITE][FAILED] - Demo: Test Cases/New Folder/TC13 DIVIDED BY 0 FAILED because (of) Unable to click on object 'Object Repository/Mes rapports Obj/EXECUTION/Ref historic - DOB' (Root cause: org.openqa.selenium.StaleElementReferenceException: stale element reference: element is not attached to the page document
  (Session info: chrome=68.0.3440.106)
  (Driver info: chromedriver=2.35.528161 (5b82f2d2aae0ca24b877009200ced9065a772e73),platform=Windows NT 10.0.16299 x86_64) (WARNING: The server did not provide any stacktrace information)
Command duration or timeout: 0 milliseconds
For documentation on this error, please visit: http://seleniumhq.org/exceptions/stale_element_reference.html
Build info: version: '3.7.1', revision: '8a0099a', time: '2017-11-06T21:07:36.161Z'
System info: host: '5CG7062KWD', ip: '10.136.82.137', os.name: 'Windows 10', os.arch: 'amd64', os.version: '10.0', java.version: '1.8.0_181'
Driver info: com.kms.katalon.selenium.driver.CChromeDriver
Capabilities {acceptInsecureCerts: false, acceptSslCerts: false, applicationCacheEnabled: false, browserConnectionEnabled: false, browserName: chrome, chrome: {chromedriverVersion: 2.35.528161 (5b82f2d2aae0ca..., userDataDir: C:\Users\SEEBOR~1\AppData\L...}, cssSelectorsEnabled: true, databaseEnabled: false, handlesAlerts: true, hasTouchScreen: false, javascriptEnabled: true, locationContextEnabled: true, mobileEmulationEnabled: false, nativeEvents: true, networkConnectionEnabled: false, pageLoadStrategy: normal, platform: XP, platformName: XP, rotatable: false, setWindowRect: true, takesHeapSnapshot: true, takesScreenshot: true, unexpectedAlertBehaviour: , unhandledPromptBehavior: , version: 68.0.3440.106, webStorageEnabled: true}
Session ID: 9713b010909b568d42ead818bd681f22)]]></system-out>
      <system-err><![CDATA[2018-08-21 11:37:31 - [TEST_SUITE][FAILED] - Demo: Test Cases/New Folder/TC13 DIVIDED BY 0 FAILED because (of) Unable to click on object 'Object Repository/Mes rapports Obj/EXECUTION/Ref historic - DOB' (Root cause: org.openqa.selenium.StaleElementReferenceException: stale element reference: element is not attached to the page document
  (Session info: chrome=68.0.3440.106)
  (Driver info: chromedriver=2.35.528161 (5b82f2d2aae0ca24b877009200ced9065a772e73),platform=Windows NT 10.0.16299 x86_64) (WARNING: The server did not provide any stacktrace information)
Command duration or timeout: 0 milliseconds
For documentation on this error, please visit: http://seleniumhq.org/exceptions/stale_element_reference.html
Build info: version: '3.7.1', revision: '8a0099a', time: '2017-11-06T21:07:36.161Z'
System info: host: '5CG7062KWD', ip: '10.136.82.137', os.name: 'Windows 10', os.arch: 'amd64', os.version: '10.0', java.version: '1.8.0_181'
Driver info: com.kms.katalon.selenium.driver.CChromeDriver
Capabilities {acceptInsecureCerts: false, acceptSslCerts: false, applicationCacheEnabled: false, browserConnectionEnabled: false, browserName: chrome, chrome: {chromedriverVersion: 2.35.528161 (5b82f2d2aae0ca..., userDataDir: C:\Users\SEEBOR~1\AppData\L...}, cssSelectorsEnabled: true, databaseEnabled: false, handlesAlerts: true, hasTouchScreen: false, javascriptEnabled: true, locationContextEnabled: true, mobileEmulationEnabled: false, nativeEvents: true, networkConnectionEnabled: false, pageLoadStrategy: normal, platform: XP, platformName: XP, rotatable: false, setWindowRect: true, takesHeapSnapshot: true, takesScreenshot: true, unexpectedAlertBehaviour: , unhandledPromptBehavior: , version: 68.0.3440.106, webStorageEnabled: true}
Session ID: 9713b010909b568d42ead818bd681f22)]]></system-err>
   </testsuite>
</testsuites>
