<?xml version="1.0" encoding="UTF-8"?>
<testsuites name="Demo" time="1861" tests="6" failures="2" errors="0">
   <testsuite name="Demo" tests="6" failures="2" errors="0" time="1861" timestamp="2018-08-21 15:24:59" hostname="SEEBORUTS - 5CG7062KWD.SD.DIKA.BE" id="Test Suites/testing/Demo">
      <properties>
         <property name="deviceName" value=""/>
         <property name="devicePlatform" value=""/>
         <property name="logFolder" value="C:\\Users\\seeboruts\\OneDrive - SD Worx\\Desktop\\Katalon_eBlox_Reporting\\Reports\\testing\\Demo\\20180821_152456"/>
         <property name="logFiles" value="C:\\Users\\seeboruts\\OneDrive - SD Worx\\Desktop\\Katalon_eBlox_Reporting\\Reports\\testing\\Demo\\20180821_152456\\execution0.log"/>
         <property name="attachments" value="C:\\Users\\seeboruts\\OneDrive - SD Worx\\Desktop\\Katalon_eBlox_Reporting\\Reports\\testing\\Demo\\20180821_152456\\1534851138156.png, C:\\Users\\seeboruts\\OneDrive - SD Worx\\Desktop\\Katalon_eBlox_Reporting\\Reports\\testing\\Demo\\20180821_152456\\1534852560356.png"/>
         <property name="hostName" value="SEEBORUTS - 5CG7062KWD.SD.DIKA.BE"/>
         <property name="os" value="Windows 10 64bit"/>
         <property name="katalonVersion" value="5.6.0.1"/>
         <property name="browser" value="Chrome 68.0.3440.106"/>
         <property name="hostAddress" value="10.136.82.137"/>
         <property name="sessionId" value="d407f218d83ec761c447eceb85999bf4"/>
         <property name="seleniumVersion" value="3.7.1"/>
         <property name="proxyInformation" value="ProxyInformation{proxyOption=NO_PROXY, proxyServerType=HTTP, password=, proxyServerAddress=, proxyServerPort=0}"/>
         <property name="platform" value="Windows 10"/>
      </properties>
      <testcase name="Test Cases/New Folder/TC1 LANGUAGE" classname="Test Cases/New Folder/TC1 LANGUAGE" status="PASSED">
         <system-out><![CDATA[2018-08-21 15:25:00 - [TEST_CASE][PASSED] - Test Cases/New Folder/TC1 LANGUAGE: Test Cases/New Folder/TC1 LANGUAGE

2018-08-21 15:25:00 - [TEST_STEP][PASSED] - callTestCase: Call Test Case 'Test Cases/Login/TC1 Login to Mysdworx' successfully

2018-08-21 15:25:00 - [TEST_CASE][PASSED] - Test Cases/Login/TC1 Login to Mysdworx: Test Cases/Login/TC1 Login to Mysdworx

2018-08-21 15:25:00 - [TEST_STEP][PASSED] - openBrowser: Browser is opened with url: ''

2018-08-21 15:25:04 - [MESSAGE][PASSED] - Browser is opened with url: ''

2018-08-21 15:25:04 - [TEST_STEP][PASSED] - navigateToUrl: Navigate to 'https://internet.acc.sd.dika.be/ebloxreporting/web.sensitive/main/?lang=fr' successfully

2018-08-21 15:25:09 - [MESSAGE][PASSED] - Navigate to 'https://internet.acc.sd.dika.be/ebloxreporting/web.sensitive/main/?lang=fr' successfully

2018-08-21 15:25:09 - [TEST_STEP][PASSED] - maximizeWindow: Current window maximized

2018-08-21 15:25:10 - [MESSAGE][PASSED] - Current window maximized

2018-08-21 15:25:10 - [TEST_STEP][PASSED] - setText: Text 'DP_EBLOX_RPP_VASCO' is set on object 'Object Repository/Page_mysdworx - Log in/input_Username'

2018-08-21 15:25:14 - [MESSAGE][PASSED] - Text 'DP_EBLOX_RPP_VASCO' is set on object 'Object Repository/Page_mysdworx - Log in/input_Username'

2018-08-21 15:25:14 - [TEST_STEP][PASSED] - Statement - frame = new javax.swing.JFrame(User Input Frame): null

2018-08-21 15:25:14 - [TEST_STEP][PASSED] - Statement - frame.requestFocus(): null

2018-08-21 15:25:14 - [TEST_STEP][PASSED] - Statement - pass = javax.swing.JOptionPane.showInputDialog(frame, "Enter the password from token!!"): null

2018-08-21 15:25:25 - [TEST_STEP][PASSED] - delay: Delayed 2 second(s)

2018-08-21 15:25:27 - [MESSAGE][PASSED] - Delayed 2 second(s)

2018-08-21 15:25:27 - [TEST_STEP][PASSED] - setText: Text '603988' is set on object 'Object Repository/Page_mysdworx - Log in/input_Password'

2018-08-21 15:25:27 - [MESSAGE][PASSED] - Text '603988' is set on object 'Object Repository/Page_mysdworx - Log in/input_Password'

2018-08-21 15:25:27 - [TEST_STEP][PASSED] - click: Object: 'Object Repository/Page_mysdworx - Log in/button_Se connecter' is clicked on

2018-08-21 15:25:27 - [MESSAGE][PASSED] - Object: 'Object Repository/Page_mysdworx - Log in/button_Se connecter' is clicked on

2018-08-21 15:25:27 - [TEST_STEP][PASSED] - waitForPageLoad: Wait for page load successfully

2018-08-21 15:25:27 - [MESSAGE][PASSED] - Wait for page load successfully

2018-08-21 15:25:27 - [TEST_STEP][NOT_RUN] - closeBrowser: NOT_RUN: closeBrowser

2018-08-21 15:25:27 - [MESSAGE][NOT_RUN] - NOT_RUN: closeBrowser

2018-08-21 15:25:27 - [MESSAGE][PASSED] - Call Test Case 'Test Cases/Login/TC1 Login to Mysdworx' successfully

2018-08-21 15:25:27 - [TEST_STEP][PASSED] - waitForPageLoad: Wait for page load successfully

2018-08-21 15:25:27 - [MESSAGE][PASSED] - Wait for page load successfully

2018-08-21 15:25:27 - [TEST_STEP][PASSED] - callTestCase: Call Test Case 'Test Cases/Select Language/TC1 Verify NL language' successfully

2018-08-21 15:25:27 - [TEST_CASE][PASSED] - Test Cases/Select Language/TC1 Verify NL language: Test Cases/Select Language/TC1 Verify NL language

2018-08-21 15:25:27 - [TEST_STEP][PASSED] - waitForElementClickable: Object 'Object Repository/Change language link Obj/NL_language' is clickable

2018-08-21 15:25:49 - [MESSAGE][PASSED] - Object 'Object Repository/Change language link Obj/NL_language' is clickable

2018-08-21 15:25:49 - [TEST_STEP][PASSED] - click: Object: 'Object Repository/Change language link Obj/NL_language' is clicked on

2018-08-21 15:25:54 - [MESSAGE][PASSED] - Object: 'Object Repository/Change language link Obj/NL_language' is clicked on

2018-08-21 15:25:54 - [TEST_STEP][PASSED] - waitForPageLoad: Wait for page load successfully

2018-08-21 15:25:54 - [MESSAGE][PASSED] - Wait for page load successfully

2018-08-21 15:25:54 - [MESSAGE][PASSED] - Call Test Case 'Test Cases/Select Language/TC1 Verify NL language' successfully

2018-08-21 15:25:54 - [TEST_STEP][PASSED] - waitForPageLoad: Wait for page load successfully

2018-08-21 15:25:54 - [MESSAGE][PASSED] - Wait for page load successfully

2018-08-21 15:25:54 - [TEST_STEP][PASSED] - callTestCase: Call Test Case 'Test Cases/Mes rapports/Main Page/TC Verify Mes rapports tab' successfully

2018-08-21 15:25:54 - [TEST_CASE][PASSED] - Test Cases/Mes rapports/Main Page/TC Verify Mes rapports tab: Test Cases/Mes rapports/Main Page/TC Verify Mes rapports tab

2018-08-21 15:25:54 - [TEST_STEP][PASSED] - click: Object: 'Object Repository/Mes rapports Obj/Mes rapports_tab' is clicked on

2018-08-21 15:25:55 - [MESSAGE][PASSED] - Object: 'Object Repository/Mes rapports Obj/Mes rapports_tab' is clicked on

2018-08-21 15:25:55 - [MESSAGE][PASSED] - Call Test Case 'Test Cases/Mes rapports/Main Page/TC Verify Mes rapports tab' successfully

2018-08-21 15:25:55 - [TEST_STEP][PASSED] - waitForPageLoad: Wait for page load successfully

2018-08-21 15:25:55 - [MESSAGE][PASSED] - Wait for page load successfully

2018-08-21 15:25:55 - [TEST_STEP][PASSED] - callTestCase: Call Test Case 'Test Cases/Mes rapports/Main Page/TC Verify Deployer function' successfully

2018-08-21 15:25:55 - [TEST_CASE][PASSED] - Test Cases/Mes rapports/Main Page/TC Verify Deployer function: Test Cases/Mes rapports/Main Page/TC Verify Deployer function

2018-08-21 15:25:55 - [TEST_STEP][PASSED] - waitForPageLoad: Wait for page load successfully

2018-08-21 15:25:55 - [MESSAGE][PASSED] - Wait for page load successfully

2018-08-21 15:25:55 - [TEST_STEP][PASSED] - waitForElementClickable: Object 'Object Repository/Mes rapports Obj/button_setting_dropdown' is clickable

2018-08-21 15:25:57 - [MESSAGE][PASSED] - Object 'Object Repository/Mes rapports Obj/button_setting_dropdown' is clickable

2018-08-21 15:25:57 - [TEST_STEP][PASSED] - click: Object: 'Object Repository/Mes rapports Obj/button_setting_dropdown' is clicked on

2018-08-21 15:25:57 - [MESSAGE][PASSED] - Object: 'Object Repository/Mes rapports Obj/button_setting_dropdown' is clicked on

2018-08-21 15:25:57 - [TEST_STEP][PASSED] - click: Object: 'Object Repository/Mes rapports Obj/a_Dployer tout' is clicked on

2018-08-21 15:26:00 - [MESSAGE][PASSED] - Object: 'Object Repository/Mes rapports Obj/a_Dployer tout' is clicked on

2018-08-21 15:26:00 - [MESSAGE][PASSED] - Call Test Case 'Test Cases/Mes rapports/Main Page/TC Verify Deployer function' successfully

2018-08-21 15:26:00 - [TEST_STEP][PASSED] - waitForPageLoad: Wait for page load successfully

2018-08-21 15:26:00 - [MESSAGE][PASSED] - Wait for page load successfully

2018-08-21 15:26:00 - [TEST_STEP][PASSED] - callTestCase: Call Test Case 'Test Cases/Mes rapports/Main Page/TC Verify Masquer function' successfully

2018-08-21 15:26:00 - [TEST_CASE][PASSED] - Test Cases/Mes rapports/Main Page/TC Verify Masquer function: Test Cases/Mes rapports/Main Page/TC Verify Masquer function

2018-08-21 15:26:01 - [TEST_STEP][PASSED] - click: Object: 'Object Repository/Mes rapports Obj/button_setting_dropdown' is clicked on

2018-08-21 15:26:01 - [MESSAGE][PASSED] - Object: 'Object Repository/Mes rapports Obj/button_setting_dropdown' is clicked on

2018-08-21 15:26:01 - [TEST_STEP][PASSED] - click: Object: 'Object Repository/Mes rapports Obj/a_Masquer tout' is clicked on

2018-08-21 15:26:01 - [MESSAGE][PASSED] - Object: 'Object Repository/Mes rapports Obj/a_Masquer tout' is clicked on

2018-08-21 15:26:01 - [MESSAGE][PASSED] - Call Test Case 'Test Cases/Mes rapports/Main Page/TC Verify Masquer function' successfully

2018-08-21 15:26:01 - [TEST_STEP][PASSED] - callTestCase: Call Test Case 'Test Cases/Mes rapports/Main Page/TC Verify info icon function' successfully

2018-08-21 15:26:01 - [TEST_CASE][PASSED] - Test Cases/Mes rapports/Main Page/TC Verify info icon function: Test Cases/Mes rapports/Main Page/TC Verify info icon function

2018-08-21 15:26:01 - [TEST_STEP][PASSED] - click: Object: 'Object Repository/Mes rapports Obj/info_Icon' is clicked on

2018-08-21 15:26:01 - [MESSAGE][PASSED] - Object: 'Object Repository/Mes rapports Obj/info_Icon' is clicked on

2018-08-21 15:26:01 - [MESSAGE][PASSED] - Call Test Case 'Test Cases/Mes rapports/Main Page/TC Verify info icon function' successfully

2018-08-21 15:26:01 - [TEST_STEP][PASSED] - callTestCase: Call Test Case 'Test Cases/Mes rapports/Main Page/TC Verify Url' successfully

2018-08-21 15:26:01 - [TEST_CASE][PASSED] - Test Cases/Mes rapports/Main Page/TC Verify Url: Test Cases/Mes rapports/Main Page/TC Verify Url

2018-08-21 15:26:02 - [TEST_STEP][PASSED] - waitForPageLoad: Wait for page load successfully

2018-08-21 15:26:02 - [MESSAGE][PASSED] - Wait for page load successfully

2018-08-21 15:26:02 - [TEST_STEP][PASSED] - Statement - url = com.kms.katalon.core.webui.keyword.WebUiBuiltInKeywords.getUrl(): Current window's url is: 'https://internet.acc.sd.dika.be/ebloxreporting/web.sensitive/main/FpyDF/iIz9g8MffKNXfNyb1H/NL/#/mijnrapporten'

2018-08-21 15:26:02 - [MESSAGE][PASSED] - Current window's url is: 'https://internet.acc.sd.dika.be/ebloxreporting/web.sensitive/main/FpyDF/iIz9g8MffKNXfNyb1H/NL/#/mijnrapporten'

2018-08-21 15:26:02 - [TEST_STEP][PASSED] - Statement - p = java.util.regex.Pattern.compile("00040 ANTILOPE GROEP"): null

2018-08-21 15:26:02 - [TEST_STEP][PASSED] - Statement - m = p.matcher(url): null

2018-08-21 15:26:02 - [TEST_STEP][PASSED] - Statement - If (m.find()): null

2018-08-21 15:26:02 - [TEST_STEP][PASSED] - Statement - Else: The user name and the concern number are not present in the URL

2018-08-21 15:26:02 - [TEST_STEP][PASSED] - Statement - com.kms.katalon.core.util.KeywordUtil.markPassed("The user name and the concern number are not present in the URL"): The user name and the concern number are not present in the URL

2018-08-21 15:26:02 - [MESSAGE][PASSED] - The user name and the concern number are not present in the URL

2018-08-21 15:26:02 - [MESSAGE][PASSED] - Call Test Case 'Test Cases/Mes rapports/Main Page/TC Verify Url' successfully

2018-08-21 15:26:02 - [TEST_STEP][PASSED] - waitForPageLoad: Wait for page load successfully

2018-08-21 15:26:02 - [MESSAGE][PASSED] - Wait for page load successfully

2018-08-21 15:26:02 - [TEST_STEP][PASSED] - callTestCase: Call Test Case 'Test Cases/Select Language/TC2 Verify FR Language' successfully

2018-08-21 15:26:02 - [TEST_CASE][PASSED] - Test Cases/Select Language/TC2 Verify FR Language: Test Cases/Select Language/TC2 Verify FR Language

2018-08-21 15:26:02 - [TEST_STEP][PASSED] - click: Object: 'Object Repository/Change language link Obj/FR_language' is clicked on

2018-08-21 15:26:06 - [MESSAGE][PASSED] - Object: 'Object Repository/Change language link Obj/FR_language' is clicked on

2018-08-21 15:26:06 - [TEST_STEP][PASSED] - waitForPageLoad: Wait for page load successfully

2018-08-21 15:26:06 - [MESSAGE][PASSED] - Wait for page load successfully

2018-08-21 15:26:06 - [MESSAGE][PASSED] - Call Test Case 'Test Cases/Select Language/TC2 Verify FR Language' successfully

2018-08-21 15:26:06 - [TEST_STEP][PASSED] - waitForPageLoad: Wait for page load successfully

2018-08-21 15:26:06 - [MESSAGE][PASSED] - Wait for page load successfully

2018-08-21 15:26:06 - [TEST_STEP][PASSED] - callTestCase: Call Test Case 'Test Cases/Mes rapports/Main Page/TC Verify Mes rapports tab' successfully

2018-08-21 15:26:06 - [TEST_CASE][PASSED] - Test Cases/Mes rapports/Main Page/TC Verify Mes rapports tab: Test Cases/Mes rapports/Main Page/TC Verify Mes rapports tab

2018-08-21 15:26:06 - [TEST_STEP][PASSED] - click: Object: 'Object Repository/Mes rapports Obj/Mes rapports_tab' is clicked on

2018-08-21 15:26:07 - [MESSAGE][PASSED] - Object: 'Object Repository/Mes rapports Obj/Mes rapports_tab' is clicked on

2018-08-21 15:26:07 - [MESSAGE][PASSED] - Call Test Case 'Test Cases/Mes rapports/Main Page/TC Verify Mes rapports tab' successfully

2018-08-21 15:26:07 - [TEST_STEP][PASSED] - waitForPageLoad: Wait for page load successfully

2018-08-21 15:26:07 - [MESSAGE][PASSED] - Wait for page load successfully

2018-08-21 15:26:07 - [TEST_STEP][PASSED] - callTestCase: Call Test Case 'Test Cases/Mes rapports/Main Page/TC Verify Deployer function' successfully

2018-08-21 15:26:07 - [TEST_CASE][PASSED] - Test Cases/Mes rapports/Main Page/TC Verify Deployer function: Test Cases/Mes rapports/Main Page/TC Verify Deployer function

2018-08-21 15:26:07 - [TEST_STEP][PASSED] - waitForPageLoad: Wait for page load successfully

2018-08-21 15:26:07 - [MESSAGE][PASSED] - Wait for page load successfully

2018-08-21 15:26:07 - [TEST_STEP][PASSED] - waitForElementClickable: Object 'Object Repository/Mes rapports Obj/button_setting_dropdown' is clickable

2018-08-21 15:26:09 - [MESSAGE][PASSED] - Object 'Object Repository/Mes rapports Obj/button_setting_dropdown' is clickable

2018-08-21 15:26:09 - [TEST_STEP][PASSED] - click: Object: 'Object Repository/Mes rapports Obj/button_setting_dropdown' is clicked on

2018-08-21 15:26:09 - [MESSAGE][PASSED] - Object: 'Object Repository/Mes rapports Obj/button_setting_dropdown' is clicked on

2018-08-21 15:26:09 - [TEST_STEP][PASSED] - click: Object: 'Object Repository/Mes rapports Obj/a_Dployer tout' is clicked on

2018-08-21 15:26:13 - [MESSAGE][PASSED] - Object: 'Object Repository/Mes rapports Obj/a_Dployer tout' is clicked on

2018-08-21 15:26:13 - [MESSAGE][PASSED] - Call Test Case 'Test Cases/Mes rapports/Main Page/TC Verify Deployer function' successfully

2018-08-21 15:26:13 - [TEST_STEP][PASSED] - waitForPageLoad: Wait for page load successfully

2018-08-21 15:26:13 - [MESSAGE][PASSED] - Wait for page load successfully

2018-08-21 15:26:13 - [TEST_STEP][PASSED] - callTestCase: Call Test Case 'Test Cases/Mes rapports/Main Page/TC Verify Masquer function' successfully

2018-08-21 15:26:13 - [TEST_CASE][PASSED] - Test Cases/Mes rapports/Main Page/TC Verify Masquer function: Test Cases/Mes rapports/Main Page/TC Verify Masquer function

2018-08-21 15:26:13 - [TEST_STEP][PASSED] - click: Object: 'Object Repository/Mes rapports Obj/button_setting_dropdown' is clicked on

2018-08-21 15:26:13 - [MESSAGE][PASSED] - Object: 'Object Repository/Mes rapports Obj/button_setting_dropdown' is clicked on

2018-08-21 15:26:13 - [TEST_STEP][PASSED] - click: Object: 'Object Repository/Mes rapports Obj/a_Masquer tout' is clicked on

2018-08-21 15:26:13 - [MESSAGE][PASSED] - Object: 'Object Repository/Mes rapports Obj/a_Masquer tout' is clicked on

2018-08-21 15:26:13 - [MESSAGE][PASSED] - Call Test Case 'Test Cases/Mes rapports/Main Page/TC Verify Masquer function' successfully

2018-08-21 15:26:13 - [TEST_STEP][PASSED] - callTestCase: Call Test Case 'Test Cases/Mes rapports/Main Page/TC Verify info icon function' successfully

2018-08-21 15:26:13 - [TEST_CASE][PASSED] - Test Cases/Mes rapports/Main Page/TC Verify info icon function: Test Cases/Mes rapports/Main Page/TC Verify info icon function

2018-08-21 15:26:13 - [TEST_STEP][PASSED] - click: Object: 'Object Repository/Mes rapports Obj/info_Icon' is clicked on

2018-08-21 15:26:13 - [MESSAGE][PASSED] - Object: 'Object Repository/Mes rapports Obj/info_Icon' is clicked on

2018-08-21 15:26:13 - [MESSAGE][PASSED] - Call Test Case 'Test Cases/Mes rapports/Main Page/TC Verify info icon function' successfully

2018-08-21 15:26:13 - [TEST_STEP][PASSED] - callTestCase: Call Test Case 'Test Cases/Mes rapports/Main Page/TC Verify Url' successfully

2018-08-21 15:26:13 - [TEST_CASE][PASSED] - Test Cases/Mes rapports/Main Page/TC Verify Url: Test Cases/Mes rapports/Main Page/TC Verify Url

2018-08-21 15:26:13 - [TEST_STEP][PASSED] - waitForPageLoad: Wait for page load successfully

2018-08-21 15:26:13 - [MESSAGE][PASSED] - Wait for page load successfully

2018-08-21 15:26:13 - [TEST_STEP][PASSED] - Statement - url = com.kms.katalon.core.webui.keyword.WebUiBuiltInKeywords.getUrl(): Current window's url is: 'https://internet.acc.sd.dika.be/ebloxreporting/web.sensitive/main/FpyDF/iIz9g8MffKNXfNyb1H/FR/#/mijnrapporten'

2018-08-21 15:26:13 - [MESSAGE][PASSED] - Current window's url is: 'https://internet.acc.sd.dika.be/ebloxreporting/web.sensitive/main/FpyDF/iIz9g8MffKNXfNyb1H/FR/#/mijnrapporten'

2018-08-21 15:26:13 - [TEST_STEP][PASSED] - Statement - p = java.util.regex.Pattern.compile("00040 ANTILOPE GROEP"): null

2018-08-21 15:26:13 - [TEST_STEP][PASSED] - Statement - m = p.matcher(url): null

2018-08-21 15:26:13 - [TEST_STEP][PASSED] - Statement - If (m.find()): null

2018-08-21 15:26:13 - [TEST_STEP][PASSED] - Statement - Else: The user name and the concern number are not present in the URL

2018-08-21 15:26:13 - [TEST_STEP][PASSED] - Statement - com.kms.katalon.core.util.KeywordUtil.markPassed("The user name and the concern number are not present in the URL"): The user name and the concern number are not present in the URL

2018-08-21 15:26:13 - [MESSAGE][PASSED] - The user name and the concern number are not present in the URL

2018-08-21 15:26:13 - [MESSAGE][PASSED] - Call Test Case 'Test Cases/Mes rapports/Main Page/TC Verify Url' successfully

2018-08-21 15:26:13 - [TEST_STEP][PASSED] - waitForPageLoad: Wait for page load successfully

2018-08-21 15:26:13 - [MESSAGE][PASSED] - Wait for page load successfully

2018-08-21 15:26:13 - [TEST_STEP][PASSED] - callTestCase: Call Test Case 'Test Cases/Select Language/TC2 Verify FR Language' successfully

2018-08-21 15:26:13 - [TEST_CASE][PASSED] - Test Cases/Select Language/TC2 Verify FR Language: Test Cases/Select Language/TC2 Verify FR Language

2018-08-21 15:26:13 - [TEST_STEP][PASSED] - click: Object: 'Object Repository/Change language link Obj/FR_language' is clicked on

2018-08-21 15:26:13 - [MESSAGE][PASSED] - Object: 'Object Repository/Change language link Obj/FR_language' is clicked on

2018-08-21 15:26:13 - [TEST_STEP][PASSED] - waitForPageLoad: Wait for page load successfully

2018-08-21 15:26:13 - [MESSAGE][PASSED] - Wait for page load successfully

2018-08-21 15:26:13 - [MESSAGE][PASSED] - Call Test Case 'Test Cases/Select Language/TC2 Verify FR Language' successfully

2018-08-21 15:26:13 - [TEST_STEP][PASSED] - waitForPageLoad: Wait for page load successfully

2018-08-21 15:26:13 - [MESSAGE][PASSED] - Wait for page load successfully

2018-08-21 15:26:13 - [TEST_STEP][PASSED] - callTestCase: Call Test Case 'Test Cases/Select Language/TC1 Verify NL language' successfully

2018-08-21 15:26:14 - [TEST_CASE][PASSED] - Test Cases/Select Language/TC1 Verify NL language: Test Cases/Select Language/TC1 Verify NL language

2018-08-21 15:26:14 - [TEST_STEP][PASSED] - waitForElementClickable: Object 'Object Repository/Change language link Obj/NL_language' is clickable

2018-08-21 15:26:14 - [MESSAGE][PASSED] - Object 'Object Repository/Change language link Obj/NL_language' is clickable

2018-08-21 15:26:14 - [TEST_STEP][PASSED] - click: Object: 'Object Repository/Change language link Obj/NL_language' is clicked on

2018-08-21 15:26:18 - [MESSAGE][PASSED] - Object: 'Object Repository/Change language link Obj/NL_language' is clicked on

2018-08-21 15:26:18 - [TEST_STEP][PASSED] - waitForPageLoad: Wait for page load successfully

2018-08-21 15:26:18 - [MESSAGE][PASSED] - Wait for page load successfully

2018-08-21 15:26:18 - [MESSAGE][PASSED] - Call Test Case 'Test Cases/Select Language/TC1 Verify NL language' successfully

2018-08-21 15:26:18 - [TEST_STEP][PASSED] - waitForPageLoad: Wait for page load successfully

2018-08-21 15:26:18 - [MESSAGE][PASSED] - Wait for page load successfully

2018-08-21 15:26:18 - [TEST_STEP][PASSED] - callTestCase: Call Test Case 'Test Cases/Menu- Bibliotheque/TC Verify Bibliotheque tab' successfully

2018-08-21 15:26:18 - [TEST_CASE][PASSED] - Test Cases/Menu- Bibliotheque/TC Verify Bibliotheque tab: Test Cases/Menu- Bibliotheque/TC Verify Bibliotheque tab

2018-08-21 15:26:18 - [TEST_STEP][PASSED] - click: Object: 'Object Repository/Bibliotheque Obj/Bibliothque_tab' is clicked on

2018-08-21 15:26:18 - [MESSAGE][PASSED] - Object: 'Object Repository/Bibliotheque Obj/Bibliothque_tab' is clicked on

2018-08-21 15:26:18 - [MESSAGE][PASSED] - Call Test Case 'Test Cases/Menu- Bibliotheque/TC Verify Bibliotheque tab' successfully

2018-08-21 15:26:18 - [TEST_STEP][PASSED] - waitForPageLoad: Wait for page load successfully

2018-08-21 15:26:18 - [MESSAGE][PASSED] - Wait for page load successfully

2018-08-21 15:26:18 - [TEST_STEP][PASSED] - callTestCase: Call Test Case 'Test Cases/Menu- Bibliotheque/TC1 Verify Deployer function' successfully

2018-08-21 15:26:18 - [TEST_CASE][PASSED] - Test Cases/Menu- Bibliotheque/TC1 Verify Deployer function: Test Cases/Menu- Bibliotheque/TC1 Verify Deployer function

2018-08-21 15:26:18 - [TEST_STEP][PASSED] - waitForPageLoad: Wait for page load successfully

2018-08-21 15:26:18 - [MESSAGE][PASSED] - Wait for page load successfully

2018-08-21 15:26:18 - [TEST_STEP][PASSED] - click: Object: 'Object Repository/Bibliotheque Obj/button_setting_dropdown' is clicked on

2018-08-21 15:26:21 - [MESSAGE][PASSED] - Object: 'Object Repository/Bibliotheque Obj/button_setting_dropdown' is clicked on

2018-08-21 15:26:21 - [TEST_STEP][PASSED] - click: Object: 'Object Repository/Bibliotheque Obj/a_Dployer tout' is clicked on

2018-08-21 15:26:22 - [MESSAGE][PASSED] - Object: 'Object Repository/Bibliotheque Obj/a_Dployer tout' is clicked on

2018-08-21 15:26:22 - [MESSAGE][PASSED] - Call Test Case 'Test Cases/Menu- Bibliotheque/TC1 Verify Deployer function' successfully

2018-08-21 15:26:22 - [TEST_STEP][PASSED] - waitForPageLoad: Wait for page load successfully

2018-08-21 15:26:22 - [MESSAGE][PASSED] - Wait for page load successfully

2018-08-21 15:26:22 - [TEST_STEP][PASSED] - callTestCase: Call Test Case 'Test Cases/Menu- Bibliotheque/TC2 Verify Masquer function' successfully

2018-08-21 15:26:22 - [TEST_CASE][PASSED] - Test Cases/Menu- Bibliotheque/TC2 Verify Masquer function: Test Cases/Menu- Bibliotheque/TC2 Verify Masquer function

2018-08-21 15:26:22 - [TEST_STEP][PASSED] - click: Object: 'Object Repository/Bibliotheque Obj/button_setting_dropdown' is clicked on

2018-08-21 15:26:22 - [MESSAGE][PASSED] - Object: 'Object Repository/Bibliotheque Obj/button_setting_dropdown' is clicked on

2018-08-21 15:26:22 - [TEST_STEP][PASSED] - click: Object: 'Object Repository/Bibliotheque Obj/a_Masquer tout' is clicked on

2018-08-21 15:26:22 - [MESSAGE][PASSED] - Object: 'Object Repository/Bibliotheque Obj/a_Masquer tout' is clicked on

2018-08-21 15:26:22 - [MESSAGE][PASSED] - Call Test Case 'Test Cases/Menu- Bibliotheque/TC2 Verify Masquer function' successfully

2018-08-21 15:26:22 - [TEST_STEP][PASSED] - callTestCase: Call Test Case 'Test Cases/Menu- Bibliotheque/TC3 Verify info icon function' successfully

2018-08-21 15:26:22 - [TEST_CASE][PASSED] - Test Cases/Menu- Bibliotheque/TC3 Verify info icon function: Test Cases/Menu- Bibliotheque/TC3 Verify info icon function

2018-08-21 15:26:22 - [TEST_STEP][PASSED] - click: Object: 'Object Repository/Bibliotheque Obj/info_Icon' is clicked on

2018-08-21 15:26:22 - [MESSAGE][PASSED] - Object: 'Object Repository/Bibliotheque Obj/info_Icon' is clicked on

2018-08-21 15:26:22 - [MESSAGE][PASSED] - Call Test Case 'Test Cases/Menu- Bibliotheque/TC3 Verify info icon function' successfully

2018-08-21 15:26:22 - [TEST_STEP][PASSED] - callTestCase: Call Test Case 'Test Cases/Menu- Bibliotheque/TC4 Verify Url' successfully

2018-08-21 15:26:23 - [TEST_CASE][PASSED] - Test Cases/Menu- Bibliotheque/TC4 Verify Url: Test Cases/Menu- Bibliotheque/TC4 Verify Url

2018-08-21 15:26:23 - [TEST_STEP][PASSED] - waitForPageLoad: Wait for page load successfully

2018-08-21 15:26:23 - [MESSAGE][PASSED] - Wait for page load successfully

2018-08-21 15:26:23 - [TEST_STEP][PASSED] - Statement - url = com.kms.katalon.core.webui.keyword.WebUiBuiltInKeywords.getUrl(): Current window's url is: 'https://internet.acc.sd.dika.be/ebloxreporting/web.sensitive/main/FpyDF/iIz9g8MffKNXfNyb1H/NL/#/bibliotheek/'

2018-08-21 15:26:23 - [MESSAGE][PASSED] - Current window's url is: 'https://internet.acc.sd.dika.be/ebloxreporting/web.sensitive/main/FpyDF/iIz9g8MffKNXfNyb1H/NL/#/bibliotheek/'

2018-08-21 15:26:23 - [TEST_STEP][PASSED] - Statement - p = java.util.regex.Pattern.compile("00040 ANTILOPE GROEP"): null

2018-08-21 15:26:23 - [TEST_STEP][PASSED] - Statement - m = p.matcher(url): null

2018-08-21 15:26:23 - [TEST_STEP][PASSED] - Statement - If (m.find()): null

2018-08-21 15:26:23 - [TEST_STEP][PASSED] - Statement - Else: The user name and the concern number are not present in the URL

2018-08-21 15:26:23 - [TEST_STEP][PASSED] - Statement - com.kms.katalon.core.util.KeywordUtil.markPassed("The user name and the concern number are not present in the URL"): The user name and the concern number are not present in the URL

2018-08-21 15:26:23 - [MESSAGE][PASSED] - The user name and the concern number are not present in the URL

2018-08-21 15:26:23 - [MESSAGE][PASSED] - Call Test Case 'Test Cases/Menu- Bibliotheque/TC4 Verify Url' successfully

2018-08-21 15:26:23 - [TEST_STEP][PASSED] - callTestCase: Call Test Case 'Test Cases/Menu- Comptages/TC Verify Comptages tab' successfully

2018-08-21 15:26:23 - [TEST_CASE][PASSED] - Test Cases/Menu- Comptages/TC Verify Comptages tab: Test Cases/Menu- Comptages/TC Verify Comptages tab

2018-08-21 15:26:23 - [TEST_STEP][PASSED] - click: Object: 'Object Repository/Comptages Obj/Comptages_tab' is clicked on

2018-08-21 15:26:23 - [MESSAGE][PASSED] - Object: 'Object Repository/Comptages Obj/Comptages_tab' is clicked on

2018-08-21 15:26:23 - [MESSAGE][PASSED] - Call Test Case 'Test Cases/Menu- Comptages/TC Verify Comptages tab' successfully

2018-08-21 15:26:23 - [TEST_STEP][PASSED] - callTestCase: Call Test Case 'Test Cases/Menu- Comptages/TC2 Verify Nouveau comptage button' successfully

2018-08-21 15:26:23 - [TEST_CASE][PASSED] - Test Cases/Menu- Comptages/TC2 Verify Nouveau comptage button: Test Cases/Menu- Comptages/TC2 Verify Nouveau comptage button

2018-08-21 15:26:23 - [TEST_STEP][PASSED] - click: Object: 'Object Repository/Comptages Obj/button_Nouveau comptage' is clicked on

2018-08-21 15:26:25 - [MESSAGE][PASSED] - Object: 'Object Repository/Comptages Obj/button_Nouveau comptage' is clicked on

2018-08-21 15:26:25 - [MESSAGE][PASSED] - Call Test Case 'Test Cases/Menu- Comptages/TC2 Verify Nouveau comptage button' successfully

2018-08-21 15:26:25 - [TEST_STEP][PASSED] - callTestCase: Call Test Case 'Test Cases/Menu- Comptages/TC3 Verify Montants Function' successfully

2018-08-21 15:26:25 - [TEST_CASE][PASSED] - Test Cases/Menu- Comptages/TC3 Verify Montants Function: Test Cases/Menu- Comptages/TC3 Verify Montants Function

2018-08-21 15:26:25 - [TEST_STEP][PASSED] - click: Object: 'Object Repository/Comptages Obj/a_Montants' is clicked on

2018-08-21 15:26:26 - [MESSAGE][PASSED] - Object: 'Object Repository/Comptages Obj/a_Montants' is clicked on

2018-08-21 15:26:26 - [MESSAGE][PASSED] - Call Test Case 'Test Cases/Menu- Comptages/TC3 Verify Montants Function' successfully

2018-08-21 15:26:26 - [TEST_STEP][PASSED] - callTestCase: Call Test Case 'Test Cases/Menu- Comptages/TC4 Verify the creation of a new Comptage' successfully

2018-08-21 15:26:26 - [TEST_CASE][PASSED] - Test Cases/Menu- Comptages/TC4 Verify the creation of a new Comptage: Test Cases/Menu- Comptages/TC4 Verify the creation of a new Comptage

2018-08-21 15:26:26 - [TEST_STEP][PASSED] - setText: Text 'testing' is set on object 'Object Repository/Comptages Obj/input_comptage_name'

2018-08-21 15:26:27 - [MESSAGE][PASSED] - Text 'testing' is set on object 'Object Repository/Comptages Obj/input_comptage_name'

2018-08-21 15:26:27 - [TEST_STEP][PASSED] - delay: Delayed 5 second(s)

2018-08-21 15:26:32 - [MESSAGE][PASSED] - Delayed 5 second(s)

2018-08-21 15:26:32 - [TEST_STEP][PASSED] - click: Object: 'Object Repository/Comptages Obj/dropdown_arrow' is clicked on

2018-08-21 15:26:32 - [MESSAGE][PASSED] - Object: 'Object Repository/Comptages Obj/dropdown_arrow' is clicked on

2018-08-21 15:26:32 - [TEST_STEP][PASSED] - delay: Delayed 5 second(s)

2018-08-21 15:26:37 - [MESSAGE][PASSED] - Delayed 5 second(s)

2018-08-21 15:26:37 - [TEST_STEP][PASSED] - setText: Text 'Attest loonlasten' is set on object 'Object Repository/Comptages Obj/input_comptage_type'

2018-08-21 15:26:37 - [MESSAGE][PASSED] - Text 'Attest loonlasten' is set on object 'Object Repository/Comptages Obj/input_comptage_type'

2018-08-21 15:26:37 - [TEST_STEP][PASSED] - sendKeys: Keys 'ENTER + ' sent to object: 'Object Repository/Comptages Obj/input_comptage_type'

2018-08-21 15:26:37 - [MESSAGE][PASSED] - Keys 'ENTER + ' sent to object: 'Object Repository/Comptages Obj/input_comptage_type'

2018-08-21 15:26:37 - [MESSAGE][PASSED] - Call Test Case 'Test Cases/Menu- Comptages/TC4 Verify the creation of a new Comptage' successfully

2018-08-21 15:26:37 - [TEST_STEP][PASSED] - callTestCase: Call Test Case 'Test Cases/Menu- Comptages/TC7 Verify Sauvegarder button' successfully

2018-08-21 15:26:37 - [TEST_CASE][PASSED] - Test Cases/Menu- Comptages/TC7 Verify Sauvegarder button: Test Cases/Menu- Comptages/TC7 Verify Sauvegarder button

2018-08-21 15:26:37 - [TEST_STEP][PASSED] - click: Object: 'Object Repository/Comptages Obj/button_Sauvegarder' is clicked on

2018-08-21 15:26:37 - [MESSAGE][PASSED] - Object: 'Object Repository/Comptages Obj/button_Sauvegarder' is clicked on

2018-08-21 15:26:37 - [MESSAGE][PASSED] - Call Test Case 'Test Cases/Menu- Comptages/TC7 Verify Sauvegarder button' successfully

2018-08-21 15:26:37 - [TEST_STEP][PASSED] - closeBrowser: Browser is closed

2018-08-21 15:26:38 - [MESSAGE][PASSED] - Browser is closed]]></system-out>
         <system-err><![CDATA[]]></system-err>
      </testcase>
      <testcase name="Test Cases/New Folder/TC10 BASED ON THE LIBRARY" classname="Test Cases/New Folder/TC10 BASED ON THE LIBRARY" status="PASSED">
         <system-out><![CDATA[2018-08-21 15:26:38 - [TEST_CASE][PASSED] - Test Cases/New Folder/TC10 BASED ON THE LIBRARY: Test Cases/New Folder/TC10 BASED ON THE LIBRARY

2018-08-21 15:26:38 - [TEST_STEP][PASSED] - callTestCase: Call Test Case 'Test Cases/Login/TC1 Login to Mysdworx' successfully

2018-08-21 15:26:38 - [TEST_CASE][PASSED] - Test Cases/Login/TC1 Login to Mysdworx: Test Cases/Login/TC1 Login to Mysdworx

2018-08-21 15:26:38 - [TEST_STEP][PASSED] - openBrowser: Browser is opened with url: ''

2018-08-21 15:26:40 - [MESSAGE][PASSED] - Browser is opened with url: ''

2018-08-21 15:26:40 - [TEST_STEP][PASSED] - navigateToUrl: Navigate to 'https://internet.acc.sd.dika.be/ebloxreporting/web.sensitive/main/?lang=fr' successfully

2018-08-21 15:26:45 - [MESSAGE][PASSED] - Navigate to 'https://internet.acc.sd.dika.be/ebloxreporting/web.sensitive/main/?lang=fr' successfully

2018-08-21 15:26:45 - [TEST_STEP][PASSED] - maximizeWindow: Current window maximized

2018-08-21 15:26:46 - [MESSAGE][PASSED] - Current window maximized

2018-08-21 15:26:46 - [TEST_STEP][PASSED] - setText: Text 'DP_EBLOX_RPP_VASCO' is set on object 'Object Repository/Page_mysdworx - Log in/input_Username'

2018-08-21 15:26:50 - [MESSAGE][PASSED] - Text 'DP_EBLOX_RPP_VASCO' is set on object 'Object Repository/Page_mysdworx - Log in/input_Username'

2018-08-21 15:26:50 - [TEST_STEP][PASSED] - Statement - frame = new javax.swing.JFrame(User Input Frame): null

2018-08-21 15:26:50 - [TEST_STEP][PASSED] - Statement - frame.requestFocus(): null

2018-08-21 15:26:50 - [TEST_STEP][PASSED] - Statement - pass = javax.swing.JOptionPane.showInputDialog(frame, "Enter the password from token!!"): null

2018-08-21 15:26:54 - [TEST_STEP][PASSED] - delay: Delayed 2 second(s)

2018-08-21 15:26:56 - [MESSAGE][PASSED] - Delayed 2 second(s)

2018-08-21 15:26:56 - [TEST_STEP][PASSED] - setText: Text '778287' is set on object 'Object Repository/Page_mysdworx - Log in/input_Password'

2018-08-21 15:26:57 - [MESSAGE][PASSED] - Text '778287' is set on object 'Object Repository/Page_mysdworx - Log in/input_Password'

2018-08-21 15:26:57 - [TEST_STEP][PASSED] - click: Object: 'Object Repository/Page_mysdworx - Log in/button_Se connecter' is clicked on

2018-08-21 15:26:57 - [MESSAGE][PASSED] - Object: 'Object Repository/Page_mysdworx - Log in/button_Se connecter' is clicked on

2018-08-21 15:26:57 - [TEST_STEP][PASSED] - waitForPageLoad: Wait for page load successfully

2018-08-21 15:26:57 - [MESSAGE][PASSED] - Wait for page load successfully

2018-08-21 15:26:57 - [TEST_STEP][NOT_RUN] - closeBrowser: NOT_RUN: closeBrowser

2018-08-21 15:26:57 - [MESSAGE][NOT_RUN] - NOT_RUN: closeBrowser

2018-08-21 15:26:57 - [MESSAGE][PASSED] - Call Test Case 'Test Cases/Login/TC1 Login to Mysdworx' successfully

2018-08-21 15:26:57 - [TEST_STEP][PASSED] - waitForPageLoad: Wait for page load successfully

2018-08-21 15:26:57 - [MESSAGE][PASSED] - Wait for page load successfully

2018-08-21 15:26:57 - [TEST_STEP][PASSED] - callTestCase: Call Test Case 'Test Cases/Select Language/TC1 Verify NL language' successfully

2018-08-21 15:26:57 - [TEST_CASE][PASSED] - Test Cases/Select Language/TC1 Verify NL language: Test Cases/Select Language/TC1 Verify NL language

2018-08-21 15:26:57 - [TEST_STEP][PASSED] - waitForElementClickable: Object 'Object Repository/Change language link Obj/NL_language' is clickable

2018-08-21 15:27:20 - [MESSAGE][PASSED] - Object 'Object Repository/Change language link Obj/NL_language' is clickable

2018-08-21 15:27:20 - [TEST_STEP][PASSED] - click: Object: 'Object Repository/Change language link Obj/NL_language' is clicked on

2018-08-21 15:27:26 - [MESSAGE][PASSED] - Object: 'Object Repository/Change language link Obj/NL_language' is clicked on

2018-08-21 15:27:26 - [TEST_STEP][PASSED] - waitForPageLoad: Wait for page load successfully

2018-08-21 15:27:26 - [MESSAGE][PASSED] - Wait for page load successfully

2018-08-21 15:27:26 - [MESSAGE][PASSED] - Call Test Case 'Test Cases/Select Language/TC1 Verify NL language' successfully

2018-08-21 15:27:26 - [TEST_STEP][PASSED] - waitForPageLoad: Wait for page load successfully

2018-08-21 15:27:26 - [MESSAGE][PASSED] - Wait for page load successfully

2018-08-21 15:27:26 - [TEST_STEP][PASSED] - callTestCase: Call Test Case 'Test Cases/Mes rapports/Verify Nouveau rapport button' successfully

2018-08-21 15:27:26 - [TEST_CASE][PASSED] - Test Cases/Mes rapports/Verify Nouveau rapport button: Test Cases/Mes rapports/Verify Nouveau rapport button

2018-08-21 15:27:26 - [TEST_STEP][PASSED] - click: Object: 'Object Repository/Mes rapports Obj/button_Nouveau rapport' is clicked on

2018-08-21 15:27:28 - [MESSAGE][PASSED] - Object: 'Object Repository/Mes rapports Obj/button_Nouveau rapport' is clicked on

2018-08-21 15:27:28 - [TEST_STEP][PASSED] - waitForPageLoad: Wait for page load successfully

2018-08-21 15:27:28 - [MESSAGE][PASSED] - Wait for page load successfully

2018-08-21 15:27:28 - [MESSAGE][PASSED] - Call Test Case 'Test Cases/Mes rapports/Verify Nouveau rapport button' successfully

2018-08-21 15:27:28 - [TEST_STEP][PASSED] - waitForPageLoad: Wait for page load successfully

2018-08-21 15:27:28 - [MESSAGE][PASSED] - Wait for page load successfully

2018-08-21 15:27:28 - [TEST_STEP][PASSED] - callTestCase: Call Test Case 'Test Cases/Mes rapports/Mes rapports - BASE DE RAPPORT/TC3  Verify radio button Baser sur un rapport de la Bibliotheque' successfully

2018-08-21 15:27:28 - [TEST_CASE][PASSED] - Test Cases/Mes rapports/Mes rapports - BASE DE RAPPORT/TC3  Verify radio button Baser sur un rapport de la Bibliotheque: Test Cases/Mes rapports/Mes rapports - BASE DE RAPPORT/TC3  Verify radio button Baser sur un rapport de la Bibliotheque

2018-08-21 15:27:28 - [TEST_STEP][PASSED] - click: Object: 'Object Repository/Mes rapports Obj/BASE DE RAPPORT/radioButton_Baser sur un rapport de la Bibliothque' is clicked on

2018-08-21 15:27:29 - [MESSAGE][PASSED] - Object: 'Object Repository/Mes rapports Obj/BASE DE RAPPORT/radioButton_Baser sur un rapport de la Bibliothque' is clicked on

2018-08-21 15:27:29 - [MESSAGE][PASSED] - Call Test Case 'Test Cases/Mes rapports/Mes rapports - BASE DE RAPPORT/TC3  Verify radio button Baser sur un rapport de la Bibliotheque' successfully

2018-08-21 15:27:29 - [TEST_STEP][PASSED] - click: Object: 'Object Repository/Mes rapports Obj/BASE DE RAPPORT/Bibliotheque dropdown' is clicked on

2018-08-21 15:27:29 - [MESSAGE][PASSED] - Object: 'Object Repository/Mes rapports Obj/BASE DE RAPPORT/Bibliotheque dropdown' is clicked on

2018-08-21 15:27:29 - [TEST_STEP][PASSED] - setText: Text 'test huidig jaar' is set on object 'Object Repository/Mes rapports Obj/BASE DE RAPPORT/Bibliotheque - dropdowm input'

2018-08-21 15:27:30 - [MESSAGE][PASSED] - Text 'test huidig jaar' is set on object 'Object Repository/Mes rapports Obj/BASE DE RAPPORT/Bibliotheque - dropdowm input'

2018-08-21 15:27:30 - [TEST_STEP][PASSED] - sendKeys: Keys 'ENTER + ' sent to object: 'Object Repository/Mes rapports Obj/BASE DE RAPPORT/Bibliotheque - dropdowm input'

2018-08-21 15:27:30 - [MESSAGE][PASSED] - Keys 'ENTER + ' sent to object: 'Object Repository/Mes rapports Obj/BASE DE RAPPORT/Bibliotheque - dropdowm input'

2018-08-21 15:27:30 - [TEST_STEP][PASSED] - delay: Delayed 1 second(s)

2018-08-21 15:27:31 - [MESSAGE][PASSED] - Delayed 1 second(s)

2018-08-21 15:27:31 - [TEST_STEP][PASSED] - callTestCase: Call Test Case 'Test Cases/Mes rapports/TC Verify the next button arrow' successfully

2018-08-21 15:27:31 - [TEST_CASE][PASSED] - Test Cases/Mes rapports/TC Verify the next button arrow: Test Cases/Mes rapports/TC Verify the next button arrow

2018-08-21 15:27:31 - [TEST_STEP][PASSED] - waitForElementClickable: Object 'Object Repository/Mes rapports Obj/button_Next_Arrow' is clickable

2018-08-21 15:27:31 - [MESSAGE][PASSED] - Object 'Object Repository/Mes rapports Obj/button_Next_Arrow' is clickable

2018-08-21 15:27:31 - [TEST_STEP][PASSED] - click: Object: 'Object Repository/Mes rapports Obj/button_Next_Arrow' is clicked on

2018-08-21 15:27:31 - [MESSAGE][PASSED] - Object: 'Object Repository/Mes rapports Obj/button_Next_Arrow' is clicked on

2018-08-21 15:27:31 - [TEST_STEP][PASSED] - delay: Delayed 5 second(s)

2018-08-21 15:27:36 - [MESSAGE][PASSED] - Delayed 5 second(s)

2018-08-21 15:27:36 - [MESSAGE][PASSED] - Call Test Case 'Test Cases/Mes rapports/TC Verify the next button arrow' successfully

2018-08-21 15:27:36 - [TEST_STEP][PASSED] - waitForPageLoad: Wait for page load successfully

2018-08-21 15:27:36 - [MESSAGE][PASSED] - Wait for page load successfully

2018-08-21 15:27:36 - [TEST_STEP][PASSED] - callTestCase: Call Test Case 'Test Cases/Mes rapports/Mes rapports - CONTENU/TC Verify input field INTERNAL' successfully

2018-08-21 15:27:36 - [TEST_CASE][PASSED] - Test Cases/Mes rapports/Mes rapports - CONTENU/TC Verify input field INTERNAL: Test Cases/Mes rapports/Mes rapports - CONTENU/TC Verify input field INTERNAL

2018-08-21 15:27:36 - [TEST_STEP][PASSED] - Statement - excelData = com.kms.katalon.core.testdata.TestDataFactory.findTestData(Data Files/Data/INTERNAL): Reading excel file with source file 'C:\Users\seeboruts\OneDrive - SD Worx\Desktop\test_DAta.xlsx' and sheet name 'INTERNAL'

2018-08-21 15:27:37 - [TEST_STEP][PASSED] - Statement - test = excelData.getRowNumbers(): null

2018-08-21 15:27:37 - [TEST_STEP][PASSED] - Statement - println("No of rows" + test): null

2018-08-21 15:27:37 - [TEST_STEP][PASSED] - Statement - For ([i = 1, i <= test, (i++)]): Object: 'Object Repository/Mes rapports Obj/CONTENU/click_Remove_text' is clicked on

2018-08-21 15:27:37 - [TEST_STEP][PASSED] - setText: Text 'Naam werknemer' is set on object 'Object Repository/Mes rapports Obj/CONTENU/input_Contenu_Selecteur'

2018-08-21 15:27:37 - [MESSAGE][PASSED] - Text 'Naam werknemer' is set on object 'Object Repository/Mes rapports Obj/CONTENU/input_Contenu_Selecteur'

2018-08-21 15:27:37 - [TEST_STEP][PASSED] - delay: Delayed 3 second(s)

2018-08-21 15:27:40 - [MESSAGE][PASSED] - Delayed 3 second(s)

2018-08-21 15:27:40 - [TEST_STEP][PASSED] - click: Object: 'Object Repository/Mes rapports Obj/CONTENU/Selecteur Obj NL/Naam werknemer' is clicked on

2018-08-21 15:27:41 - [MESSAGE][PASSED] - Object: 'Object Repository/Mes rapports Obj/CONTENU/Selecteur Obj NL/Naam werknemer' is clicked on

2018-08-21 15:27:41 - [TEST_STEP][PASSED] - delay: Delayed 3 second(s)

2018-08-21 15:27:44 - [MESSAGE][PASSED] - Delayed 3 second(s)

2018-08-21 15:27:44 - [TEST_STEP][PASSED] - click: Object: 'Object Repository/Mes rapports Obj/CONTENU/click_Remove_text' is clicked on

2018-08-21 15:27:44 - [MESSAGE][PASSED] - Object: 'Object Repository/Mes rapports Obj/CONTENU/click_Remove_text' is clicked on

2018-08-21 15:27:44 - [TEST_STEP][PASSED] - setText: Text 'Afdeling' is set on object 'Object Repository/Mes rapports Obj/CONTENU/input_Contenu_Selecteur'

2018-08-21 15:27:44 - [MESSAGE][PASSED] - Text 'Afdeling' is set on object 'Object Repository/Mes rapports Obj/CONTENU/input_Contenu_Selecteur'

2018-08-21 15:27:44 - [TEST_STEP][PASSED] - delay: Delayed 3 second(s)

2018-08-21 15:27:47 - [MESSAGE][PASSED] - Delayed 3 second(s)

2018-08-21 15:27:47 - [TEST_STEP][PASSED] - click: Object: 'Object Repository/Mes rapports Obj/CONTENU/Selecteur Obj NL/Afdeling' is clicked on

2018-08-21 15:27:47 - [MESSAGE][PASSED] - Object: 'Object Repository/Mes rapports Obj/CONTENU/Selecteur Obj NL/Afdeling' is clicked on

2018-08-21 15:27:47 - [TEST_STEP][PASSED] - delay: Delayed 3 second(s)

2018-08-21 15:27:50 - [MESSAGE][PASSED] - Delayed 3 second(s)

2018-08-21 15:27:50 - [TEST_STEP][PASSED] - click: Object: 'Object Repository/Mes rapports Obj/CONTENU/click_Remove_text' is clicked on

2018-08-21 15:27:50 - [MESSAGE][PASSED] - Object: 'Object Repository/Mes rapports Obj/CONTENU/click_Remove_text' is clicked on

2018-08-21 15:27:50 - [TEST_STEP][PASSED] - setText: Text 'Brutoloon' is set on object 'Object Repository/Mes rapports Obj/CONTENU/input_Contenu_Selecteur'

2018-08-21 15:27:51 - [MESSAGE][PASSED] - Text 'Brutoloon' is set on object 'Object Repository/Mes rapports Obj/CONTENU/input_Contenu_Selecteur'

2018-08-21 15:27:51 - [TEST_STEP][PASSED] - delay: Delayed 3 second(s)

2018-08-21 15:27:54 - [MESSAGE][PASSED] - Delayed 3 second(s)

2018-08-21 15:27:54 - [TEST_STEP][PASSED] - click: Object: 'Object Repository/Mes rapports Obj/CONTENU/Selecteur Obj NL/Brutoloon' is clicked on

2018-08-21 15:27:54 - [MESSAGE][PASSED] - Object: 'Object Repository/Mes rapports Obj/CONTENU/Selecteur Obj NL/Brutoloon' is clicked on

2018-08-21 15:27:54 - [TEST_STEP][PASSED] - delay: Delayed 3 second(s)

2018-08-21 15:27:57 - [MESSAGE][PASSED] - Delayed 3 second(s)

2018-08-21 15:27:57 - [TEST_STEP][PASSED] - click: Object: 'Object Repository/Mes rapports Obj/CONTENU/click_Remove_text' is clicked on

2018-08-21 15:27:57 - [MESSAGE][PASSED] - Object: 'Object Repository/Mes rapports Obj/CONTENU/click_Remove_text' is clicked on

2018-08-21 15:27:57 - [MESSAGE][PASSED] - Call Test Case 'Test Cases/Mes rapports/Mes rapports - CONTENU/TC Verify input field INTERNAL' successfully

2018-08-21 15:27:57 - [TEST_STEP][PASSED] - callTestCase: Call Test Case 'Test Cases/Verify URL/TC Verify Url' successfully

2018-08-21 15:27:57 - [TEST_CASE][PASSED] - Test Cases/Verify URL/TC Verify Url: Test Cases/Verify URL/TC Verify Url

2018-08-21 15:27:57 - [TEST_STEP][PASSED] - waitForPageLoad: Wait for page load successfully

2018-08-21 15:27:57 - [MESSAGE][PASSED] - Wait for page load successfully

2018-08-21 15:27:57 - [TEST_STEP][PASSED] - Statement - url = com.kms.katalon.core.webui.keyword.WebUiBuiltInKeywords.getUrl(): Current window's url is: 'https://internet.acc.sd.dika.be/ebloxreporting/web.sensitive/main/FpyDF/iIz9g8MffKNXfNyb1H/NL/#/definitie/wizard/extern/index/28158/inhoud'

2018-08-21 15:27:57 - [MESSAGE][PASSED] - Current window's url is: 'https://internet.acc.sd.dika.be/ebloxreporting/web.sensitive/main/FpyDF/iIz9g8MffKNXfNyb1H/NL/#/definitie/wizard/extern/index/28158/inhoud'

2018-08-21 15:27:57 - [TEST_STEP][PASSED] - Statement - p = java.util.regex.Pattern.compile("00040 ANTILOPE GROEP"): null

2018-08-21 15:27:57 - [TEST_STEP][PASSED] - Statement - m = p.matcher(url): null

2018-08-21 15:27:57 - [TEST_STEP][PASSED] - Statement - If (m.find()): null

2018-08-21 15:27:57 - [TEST_STEP][PASSED] - Statement - Else: The user name and the concern number are not present in the URL

2018-08-21 15:27:57 - [TEST_STEP][PASSED] - Statement - com.kms.katalon.core.util.KeywordUtil.markPassed("The user name and the concern number are not present in the URL"): The user name and the concern number are not present in the URL

2018-08-21 15:27:57 - [MESSAGE][PASSED] - The user name and the concern number are not present in the URL

2018-08-21 15:27:57 - [MESSAGE][PASSED] - Call Test Case 'Test Cases/Verify URL/TC Verify Url' successfully

2018-08-21 15:27:57 - [TEST_STEP][PASSED] - callTestCase: Call Test Case 'Test Cases/Mes rapports/TC Verify the next button arrow' successfully

2018-08-21 15:27:57 - [TEST_CASE][PASSED] - Test Cases/Mes rapports/TC Verify the next button arrow: Test Cases/Mes rapports/TC Verify the next button arrow

2018-08-21 15:27:57 - [TEST_STEP][PASSED] - waitForElementClickable: Object 'Object Repository/Mes rapports Obj/button_Next_Arrow' is clickable

2018-08-21 15:27:57 - [MESSAGE][PASSED] - Object 'Object Repository/Mes rapports Obj/button_Next_Arrow' is clickable

2018-08-21 15:27:57 - [TEST_STEP][PASSED] - click: Object: 'Object Repository/Mes rapports Obj/button_Next_Arrow' is clicked on

2018-08-21 15:27:58 - [MESSAGE][PASSED] - Object: 'Object Repository/Mes rapports Obj/button_Next_Arrow' is clicked on

2018-08-21 15:27:58 - [TEST_STEP][PASSED] - delay: Delayed 5 second(s)

2018-08-21 15:28:03 - [MESSAGE][PASSED] - Delayed 5 second(s)

2018-08-21 15:28:03 - [MESSAGE][PASSED] - Call Test Case 'Test Cases/Mes rapports/TC Verify the next button arrow' successfully

2018-08-21 15:28:03 - [TEST_STEP][PASSED] - waitForPageLoad: Wait for page load successfully

2018-08-21 15:28:03 - [MESSAGE][PASSED] - Wait for page load successfully

2018-08-21 15:28:03 - [TEST_STEP][PASSED] - callTestCase: Call Test Case 'Test Cases/Mes rapports/Mes rapports - SELECTION/Verify if checkbox is unchecked/TC 10 Deselect all checkbox' successfully

2018-08-21 15:28:03 - [TEST_CASE][PASSED] - Test Cases/Mes rapports/Mes rapports - SELECTION/Verify if checkbox is unchecked/TC 10 Deselect all checkbox: Test Cases/Mes rapports/Mes rapports - SELECTION/Verify if checkbox is unchecked/TC 10 Deselect all checkbox

2018-08-21 15:28:03 - [TEST_STEP][PASSED] - callTestCase: Call Test Case 'Test Cases/Mes rapports/Mes rapports - SELECTION/Verify if checkbox is unchecked/TC 1 Verify Contrats actifs checkbox  is un-checked' successfully

2018-08-21 15:28:03 - [TEST_CASE][PASSED] - Test Cases/Mes rapports/Mes rapports - SELECTION/Verify if checkbox is unchecked/TC 1 Verify Contrats actifs checkbox  is un-checked: Test Cases/Mes rapports/Mes rapports - SELECTION/Verify if checkbox is unchecked/TC 1 Verify Contrats actifs checkbox  is un-checked

2018-08-21 15:28:03 - [TEST_STEP][PASSED] - uncheck: Object 'Object Repository/Mes rapports Obj/SELECTION/Contrats actifs checkBox' is un-checked

2018-08-21 15:28:21 - [MESSAGE][PASSED] - Object 'Object Repository/Mes rapports Obj/SELECTION/Contrats actifs checkBox' is un-checked

2018-08-21 15:28:21 - [MESSAGE][PASSED] - Call Test Case 'Test Cases/Mes rapports/Mes rapports - SELECTION/Verify if checkbox is unchecked/TC 1 Verify Contrats actifs checkbox  is un-checked' successfully

2018-08-21 15:28:21 - [TEST_STEP][PASSED] - callTestCase: Call Test Case 'Test Cases/Mes rapports/Mes rapports - SELECTION/Verify if checkbox is unchecked/TC 2 VErify Dossier and Groupe checkBox  is un-checked' successfully

2018-08-21 15:28:21 - [TEST_CASE][PASSED] - Test Cases/Mes rapports/Mes rapports - SELECTION/Verify if checkbox is unchecked/TC 2 VErify Dossier and Groupe checkBox  is un-checked: Test Cases/Mes rapports/Mes rapports - SELECTION/Verify if checkbox is unchecked/TC 2 VErify Dossier and Groupe checkBox  is un-checked

2018-08-21 15:28:22 - [TEST_STEP][PASSED] - uncheck: Object 'Object Repository/Mes rapports Obj/SELECTION/Dossier and Groupe checkbox' is un-checked

2018-08-21 15:28:22 - [MESSAGE][PASSED] - Object 'Object Repository/Mes rapports Obj/SELECTION/Dossier and Groupe checkbox' is un-checked

2018-08-21 15:28:22 - [MESSAGE][PASSED] - Call Test Case 'Test Cases/Mes rapports/Mes rapports - SELECTION/Verify if checkbox is unchecked/TC 2 VErify Dossier and Groupe checkBox  is un-checked' successfully

2018-08-21 15:28:22 - [TEST_STEP][PASSED] - callTestCase: Call Test Case 'Test Cases/Mes rapports/Mes rapports - SELECTION/Verify if checkbox is unchecked/TC 3 Verify Travailleur checkBox  is un-checked' successfully

2018-08-21 15:28:22 - [TEST_CASE][PASSED] - Test Cases/Mes rapports/Mes rapports - SELECTION/Verify if checkbox is unchecked/TC 3 Verify Travailleur checkBox  is un-checked: Test Cases/Mes rapports/Mes rapports - SELECTION/Verify if checkbox is unchecked/TC 3 Verify Travailleur checkBox  is un-checked

2018-08-21 15:28:22 - [TEST_STEP][PASSED] - uncheck: Object 'Object Repository/Mes rapports Obj/SELECTION/Travailleur checkbox' is un-checked

2018-08-21 15:28:22 - [MESSAGE][PASSED] - Object 'Object Repository/Mes rapports Obj/SELECTION/Travailleur checkbox' is un-checked

2018-08-21 15:28:22 - [MESSAGE][PASSED] - Call Test Case 'Test Cases/Mes rapports/Mes rapports - SELECTION/Verify if checkbox is unchecked/TC 3 Verify Travailleur checkBox  is un-checked' successfully

2018-08-21 15:28:22 - [TEST_STEP][PASSED] - callTestCase: Call Test Case 'Test Cases/Mes rapports/Mes rapports - SELECTION/Verify if checkbox is unchecked/TC 4 Verify Departement checkBox  is un-checked' successfully

2018-08-21 15:28:22 - [TEST_CASE][PASSED] - Test Cases/Mes rapports/Mes rapports - SELECTION/Verify if checkbox is unchecked/TC 4 Verify Departement checkBox  is un-checked: Test Cases/Mes rapports/Mes rapports - SELECTION/Verify if checkbox is unchecked/TC 4 Verify Departement checkBox  is un-checked

2018-08-21 15:28:22 - [TEST_STEP][PASSED] - uncheck: Object 'Object Repository/Mes rapports Obj/SELECTION/Departement checkbox' is un-checked

2018-08-21 15:28:22 - [MESSAGE][PASSED] - Object 'Object Repository/Mes rapports Obj/SELECTION/Departement checkbox' is un-checked

2018-08-21 15:28:22 - [MESSAGE][PASSED] - Call Test Case 'Test Cases/Mes rapports/Mes rapports - SELECTION/Verify if checkbox is unchecked/TC 4 Verify Departement checkBox  is un-checked' successfully

2018-08-21 15:28:22 - [TEST_STEP][PASSED] - callTestCase: Call Test Case 'Test Cases/Mes rapports/Mes rapports - SELECTION/Verify if checkbox is unchecked/TC 5 Verify Caractere juridique du contract checBox  is un-checked' successfully

2018-08-21 15:28:22 - [TEST_CASE][PASSED] - Test Cases/Mes rapports/Mes rapports - SELECTION/Verify if checkbox is unchecked/TC 5 Verify Caractere juridique du contract checBox  is un-checked: Test Cases/Mes rapports/Mes rapports - SELECTION/Verify if checkbox is unchecked/TC 5 Verify Caractere juridique du contract checBox  is un-checked

2018-08-21 15:28:22 - [TEST_STEP][PASSED] - uncheck: Object 'Object Repository/Mes rapports Obj/SELECTION/Caractere juridique de contrat' is un-checked

2018-08-21 15:28:23 - [MESSAGE][PASSED] - Object 'Object Repository/Mes rapports Obj/SELECTION/Caractere juridique de contrat' is un-checked

2018-08-21 15:28:23 - [MESSAGE][PASSED] - Call Test Case 'Test Cases/Mes rapports/Mes rapports - SELECTION/Verify if checkbox is unchecked/TC 5 Verify Caractere juridique du contract checBox  is un-checked' successfully

2018-08-21 15:28:23 - [TEST_STEP][PASSED] - callTestCase: Call Test Case 'Test Cases/Mes rapports/Mes rapports - SELECTION/Verify if checkbox is unchecked/TC 6 Verify Pays de naissance checkBox  is un-checked' successfully

2018-08-21 15:28:23 - [TEST_CASE][PASSED] - Test Cases/Mes rapports/Mes rapports - SELECTION/Verify if checkbox is unchecked/TC 6 Verify Pays de naissance checkBox  is un-checked: Test Cases/Mes rapports/Mes rapports - SELECTION/Verify if checkbox is unchecked/TC 6 Verify Pays de naissance checkBox  is un-checked

2018-08-21 15:28:23 - [TEST_STEP][PASSED] - uncheck: Object 'Object Repository/Mes rapports Obj/SELECTION/Pays de naisssance checkbox' is un-checked

2018-08-21 15:28:23 - [MESSAGE][PASSED] - Object 'Object Repository/Mes rapports Obj/SELECTION/Pays de naisssance checkbox' is un-checked

2018-08-21 15:28:23 - [MESSAGE][PASSED] - Call Test Case 'Test Cases/Mes rapports/Mes rapports - SELECTION/Verify if checkbox is unchecked/TC 6 Verify Pays de naissance checkBox  is un-checked' successfully

2018-08-21 15:28:23 - [TEST_STEP][PASSED] - callTestCase: Call Test Case 'Test Cases/Mes rapports/Mes rapports - SELECTION/Verify if checkbox is unchecked/TC 7 Verify Sexe checkBox  is un-checked' successfully

2018-08-21 15:28:23 - [TEST_CASE][PASSED] - Test Cases/Mes rapports/Mes rapports - SELECTION/Verify if checkbox is unchecked/TC 7 Verify Sexe checkBox  is un-checked: Test Cases/Mes rapports/Mes rapports - SELECTION/Verify if checkbox is unchecked/TC 7 Verify Sexe checkBox  is un-checked

2018-08-21 15:28:23 - [TEST_STEP][PASSED] - uncheck: Object 'Object Repository/Mes rapports Obj/SELECTION/Sexe checkbox' is un-checked

2018-08-21 15:28:23 - [MESSAGE][PASSED] - Object 'Object Repository/Mes rapports Obj/SELECTION/Sexe checkbox' is un-checked

2018-08-21 15:28:23 - [MESSAGE][PASSED] - Call Test Case 'Test Cases/Mes rapports/Mes rapports - SELECTION/Verify if checkbox is unchecked/TC 7 Verify Sexe checkBox  is un-checked' successfully

2018-08-21 15:28:23 - [TEST_STEP][PASSED] - callTestCase: Call Test Case 'Test Cases/Mes rapports/Mes rapports - SELECTION/Verify if checkbox is unchecked/TC 8 Verify Mode de remuneration checkBox  is un-checked' successfully

2018-08-21 15:28:23 - [TEST_CASE][PASSED] - Test Cases/Mes rapports/Mes rapports - SELECTION/Verify if checkbox is unchecked/TC 8 Verify Mode de remuneration checkBox  is un-checked: Test Cases/Mes rapports/Mes rapports - SELECTION/Verify if checkbox is unchecked/TC 8 Verify Mode de remuneration checkBox  is un-checked

2018-08-21 15:28:23 - [TEST_STEP][PASSED] - uncheck: Object 'Object Repository/Mes rapports Obj/SELECTION/Mode de remuneration checkbox' is un-checked

2018-08-21 15:28:23 - [MESSAGE][PASSED] - Object 'Object Repository/Mes rapports Obj/SELECTION/Mode de remuneration checkbox' is un-checked

2018-08-21 15:28:23 - [MESSAGE][PASSED] - Call Test Case 'Test Cases/Mes rapports/Mes rapports - SELECTION/Verify if checkbox is unchecked/TC 8 Verify Mode de remuneration checkBox  is un-checked' successfully

2018-08-21 15:28:23 - [TEST_STEP][PASSED] - callTestCase: Call Test Case 'Test Cases/Mes rapports/Mes rapports - SELECTION/Verify if checkbox is unchecked/TC 9 Verify Suspension checkBox  is un-checked' successfully

2018-08-21 15:28:23 - [TEST_CASE][PASSED] - Test Cases/Mes rapports/Mes rapports - SELECTION/Verify if checkbox is unchecked/TC 9 Verify Suspension checkBox  is un-checked: Test Cases/Mes rapports/Mes rapports - SELECTION/Verify if checkbox is unchecked/TC 9 Verify Suspension checkBox  is un-checked

2018-08-21 15:28:24 - [TEST_STEP][PASSED] - uncheck: Object 'Object Repository/Mes rapports Obj/SELECTION/Suspension checkbox' is un-checked

2018-08-21 15:28:24 - [MESSAGE][PASSED] - Object 'Object Repository/Mes rapports Obj/SELECTION/Suspension checkbox' is un-checked

2018-08-21 15:28:24 - [MESSAGE][PASSED] - Call Test Case 'Test Cases/Mes rapports/Mes rapports - SELECTION/Verify if checkbox is unchecked/TC 9 Verify Suspension checkBox  is un-checked' successfully

2018-08-21 15:28:24 - [MESSAGE][PASSED] - Call Test Case 'Test Cases/Mes rapports/Mes rapports - SELECTION/Verify if checkbox is unchecked/TC 10 Deselect all checkbox' successfully

2018-08-21 15:28:24 - [TEST_STEP][PASSED] - callTestCase: Call Test Case 'Test Cases/Verify URL/TC Verify Url' successfully

2018-08-21 15:28:24 - [TEST_CASE][PASSED] - Test Cases/Verify URL/TC Verify Url: Test Cases/Verify URL/TC Verify Url

2018-08-21 15:28:24 - [TEST_STEP][PASSED] - waitForPageLoad: Wait for page load successfully

2018-08-21 15:28:24 - [MESSAGE][PASSED] - Wait for page load successfully

2018-08-21 15:28:24 - [TEST_STEP][PASSED] - Statement - url = com.kms.katalon.core.webui.keyword.WebUiBuiltInKeywords.getUrl(): Current window's url is: 'https://internet.acc.sd.dika.be/ebloxreporting/web.sensitive/main/FpyDF/iIz9g8MffKNXfNyb1H/NL/#/definitie/wizard/extern/index/28158/selectie'

2018-08-21 15:28:24 - [MESSAGE][PASSED] - Current window's url is: 'https://internet.acc.sd.dika.be/ebloxreporting/web.sensitive/main/FpyDF/iIz9g8MffKNXfNyb1H/NL/#/definitie/wizard/extern/index/28158/selectie'

2018-08-21 15:28:24 - [TEST_STEP][PASSED] - Statement - p = java.util.regex.Pattern.compile("00040 ANTILOPE GROEP"): null

2018-08-21 15:28:24 - [TEST_STEP][PASSED] - Statement - m = p.matcher(url): null

2018-08-21 15:28:24 - [TEST_STEP][PASSED] - Statement - If (m.find()): null

2018-08-21 15:28:24 - [TEST_STEP][PASSED] - Statement - Else: The user name and the concern number are not present in the URL

2018-08-21 15:28:24 - [TEST_STEP][PASSED] - Statement - com.kms.katalon.core.util.KeywordUtil.markPassed("The user name and the concern number are not present in the URL"): The user name and the concern number are not present in the URL

2018-08-21 15:28:24 - [MESSAGE][PASSED] - The user name and the concern number are not present in the URL

2018-08-21 15:28:24 - [MESSAGE][PASSED] - Call Test Case 'Test Cases/Verify URL/TC Verify Url' successfully

2018-08-21 15:28:24 - [TEST_STEP][PASSED] - waitForPageLoad: Wait for page load successfully

2018-08-21 15:28:24 - [MESSAGE][PASSED] - Wait for page load successfully

2018-08-21 15:28:24 - [TEST_STEP][PASSED] - callTestCase: Call Test Case 'Test Cases/Mes rapports/TC Verify the next button arrow' successfully

2018-08-21 15:28:24 - [TEST_CASE][PASSED] - Test Cases/Mes rapports/TC Verify the next button arrow: Test Cases/Mes rapports/TC Verify the next button arrow

2018-08-21 15:28:24 - [TEST_STEP][PASSED] - waitForElementClickable: Object 'Object Repository/Mes rapports Obj/button_Next_Arrow' is clickable

2018-08-21 15:28:24 - [MESSAGE][PASSED] - Object 'Object Repository/Mes rapports Obj/button_Next_Arrow' is clickable

2018-08-21 15:28:24 - [TEST_STEP][PASSED] - click: Object: 'Object Repository/Mes rapports Obj/button_Next_Arrow' is clicked on

2018-08-21 15:28:24 - [MESSAGE][PASSED] - Object: 'Object Repository/Mes rapports Obj/button_Next_Arrow' is clicked on

2018-08-21 15:28:24 - [TEST_STEP][PASSED] - delay: Delayed 5 second(s)

2018-08-21 15:28:29 - [MESSAGE][PASSED] - Delayed 5 second(s)

2018-08-21 15:28:29 - [MESSAGE][PASSED] - Call Test Case 'Test Cases/Mes rapports/TC Verify the next button arrow' successfully

2018-08-21 15:28:29 - [TEST_STEP][PASSED] - click: Object: 'Object Repository/Mes rapports Obj/EXECUTION/Button executer' is clicked on

2018-08-21 15:28:29 - [MESSAGE][PASSED] - Object: 'Object Repository/Mes rapports Obj/EXECUTION/Button executer' is clicked on

2018-08-21 15:28:29 - [TEST_STEP][PASSED] - closeBrowser: Browser is closed

2018-08-21 15:28:30 - [MESSAGE][PASSED] - Browser is closed]]></system-out>
         <system-err><![CDATA[]]></system-err>
      </testcase>
      <testcase name="Test Cases/New Folder/TC12 NEGATIVE VALUES" classname="Test Cases/New Folder/TC12 NEGATIVE VALUES" status="PASSED">
         <system-out><![CDATA[2018-08-21 15:28:30 - [TEST_CASE][PASSED] - Test Cases/New Folder/TC12 NEGATIVE VALUES: Test Cases/New Folder/TC12 NEGATIVE VALUES

2018-08-21 15:28:30 - [TEST_STEP][PASSED] - callTestCase: Call Test Case 'Test Cases/Login/TC1 Login to Mysdworx' successfully

2018-08-21 15:28:30 - [TEST_CASE][PASSED] - Test Cases/Login/TC1 Login to Mysdworx: Test Cases/Login/TC1 Login to Mysdworx

2018-08-21 15:28:30 - [TEST_STEP][PASSED] - openBrowser: Browser is opened with url: ''

2018-08-21 15:28:32 - [MESSAGE][PASSED] - Browser is opened with url: ''

2018-08-21 15:28:32 - [TEST_STEP][PASSED] - navigateToUrl: Navigate to 'https://internet.acc.sd.dika.be/ebloxreporting/web.sensitive/main/?lang=fr' successfully

2018-08-21 15:28:37 - [MESSAGE][PASSED] - Navigate to 'https://internet.acc.sd.dika.be/ebloxreporting/web.sensitive/main/?lang=fr' successfully

2018-08-21 15:28:37 - [TEST_STEP][PASSED] - maximizeWindow: Current window maximized

2018-08-21 15:28:38 - [MESSAGE][PASSED] - Current window maximized

2018-08-21 15:28:38 - [TEST_STEP][PASSED] - setText: Text 'DP_EBLOX_RPP_VASCO' is set on object 'Object Repository/Page_mysdworx - Log in/input_Username'

2018-08-21 15:28:45 - [MESSAGE][PASSED] - Text 'DP_EBLOX_RPP_VASCO' is set on object 'Object Repository/Page_mysdworx - Log in/input_Username'

2018-08-21 15:28:45 - [TEST_STEP][PASSED] - Statement - frame = new javax.swing.JFrame(User Input Frame): null

2018-08-21 15:28:45 - [TEST_STEP][PASSED] - Statement - frame.requestFocus(): null

2018-08-21 15:28:45 - [TEST_STEP][PASSED] - Statement - pass = javax.swing.JOptionPane.showInputDialog(frame, "Enter the password from token!!"): null

2018-08-21 15:28:57 - [TEST_STEP][PASSED] - delay: Delayed 2 second(s)

2018-08-21 15:28:59 - [MESSAGE][PASSED] - Delayed 2 second(s)

2018-08-21 15:28:59 - [TEST_STEP][PASSED] - setText: Text '001767' is set on object 'Object Repository/Page_mysdworx - Log in/input_Password'

2018-08-21 15:29:00 - [MESSAGE][PASSED] - Text '001767' is set on object 'Object Repository/Page_mysdworx - Log in/input_Password'

2018-08-21 15:29:00 - [TEST_STEP][PASSED] - click: Object: 'Object Repository/Page_mysdworx - Log in/button_Se connecter' is clicked on

2018-08-21 15:29:00 - [MESSAGE][PASSED] - Object: 'Object Repository/Page_mysdworx - Log in/button_Se connecter' is clicked on

2018-08-21 15:29:00 - [TEST_STEP][PASSED] - waitForPageLoad: Wait for page load successfully

2018-08-21 15:29:00 - [MESSAGE][PASSED] - Wait for page load successfully

2018-08-21 15:29:00 - [TEST_STEP][NOT_RUN] - closeBrowser: NOT_RUN: closeBrowser

2018-08-21 15:29:00 - [MESSAGE][NOT_RUN] - NOT_RUN: closeBrowser

2018-08-21 15:29:00 - [MESSAGE][PASSED] - Call Test Case 'Test Cases/Login/TC1 Login to Mysdworx' successfully

2018-08-21 15:29:00 - [TEST_STEP][PASSED] - waitForPageLoad: Wait for page load successfully

2018-08-21 15:29:00 - [MESSAGE][PASSED] - Wait for page load successfully

2018-08-21 15:29:00 - [TEST_STEP][PASSED] - callTestCase: Call Test Case 'Test Cases/Select Language/TC1 Verify NL language' successfully

2018-08-21 15:29:00 - [TEST_CASE][PASSED] - Test Cases/Select Language/TC1 Verify NL language: Test Cases/Select Language/TC1 Verify NL language

2018-08-21 15:29:00 - [TEST_STEP][PASSED] - waitForElementClickable: Object 'Object Repository/Change language link Obj/NL_language' is clickable

2018-08-21 15:29:21 - [MESSAGE][PASSED] - Object 'Object Repository/Change language link Obj/NL_language' is clickable

2018-08-21 15:29:21 - [TEST_STEP][PASSED] - click: Object: 'Object Repository/Change language link Obj/NL_language' is clicked on

2018-08-21 15:29:28 - [MESSAGE][PASSED] - Object: 'Object Repository/Change language link Obj/NL_language' is clicked on

2018-08-21 15:29:28 - [TEST_STEP][PASSED] - waitForPageLoad: Wait for page load successfully

2018-08-21 15:29:28 - [MESSAGE][PASSED] - Wait for page load successfully

2018-08-21 15:29:28 - [MESSAGE][PASSED] - Call Test Case 'Test Cases/Select Language/TC1 Verify NL language' successfully

2018-08-21 15:29:28 - [TEST_STEP][PASSED] - waitForPageLoad: Wait for page load successfully

2018-08-21 15:29:28 - [MESSAGE][PASSED] - Wait for page load successfully

2018-08-21 15:29:28 - [TEST_STEP][PASSED] - setText: Text 'REG NEGATIEF' is set on object 'Object Repository/Mes rapports Obj/input search filter'

2018-08-21 15:29:31 - [MESSAGE][PASSED] - Text 'REG NEGATIEF' is set on object 'Object Repository/Mes rapports Obj/input search filter'

2018-08-21 15:29:31 - [TEST_STEP][PASSED] - click: Object: 'Object Repository/Page_eBlox Reporting/Search_Icon' is clicked on

2018-08-21 15:29:31 - [MESSAGE][PASSED] - Object: 'Object Repository/Page_eBlox Reporting/Search_Icon' is clicked on

2018-08-21 15:29:31 - [TEST_STEP][PASSED] - Statement - myTestObject = new com.kms.katalon.core.testobject.TestObject(Select_report_NEGATIEF): null

2018-08-21 15:29:31 - [TEST_STEP][PASSED] - Statement - myTestObject.addProperty("xpath", EQUALS, "//a[@ui-sref='uitvoering.index({id:item.id})']//span[@text='REG NEGATIEF']"): null

2018-08-21 15:29:31 - [TEST_STEP][PASSED] - click: Object: 'Select_report_NEGATIEF' is clicked on

2018-08-21 15:29:31 - [MESSAGE][PASSED] - Object: 'Select_report_NEGATIEF' is clicked on

2018-08-21 15:29:31 - [TEST_STEP][PASSED] - waitForPageLoad: Wait for page load successfully

2018-08-21 15:29:31 - [MESSAGE][PASSED] - Wait for page load successfully

2018-08-21 15:29:31 - [TEST_STEP][PASSED] - delay: Delayed 2 second(s)

2018-08-21 15:29:33 - [MESSAGE][PASSED] - Delayed 2 second(s)

2018-08-21 15:29:33 - [TEST_STEP][PASSED] - Statement - historic = com.kms.katalon.core.webui.keyword.WebUiBuiltInKeywords.modifyObjectProperty(com.kms.katalon.core.testobject.ObjectRepository.findTestObject(Mes rapports Obj/EXECUTION/Description _Date de reference historique), "xpath", "contains", "//*[@id="uitvoering-parameters"]/div/div[2]/div/div/table/tbody/tr[2]/td[2]/div/div/rapp-date-prompt/div/div/rapp-special-values/div/button", true): Modify property of object successfully

2018-08-21 15:29:33 - [MESSAGE][PASSED] - Modify property of object successfully

2018-08-21 15:29:33 - [TEST_STEP][PASSED] - click: Object: 'Object Repository/Mes rapports Obj/EXECUTION/Description _Date de reference historique' is clicked on

2018-08-21 15:29:34 - [MESSAGE][PASSED] - Object: 'Object Repository/Mes rapports Obj/EXECUTION/Description _Date de reference historique' is clicked on

2018-08-21 15:29:34 - [TEST_STEP][PASSED] - delay: Delayed 2 second(s)

2018-08-21 15:29:36 - [MESSAGE][PASSED] - Delayed 2 second(s)

2018-08-21 15:29:36 - [TEST_STEP][PASSED] - click: Object: 'Object Repository/Mes rapports Obj/EXECUTION/Aujourdhui - Vandaag' is clicked on

2018-08-21 15:29:36 - [MESSAGE][PASSED] - Object: 'Object Repository/Mes rapports Obj/EXECUTION/Aujourdhui - Vandaag' is clicked on

2018-08-21 15:29:36 - [TEST_STEP][PASSED] - click: Object: 'Object Repository/Mes rapports Obj/EXECUTION/Button executer' is clicked on

2018-08-21 15:29:36 - [MESSAGE][PASSED] - Object: 'Object Repository/Mes rapports Obj/EXECUTION/Button executer' is clicked on

2018-08-21 15:29:36 - [TEST_STEP][PASSED] - waitForPageLoad: Wait for page load successfully

2018-08-21 15:29:36 - [MESSAGE][PASSED] - Wait for page load successfully

2018-08-21 15:29:36 - [TEST_STEP][PASSED] - delay: Delayed 10 second(s)

2018-08-21 15:29:46 - [MESSAGE][PASSED] - Delayed 10 second(s)

2018-08-21 15:29:46 - [TEST_STEP][PASSED] - closeBrowser: Browser is closed

2018-08-21 15:29:46 - [MESSAGE][PASSED] - Browser is closed]]></system-out>
         <system-err><![CDATA[]]></system-err>
      </testcase>
      <testcase name="Test Cases/New Folder/TC14 OWN COLUMNS" classname="Test Cases/New Folder/TC14 OWN COLUMNS" status="PASSED">
         <system-out><![CDATA[2018-08-21 15:29:46 - [TEST_CASE][PASSED] - Test Cases/New Folder/TC14 OWN COLUMNS: Test Cases/New Folder/TC14 OWN COLUMNS

2018-08-21 15:29:47 - [TEST_STEP][PASSED] - callTestCase: Call Test Case 'Test Cases/Login/TC1 Login to Mysdworx' successfully

2018-08-21 15:29:47 - [TEST_CASE][PASSED] - Test Cases/Login/TC1 Login to Mysdworx: Test Cases/Login/TC1 Login to Mysdworx

2018-08-21 15:29:47 - [TEST_STEP][PASSED] - openBrowser: Browser is opened with url: ''

2018-08-21 15:29:49 - [MESSAGE][PASSED] - Browser is opened with url: ''

2018-08-21 15:29:49 - [TEST_STEP][PASSED] - navigateToUrl: Navigate to 'https://internet.acc.sd.dika.be/ebloxreporting/web.sensitive/main/?lang=fr' successfully

2018-08-21 15:29:54 - [MESSAGE][PASSED] - Navigate to 'https://internet.acc.sd.dika.be/ebloxreporting/web.sensitive/main/?lang=fr' successfully

2018-08-21 15:29:54 - [TEST_STEP][PASSED] - maximizeWindow: Current window maximized

2018-08-21 15:29:55 - [MESSAGE][PASSED] - Current window maximized

2018-08-21 15:29:55 - [TEST_STEP][PASSED] - setText: Text 'DP_EBLOX_RPP_VASCO' is set on object 'Object Repository/Page_mysdworx - Log in/input_Username'

2018-08-21 15:29:59 - [MESSAGE][PASSED] - Text 'DP_EBLOX_RPP_VASCO' is set on object 'Object Repository/Page_mysdworx - Log in/input_Username'

2018-08-21 15:29:59 - [TEST_STEP][PASSED] - Statement - frame = new javax.swing.JFrame(User Input Frame): null

2018-08-21 15:29:59 - [TEST_STEP][PASSED] - Statement - frame.requestFocus(): null

2018-08-21 15:29:59 - [TEST_STEP][PASSED] - Statement - pass = javax.swing.JOptionPane.showInputDialog(frame, "Enter the password from token!!"): null

2018-08-21 15:30:04 - [TEST_STEP][PASSED] - delay: Delayed 2 second(s)

2018-08-21 15:30:06 - [MESSAGE][PASSED] - Delayed 2 second(s)

2018-08-21 15:30:06 - [TEST_STEP][PASSED] - setText: Text '444314' is set on object 'Object Repository/Page_mysdworx - Log in/input_Password'

2018-08-21 15:30:06 - [MESSAGE][PASSED] - Text '444314' is set on object 'Object Repository/Page_mysdworx - Log in/input_Password'

2018-08-21 15:30:06 - [TEST_STEP][PASSED] - click: Object: 'Object Repository/Page_mysdworx - Log in/button_Se connecter' is clicked on

2018-08-21 15:30:06 - [MESSAGE][PASSED] - Object: 'Object Repository/Page_mysdworx - Log in/button_Se connecter' is clicked on

2018-08-21 15:30:06 - [TEST_STEP][PASSED] - waitForPageLoad: Wait for page load successfully

2018-08-21 15:30:06 - [MESSAGE][PASSED] - Wait for page load successfully

2018-08-21 15:30:06 - [TEST_STEP][NOT_RUN] - closeBrowser: NOT_RUN: closeBrowser

2018-08-21 15:30:06 - [MESSAGE][NOT_RUN] - NOT_RUN: closeBrowser

2018-08-21 15:30:06 - [MESSAGE][PASSED] - Call Test Case 'Test Cases/Login/TC1 Login to Mysdworx' successfully

2018-08-21 15:30:06 - [TEST_STEP][PASSED] - waitForPageLoad: Wait for page load successfully

2018-08-21 15:30:06 - [MESSAGE][PASSED] - Wait for page load successfully

2018-08-21 15:30:06 - [TEST_STEP][PASSED] - callTestCase: Call Test Case 'Test Cases/Select Language/TC1 Verify NL language' successfully

2018-08-21 15:30:06 - [TEST_CASE][PASSED] - Test Cases/Select Language/TC1 Verify NL language: Test Cases/Select Language/TC1 Verify NL language

2018-08-21 15:30:06 - [TEST_STEP][PASSED] - waitForElementClickable: Object 'Object Repository/Change language link Obj/NL_language' is clickable

2018-08-21 15:30:28 - [MESSAGE][PASSED] - Object 'Object Repository/Change language link Obj/NL_language' is clickable

2018-08-21 15:30:28 - [TEST_STEP][PASSED] - click: Object: 'Object Repository/Change language link Obj/NL_language' is clicked on

2018-08-21 15:30:33 - [MESSAGE][PASSED] - Object: 'Object Repository/Change language link Obj/NL_language' is clicked on

2018-08-21 15:30:33 - [TEST_STEP][PASSED] - waitForPageLoad: Wait for page load successfully

2018-08-21 15:30:33 - [MESSAGE][PASSED] - Wait for page load successfully

2018-08-21 15:30:33 - [MESSAGE][PASSED] - Call Test Case 'Test Cases/Select Language/TC1 Verify NL language' successfully

2018-08-21 15:30:33 - [TEST_STEP][PASSED] - waitForPageLoad: Wait for page load successfully

2018-08-21 15:30:33 - [MESSAGE][PASSED] - Wait for page load successfully

2018-08-21 15:30:33 - [TEST_STEP][PASSED] - setText: Text 'REG EIGEN RUBRIEK' is set on object 'Object Repository/Mes rapports Obj/input search filter'

2018-08-21 15:30:36 - [MESSAGE][PASSED] - Text 'REG EIGEN RUBRIEK' is set on object 'Object Repository/Mes rapports Obj/input search filter'

2018-08-21 15:30:36 - [TEST_STEP][PASSED] - click: Object: 'Object Repository/Page_eBlox Reporting/Search_Icon' is clicked on

2018-08-21 15:30:36 - [MESSAGE][PASSED] - Object: 'Object Repository/Page_eBlox Reporting/Search_Icon' is clicked on

2018-08-21 15:30:36 - [TEST_STEP][PASSED] - Statement - myTestObject = new com.kms.katalon.core.testobject.TestObject(Select_report): null

2018-08-21 15:30:36 - [TEST_STEP][PASSED] - Statement - myTestObject.addProperty("xpath", EQUALS, "//span[@text='REG EIGEN RUBRIEK']"): null

2018-08-21 15:30:36 - [TEST_STEP][PASSED] - click: Object: 'Select_report' is clicked on

2018-08-21 15:30:36 - [MESSAGE][PASSED] - Object: 'Select_report' is clicked on

2018-08-21 15:30:36 - [TEST_STEP][PASSED] - delay: Delayed 2 second(s)

2018-08-21 15:30:38 - [MESSAGE][PASSED] - Delayed 2 second(s)

2018-08-21 15:30:38 - [TEST_STEP][PASSED] - waitForElementClickable: Object 'Object Repository/Mes rapports Obj/EXECUTION/Description _Date de reference historique' is clickable

2018-08-21 15:30:39 - [MESSAGE][PASSED] - Object 'Object Repository/Mes rapports Obj/EXECUTION/Description _Date de reference historique' is clickable

2018-08-21 15:30:39 - [TEST_STEP][PASSED] - click: Object: 'Object Repository/Mes rapports Obj/EXECUTION/Description _Date de reference historique' is clicked on

2018-08-21 15:30:39 - [MESSAGE][PASSED] - Object: 'Object Repository/Mes rapports Obj/EXECUTION/Description _Date de reference historique' is clicked on

2018-08-21 15:30:39 - [TEST_STEP][PASSED] - delay: Delayed 2 second(s)

2018-08-21 15:30:41 - [MESSAGE][PASSED] - Delayed 2 second(s)

2018-08-21 15:30:41 - [TEST_STEP][PASSED] - click: Object: 'Object Repository/Mes rapports Obj/EXECUTION/Description_Date de reference historique - Dernier jour mois precedent' is clicked on

2018-08-21 15:30:41 - [MESSAGE][PASSED] - Object: 'Object Repository/Mes rapports Obj/EXECUTION/Description_Date de reference historique - Dernier jour mois precedent' is clicked on

2018-08-21 15:30:41 - [TEST_STEP][PASSED] - click: Object: 'Object Repository/Mes rapports Obj/EXECUTION/Button executer' is clicked on

2018-08-21 15:30:41 - [MESSAGE][PASSED] - Object: 'Object Repository/Mes rapports Obj/EXECUTION/Button executer' is clicked on

2018-08-21 15:30:41 - [TEST_STEP][PASSED] - closeBrowser: Browser is closed

2018-08-21 15:30:42 - [MESSAGE][PASSED] - Browser is closed]]></system-out>
         <system-err><![CDATA[]]></system-err>
      </testcase>
      <testcase name="Test Cases/New Folder/TC4 BASED ON MY REPORTS" classname="Test Cases/New Folder/TC4 BASED ON MY REPORTS" status="FAILED">
         <failure type="FAILED" message="Unable to un-check object 'Object Repository/Mes rapports Obj/SELECTION/Contrats actifs checkBox' (Root cause: com.kms.katalon.core.webui.exception.WebElementNotFoundException: Web element with id: 'Object Repository/Mes rapports Obj/SELECTION/Contrats actifs checkBox' located by 'By.xpath: //*[@id=&quot;wizard-page&quot;]/div[2]/div/div/div/div/div[1]/div[2]/div/div/form/div/div/div[1]/div/span/label/input[count(. | //input[@type = 'checkbox' and @ng-show = 'fixedSelectie.actief' and @ng-model = 'fixedSelectie.criterium.actief' and @class = 'ng-pristine ng-untouched ng-valid']) = count(//input[@type = 'checkbox' and @ng-show = 'fixedSelectie.actief' and @ng-model = 'fixedSelectie.criterium.actief' and @class = 'ng-pristine ng-untouched ng-valid'])]' not found)"/>
         <system-out><![CDATA[2018-08-21 15:30:42 - [TEST_CASE][FAILED] - Test Cases/New Folder/TC4 BASED ON MY REPORTS: Test Cases/New Folder/TC4 BASED ON MY REPORTS FAILED because (of) Unable to un-check object 'Object Repository/Mes rapports Obj/SELECTION/Contrats actifs checkBox' (Root cause: com.kms.katalon.core.webui.exception.WebElementNotFoundException: Web element with id: 'Object Repository/Mes rapports Obj/SELECTION/Contrats actifs checkBox' located by 'By.xpath: //*[@id="wizard-page"]/div[2]/div/div/div/div/div[1]/div[2]/div/div/form/div/div/div[1]/div/span/label/input[count(. | //input[@type = 'checkbox' and @ng-show = 'fixedSelectie.actief' and @ng-model = 'fixedSelectie.criterium.actief' and @class = 'ng-pristine ng-untouched ng-valid']) = count(//input[@type = 'checkbox' and @ng-show = 'fixedSelectie.actief' and @ng-model = 'fixedSelectie.criterium.actief' and @class = 'ng-pristine ng-untouched ng-valid'])]' not found)

2018-08-21 15:30:42 - [TEST_STEP][PASSED] - callTestCase: Call Test Case 'Test Cases/Login/TC1 Login to Mysdworx' successfully

2018-08-21 15:30:42 - [TEST_CASE][PASSED] - Test Cases/Login/TC1 Login to Mysdworx: Test Cases/Login/TC1 Login to Mysdworx

2018-08-21 15:30:42 - [TEST_STEP][PASSED] - openBrowser: Browser is opened with url: ''

2018-08-21 15:30:44 - [MESSAGE][PASSED] - Browser is opened with url: ''

2018-08-21 15:30:44 - [TEST_STEP][PASSED] - navigateToUrl: Navigate to 'https://internet.acc.sd.dika.be/ebloxreporting/web.sensitive/main/?lang=fr' successfully

2018-08-21 15:30:49 - [MESSAGE][PASSED] - Navigate to 'https://internet.acc.sd.dika.be/ebloxreporting/web.sensitive/main/?lang=fr' successfully

2018-08-21 15:30:49 - [TEST_STEP][PASSED] - maximizeWindow: Current window maximized

2018-08-21 15:30:50 - [MESSAGE][PASSED] - Current window maximized

2018-08-21 15:30:50 - [TEST_STEP][PASSED] - setText: Text 'DP_EBLOX_RPP_VASCO' is set on object 'Object Repository/Page_mysdworx - Log in/input_Username'

2018-08-21 15:30:54 - [MESSAGE][PASSED] - Text 'DP_EBLOX_RPP_VASCO' is set on object 'Object Repository/Page_mysdworx - Log in/input_Username'

2018-08-21 15:30:54 - [TEST_STEP][PASSED] - Statement - frame = new javax.swing.JFrame(User Input Frame): null

2018-08-21 15:30:54 - [TEST_STEP][PASSED] - Statement - frame.requestFocus(): null

2018-08-21 15:30:54 - [TEST_STEP][PASSED] - Statement - pass = javax.swing.JOptionPane.showInputDialog(frame, "Enter the password from token!!"): null

2018-08-21 15:30:56 - [TEST_STEP][PASSED] - delay: Delayed 2 second(s)

2018-08-21 15:30:58 - [MESSAGE][PASSED] - Delayed 2 second(s)

2018-08-21 15:30:58 - [TEST_STEP][PASSED] - setText: Text '400439' is set on object 'Object Repository/Page_mysdworx - Log in/input_Password'

2018-08-21 15:30:58 - [MESSAGE][PASSED] - Text '400439' is set on object 'Object Repository/Page_mysdworx - Log in/input_Password'

2018-08-21 15:30:58 - [TEST_STEP][PASSED] - click: Object: 'Object Repository/Page_mysdworx - Log in/button_Se connecter' is clicked on

2018-08-21 15:30:58 - [MESSAGE][PASSED] - Object: 'Object Repository/Page_mysdworx - Log in/button_Se connecter' is clicked on

2018-08-21 15:30:58 - [TEST_STEP][PASSED] - waitForPageLoad: Wait for page load successfully

2018-08-21 15:30:58 - [MESSAGE][PASSED] - Wait for page load successfully

2018-08-21 15:30:58 - [TEST_STEP][NOT_RUN] - closeBrowser: NOT_RUN: closeBrowser

2018-08-21 15:30:58 - [MESSAGE][NOT_RUN] - NOT_RUN: closeBrowser

2018-08-21 15:30:58 - [MESSAGE][PASSED] - Call Test Case 'Test Cases/Login/TC1 Login to Mysdworx' successfully

2018-08-21 15:30:58 - [TEST_STEP][PASSED] - waitForPageLoad: Wait for page load successfully

2018-08-21 15:30:58 - [MESSAGE][PASSED] - Wait for page load successfully

2018-08-21 15:30:58 - [TEST_STEP][PASSED] - callTestCase: Call Test Case 'Test Cases/Select Language/TC1 Verify NL language' successfully

2018-08-21 15:30:59 - [TEST_CASE][PASSED] - Test Cases/Select Language/TC1 Verify NL language: Test Cases/Select Language/TC1 Verify NL language

2018-08-21 15:30:59 - [TEST_STEP][PASSED] - waitForElementClickable: Object 'Object Repository/Change language link Obj/NL_language' is clickable

2018-08-21 15:31:21 - [MESSAGE][PASSED] - Object 'Object Repository/Change language link Obj/NL_language' is clickable

2018-08-21 15:31:21 - [TEST_STEP][PASSED] - click: Object: 'Object Repository/Change language link Obj/NL_language' is clicked on

2018-08-21 15:31:27 - [MESSAGE][PASSED] - Object: 'Object Repository/Change language link Obj/NL_language' is clicked on

2018-08-21 15:31:27 - [TEST_STEP][PASSED] - waitForPageLoad: Wait for page load successfully

2018-08-21 15:31:27 - [MESSAGE][PASSED] - Wait for page load successfully

2018-08-21 15:31:27 - [MESSAGE][PASSED] - Call Test Case 'Test Cases/Select Language/TC1 Verify NL language' successfully

2018-08-21 15:31:27 - [TEST_STEP][PASSED] - waitForPageLoad: Wait for page load successfully

2018-08-21 15:31:27 - [MESSAGE][PASSED] - Wait for page load successfully

2018-08-21 15:31:27 - [TEST_STEP][PASSED] - callTestCase: Call Test Case 'Test Cases/Mes rapports/Verify Nouveau rapport button' successfully

2018-08-21 15:31:27 - [TEST_CASE][PASSED] - Test Cases/Mes rapports/Verify Nouveau rapport button: Test Cases/Mes rapports/Verify Nouveau rapport button

2018-08-21 15:31:27 - [TEST_STEP][PASSED] - click: Object: 'Object Repository/Mes rapports Obj/button_Nouveau rapport' is clicked on

2018-08-21 15:31:33 - [MESSAGE][PASSED] - Object: 'Object Repository/Mes rapports Obj/button_Nouveau rapport' is clicked on

2018-08-21 15:31:33 - [TEST_STEP][PASSED] - waitForPageLoad: Wait for page load successfully

2018-08-21 15:31:33 - [MESSAGE][PASSED] - Wait for page load successfully

2018-08-21 15:31:33 - [MESSAGE][PASSED] - Call Test Case 'Test Cases/Mes rapports/Verify Nouveau rapport button' successfully

2018-08-21 15:31:33 - [TEST_STEP][PASSED] - callTestCase: Call Test Case 'Test Cases/Mes rapports/Mes rapports - BASE DE RAPPORT/TC2  Verify radio button Baser sur un rapport issu de Mes rapports' successfully

2018-08-21 15:31:33 - [TEST_CASE][PASSED] - Test Cases/Mes rapports/Mes rapports - BASE DE RAPPORT/TC2  Verify radio button Baser sur un rapport issu de Mes rapports: Test Cases/Mes rapports/Mes rapports - BASE DE RAPPORT/TC2  Verify radio button Baser sur un rapport issu de Mes rapports

2018-08-21 15:31:33 - [TEST_STEP][PASSED] - click: Object: 'Object Repository/Mes rapports Obj/BASE DE RAPPORT/radioButton_Baser sur un rapport issu de Mes rapports' is clicked on

2018-08-21 15:31:34 - [MESSAGE][PASSED] - Object: 'Object Repository/Mes rapports Obj/BASE DE RAPPORT/radioButton_Baser sur un rapport issu de Mes rapports' is clicked on

2018-08-21 15:31:34 - [MESSAGE][PASSED] - Call Test Case 'Test Cases/Mes rapports/Mes rapports - BASE DE RAPPORT/TC2  Verify radio button Baser sur un rapport issu de Mes rapports' successfully

2018-08-21 15:31:34 - [TEST_STEP][PASSED] - click: Object: 'Object Repository/Mes rapports Obj/BASE DE RAPPORT/Baser sur un rapport issu de mes rapport dropdown' is clicked on

2018-08-21 15:31:35 - [MESSAGE][PASSED] - Object: 'Object Repository/Mes rapports Obj/BASE DE RAPPORT/Baser sur un rapport issu de mes rapport dropdown' is clicked on

2018-08-21 15:31:35 - [TEST_STEP][PASSED] - setText: Text 'TEST 2 MAU JAN 2018 (SANJIV)' is set on object 'Object Repository/Mes rapports Obj/BASE DE RAPPORT/Mes rapport input'

2018-08-21 15:31:35 - [MESSAGE][PASSED] - Text 'TEST 2 MAU JAN 2018 (SANJIV)' is set on object 'Object Repository/Mes rapports Obj/BASE DE RAPPORT/Mes rapport input'

2018-08-21 15:31:35 - [TEST_STEP][PASSED] - sendKeys: Keys 'ENTER + ' sent to object: 'Object Repository/Mes rapports Obj/BASE DE RAPPORT/Mes rapport input'

2018-08-21 15:31:35 - [MESSAGE][PASSED] - Keys 'ENTER + ' sent to object: 'Object Repository/Mes rapports Obj/BASE DE RAPPORT/Mes rapport input'

2018-08-21 15:31:35 - [TEST_STEP][PASSED] - callTestCase: Call Test Case 'Test Cases/Mes rapports/TC Verify the next button arrow' successfully

2018-08-21 15:31:35 - [TEST_CASE][PASSED] - Test Cases/Mes rapports/TC Verify the next button arrow: Test Cases/Mes rapports/TC Verify the next button arrow

2018-08-21 15:31:35 - [TEST_STEP][PASSED] - waitForElementClickable: Object 'Object Repository/Mes rapports Obj/button_Next_Arrow' is clickable

2018-08-21 15:31:35 - [MESSAGE][PASSED] - Object 'Object Repository/Mes rapports Obj/button_Next_Arrow' is clickable

2018-08-21 15:31:35 - [TEST_STEP][PASSED] - click: Object: 'Object Repository/Mes rapports Obj/button_Next_Arrow' is clicked on

2018-08-21 15:31:35 - [MESSAGE][PASSED] - Object: 'Object Repository/Mes rapports Obj/button_Next_Arrow' is clicked on

2018-08-21 15:31:35 - [TEST_STEP][PASSED] - delay: Delayed 5 second(s)

2018-08-21 15:31:40 - [MESSAGE][PASSED] - Delayed 5 second(s)

2018-08-21 15:31:40 - [MESSAGE][PASSED] - Call Test Case 'Test Cases/Mes rapports/TC Verify the next button arrow' successfully

2018-08-21 15:31:40 - [TEST_STEP][PASSED] - click: Object: 'Object Repository/Mes rapports Obj/CONTENU/Click on contenu' is clicked on

2018-08-21 15:31:41 - [MESSAGE][PASSED] - Object: 'Object Repository/Mes rapports Obj/CONTENU/Click on contenu' is clicked on

2018-08-21 15:31:41 - [TEST_STEP][PASSED] - click: Object: 'Object Repository/Mes rapports Obj/CONTENU/delete' is clicked on

2018-08-21 15:31:41 - [MESSAGE][PASSED] - Object: 'Object Repository/Mes rapports Obj/CONTENU/delete' is clicked on

2018-08-21 15:31:41 - [TEST_STEP][PASSED] - callTestCase: Call Test Case 'Test Cases/Verify URL/TC Verify Url' successfully

2018-08-21 15:31:41 - [TEST_CASE][PASSED] - Test Cases/Verify URL/TC Verify Url: Test Cases/Verify URL/TC Verify Url

2018-08-21 15:31:41 - [TEST_STEP][PASSED] - waitForPageLoad: Wait for page load successfully

2018-08-21 15:31:41 - [MESSAGE][PASSED] - Wait for page load successfully

2018-08-21 15:31:41 - [TEST_STEP][PASSED] - Statement - url = com.kms.katalon.core.webui.keyword.WebUiBuiltInKeywords.getUrl(): Current window's url is: 'https://internet.acc.sd.dika.be/ebloxreporting/web.sensitive/main/FpyDF/iIz9g8MffKNXfNyb1H/NL/#/definitie/wizard/extern/index/28159/inhoud'

2018-08-21 15:31:41 - [MESSAGE][PASSED] - Current window's url is: 'https://internet.acc.sd.dika.be/ebloxreporting/web.sensitive/main/FpyDF/iIz9g8MffKNXfNyb1H/NL/#/definitie/wizard/extern/index/28159/inhoud'

2018-08-21 15:31:41 - [TEST_STEP][PASSED] - Statement - p = java.util.regex.Pattern.compile("00040 ANTILOPE GROEP"): null

2018-08-21 15:31:41 - [TEST_STEP][PASSED] - Statement - m = p.matcher(url): null

2018-08-21 15:31:41 - [TEST_STEP][PASSED] - Statement - If (m.find()): null

2018-08-21 15:31:41 - [TEST_STEP][PASSED] - Statement - Else: The user name and the concern number are not present in the URL

2018-08-21 15:31:41 - [TEST_STEP][PASSED] - Statement - com.kms.katalon.core.util.KeywordUtil.markPassed("The user name and the concern number are not present in the URL"): The user name and the concern number are not present in the URL

2018-08-21 15:31:41 - [MESSAGE][PASSED] - The user name and the concern number are not present in the URL

2018-08-21 15:31:41 - [MESSAGE][PASSED] - Call Test Case 'Test Cases/Verify URL/TC Verify Url' successfully

2018-08-21 15:31:41 - [TEST_STEP][PASSED] - callTestCase: Call Test Case 'Test Cases/Mes rapports/TC Verify the next button arrow' successfully

2018-08-21 15:31:41 - [TEST_CASE][PASSED] - Test Cases/Mes rapports/TC Verify the next button arrow: Test Cases/Mes rapports/TC Verify the next button arrow

2018-08-21 15:31:41 - [TEST_STEP][PASSED] - waitForElementClickable: Object 'Object Repository/Mes rapports Obj/button_Next_Arrow' is clickable

2018-08-21 15:31:41 - [MESSAGE][PASSED] - Object 'Object Repository/Mes rapports Obj/button_Next_Arrow' is clickable

2018-08-21 15:31:41 - [TEST_STEP][PASSED] - click: Object: 'Object Repository/Mes rapports Obj/button_Next_Arrow' is clicked on

2018-08-21 15:31:41 - [MESSAGE][PASSED] - Object: 'Object Repository/Mes rapports Obj/button_Next_Arrow' is clicked on

2018-08-21 15:31:41 - [TEST_STEP][PASSED] - delay: Delayed 5 second(s)

2018-08-21 15:31:46 - [MESSAGE][PASSED] - Delayed 5 second(s)

2018-08-21 15:31:46 - [MESSAGE][PASSED] - Call Test Case 'Test Cases/Mes rapports/TC Verify the next button arrow' successfully

2018-08-21 15:31:46 - [TEST_STEP][PASSED] - waitForPageLoad: Wait for page load successfully

2018-08-21 15:31:46 - [MESSAGE][PASSED] - Wait for page load successfully

2018-08-21 15:31:46 - [TEST_STEP][FAILED] - callTestCase: Unable to call Test Case with id 'Test Cases/Mes rapports/Mes rapports - SELECTION/Verify if checkbox is unchecked/TC 10 Deselect all checkbox' (Root cause: Call Test Case 'Test Cases/Mes rapports/Mes rapports - SELECTION/Verify if checkbox is unchecked/TC 10 Deselect all checkbox' failed)

2018-08-21 15:31:46 - [TEST_CASE][FAILED] - Test Cases/Mes rapports/Mes rapports - SELECTION/Verify if checkbox is unchecked/TC 10 Deselect all checkbox: Test Cases/Mes rapports/Mes rapports - SELECTION/Verify if checkbox is unchecked/TC 10 Deselect all checkbox FAILED because (of) Unable to un-check object 'Object Repository/Mes rapports Obj/SELECTION/Contrats actifs checkBox' (Root cause: com.kms.katalon.core.webui.exception.WebElementNotFoundException: Web element with id: 'Object Repository/Mes rapports Obj/SELECTION/Contrats actifs checkBox' located by 'By.xpath: //*[@id="wizard-page"]/div[2]/div/div/div/div/div[1]/div[2]/div/div/form/div/div/div[1]/div/span/label/input[count(. | //input[@type = 'checkbox' and @ng-show = 'fixedSelectie.actief' and @ng-model = 'fixedSelectie.criterium.actief' and @class = 'ng-pristine ng-untouched ng-valid']) = count(//input[@type = 'checkbox' and @ng-show = 'fixedSelectie.actief' and @ng-model = 'fixedSelectie.criterium.actief' and @class = 'ng-pristine ng-untouched ng-valid'])]' not found)

2018-08-21 15:31:46 - [TEST_STEP][FAILED] - callTestCase: Unable to call Test Case with id 'Test Cases/Mes rapports/Mes rapports - SELECTION/Verify if checkbox is unchecked/TC 1 Verify Contrats actifs checkbox  is un-checked' (Root cause: Call Test Case 'Test Cases/Mes rapports/Mes rapports - SELECTION/Verify if checkbox is unchecked/TC 1 Verify Contrats actifs checkbox  is un-checked' failed)

2018-08-21 15:31:47 - [TEST_CASE][FAILED] - Test Cases/Mes rapports/Mes rapports - SELECTION/Verify if checkbox is unchecked/TC 1 Verify Contrats actifs checkbox  is un-checked: Test Cases/Mes rapports/Mes rapports - SELECTION/Verify if checkbox is unchecked/TC 1 Verify Contrats actifs checkbox  is un-checked FAILED because (of) Unable to un-check object 'Object Repository/Mes rapports Obj/SELECTION/Contrats actifs checkBox' (Root cause: com.kms.katalon.core.webui.exception.WebElementNotFoundException: Web element with id: 'Object Repository/Mes rapports Obj/SELECTION/Contrats actifs checkBox' located by 'By.xpath: //*[@id="wizard-page"]/div[2]/div/div/div/div/div[1]/div[2]/div/div/form/div/div/div[1]/div/span/label/input[count(. | //input[@type = 'checkbox' and @ng-show = 'fixedSelectie.actief' and @ng-model = 'fixedSelectie.criterium.actief' and @class = 'ng-pristine ng-untouched ng-valid']) = count(//input[@type = 'checkbox' and @ng-show = 'fixedSelectie.actief' and @ng-model = 'fixedSelectie.criterium.actief' and @class = 'ng-pristine ng-untouched ng-valid'])]' not found)

2018-08-21 15:31:47 - [TEST_STEP][FAILED] - uncheck: Unable to un-check object 'Object Repository/Mes rapports Obj/SELECTION/Contrats actifs checkBox' (Root cause: com.kms.katalon.core.webui.exception.WebElementNotFoundException: Web element with id: 'Object Repository/Mes rapports Obj/SELECTION/Contrats actifs checkBox' located by 'By.xpath: //*[@id="wizard-page"]/div[2]/div/div/div/div/div[1]/div[2]/div/div/form/div/div/div[1]/div/span/label/input[count(. | //input[@type = 'checkbox' and @ng-show = 'fixedSelectie.actief' and @ng-model = 'fixedSelectie.criterium.actief' and @class = 'ng-pristine ng-untouched ng-valid']) = count(//input[@type = 'checkbox' and @ng-show = 'fixedSelectie.actief' and @ng-model = 'fixedSelectie.criterium.actief' and @class = 'ng-pristine ng-untouched ng-valid'])]' not found)

2018-08-21 15:32:18 - [MESSAGE][FAILED] - Unable to un-check object 'Object Repository/Mes rapports Obj/SELECTION/Contrats actifs checkBox' (Root cause: com.kms.katalon.core.webui.exception.WebElementNotFoundException: Web element with id: 'Object Repository/Mes rapports Obj/SELECTION/Contrats actifs checkBox' located by 'By.xpath: //*[@id="wizard-page"]/div[2]/div/div/div/div/div[1]/div[2]/div/div/form/div/div/div[1]/div/span/label/input[count(. | //input[@type = 'checkbox' and @ng-show = 'fixedSelectie.actief' and @ng-model = 'fixedSelectie.criterium.actief' and @class = 'ng-pristine ng-untouched ng-valid']) = count(//input[@type = 'checkbox' and @ng-show = 'fixedSelectie.actief' and @ng-model = 'fixedSelectie.criterium.actief' and @class = 'ng-pristine ng-untouched ng-valid'])]' not found)
[[ATTACHMENT|C:\\Users\\seeboruts\\OneDrive - SD Worx\\Desktop\\Katalon_eBlox_Reporting\\Reports\\testing\\Demo\\20180821_152456\\1534851138156.png]]

2018-08-21 15:32:18 - [MESSAGE][FAILED] - Unable to call Test Case with id 'Test Cases/Mes rapports/Mes rapports - SELECTION/Verify if checkbox is unchecked/TC 1 Verify Contrats actifs checkbox  is un-checked' (Root cause: Call Test Case 'Test Cases/Mes rapports/Mes rapports - SELECTION/Verify if checkbox is unchecked/TC 1 Verify Contrats actifs checkbox  is un-checked' failed)

2018-08-21 15:32:18 - [MESSAGE][FAILED] - Unable to call Test Case with id 'Test Cases/Mes rapports/Mes rapports - SELECTION/Verify if checkbox is unchecked/TC 10 Deselect all checkbox' (Root cause: Call Test Case 'Test Cases/Mes rapports/Mes rapports - SELECTION/Verify if checkbox is unchecked/TC 10 Deselect all checkbox' failed)]]></system-out>
         <system-err><![CDATA[2018-08-21 15:30:42 - [TEST_CASE][FAILED] - Test Cases/New Folder/TC4 BASED ON MY REPORTS: Test Cases/New Folder/TC4 BASED ON MY REPORTS FAILED because (of) Unable to un-check object 'Object Repository/Mes rapports Obj/SELECTION/Contrats actifs checkBox' (Root cause: com.kms.katalon.core.webui.exception.WebElementNotFoundException: Web element with id: 'Object Repository/Mes rapports Obj/SELECTION/Contrats actifs checkBox' located by 'By.xpath: //*[@id="wizard-page"]/div[2]/div/div/div/div/div[1]/div[2]/div/div/form/div/div/div[1]/div/span/label/input[count(. | //input[@type = 'checkbox' and @ng-show = 'fixedSelectie.actief' and @ng-model = 'fixedSelectie.criterium.actief' and @class = 'ng-pristine ng-untouched ng-valid']) = count(//input[@type = 'checkbox' and @ng-show = 'fixedSelectie.actief' and @ng-model = 'fixedSelectie.criterium.actief' and @class = 'ng-pristine ng-untouched ng-valid'])]' not found)]]></system-err>
      </testcase>
      <testcase name="Test Cases/New Folder/TC17 ARGUMENT AGE" classname="Test Cases/New Folder/TC17 ARGUMENT AGE" status="PASSED">
         <system-out><![CDATA[2018-08-21 15:32:18 - [TEST_CASE][PASSED] - Test Cases/New Folder/TC17 ARGUMENT AGE: Test Cases/New Folder/TC17 ARGUMENT AGE

2018-08-21 15:32:18 - [TEST_STEP][PASSED] - callTestCase: Call Test Case 'Test Cases/Login/TC1 Login to Mysdworx' successfully

2018-08-21 15:32:18 - [TEST_CASE][PASSED] - Test Cases/Login/TC1 Login to Mysdworx: Test Cases/Login/TC1 Login to Mysdworx

2018-08-21 15:32:18 - [TEST_STEP][PASSED] - openBrowser: Browser is opened with url: ''

2018-08-21 15:32:18 - [MESSAGE][WARNING] - A browser is already opened. Closing browser and opening a new one

2018-08-21 15:32:21 - [MESSAGE][PASSED] - Browser is opened with url: ''

2018-08-21 15:32:21 - [TEST_STEP][PASSED] - navigateToUrl: Navigate to 'https://internet.acc.sd.dika.be/ebloxreporting/web.sensitive/main/?lang=fr' successfully

2018-08-21 15:32:26 - [MESSAGE][PASSED] - Navigate to 'https://internet.acc.sd.dika.be/ebloxreporting/web.sensitive/main/?lang=fr' successfully

2018-08-21 15:32:26 - [TEST_STEP][PASSED] - maximizeWindow: Current window maximized

2018-08-21 15:32:27 - [MESSAGE][PASSED] - Current window maximized

2018-08-21 15:32:27 - [TEST_STEP][PASSED] - setText: Text 'DP_EBLOX_RPP_VASCO' is set on object 'Object Repository/Page_mysdworx - Log in/input_Username'

2018-08-21 15:32:31 - [MESSAGE][PASSED] - Text 'DP_EBLOX_RPP_VASCO' is set on object 'Object Repository/Page_mysdworx - Log in/input_Username'

2018-08-21 15:32:31 - [TEST_STEP][PASSED] - Statement - frame = new javax.swing.JFrame(User Input Frame): null

2018-08-21 15:32:31 - [TEST_STEP][PASSED] - Statement - frame.requestFocus(): null

2018-08-21 15:32:31 - [TEST_STEP][PASSED] - Statement - pass = javax.swing.JOptionPane.showInputDialog(frame, "Enter the password from token!!"): null

2018-08-21 15:53:12 - [TEST_STEP][PASSED] - delay: Delayed 2 second(s)

2018-08-21 15:53:14 - [MESSAGE][PASSED] - Delayed 2 second(s)

2018-08-21 15:53:14 - [TEST_STEP][PASSED] - setText: Text '928702' is set on object 'Object Repository/Page_mysdworx - Log in/input_Password'

2018-08-21 15:53:14 - [MESSAGE][PASSED] - Text '928702' is set on object 'Object Repository/Page_mysdworx - Log in/input_Password'

2018-08-21 15:53:14 - [TEST_STEP][PASSED] - click: Object: 'Object Repository/Page_mysdworx - Log in/button_Se connecter' is clicked on

2018-08-21 15:53:14 - [MESSAGE][PASSED] - Object: 'Object Repository/Page_mysdworx - Log in/button_Se connecter' is clicked on

2018-08-21 15:53:14 - [TEST_STEP][PASSED] - waitForPageLoad: Wait for page load successfully

2018-08-21 15:53:14 - [MESSAGE][PASSED] - Wait for page load successfully

2018-08-21 15:53:14 - [TEST_STEP][NOT_RUN] - closeBrowser: NOT_RUN: closeBrowser

2018-08-21 15:53:14 - [MESSAGE][NOT_RUN] - NOT_RUN: closeBrowser

2018-08-21 15:53:14 - [MESSAGE][PASSED] - Call Test Case 'Test Cases/Login/TC1 Login to Mysdworx' successfully

2018-08-21 15:53:14 - [TEST_STEP][PASSED] - waitForPageLoad: Wait for page load successfully

2018-08-21 15:53:14 - [MESSAGE][PASSED] - Wait for page load successfully

2018-08-21 15:53:14 - [TEST_STEP][PASSED] - callTestCase: Call Test Case 'Test Cases/Select Language/TC1 Verify NL language' successfully

2018-08-21 15:53:14 - [TEST_CASE][PASSED] - Test Cases/Select Language/TC1 Verify NL language: Test Cases/Select Language/TC1 Verify NL language

2018-08-21 15:53:14 - [TEST_STEP][PASSED] - waitForElementClickable: Object 'Object Repository/Change language link Obj/NL_language' is clickable

2018-08-21 15:53:36 - [MESSAGE][PASSED] - Object 'Object Repository/Change language link Obj/NL_language' is clickable

2018-08-21 15:53:36 - [TEST_STEP][PASSED] - click: Object: 'Object Repository/Change language link Obj/NL_language' is clicked on

2018-08-21 15:53:41 - [MESSAGE][PASSED] - Object: 'Object Repository/Change language link Obj/NL_language' is clicked on

2018-08-21 15:53:41 - [TEST_STEP][PASSED] - waitForPageLoad: Wait for page load successfully

2018-08-21 15:53:41 - [MESSAGE][PASSED] - Wait for page load successfully

2018-08-21 15:53:41 - [MESSAGE][PASSED] - Call Test Case 'Test Cases/Select Language/TC1 Verify NL language' successfully

2018-08-21 15:53:41 - [TEST_STEP][PASSED] - callTestCase: Call Test Case 'Test Cases/Mes rapports/Main Page/TC Verify Mes rapports tab' successfully

2018-08-21 15:53:41 - [TEST_CASE][PASSED] - Test Cases/Mes rapports/Main Page/TC Verify Mes rapports tab: Test Cases/Mes rapports/Main Page/TC Verify Mes rapports tab

2018-08-21 15:53:41 - [TEST_STEP][PASSED] - click: Object: 'Object Repository/Mes rapports Obj/Mes rapports_tab' is clicked on

2018-08-21 15:53:42 - [MESSAGE][PASSED] - Object: 'Object Repository/Mes rapports Obj/Mes rapports_tab' is clicked on

2018-08-21 15:53:42 - [MESSAGE][PASSED] - Call Test Case 'Test Cases/Mes rapports/Main Page/TC Verify Mes rapports tab' successfully

2018-08-21 15:53:42 - [TEST_STEP][PASSED] - setText: Text 'REG ARGUMENT LEEFTIJD' is set on object 'Object Repository/Mes rapports Obj/input search filter'

2018-08-21 15:53:44 - [MESSAGE][PASSED] - Text 'REG ARGUMENT LEEFTIJD' is set on object 'Object Repository/Mes rapports Obj/input search filter'

2018-08-21 15:53:44 - [TEST_STEP][PASSED] - click: Object: 'Object Repository/Page_eBlox Reporting/Search_Icon' is clicked on

2018-08-21 15:53:45 - [MESSAGE][PASSED] - Object: 'Object Repository/Page_eBlox Reporting/Search_Icon' is clicked on

2018-08-21 15:53:45 - [TEST_STEP][PASSED] - Statement - myTestObject = new com.kms.katalon.core.testobject.TestObject(Select_report): null

2018-08-21 15:53:45 - [TEST_STEP][PASSED] - Statement - myTestObject.addProperty("xpath", EQUALS, "//a[@class='hide-on-hover']//span[@text='REG LEEFTIJD ARGUMENT']"): null

2018-08-21 15:53:45 - [TEST_STEP][PASSED] - click: Object: 'Select_report' is clicked on

2018-08-21 15:53:45 - [MESSAGE][PASSED] - Object: 'Select_report' is clicked on

2018-08-21 15:53:45 - [TEST_STEP][PASSED] - delay: Delayed 2 second(s)

2018-08-21 15:53:47 - [MESSAGE][PASSED] - Delayed 2 second(s)

2018-08-21 15:53:47 - [TEST_STEP][PASSED] - waitForElementClickable: Object 'Object Repository/Mes rapports Obj/EXECUTION/Description _Date de reference historique' is clickable

2018-08-21 15:53:47 - [MESSAGE][PASSED] - Object 'Object Repository/Mes rapports Obj/EXECUTION/Description _Date de reference historique' is clickable

2018-08-21 15:53:47 - [TEST_STEP][PASSED] - click: Object: 'Object Repository/Mes rapports Obj/EXECUTION/Description _Date de reference historique' is clicked on

2018-08-21 15:53:47 - [MESSAGE][PASSED] - Object: 'Object Repository/Mes rapports Obj/EXECUTION/Description _Date de reference historique' is clicked on

2018-08-21 15:53:47 - [TEST_STEP][PASSED] - delay: Delayed 2 second(s)

2018-08-21 15:53:49 - [MESSAGE][PASSED] - Delayed 2 second(s)

2018-08-21 15:53:49 - [TEST_STEP][PASSED] - click: Object: 'Object Repository/Mes rapports Obj/EXECUTION/Aujourdhui - Vandaag' is clicked on

2018-08-21 15:53:49 - [MESSAGE][PASSED] - Object: 'Object Repository/Mes rapports Obj/EXECUTION/Aujourdhui - Vandaag' is clicked on

2018-08-21 15:53:49 - [TEST_STEP][PASSED] - click: Object: 'Object Repository/Mes rapports Obj/EXECUTION/Button executer' is clicked on

2018-08-21 15:53:50 - [MESSAGE][PASSED] - Object: 'Object Repository/Mes rapports Obj/EXECUTION/Button executer' is clicked on

2018-08-21 15:53:50 - [TEST_STEP][PASSED] - waitForPageLoad: Wait for page load successfully

2018-08-21 15:53:50 - [MESSAGE][PASSED] - Wait for page load successfully

2018-08-21 15:53:50 - [TEST_STEP][PASSED] - closeBrowser: Browser is closed

2018-08-21 15:53:50 - [MESSAGE][PASSED] - Browser is closed]]></system-out>
         <system-err><![CDATA[]]></system-err>
      </testcase>
      <testcase name="Test Cases/New Folder/TC15 COLUMNS" classname="Test Cases/New Folder/TC15 COLUMNS" status="PASSED">
         <system-out><![CDATA[2018-08-21 15:53:50 - [TEST_CASE][PASSED] - Test Cases/New Folder/TC15 COLUMNS: Test Cases/New Folder/TC15 COLUMNS

2018-08-21 15:53:50 - [TEST_STEP][PASSED] - callTestCase: Call Test Case 'Test Cases/Login/TC1 Login to Mysdworx' successfully

2018-08-21 15:53:50 - [TEST_CASE][PASSED] - Test Cases/Login/TC1 Login to Mysdworx: Test Cases/Login/TC1 Login to Mysdworx

2018-08-21 15:53:50 - [TEST_STEP][PASSED] - openBrowser: Browser is opened with url: ''

2018-08-21 15:53:53 - [MESSAGE][PASSED] - Browser is opened with url: ''

2018-08-21 15:53:53 - [TEST_STEP][PASSED] - navigateToUrl: Navigate to 'https://internet.acc.sd.dika.be/ebloxreporting/web.sensitive/main/?lang=fr' successfully

2018-08-21 15:53:58 - [MESSAGE][PASSED] - Navigate to 'https://internet.acc.sd.dika.be/ebloxreporting/web.sensitive/main/?lang=fr' successfully

2018-08-21 15:53:58 - [TEST_STEP][PASSED] - maximizeWindow: Current window maximized

2018-08-21 15:53:59 - [MESSAGE][PASSED] - Current window maximized

2018-08-21 15:53:59 - [TEST_STEP][PASSED] - setText: Text 'DP_EBLOX_RPP_VASCO' is set on object 'Object Repository/Page_mysdworx - Log in/input_Username'

2018-08-21 15:54:02 - [MESSAGE][PASSED] - Text 'DP_EBLOX_RPP_VASCO' is set on object 'Object Repository/Page_mysdworx - Log in/input_Username'

2018-08-21 15:54:02 - [TEST_STEP][PASSED] - Statement - frame = new javax.swing.JFrame(User Input Frame): null

2018-08-21 15:54:02 - [TEST_STEP][PASSED] - Statement - frame.requestFocus(): null

2018-08-21 15:54:02 - [TEST_STEP][PASSED] - Statement - pass = javax.swing.JOptionPane.showInputDialog(frame, "Enter the password from token!!"): null

2018-08-21 15:54:08 - [TEST_STEP][PASSED] - delay: Delayed 2 second(s)

2018-08-21 15:54:10 - [MESSAGE][PASSED] - Delayed 2 second(s)

2018-08-21 15:54:10 - [TEST_STEP][PASSED] - setText: Text '062530' is set on object 'Object Repository/Page_mysdworx - Log in/input_Password'

2018-08-21 15:54:10 - [MESSAGE][PASSED] - Text '062530' is set on object 'Object Repository/Page_mysdworx - Log in/input_Password'

2018-08-21 15:54:10 - [TEST_STEP][PASSED] - click: Object: 'Object Repository/Page_mysdworx - Log in/button_Se connecter' is clicked on

2018-08-21 15:54:10 - [MESSAGE][PASSED] - Object: 'Object Repository/Page_mysdworx - Log in/button_Se connecter' is clicked on

2018-08-21 15:54:10 - [TEST_STEP][PASSED] - waitForPageLoad: Wait for page load successfully

2018-08-21 15:54:10 - [MESSAGE][PASSED] - Wait for page load successfully

2018-08-21 15:54:10 - [TEST_STEP][NOT_RUN] - closeBrowser: NOT_RUN: closeBrowser

2018-08-21 15:54:10 - [MESSAGE][NOT_RUN] - NOT_RUN: closeBrowser

2018-08-21 15:54:10 - [MESSAGE][PASSED] - Call Test Case 'Test Cases/Login/TC1 Login to Mysdworx' successfully

2018-08-21 15:54:10 - [TEST_STEP][PASSED] - waitForPageLoad: Wait for page load successfully

2018-08-21 15:54:10 - [MESSAGE][PASSED] - Wait for page load successfully

2018-08-21 15:54:10 - [TEST_STEP][PASSED] - callTestCase: Call Test Case 'Test Cases/Select Language/TC1 Verify NL language' successfully

2018-08-21 15:54:10 - [TEST_CASE][PASSED] - Test Cases/Select Language/TC1 Verify NL language: Test Cases/Select Language/TC1 Verify NL language

2018-08-21 15:54:10 - [TEST_STEP][PASSED] - waitForElementClickable: Object 'Object Repository/Change language link Obj/NL_language' is clickable

2018-08-21 15:54:34 - [MESSAGE][PASSED] - Object 'Object Repository/Change language link Obj/NL_language' is clickable

2018-08-21 15:54:34 - [TEST_STEP][PASSED] - click: Object: 'Object Repository/Change language link Obj/NL_language' is clicked on

2018-08-21 15:54:39 - [MESSAGE][PASSED] - Object: 'Object Repository/Change language link Obj/NL_language' is clicked on

2018-08-21 15:54:39 - [TEST_STEP][PASSED] - waitForPageLoad: Wait for page load successfully

2018-08-21 15:54:39 - [MESSAGE][PASSED] - Wait for page load successfully

2018-08-21 15:54:39 - [MESSAGE][PASSED] - Call Test Case 'Test Cases/Select Language/TC1 Verify NL language' successfully

2018-08-21 15:54:39 - [TEST_STEP][PASSED] - waitForPageLoad: Wait for page load successfully

2018-08-21 15:54:39 - [MESSAGE][PASSED] - Wait for page load successfully

2018-08-21 15:54:39 - [TEST_STEP][PASSED] - setText: Text 'REG RUBRIEK' is set on object 'Object Repository/Mes rapports Obj/input search filter'

2018-08-21 15:54:42 - [MESSAGE][PASSED] - Text 'REG RUBRIEK' is set on object 'Object Repository/Mes rapports Obj/input search filter'

2018-08-21 15:54:42 - [TEST_STEP][PASSED] - click: Object: 'Object Repository/Page_eBlox Reporting/Search_Icon' is clicked on

2018-08-21 15:54:42 - [MESSAGE][PASSED] - Object: 'Object Repository/Page_eBlox Reporting/Search_Icon' is clicked on

2018-08-21 15:54:42 - [TEST_STEP][PASSED] - Statement - REG_RUBRIEK = new com.kms.katalon.core.testobject.TestObject(Select_report): null

2018-08-21 15:54:42 - [TEST_STEP][PASSED] - Statement - REG_RUBRIEK.addProperty("xpath", EQUALS, "//a[@class='hide-on-hover']//span[@text='REG + RUBRIEK']"): null

2018-08-21 15:54:42 - [TEST_STEP][PASSED] - click: Object: 'Select_report' is clicked on

2018-08-21 15:54:42 - [MESSAGE][PASSED] - Object: 'Select_report' is clicked on

2018-08-21 15:54:42 - [TEST_STEP][PASSED] - waitForPageLoad: Wait for page load successfully

2018-08-21 15:54:43 - [MESSAGE][PASSED] - Wait for page load successfully

2018-08-21 15:54:43 - [TEST_STEP][PASSED] - waitForElementClickable: Object 'Object Repository/Page_eBlox Rapportering/Definition' is clickable

2018-08-21 15:54:44 - [MESSAGE][PASSED] - Object 'Object Repository/Page_eBlox Rapportering/Definition' is clickable

2018-08-21 15:54:44 - [TEST_STEP][PASSED] - Statement - definition = com.kms.katalon.core.webui.keyword.WebUiBuiltInKeywords.modifyObjectProperty(com.kms.katalon.core.testobject.ObjectRepository.findTestObject(Page_eBlox Rapportering/Definition), "xpath", "contains", "//a[contains(text(),'Definitie')]", true): Modify property of object successfully

2018-08-21 15:54:44 - [MESSAGE][PASSED] - Modify property of object successfully

2018-08-21 15:54:44 - [TEST_STEP][PASSED] - click: Object: 'Object Repository/Page_eBlox Rapportering/Definition' is clicked on

2018-08-21 15:54:44 - [MESSAGE][PASSED] - Object: 'Object Repository/Page_eBlox Rapportering/Definition' is clicked on

2018-08-21 15:54:44 - [TEST_STEP][PASSED] - click: Object: 'Object Repository/Mes rapports Obj/EXECUTION/Button executer' is clicked on

2018-08-21 15:54:44 - [MESSAGE][PASSED] - Object: 'Object Repository/Mes rapports Obj/EXECUTION/Button executer' is clicked on

2018-08-21 15:54:44 - [TEST_STEP][PASSED] - closeBrowser: Browser is closed

2018-08-21 15:54:44 - [MESSAGE][PASSED] - Browser is closed]]></system-out>
         <system-err><![CDATA[]]></system-err>
      </testcase>
      <testcase name="Test Cases/New Folder/TC3 VALIDATION" classname="Test Cases/New Folder/TC3 VALIDATION" status="FAILED">
         <failure type="FAILED" message="Unable to wait for object 'Object Repository/Mes rapports Obj/button_Next_Arrow' to be clickable (Root cause: org.openqa.selenium.StaleElementReferenceException: stale element reference: element is not attached to the page document
  (Session info: chrome=68.0.3440.106)
  (Driver info: chromedriver=2.35.528161 (5b82f2d2aae0ca24b877009200ced9065a772e73),platform=Windows NT 10.0.16299 x86_64) (WARNING: The server did not provide any stacktrace information)
Command duration or timeout: 0 milliseconds
For documentation on this error, please visit: http://seleniumhq.org/exceptions/stale_element_reference.html
Build info: version: '3.7.1', revision: '8a0099a', time: '2017-11-06T21:07:36.161Z'
System info: host: '5CG7062KWD', ip: '10.136.82.137', os.name: 'Windows 10', os.arch: 'amd64', os.version: '10.0', java.version: '1.8.0_181'
Driver info: com.kms.katalon.selenium.driver.CChromeDriver
Capabilities {acceptInsecureCerts: false, acceptSslCerts: false, applicationCacheEnabled: false, browserConnectionEnabled: false, browserName: chrome, chrome: {chromedriverVersion: 2.35.528161 (5b82f2d2aae0ca..., userDataDir: C:\Users\SEEBOR~1\AppData\L...}, cssSelectorsEnabled: true, databaseEnabled: false, handlesAlerts: true, hasTouchScreen: false, javascriptEnabled: true, locationContextEnabled: true, mobileEmulationEnabled: false, nativeEvents: true, networkConnectionEnabled: false, pageLoadStrategy: normal, platform: XP, platformName: XP, rotatable: false, setWindowRect: true, takesHeapSnapshot: true, takesScreenshot: true, unexpectedAlertBehaviour: , unhandledPromptBehavior: , version: 68.0.3440.106, webStorageEnabled: true}
Session ID: d407f218d83ec761c447eceb85999bf4)"/>
         <system-out><![CDATA[2018-08-21 15:54:44 - [TEST_CASE][FAILED] - Test Cases/New Folder/TC3 VALIDATION: Test Cases/New Folder/TC3 VALIDATION FAILED because (of) Unable to wait for object 'Object Repository/Mes rapports Obj/button_Next_Arrow' to be clickable (Root cause: org.openqa.selenium.StaleElementReferenceException: stale element reference: element is not attached to the page document
  (Session info: chrome=68.0.3440.106)
  (Driver info: chromedriver=2.35.528161 (5b82f2d2aae0ca24b877009200ced9065a772e73),platform=Windows NT 10.0.16299 x86_64) (WARNING: The server did not provide any stacktrace information)
Command duration or timeout: 0 milliseconds
For documentation on this error, please visit: http://seleniumhq.org/exceptions/stale_element_reference.html
Build info: version: '3.7.1', revision: '8a0099a', time: '2017-11-06T21:07:36.161Z'
System info: host: '5CG7062KWD', ip: '10.136.82.137', os.name: 'Windows 10', os.arch: 'amd64', os.version: '10.0', java.version: '1.8.0_181'
Driver info: com.kms.katalon.selenium.driver.CChromeDriver
Capabilities {acceptInsecureCerts: false, acceptSslCerts: false, applicationCacheEnabled: false, browserConnectionEnabled: false, browserName: chrome, chrome: {chromedriverVersion: 2.35.528161 (5b82f2d2aae0ca..., userDataDir: C:\Users\SEEBOR~1\AppData\L...}, cssSelectorsEnabled: true, databaseEnabled: false, handlesAlerts: true, hasTouchScreen: false, javascriptEnabled: true, locationContextEnabled: true, mobileEmulationEnabled: false, nativeEvents: true, networkConnectionEnabled: false, pageLoadStrategy: normal, platform: XP, platformName: XP, rotatable: false, setWindowRect: true, takesHeapSnapshot: true, takesScreenshot: true, unexpectedAlertBehaviour: , unhandledPromptBehavior: , version: 68.0.3440.106, webStorageEnabled: true}
Session ID: d407f218d83ec761c447eceb85999bf4)

2018-08-21 15:54:45 - [TEST_STEP][PASSED] - callTestCase: Call Test Case 'Test Cases/Login/TC1 Login to Mysdworx' successfully

2018-08-21 15:54:45 - [TEST_CASE][PASSED] - Test Cases/Login/TC1 Login to Mysdworx: Test Cases/Login/TC1 Login to Mysdworx

2018-08-21 15:54:45 - [TEST_STEP][PASSED] - openBrowser: Browser is opened with url: ''

2018-08-21 15:54:47 - [MESSAGE][PASSED] - Browser is opened with url: ''

2018-08-21 15:54:47 - [TEST_STEP][PASSED] - navigateToUrl: Navigate to 'https://internet.acc.sd.dika.be/ebloxreporting/web.sensitive/main/?lang=fr' successfully

2018-08-21 15:54:52 - [MESSAGE][PASSED] - Navigate to 'https://internet.acc.sd.dika.be/ebloxreporting/web.sensitive/main/?lang=fr' successfully

2018-08-21 15:54:52 - [TEST_STEP][PASSED] - maximizeWindow: Current window maximized

2018-08-21 15:54:53 - [MESSAGE][PASSED] - Current window maximized

2018-08-21 15:54:53 - [TEST_STEP][PASSED] - setText: Text 'DP_EBLOX_RPP_VASCO' is set on object 'Object Repository/Page_mysdworx - Log in/input_Username'

2018-08-21 15:54:56 - [MESSAGE][PASSED] - Text 'DP_EBLOX_RPP_VASCO' is set on object 'Object Repository/Page_mysdworx - Log in/input_Username'

2018-08-21 15:54:56 - [TEST_STEP][PASSED] - Statement - frame = new javax.swing.JFrame(User Input Frame): null

2018-08-21 15:54:56 - [TEST_STEP][PASSED] - Statement - frame.requestFocus(): null

2018-08-21 15:54:56 - [TEST_STEP][PASSED] - Statement - pass = javax.swing.JOptionPane.showInputDialog(frame, "Enter the password from token!!"): null

2018-08-21 15:55:02 - [TEST_STEP][PASSED] - delay: Delayed 2 second(s)

2018-08-21 15:55:04 - [MESSAGE][PASSED] - Delayed 2 second(s)

2018-08-21 15:55:04 - [TEST_STEP][PASSED] - setText: Text '396891' is set on object 'Object Repository/Page_mysdworx - Log in/input_Password'

2018-08-21 15:55:04 - [MESSAGE][PASSED] - Text '396891' is set on object 'Object Repository/Page_mysdworx - Log in/input_Password'

2018-08-21 15:55:04 - [TEST_STEP][PASSED] - click: Object: 'Object Repository/Page_mysdworx - Log in/button_Se connecter' is clicked on

2018-08-21 15:55:05 - [MESSAGE][PASSED] - Object: 'Object Repository/Page_mysdworx - Log in/button_Se connecter' is clicked on

2018-08-21 15:55:05 - [TEST_STEP][PASSED] - waitForPageLoad: Wait for page load successfully

2018-08-21 15:55:05 - [MESSAGE][PASSED] - Wait for page load successfully

2018-08-21 15:55:05 - [TEST_STEP][NOT_RUN] - closeBrowser: NOT_RUN: closeBrowser

2018-08-21 15:55:05 - [MESSAGE][NOT_RUN] - NOT_RUN: closeBrowser

2018-08-21 15:55:05 - [MESSAGE][PASSED] - Call Test Case 'Test Cases/Login/TC1 Login to Mysdworx' successfully

2018-08-21 15:55:05 - [TEST_STEP][PASSED] - waitForPageLoad: Wait for page load successfully

2018-08-21 15:55:05 - [MESSAGE][PASSED] - Wait for page load successfully

2018-08-21 15:55:05 - [TEST_STEP][PASSED] - callTestCase: Call Test Case 'Test Cases/Select Language/TC1 Verify NL language' successfully

2018-08-21 15:55:05 - [TEST_CASE][PASSED] - Test Cases/Select Language/TC1 Verify NL language: Test Cases/Select Language/TC1 Verify NL language

2018-08-21 15:55:05 - [TEST_STEP][PASSED] - waitForElementClickable: Object 'Object Repository/Change language link Obj/NL_language' is clickable

2018-08-21 15:55:26 - [MESSAGE][PASSED] - Object 'Object Repository/Change language link Obj/NL_language' is clickable

2018-08-21 15:55:26 - [TEST_STEP][PASSED] - click: Object: 'Object Repository/Change language link Obj/NL_language' is clicked on

2018-08-21 15:55:31 - [MESSAGE][PASSED] - Object: 'Object Repository/Change language link Obj/NL_language' is clicked on

2018-08-21 15:55:31 - [TEST_STEP][PASSED] - waitForPageLoad: Wait for page load successfully

2018-08-21 15:55:31 - [MESSAGE][PASSED] - Wait for page load successfully

2018-08-21 15:55:31 - [MESSAGE][PASSED] - Call Test Case 'Test Cases/Select Language/TC1 Verify NL language' successfully

2018-08-21 15:55:31 - [TEST_STEP][PASSED] - callTestCase: Call Test Case 'Test Cases/Mes rapports/Verify Nouveau rapport button' successfully

2018-08-21 15:55:31 - [TEST_CASE][PASSED] - Test Cases/Mes rapports/Verify Nouveau rapport button: Test Cases/Mes rapports/Verify Nouveau rapport button

2018-08-21 15:55:31 - [TEST_STEP][PASSED] - click: Object: 'Object Repository/Mes rapports Obj/button_Nouveau rapport' is clicked on

2018-08-21 15:55:34 - [MESSAGE][PASSED] - Object: 'Object Repository/Mes rapports Obj/button_Nouveau rapport' is clicked on

2018-08-21 15:55:34 - [TEST_STEP][PASSED] - waitForPageLoad: Wait for page load successfully

2018-08-21 15:55:34 - [MESSAGE][PASSED] - Wait for page load successfully

2018-08-21 15:55:34 - [MESSAGE][PASSED] - Call Test Case 'Test Cases/Mes rapports/Verify Nouveau rapport button' successfully

2018-08-21 15:55:34 - [TEST_STEP][PASSED] - callTestCase: Call Test Case 'Test Cases/Mes rapports/Mes rapports - BASE DE RAPPORT/TC1  Verify radio button creer un tout nouveau rapport' successfully

2018-08-21 15:55:34 - [TEST_CASE][PASSED] - Test Cases/Mes rapports/Mes rapports - BASE DE RAPPORT/TC1  Verify radio button creer un tout nouveau rapport: Test Cases/Mes rapports/Mes rapports - BASE DE RAPPORT/TC1  Verify radio button creer un tout nouveau rapport

2018-08-21 15:55:34 - [TEST_STEP][PASSED] - Statement - radioButton = com.kms.katalon.core.webui.keyword.WebUiBuiltInKeywords.modifyObjectProperty(com.kms.katalon.core.testobject.ObjectRepository.findTestObject(Mes rapports Obj/BASE DE RAPPORT/radioButton_Creer un tout nouveau rapport), "name", "equals", "typeRapport", true): Modify property of object successfully

2018-08-21 15:55:34 - [MESSAGE][PASSED] - Modify property of object successfully

2018-08-21 15:55:34 - [TEST_STEP][PASSED] - click: Object: 'Object Repository/Mes rapports Obj/BASE DE RAPPORT/radioButton_Creer un tout nouveau rapport' is clicked on

2018-08-21 15:55:35 - [MESSAGE][PASSED] - Object: 'Object Repository/Mes rapports Obj/BASE DE RAPPORT/radioButton_Creer un tout nouveau rapport' is clicked on

2018-08-21 15:55:35 - [MESSAGE][PASSED] - Call Test Case 'Test Cases/Mes rapports/Mes rapports - BASE DE RAPPORT/TC1  Verify radio button creer un tout nouveau rapport' successfully

2018-08-21 15:55:35 - [TEST_STEP][PASSED] - callTestCase: Call Test Case 'Test Cases/Mes rapports/TC Verify the next button arrow' successfully

2018-08-21 15:55:35 - [TEST_CASE][PASSED] - Test Cases/Mes rapports/TC Verify the next button arrow: Test Cases/Mes rapports/TC Verify the next button arrow

2018-08-21 15:55:35 - [TEST_STEP][PASSED] - waitForElementClickable: Object 'Object Repository/Mes rapports Obj/button_Next_Arrow' is clickable

2018-08-21 15:55:35 - [MESSAGE][PASSED] - Object 'Object Repository/Mes rapports Obj/button_Next_Arrow' is clickable

2018-08-21 15:55:35 - [TEST_STEP][PASSED] - click: Object: 'Object Repository/Mes rapports Obj/button_Next_Arrow' is clicked on

2018-08-21 15:55:35 - [MESSAGE][PASSED] - Object: 'Object Repository/Mes rapports Obj/button_Next_Arrow' is clicked on

2018-08-21 15:55:35 - [TEST_STEP][PASSED] - delay: Delayed 5 second(s)

2018-08-21 15:55:40 - [MESSAGE][PASSED] - Delayed 5 second(s)

2018-08-21 15:55:40 - [MESSAGE][PASSED] - Call Test Case 'Test Cases/Mes rapports/TC Verify the next button arrow' successfully

2018-08-21 15:55:40 - [TEST_STEP][PASSED] - waitForPageLoad: Wait for page load successfully

2018-08-21 15:55:40 - [MESSAGE][PASSED] - Wait for page load successfully

2018-08-21 15:55:40 - [TEST_STEP][FAILED] - callTestCase: Unable to call Test Case with id 'Test Cases/Mes rapports/TC Verify the next button arrow' (Root cause: Call Test Case 'Test Cases/Mes rapports/TC Verify the next button arrow' failed)

2018-08-21 15:55:40 - [TEST_CASE][FAILED] - Test Cases/Mes rapports/TC Verify the next button arrow: Test Cases/Mes rapports/TC Verify the next button arrow FAILED because (of) Unable to wait for object 'Object Repository/Mes rapports Obj/button_Next_Arrow' to be clickable (Root cause: org.openqa.selenium.StaleElementReferenceException: stale element reference: element is not attached to the page document
  (Session info: chrome=68.0.3440.106)
  (Driver info: chromedriver=2.35.528161 (5b82f2d2aae0ca24b877009200ced9065a772e73),platform=Windows NT 10.0.16299 x86_64) (WARNING: The server did not provide any stacktrace information)
Command duration or timeout: 0 milliseconds
For documentation on this error, please visit: http://seleniumhq.org/exceptions/stale_element_reference.html
Build info: version: '3.7.1', revision: '8a0099a', time: '2017-11-06T21:07:36.161Z'
System info: host: '5CG7062KWD', ip: '10.136.82.137', os.name: 'Windows 10', os.arch: 'amd64', os.version: '10.0', java.version: '1.8.0_181'
Driver info: com.kms.katalon.selenium.driver.CChromeDriver
Capabilities {acceptInsecureCerts: false, acceptSslCerts: false, applicationCacheEnabled: false, browserConnectionEnabled: false, browserName: chrome, chrome: {chromedriverVersion: 2.35.528161 (5b82f2d2aae0ca..., userDataDir: C:\Users\SEEBOR~1\AppData\L...}, cssSelectorsEnabled: true, databaseEnabled: false, handlesAlerts: true, hasTouchScreen: false, javascriptEnabled: true, locationContextEnabled: true, mobileEmulationEnabled: false, nativeEvents: true, networkConnectionEnabled: false, pageLoadStrategy: normal, platform: XP, platformName: XP, rotatable: false, setWindowRect: true, takesHeapSnapshot: true, takesScreenshot: true, unexpectedAlertBehaviour: , unhandledPromptBehavior: , version: 68.0.3440.106, webStorageEnabled: true}
Session ID: d407f218d83ec761c447eceb85999bf4)

2018-08-21 15:55:40 - [TEST_STEP][FAILED] - waitForElementClickable: Unable to wait for object 'Object Repository/Mes rapports Obj/button_Next_Arrow' to be clickable (Root cause: org.openqa.selenium.StaleElementReferenceException: stale element reference: element is not attached to the page document
  (Session info: chrome=68.0.3440.106)
  (Driver info: chromedriver=2.35.528161 (5b82f2d2aae0ca24b877009200ced9065a772e73),platform=Windows NT 10.0.16299 x86_64) (WARNING: The server did not provide any stacktrace information)
Command duration or timeout: 0 milliseconds
For documentation on this error, please visit: http://seleniumhq.org/exceptions/stale_element_reference.html
Build info: version: '3.7.1', revision: '8a0099a', time: '2017-11-06T21:07:36.161Z'
System info: host: '5CG7062KWD', ip: '10.136.82.137', os.name: 'Windows 10', os.arch: 'amd64', os.version: '10.0', java.version: '1.8.0_181'
Driver info: com.kms.katalon.selenium.driver.CChromeDriver
Capabilities {acceptInsecureCerts: false, acceptSslCerts: false, applicationCacheEnabled: false, browserConnectionEnabled: false, browserName: chrome, chrome: {chromedriverVersion: 2.35.528161 (5b82f2d2aae0ca..., userDataDir: C:\Users\SEEBOR~1\AppData\L...}, cssSelectorsEnabled: true, databaseEnabled: false, handlesAlerts: true, hasTouchScreen: false, javascriptEnabled: true, locationContextEnabled: true, mobileEmulationEnabled: false, nativeEvents: true, networkConnectionEnabled: false, pageLoadStrategy: normal, platform: XP, platformName: XP, rotatable: false, setWindowRect: true, takesHeapSnapshot: true, takesScreenshot: true, unexpectedAlertBehaviour: , unhandledPromptBehavior: , version: 68.0.3440.106, webStorageEnabled: true}
Session ID: d407f218d83ec761c447eceb85999bf4)

2018-08-21 15:56:00 - [MESSAGE][FAILED] - Unable to wait for object 'Object Repository/Mes rapports Obj/button_Next_Arrow' to be clickable (Root cause: org.openqa.selenium.StaleElementReferenceException: stale element reference: element is not attached to the page document
  (Session info: chrome=68.0.3440.106)
  (Driver info: chromedriver=2.35.528161 (5b82f2d2aae0ca24b877009200ced9065a772e73),platform=Windows NT 10.0.16299 x86_64) (WARNING: The server did not provide any stacktrace information)
Command duration or timeout: 0 milliseconds
For documentation on this error, please visit: http://seleniumhq.org/exceptions/stale_element_reference.html
Build info: version: '3.7.1', revision: '8a0099a', time: '2017-11-06T21:07:36.161Z'
System info: host: '5CG7062KWD', ip: '10.136.82.137', os.name: 'Windows 10', os.arch: 'amd64', os.version: '10.0', java.version: '1.8.0_181'
Driver info: com.kms.katalon.selenium.driver.CChromeDriver
Capabilities {acceptInsecureCerts: false, acceptSslCerts: false, applicationCacheEnabled: false, browserConnectionEnabled: false, browserName: chrome, chrome: {chromedriverVersion: 2.35.528161 (5b82f2d2aae0ca..., userDataDir: C:\Users\SEEBOR~1\AppData\L...}, cssSelectorsEnabled: true, databaseEnabled: false, handlesAlerts: true, hasTouchScreen: false, javascriptEnabled: true, locationContextEnabled: true, mobileEmulationEnabled: false, nativeEvents: true, networkConnectionEnabled: false, pageLoadStrategy: normal, platform: XP, platformName: XP, rotatable: false, setWindowRect: true, takesHeapSnapshot: true, takesScreenshot: true, unexpectedAlertBehaviour: , unhandledPromptBehavior: , version: 68.0.3440.106, webStorageEnabled: true}
Session ID: d407f218d83ec761c447eceb85999bf4)
[[ATTACHMENT|C:\\Users\\seeboruts\\OneDrive - SD Worx\\Desktop\\Katalon_eBlox_Reporting\\Reports\\testing\\Demo\\20180821_152456\\1534852560356.png]]

2018-08-21 15:56:00 - [MESSAGE][FAILED] - Unable to call Test Case with id 'Test Cases/Mes rapports/TC Verify the next button arrow' (Root cause: Call Test Case 'Test Cases/Mes rapports/TC Verify the next button arrow' failed)]]></system-out>
         <system-err><![CDATA[2018-08-21 15:54:44 - [TEST_CASE][FAILED] - Test Cases/New Folder/TC3 VALIDATION: Test Cases/New Folder/TC3 VALIDATION FAILED because (of) Unable to wait for object 'Object Repository/Mes rapports Obj/button_Next_Arrow' to be clickable (Root cause: org.openqa.selenium.StaleElementReferenceException: stale element reference: element is not attached to the page document
  (Session info: chrome=68.0.3440.106)
  (Driver info: chromedriver=2.35.528161 (5b82f2d2aae0ca24b877009200ced9065a772e73),platform=Windows NT 10.0.16299 x86_64) (WARNING: The server did not provide any stacktrace information)
Command duration or timeout: 0 milliseconds
For documentation on this error, please visit: http://seleniumhq.org/exceptions/stale_element_reference.html
Build info: version: '3.7.1', revision: '8a0099a', time: '2017-11-06T21:07:36.161Z'
System info: host: '5CG7062KWD', ip: '10.136.82.137', os.name: 'Windows 10', os.arch: 'amd64', os.version: '10.0', java.version: '1.8.0_181'
Driver info: com.kms.katalon.selenium.driver.CChromeDriver
Capabilities {acceptInsecureCerts: false, acceptSslCerts: false, applicationCacheEnabled: false, browserConnectionEnabled: false, browserName: chrome, chrome: {chromedriverVersion: 2.35.528161 (5b82f2d2aae0ca..., userDataDir: C:\Users\SEEBOR~1\AppData\L...}, cssSelectorsEnabled: true, databaseEnabled: false, handlesAlerts: true, hasTouchScreen: false, javascriptEnabled: true, locationContextEnabled: true, mobileEmulationEnabled: false, nativeEvents: true, networkConnectionEnabled: false, pageLoadStrategy: normal, platform: XP, platformName: XP, rotatable: false, setWindowRect: true, takesHeapSnapshot: true, takesScreenshot: true, unexpectedAlertBehaviour: , unhandledPromptBehavior: , version: 68.0.3440.106, webStorageEnabled: true}
Session ID: d407f218d83ec761c447eceb85999bf4)]]></system-err>
      </testcase>
      <system-out><![CDATA[2018-08-21 15:24:59 - [TEST_SUITE][FAILED] - Demo: Test Cases/New Folder/TC4 BASED ON MY REPORTS FAILED because (of) Unable to un-check object 'Object Repository/Mes rapports Obj/SELECTION/Contrats actifs checkBox' (Root cause: com.kms.katalon.core.webui.exception.WebElementNotFoundException: Web element with id: 'Object Repository/Mes rapports Obj/SELECTION/Contrats actifs checkBox' located by 'By.xpath: //*[@id="wizard-page"]/div[2]/div/div/div/div/div[1]/div[2]/div/div/form/div/div/div[1]/div/span/label/input[count(. | //input[@type = 'checkbox' and @ng-show = 'fixedSelectie.actief' and @ng-model = 'fixedSelectie.criterium.actief' and @class = 'ng-pristine ng-untouched ng-valid']) = count(//input[@type = 'checkbox' and @ng-show = 'fixedSelectie.actief' and @ng-model = 'fixedSelectie.criterium.actief' and @class = 'ng-pristine ng-untouched ng-valid'])]' not found)]]></system-out>
      <system-err><![CDATA[2018-08-21 15:24:59 - [TEST_SUITE][FAILED] - Demo: Test Cases/New Folder/TC4 BASED ON MY REPORTS FAILED because (of) Unable to un-check object 'Object Repository/Mes rapports Obj/SELECTION/Contrats actifs checkBox' (Root cause: com.kms.katalon.core.webui.exception.WebElementNotFoundException: Web element with id: 'Object Repository/Mes rapports Obj/SELECTION/Contrats actifs checkBox' located by 'By.xpath: //*[@id="wizard-page"]/div[2]/div/div/div/div/div[1]/div[2]/div/div/form/div/div/div[1]/div/span/label/input[count(. | //input[@type = 'checkbox' and @ng-show = 'fixedSelectie.actief' and @ng-model = 'fixedSelectie.criterium.actief' and @class = 'ng-pristine ng-untouched ng-valid']) = count(//input[@type = 'checkbox' and @ng-show = 'fixedSelectie.actief' and @ng-model = 'fixedSelectie.criterium.actief' and @class = 'ng-pristine ng-untouched ng-valid'])]' not found)]]></system-err>
   </testsuite>
</testsuites>
