<?xml version="1.0" encoding="UTF-8"?>
<testsuites name="test" time="446" tests="1" failures="2" errors="0">
   <testsuite name="test" tests="1" failures="2" errors="0" time="446" timestamp="2018-09-09 13:24:52" hostname="SEEBORUTS - 5CG7062KWD.SD.DIKA.BE" id="Test Suites/testing/09.09.2018/test">
      <properties>
         <property name="deviceName" value=""/>
         <property name="devicePlatform" value=""/>
         <property name="logFolder" value="C:\\Users\\seeboruts\\OneDrive - SD Worx\\Desktop\\Katalon_eBlox_Reporting\\Reports\\testing\\09.09.2018\\test\\20180909_132449"/>
         <property name="logFiles" value="C:\\Users\\seeboruts\\OneDrive - SD Worx\\Desktop\\Katalon_eBlox_Reporting\\Reports\\testing\\09.09.2018\\test\\20180909_132449\\execution0.log"/>
         <property name="attachments" value="C:\\Users\\seeboruts\\OneDrive - SD Worx\\Desktop\\Katalon_eBlox_Reporting\\Reports\\testing\\09.09.2018\\test\\20180909_132449\\1536485415637.png"/>
         <property name="hostName" value="SEEBORUTS - 5CG7062KWD.SD.DIKA.BE"/>
         <property name="os" value="Windows 10 64bit"/>
         <property name="katalonVersion" value="5.7.0.1"/>
         <property name="browser" value="Chrome 68.0.3440.106"/>
         <property name="hostAddress" value="192.168.100.6"/>
         <property name="sessionId" value="5631af74a9e072d90e5dcbc69d2542a1"/>
         <property name="seleniumVersion" value="3.7.1"/>
         <property name="proxyInformation" value="ProxyInformation{proxyOption=NO_PROXY, proxyServerType=HTTP, password=, proxyServerAddress=, proxyServerPort=0}"/>
         <property name="platform" value="Windows 10"/>
      </properties>
      <testcase name="Test Cases/Main Script/TC1 LANGUAGE" classname="Test Cases/Main Script/TC1 LANGUAGE" status="PASSED">
         <system-out><![CDATA[2018-09-09 13:24:53 - [TEST_CASE][PASSED] - Test Cases/Main Script/TC1 LANGUAGE: Test Cases/Main Script/TC1 LANGUAGE

2018-09-09 13:24:53 - [TEST_STEP][PASSED] - Start listener action : sampleBeforeTestCase: Invoke 'com.kms.katalon.core.annotation.BeforeTestCase' method: 'NewTestListener.sampleBeforeTestCase(...)' completed.

2018-09-09 13:24:53 - [TEST_STEP][PASSED] - Statement - println(testCaseContext.getTextCaseId()=$testCaseContext.getTestCaseId()): null

2018-09-09 13:24:53 - [TEST_STEP][PASSED] - Statement - currentTestCaseId = testCaseContext.getTestCaseId(): Invoke 'com.kms.katalon.core.annotation.BeforeTestCase' method: 'NewTestListener.sampleBeforeTestCase(...)' completed.

2018-09-09 13:24:53 - [TEST_STEP][PASSED] - verify_Test_Case_Number.getTestCaseNumber.getTCNo: verify_Test_Case_Number.getTestCaseNumber.getTCNo is PASSED

2018-09-09 13:24:53 - [MESSAGE][PASSED] - verify_Test_Case_Number.getTestCaseNumber.getTCNo is PASSED

2018-09-09 13:24:53 - [TEST_STEP][PASSED] - callTestCase: Call Test Case 'Test Cases/Login/TC1 Login to Mysdworx' successfully

2018-09-09 13:24:54 - [TEST_CASE][PASSED] - Test Cases/Login/TC1 Login to Mysdworx: Test Cases/Login/TC1 Login to Mysdworx

2018-09-09 13:24:54 - [TEST_STEP][PASSED] - openBrowser: Browser is opened with url: ''

2018-09-09 13:24:57 - [MESSAGE][PASSED] - Browser is opened with url: ''

2018-09-09 13:24:57 - [TEST_STEP][PASSED] - navigateToUrl: Navigate to 'https://internet.acc.sd.dika.be/ebloxreporting/web.sensitive/main/?lang=fr' successfully

2018-09-09 13:25:05 - [MESSAGE][PASSED] - Navigate to 'https://internet.acc.sd.dika.be/ebloxreporting/web.sensitive/main/?lang=fr' successfully

2018-09-09 13:25:05 - [TEST_STEP][PASSED] - maximizeWindow: Current window maximized

2018-09-09 13:25:06 - [MESSAGE][PASSED] - Current window maximized

2018-09-09 13:25:06 - [TEST_STEP][PASSED] - setText: Text 'DP_EBLOX_RPP_VASCO' is set on object 'Object Repository/Page_mysdworx - Log in/input_Username'

2018-09-09 13:25:13 - [MESSAGE][PASSED] - Text 'DP_EBLOX_RPP_VASCO' is set on object 'Object Repository/Page_mysdworx - Log in/input_Username'

2018-09-09 13:25:13 - [TEST_STEP][PASSED] - Statement - frame = new javax.swing.JFrame(User Input Frame): null

2018-09-09 13:25:13 - [TEST_STEP][PASSED] - Statement - frame.requestFocus(): null

2018-09-09 13:25:13 - [TEST_STEP][PASSED] - Statement - pass = javax.swing.JOptionPane.showInputDialog(frame, "Enter the password from token!!"): null

2018-09-09 13:25:35 - [TEST_STEP][PASSED] - delay: Delayed 2 second(s)

2018-09-09 13:25:37 - [MESSAGE][PASSED] - Delayed 2 second(s)

2018-09-09 13:25:37 - [TEST_STEP][PASSED] - setText: Text '102030' is set on object 'Object Repository/Page_mysdworx - Log in/input_Password'

2018-09-09 13:25:37 - [MESSAGE][PASSED] - Text '102030' is set on object 'Object Repository/Page_mysdworx - Log in/input_Password'

2018-09-09 13:25:37 - [TEST_STEP][PASSED] - click: Object: 'Object Repository/Page_mysdworx - Log in/button_Se connecter' is clicked on

2018-09-09 13:25:38 - [MESSAGE][PASSED] - Object: 'Object Repository/Page_mysdworx - Log in/button_Se connecter' is clicked on

2018-09-09 13:25:38 - [TEST_STEP][PASSED] - waitForPageLoad: Wait for page load successfully

2018-09-09 13:25:38 - [MESSAGE][PASSED] - Wait for page load successfully

2018-09-09 13:25:38 - [TEST_STEP][NOT_RUN] - closeBrowser: NOT_RUN: closeBrowser

2018-09-09 13:25:38 - [MESSAGE][NOT_RUN] - NOT_RUN: closeBrowser

2018-09-09 13:25:38 - [MESSAGE][PASSED] - Call Test Case 'Test Cases/Login/TC1 Login to Mysdworx' successfully

2018-09-09 13:25:38 - [TEST_STEP][PASSED] - callTestCase: Call Test Case 'Test Cases/Sub Script/Select Language/TC1 Verify NL language' successfully

2018-09-09 13:25:38 - [TEST_CASE][PASSED] - Test Cases/Sub Script/Select Language/TC1 Verify NL language: Test Cases/Sub Script/Select Language/TC1 Verify NL language

2018-09-09 13:25:38 - [TEST_STEP][PASSED] - waitForElementClickable: Object 'Object Repository/Change language link Obj/NL_language' is clickable

2018-09-09 13:26:11 - [MESSAGE][PASSED] - Object 'Object Repository/Change language link Obj/NL_language' is clickable

2018-09-09 13:26:11 - [TEST_STEP][PASSED] - Statement - verify_NL_link = com.kms.katalon.core.webui.keyword.WebUiBuiltInKeywords.verifyElementClickable(com.kms.katalon.core.testobject.ObjectRepository.findTestObject(Change language link Obj/NL_language)): Object 'Object Repository/Change language link Obj/NL_language' is clickable

2018-09-09 13:26:11 - [MESSAGE][PASSED] - Object 'Object Repository/Change language link Obj/NL_language' is clickable

2018-09-09 13:26:11 - [TEST_STEP][PASSED] - Statement - If (verify_NL_link.equals(true)): NL link is clickable !

2018-09-09 13:26:11 - [TEST_STEP][PASSED] - Statement - com.kms.katalon.core.util.KeywordUtil.markPassed("NL link is clickable !"): NL link is clickable !

2018-09-09 13:26:11 - [MESSAGE][PASSED] - NL link is clickable !

2018-09-09 13:26:11 - [TEST_STEP][PASSED] - click: Object: 'Object Repository/Change language link Obj/NL_language' is clicked on

2018-09-09 13:26:20 - [MESSAGE][PASSED] - Object: 'Object Repository/Change language link Obj/NL_language' is clicked on

2018-09-09 13:26:20 - [TEST_STEP][PASSED] - waitForPageLoad: Wait for page load successfully

2018-09-09 13:26:20 - [MESSAGE][PASSED] - Wait for page load successfully

2018-09-09 13:26:20 - [MESSAGE][PASSED] - Call Test Case 'Test Cases/Sub Script/Select Language/TC1 Verify NL language' successfully

2018-09-09 13:26:20 - [TEST_STEP][PASSED] - callTestCase: Call Test Case 'Test Cases/Sub Script/Navigation_Menu/Menu_Mes_rapports/TC Verify Mes rapports tab' successfully

2018-09-09 13:26:20 - [TEST_CASE][PASSED] - Test Cases/Sub Script/Navigation_Menu/Menu_Mes_rapports/TC Verify Mes rapports tab: Test Cases/Sub Script/Navigation_Menu/Menu_Mes_rapports/TC Verify Mes rapports tab

2018-09-09 13:26:20 - [TEST_STEP][PASSED] - click: Object: 'Object Repository/Mes rapports Obj/Mes rapports_tab' is clicked on

2018-09-09 13:26:20 - [MESSAGE][PASSED] - Object: 'Object Repository/Mes rapports Obj/Mes rapports_tab' is clicked on

2018-09-09 13:26:20 - [MESSAGE][PASSED] - Call Test Case 'Test Cases/Sub Script/Navigation_Menu/Menu_Mes_rapports/TC Verify Mes rapports tab' successfully

2018-09-09 13:26:20 - [TEST_STEP][PASSED] - callTestCase: Call Test Case 'Test Cases/Sub Script/Navigation_Menu/Menu_Mes_rapports/Main_Content/TC Verify Deployer function' successfully

2018-09-09 13:26:20 - [TEST_CASE][PASSED] - Test Cases/Sub Script/Navigation_Menu/Menu_Mes_rapports/Main_Content/TC Verify Deployer function: Test Cases/Sub Script/Navigation_Menu/Menu_Mes_rapports/Main_Content/TC Verify Deployer function

2018-09-09 13:26:20 - [TEST_STEP][PASSED] - waitForPageLoad: Wait for page load successfully

2018-09-09 13:26:20 - [MESSAGE][PASSED] - Wait for page load successfully

2018-09-09 13:26:20 - [TEST_STEP][PASSED] - waitForElementClickable: Object 'Object Repository/Mes rapports Obj/button_setting_dropdown' is clickable

2018-09-09 13:26:23 - [MESSAGE][PASSED] - Object 'Object Repository/Mes rapports Obj/button_setting_dropdown' is clickable

2018-09-09 13:26:23 - [TEST_STEP][PASSED] - click: Object: 'Object Repository/Mes rapports Obj/button_setting_dropdown' is clicked on

2018-09-09 13:26:23 - [MESSAGE][PASSED] - Object: 'Object Repository/Mes rapports Obj/button_setting_dropdown' is clicked on

2018-09-09 13:26:23 - [TEST_STEP][PASSED] - click: Object: 'Object Repository/Mes rapports Obj/a_Dployer tout' is clicked on

2018-09-09 13:26:26 - [MESSAGE][PASSED] - Object: 'Object Repository/Mes rapports Obj/a_Dployer tout' is clicked on

2018-09-09 13:26:26 - [TEST_STEP][PASSED] - waitForPageLoad: Wait for page load successfully

2018-09-09 13:26:26 - [MESSAGE][PASSED] - Wait for page load successfully

2018-09-09 13:26:26 - [MESSAGE][PASSED] - Call Test Case 'Test Cases/Sub Script/Navigation_Menu/Menu_Mes_rapports/Main_Content/TC Verify Deployer function' successfully

2018-09-09 13:26:26 - [TEST_STEP][PASSED] - callTestCase: Call Test Case 'Test Cases/Sub Script/Navigation_Menu/Menu_Mes_rapports/Main_Content/TC Verify Masquer function' successfully

2018-09-09 13:26:26 - [TEST_CASE][PASSED] - Test Cases/Sub Script/Navigation_Menu/Menu_Mes_rapports/Main_Content/TC Verify Masquer function: Test Cases/Sub Script/Navigation_Menu/Menu_Mes_rapports/Main_Content/TC Verify Masquer function

2018-09-09 13:26:27 - [TEST_STEP][PASSED] - click: Object: 'Object Repository/Mes rapports Obj/button_setting_dropdown' is clicked on

2018-09-09 13:26:27 - [MESSAGE][PASSED] - Object: 'Object Repository/Mes rapports Obj/button_setting_dropdown' is clicked on

2018-09-09 13:26:27 - [TEST_STEP][PASSED] - click: Object: 'Object Repository/Mes rapports Obj/a_Masquer tout' is clicked on

2018-09-09 13:26:27 - [MESSAGE][PASSED] - Object: 'Object Repository/Mes rapports Obj/a_Masquer tout' is clicked on

2018-09-09 13:26:27 - [TEST_STEP][PASSED] - waitForPageLoad: Wait for page load successfully

2018-09-09 13:26:27 - [MESSAGE][PASSED] - Wait for page load successfully

2018-09-09 13:26:27 - [MESSAGE][PASSED] - Call Test Case 'Test Cases/Sub Script/Navigation_Menu/Menu_Mes_rapports/Main_Content/TC Verify Masquer function' successfully

2018-09-09 13:26:27 - [TEST_STEP][PASSED] - callTestCase: Call Test Case 'Test Cases/Sub Script/Navigation_Menu/Menu_Mes_rapports/Main_Content/TC Verify info icon function' successfully

2018-09-09 13:26:27 - [TEST_CASE][PASSED] - Test Cases/Sub Script/Navigation_Menu/Menu_Mes_rapports/Main_Content/TC Verify info icon function: Test Cases/Sub Script/Navigation_Menu/Menu_Mes_rapports/Main_Content/TC Verify info icon function

2018-09-09 13:26:27 - [TEST_STEP][PASSED] - click: Object: 'Object Repository/Mes rapports Obj/info_Icon' is clicked on

2018-09-09 13:26:27 - [MESSAGE][PASSED] - Object: 'Object Repository/Mes rapports Obj/info_Icon' is clicked on

2018-09-09 13:26:27 - [TEST_STEP][PASSED] - waitForPageLoad: Wait for page load successfully

2018-09-09 13:26:27 - [MESSAGE][PASSED] - Wait for page load successfully

2018-09-09 13:26:27 - [MESSAGE][PASSED] - Call Test Case 'Test Cases/Sub Script/Navigation_Menu/Menu_Mes_rapports/Main_Content/TC Verify info icon function' successfully

2018-09-09 13:26:27 - [TEST_STEP][PASSED] - callTestCase: Call Test Case 'Test Cases/Sub Script/Navigation_Menu/Menu_Mes_rapports/Main_Content/TC Verify Url' successfully

2018-09-09 13:26:27 - [TEST_CASE][PASSED] - Test Cases/Sub Script/Navigation_Menu/Menu_Mes_rapports/Main_Content/TC Verify Url: Test Cases/Sub Script/Navigation_Menu/Menu_Mes_rapports/Main_Content/TC Verify Url

2018-09-09 13:26:28 - [TEST_STEP][PASSED] - waitForPageLoad: Wait for page load successfully

2018-09-09 13:26:28 - [MESSAGE][PASSED] - Wait for page load successfully

2018-09-09 13:26:28 - [TEST_STEP][PASSED] - Statement - url = com.kms.katalon.core.webui.keyword.WebUiBuiltInKeywords.getUrl(): Current window's url is: 'https://internet.acc.sd.dika.be/ebloxreporting/web.sensitive/main/FpyDF/iIz9g8MffKNXfNyb1H/NL/#/mijnrapporten'

2018-09-09 13:26:28 - [MESSAGE][PASSED] - Current window's url is: 'https://internet.acc.sd.dika.be/ebloxreporting/web.sensitive/main/FpyDF/iIz9g8MffKNXfNyb1H/NL/#/mijnrapporten'

2018-09-09 13:26:28 - [TEST_STEP][PASSED] - Statement - p = java.util.regex.Pattern.compile("00040 ANTILOPE GROEP"): null

2018-09-09 13:26:28 - [TEST_STEP][PASSED] - Statement - m = p.matcher(url): null

2018-09-09 13:26:28 - [TEST_STEP][PASSED] - Statement - If (m.find()): null

2018-09-09 13:26:28 - [TEST_STEP][PASSED] - Statement - Else: The user name and the concern number are not present in the URL

2018-09-09 13:26:28 - [TEST_STEP][PASSED] - Statement - com.kms.katalon.core.util.KeywordUtil.markPassed("The user name and the concern number are not present in the URL"): The user name and the concern number are not present in the URL

2018-09-09 13:26:28 - [MESSAGE][PASSED] - The user name and the concern number are not present in the URL

2018-09-09 13:26:28 - [MESSAGE][PASSED] - Call Test Case 'Test Cases/Sub Script/Navigation_Menu/Menu_Mes_rapports/Main_Content/TC Verify Url' successfully

2018-09-09 13:26:28 - [TEST_STEP][PASSED] - callTestCase: Call Test Case 'Test Cases/Sub Script/Select Language/TC2 Verify FR Language' successfully

2018-09-09 13:26:28 - [TEST_CASE][PASSED] - Test Cases/Sub Script/Select Language/TC2 Verify FR Language: Test Cases/Sub Script/Select Language/TC2 Verify FR Language

2018-09-09 13:26:28 - [TEST_STEP][PASSED] - Statement - verify_FR_link = com.kms.katalon.core.webui.keyword.WebUiBuiltInKeywords.verifyElementClickable(com.kms.katalon.core.testobject.ObjectRepository.findTestObject(Change language link Obj/FR_language)): Object 'Object Repository/Change language link Obj/FR_language' is clickable

2018-09-09 13:26:28 - [MESSAGE][PASSED] - Object 'Object Repository/Change language link Obj/FR_language' is clickable

2018-09-09 13:26:28 - [TEST_STEP][PASSED] - Statement - If (verify_FR_link.equals(true)): NL link is clickable !

2018-09-09 13:26:28 - [TEST_STEP][PASSED] - Statement - com.kms.katalon.core.util.KeywordUtil.markPassed("NL link is clickable !"): NL link is clickable !

2018-09-09 13:26:28 - [MESSAGE][PASSED] - NL link is clickable !

2018-09-09 13:26:28 - [TEST_STEP][PASSED] - click: Object: 'Object Repository/Change language link Obj/FR_language' is clicked on

2018-09-09 13:26:35 - [MESSAGE][PASSED] - Object: 'Object Repository/Change language link Obj/FR_language' is clicked on

2018-09-09 13:26:35 - [TEST_STEP][PASSED] - waitForPageLoad: Wait for page load successfully

2018-09-09 13:26:35 - [MESSAGE][PASSED] - Wait for page load successfully

2018-09-09 13:26:35 - [MESSAGE][PASSED] - Call Test Case 'Test Cases/Sub Script/Select Language/TC2 Verify FR Language' successfully

2018-09-09 13:26:35 - [TEST_STEP][PASSED] - callTestCase: Call Test Case 'Test Cases/Sub Script/Navigation_Menu/Menu_Mes_rapports/TC Verify Mes rapports tab' successfully

2018-09-09 13:26:35 - [TEST_CASE][PASSED] - Test Cases/Sub Script/Navigation_Menu/Menu_Mes_rapports/TC Verify Mes rapports tab: Test Cases/Sub Script/Navigation_Menu/Menu_Mes_rapports/TC Verify Mes rapports tab

2018-09-09 13:26:35 - [TEST_STEP][PASSED] - click: Object: 'Object Repository/Mes rapports Obj/Mes rapports_tab' is clicked on

2018-09-09 13:26:35 - [MESSAGE][PASSED] - Object: 'Object Repository/Mes rapports Obj/Mes rapports_tab' is clicked on

2018-09-09 13:26:35 - [MESSAGE][PASSED] - Call Test Case 'Test Cases/Sub Script/Navigation_Menu/Menu_Mes_rapports/TC Verify Mes rapports tab' successfully

2018-09-09 13:26:35 - [TEST_STEP][PASSED] - callTestCase: Call Test Case 'Test Cases/Sub Script/Navigation_Menu/Menu_Mes_rapports/Main_Content/TC Verify Deployer function' successfully

2018-09-09 13:26:35 - [TEST_CASE][PASSED] - Test Cases/Sub Script/Navigation_Menu/Menu_Mes_rapports/Main_Content/TC Verify Deployer function: Test Cases/Sub Script/Navigation_Menu/Menu_Mes_rapports/Main_Content/TC Verify Deployer function

2018-09-09 13:26:35 - [TEST_STEP][PASSED] - waitForPageLoad: Wait for page load successfully

2018-09-09 13:26:35 - [MESSAGE][PASSED] - Wait for page load successfully

2018-09-09 13:26:35 - [TEST_STEP][PASSED] - waitForElementClickable: Object 'Object Repository/Mes rapports Obj/button_setting_dropdown' is clickable

2018-09-09 13:26:38 - [MESSAGE][PASSED] - Object 'Object Repository/Mes rapports Obj/button_setting_dropdown' is clickable

2018-09-09 13:26:38 - [TEST_STEP][PASSED] - click: Object: 'Object Repository/Mes rapports Obj/button_setting_dropdown' is clicked on

2018-09-09 13:26:38 - [MESSAGE][PASSED] - Object: 'Object Repository/Mes rapports Obj/button_setting_dropdown' is clicked on

2018-09-09 13:26:38 - [TEST_STEP][PASSED] - click: Object: 'Object Repository/Mes rapports Obj/a_Dployer tout' is clicked on

2018-09-09 13:26:41 - [MESSAGE][PASSED] - Object: 'Object Repository/Mes rapports Obj/a_Dployer tout' is clicked on

2018-09-09 13:26:41 - [TEST_STEP][PASSED] - waitForPageLoad: Wait for page load successfully

2018-09-09 13:26:41 - [MESSAGE][PASSED] - Wait for page load successfully

2018-09-09 13:26:41 - [MESSAGE][PASSED] - Call Test Case 'Test Cases/Sub Script/Navigation_Menu/Menu_Mes_rapports/Main_Content/TC Verify Deployer function' successfully

2018-09-09 13:26:41 - [TEST_STEP][PASSED] - callTestCase: Call Test Case 'Test Cases/Sub Script/Navigation_Menu/Menu_Mes_rapports/Main_Content/TC Verify Masquer function' successfully

2018-09-09 13:26:42 - [TEST_CASE][PASSED] - Test Cases/Sub Script/Navigation_Menu/Menu_Mes_rapports/Main_Content/TC Verify Masquer function: Test Cases/Sub Script/Navigation_Menu/Menu_Mes_rapports/Main_Content/TC Verify Masquer function

2018-09-09 13:26:42 - [TEST_STEP][PASSED] - click: Object: 'Object Repository/Mes rapports Obj/button_setting_dropdown' is clicked on

2018-09-09 13:26:42 - [MESSAGE][PASSED] - Object: 'Object Repository/Mes rapports Obj/button_setting_dropdown' is clicked on

2018-09-09 13:26:42 - [TEST_STEP][PASSED] - click: Object: 'Object Repository/Mes rapports Obj/a_Masquer tout' is clicked on

2018-09-09 13:26:42 - [MESSAGE][PASSED] - Object: 'Object Repository/Mes rapports Obj/a_Masquer tout' is clicked on

2018-09-09 13:26:42 - [TEST_STEP][PASSED] - waitForPageLoad: Wait for page load successfully

2018-09-09 13:26:42 - [MESSAGE][PASSED] - Wait for page load successfully

2018-09-09 13:26:42 - [MESSAGE][PASSED] - Call Test Case 'Test Cases/Sub Script/Navigation_Menu/Menu_Mes_rapports/Main_Content/TC Verify Masquer function' successfully

2018-09-09 13:26:42 - [TEST_STEP][PASSED] - callTestCase: Call Test Case 'Test Cases/Sub Script/Navigation_Menu/Menu_Mes_rapports/Main_Content/TC Verify info icon function' successfully

2018-09-09 13:26:42 - [TEST_CASE][PASSED] - Test Cases/Sub Script/Navigation_Menu/Menu_Mes_rapports/Main_Content/TC Verify info icon function: Test Cases/Sub Script/Navigation_Menu/Menu_Mes_rapports/Main_Content/TC Verify info icon function

2018-09-09 13:26:42 - [TEST_STEP][PASSED] - click: Object: 'Object Repository/Mes rapports Obj/info_Icon' is clicked on

2018-09-09 13:26:42 - [MESSAGE][PASSED] - Object: 'Object Repository/Mes rapports Obj/info_Icon' is clicked on

2018-09-09 13:26:42 - [TEST_STEP][PASSED] - waitForPageLoad: Wait for page load successfully

2018-09-09 13:26:42 - [MESSAGE][PASSED] - Wait for page load successfully

2018-09-09 13:26:42 - [MESSAGE][PASSED] - Call Test Case 'Test Cases/Sub Script/Navigation_Menu/Menu_Mes_rapports/Main_Content/TC Verify info icon function' successfully

2018-09-09 13:26:42 - [TEST_STEP][PASSED] - callTestCase: Call Test Case 'Test Cases/Sub Script/Navigation_Menu/Menu_Mes_rapports/Main_Content/TC Verify Url' successfully

2018-09-09 13:26:42 - [TEST_CASE][PASSED] - Test Cases/Sub Script/Navigation_Menu/Menu_Mes_rapports/Main_Content/TC Verify Url: Test Cases/Sub Script/Navigation_Menu/Menu_Mes_rapports/Main_Content/TC Verify Url

2018-09-09 13:26:42 - [TEST_STEP][PASSED] - waitForPageLoad: Wait for page load successfully

2018-09-09 13:26:42 - [MESSAGE][PASSED] - Wait for page load successfully

2018-09-09 13:26:42 - [TEST_STEP][PASSED] - Statement - url = com.kms.katalon.core.webui.keyword.WebUiBuiltInKeywords.getUrl(): Current window's url is: 'https://internet.acc.sd.dika.be/ebloxreporting/web.sensitive/main/FpyDF/iIz9g8MffKNXfNyb1H/FR/#/mijnrapporten'

2018-09-09 13:26:42 - [MESSAGE][PASSED] - Current window's url is: 'https://internet.acc.sd.dika.be/ebloxreporting/web.sensitive/main/FpyDF/iIz9g8MffKNXfNyb1H/FR/#/mijnrapporten'

2018-09-09 13:26:42 - [TEST_STEP][PASSED] - Statement - p = java.util.regex.Pattern.compile("00040 ANTILOPE GROEP"): null

2018-09-09 13:26:42 - [TEST_STEP][PASSED] - Statement - m = p.matcher(url): null

2018-09-09 13:26:42 - [TEST_STEP][PASSED] - Statement - If (m.find()): null

2018-09-09 13:26:42 - [TEST_STEP][PASSED] - Statement - Else: The user name and the concern number are not present in the URL

2018-09-09 13:26:42 - [TEST_STEP][PASSED] - Statement - com.kms.katalon.core.util.KeywordUtil.markPassed("The user name and the concern number are not present in the URL"): The user name and the concern number are not present in the URL

2018-09-09 13:26:42 - [MESSAGE][PASSED] - The user name and the concern number are not present in the URL

2018-09-09 13:26:42 - [MESSAGE][PASSED] - Call Test Case 'Test Cases/Sub Script/Navigation_Menu/Menu_Mes_rapports/Main_Content/TC Verify Url' successfully

2018-09-09 13:26:42 - [TEST_STEP][PASSED] - callTestCase: Call Test Case 'Test Cases/Sub Script/Select Language/TC2 Verify FR Language' successfully

2018-09-09 13:26:42 - [TEST_CASE][PASSED] - Test Cases/Sub Script/Select Language/TC2 Verify FR Language: Test Cases/Sub Script/Select Language/TC2 Verify FR Language

2018-09-09 13:26:42 - [TEST_STEP][PASSED] - Statement - verify_FR_link = com.kms.katalon.core.webui.keyword.WebUiBuiltInKeywords.verifyElementClickable(com.kms.katalon.core.testobject.ObjectRepository.findTestObject(Change language link Obj/FR_language)): Object 'Object Repository/Change language link Obj/FR_language' is clickable

2018-09-09 13:26:42 - [MESSAGE][PASSED] - Object 'Object Repository/Change language link Obj/FR_language' is clickable

2018-09-09 13:26:42 - [TEST_STEP][PASSED] - Statement - If (verify_FR_link.equals(true)): NL link is clickable !

2018-09-09 13:26:42 - [TEST_STEP][PASSED] - Statement - com.kms.katalon.core.util.KeywordUtil.markPassed("NL link is clickable !"): NL link is clickable !

2018-09-09 13:26:42 - [MESSAGE][PASSED] - NL link is clickable !

2018-09-09 13:26:42 - [TEST_STEP][PASSED] - click: Object: 'Object Repository/Change language link Obj/FR_language' is clicked on

2018-09-09 13:26:42 - [MESSAGE][PASSED] - Object: 'Object Repository/Change language link Obj/FR_language' is clicked on

2018-09-09 13:26:42 - [TEST_STEP][PASSED] - waitForPageLoad: Wait for page load successfully

2018-09-09 13:26:42 - [MESSAGE][PASSED] - Wait for page load successfully

2018-09-09 13:26:42 - [MESSAGE][PASSED] - Call Test Case 'Test Cases/Sub Script/Select Language/TC2 Verify FR Language' successfully

2018-09-09 13:26:42 - [TEST_STEP][PASSED] - callTestCase: Call Test Case 'Test Cases/Sub Script/Select Language/TC1 Verify NL language' successfully

2018-09-09 13:26:42 - [TEST_CASE][PASSED] - Test Cases/Sub Script/Select Language/TC1 Verify NL language: Test Cases/Sub Script/Select Language/TC1 Verify NL language

2018-09-09 13:26:42 - [TEST_STEP][PASSED] - waitForElementClickable: Object 'Object Repository/Change language link Obj/NL_language' is clickable

2018-09-09 13:26:43 - [MESSAGE][PASSED] - Object 'Object Repository/Change language link Obj/NL_language' is clickable

2018-09-09 13:26:43 - [TEST_STEP][PASSED] - Statement - verify_NL_link = com.kms.katalon.core.webui.keyword.WebUiBuiltInKeywords.verifyElementClickable(com.kms.katalon.core.testobject.ObjectRepository.findTestObject(Change language link Obj/NL_language)): Object 'Object Repository/Change language link Obj/NL_language' is clickable

2018-09-09 13:26:43 - [MESSAGE][PASSED] - Object 'Object Repository/Change language link Obj/NL_language' is clickable

2018-09-09 13:26:43 - [TEST_STEP][PASSED] - Statement - If (verify_NL_link.equals(true)): NL link is clickable !

2018-09-09 13:26:43 - [TEST_STEP][PASSED] - Statement - com.kms.katalon.core.util.KeywordUtil.markPassed("NL link is clickable !"): NL link is clickable !

2018-09-09 13:26:43 - [MESSAGE][PASSED] - NL link is clickable !

2018-09-09 13:26:43 - [TEST_STEP][PASSED] - click: Object: 'Object Repository/Change language link Obj/NL_language' is clicked on

2018-09-09 13:26:49 - [MESSAGE][PASSED] - Object: 'Object Repository/Change language link Obj/NL_language' is clicked on

2018-09-09 13:26:49 - [TEST_STEP][PASSED] - waitForPageLoad: Wait for page load successfully

2018-09-09 13:26:49 - [MESSAGE][PASSED] - Wait for page load successfully

2018-09-09 13:26:49 - [MESSAGE][PASSED] - Call Test Case 'Test Cases/Sub Script/Select Language/TC1 Verify NL language' successfully

2018-09-09 13:26:49 - [TEST_STEP][PASSED] - callTestCase: Call Test Case 'Test Cases/Sub Script/Navigation_Menu/Menu_Bibliotheque/TC Verify Bibliotheque tab' successfully

2018-09-09 13:26:49 - [TEST_CASE][PASSED] - Test Cases/Sub Script/Navigation_Menu/Menu_Bibliotheque/TC Verify Bibliotheque tab: Test Cases/Sub Script/Navigation_Menu/Menu_Bibliotheque/TC Verify Bibliotheque tab

2018-09-09 13:26:50 - [TEST_STEP][PASSED] - click: Object: 'Object Repository/Bibliotheque Obj/Bibliothque_tab' is clicked on

2018-09-09 13:26:50 - [MESSAGE][PASSED] - Object: 'Object Repository/Bibliotheque Obj/Bibliothque_tab' is clicked on

2018-09-09 13:26:50 - [MESSAGE][PASSED] - Call Test Case 'Test Cases/Sub Script/Navigation_Menu/Menu_Bibliotheque/TC Verify Bibliotheque tab' successfully

2018-09-09 13:26:50 - [TEST_STEP][PASSED] - callTestCase: Call Test Case 'Test Cases/Sub Script/Navigation_Menu/Menu_Bibliotheque/TC1 Verify Deployer function' successfully

2018-09-09 13:26:50 - [TEST_CASE][PASSED] - Test Cases/Sub Script/Navigation_Menu/Menu_Bibliotheque/TC1 Verify Deployer function: Test Cases/Sub Script/Navigation_Menu/Menu_Bibliotheque/TC1 Verify Deployer function

2018-09-09 13:26:50 - [TEST_STEP][PASSED] - waitForPageLoad: Wait for page load successfully

2018-09-09 13:26:50 - [MESSAGE][PASSED] - Wait for page load successfully

2018-09-09 13:26:50 - [TEST_STEP][PASSED] - click: Object: 'Object Repository/Bibliotheque Obj/button_setting_dropdown' is clicked on

2018-09-09 13:26:53 - [MESSAGE][PASSED] - Object: 'Object Repository/Bibliotheque Obj/button_setting_dropdown' is clicked on

2018-09-09 13:26:53 - [TEST_STEP][PASSED] - click: Object: 'Object Repository/Bibliotheque Obj/a_Dployer tout' is clicked on

2018-09-09 13:26:54 - [MESSAGE][PASSED] - Object: 'Object Repository/Bibliotheque Obj/a_Dployer tout' is clicked on

2018-09-09 13:26:54 - [MESSAGE][PASSED] - Call Test Case 'Test Cases/Sub Script/Navigation_Menu/Menu_Bibliotheque/TC1 Verify Deployer function' successfully

2018-09-09 13:26:54 - [TEST_STEP][PASSED] - callTestCase: Call Test Case 'Test Cases/Sub Script/Navigation_Menu/Menu_Bibliotheque/TC2 Verify Masquer function' successfully

2018-09-09 13:26:54 - [TEST_CASE][PASSED] - Test Cases/Sub Script/Navigation_Menu/Menu_Bibliotheque/TC2 Verify Masquer function: Test Cases/Sub Script/Navigation_Menu/Menu_Bibliotheque/TC2 Verify Masquer function

2018-09-09 13:26:54 - [TEST_STEP][PASSED] - click: Object: 'Object Repository/Bibliotheque Obj/button_setting_dropdown' is clicked on

2018-09-09 13:26:54 - [MESSAGE][PASSED] - Object: 'Object Repository/Bibliotheque Obj/button_setting_dropdown' is clicked on

2018-09-09 13:26:54 - [TEST_STEP][PASSED] - click: Object: 'Object Repository/Bibliotheque Obj/a_Masquer tout' is clicked on

2018-09-09 13:26:54 - [MESSAGE][PASSED] - Object: 'Object Repository/Bibliotheque Obj/a_Masquer tout' is clicked on

2018-09-09 13:26:54 - [MESSAGE][PASSED] - Call Test Case 'Test Cases/Sub Script/Navigation_Menu/Menu_Bibliotheque/TC2 Verify Masquer function' successfully

2018-09-09 13:26:54 - [TEST_STEP][PASSED] - callTestCase: Call Test Case 'Test Cases/Sub Script/Navigation_Menu/Menu_Bibliotheque/TC3 Verify info icon function' successfully

2018-09-09 13:26:54 - [TEST_CASE][PASSED] - Test Cases/Sub Script/Navigation_Menu/Menu_Bibliotheque/TC3 Verify info icon function: Test Cases/Sub Script/Navigation_Menu/Menu_Bibliotheque/TC3 Verify info icon function

2018-09-09 13:26:55 - [TEST_STEP][PASSED] - click: Object: 'Object Repository/Bibliotheque Obj/info_Icon' is clicked on

2018-09-09 13:26:55 - [MESSAGE][PASSED] - Object: 'Object Repository/Bibliotheque Obj/info_Icon' is clicked on

2018-09-09 13:26:55 - [MESSAGE][PASSED] - Call Test Case 'Test Cases/Sub Script/Navigation_Menu/Menu_Bibliotheque/TC3 Verify info icon function' successfully

2018-09-09 13:26:55 - [TEST_STEP][PASSED] - callTestCase: Call Test Case 'Test Cases/Sub Script/Navigation_Menu/Menu_Bibliotheque/TC4 Verify Url' successfully

2018-09-09 13:26:55 - [TEST_CASE][PASSED] - Test Cases/Sub Script/Navigation_Menu/Menu_Bibliotheque/TC4 Verify Url: Test Cases/Sub Script/Navigation_Menu/Menu_Bibliotheque/TC4 Verify Url

2018-09-09 13:26:55 - [TEST_STEP][PASSED] - waitForPageLoad: Wait for page load successfully

2018-09-09 13:26:55 - [MESSAGE][PASSED] - Wait for page load successfully

2018-09-09 13:26:55 - [TEST_STEP][PASSED] - Statement - url = com.kms.katalon.core.webui.keyword.WebUiBuiltInKeywords.getUrl(): Current window's url is: 'https://internet.acc.sd.dika.be/ebloxreporting/web.sensitive/main/FpyDF/iIz9g8MffKNXfNyb1H/NL/#/bibliotheek/'

2018-09-09 13:26:55 - [MESSAGE][PASSED] - Current window's url is: 'https://internet.acc.sd.dika.be/ebloxreporting/web.sensitive/main/FpyDF/iIz9g8MffKNXfNyb1H/NL/#/bibliotheek/'

2018-09-09 13:26:55 - [TEST_STEP][PASSED] - Statement - p = java.util.regex.Pattern.compile("00040 ANTILOPE GROEP"): null

2018-09-09 13:26:55 - [TEST_STEP][PASSED] - Statement - m = p.matcher(url): null

2018-09-09 13:26:55 - [TEST_STEP][PASSED] - Statement - If (m.find()): null

2018-09-09 13:26:55 - [TEST_STEP][PASSED] - Statement - Else: The user name and the concern number are not present in the URL

2018-09-09 13:26:55 - [TEST_STEP][PASSED] - Statement - com.kms.katalon.core.util.KeywordUtil.markPassed("The user name and the concern number are not present in the URL"): The user name and the concern number are not present in the URL

2018-09-09 13:26:55 - [MESSAGE][PASSED] - The user name and the concern number are not present in the URL

2018-09-09 13:26:55 - [MESSAGE][PASSED] - Call Test Case 'Test Cases/Sub Script/Navigation_Menu/Menu_Bibliotheque/TC4 Verify Url' successfully

2018-09-09 13:26:55 - [TEST_STEP][PASSED] - callTestCase: Call Test Case 'Test Cases/Sub Script/Navigation_Menu/Menu_Comptages/TC Verify Comptages tab' successfully

2018-09-09 13:26:55 - [TEST_CASE][PASSED] - Test Cases/Sub Script/Navigation_Menu/Menu_Comptages/TC Verify Comptages tab: Test Cases/Sub Script/Navigation_Menu/Menu_Comptages/TC Verify Comptages tab

2018-09-09 13:26:55 - [TEST_STEP][PASSED] - click: Object: 'Object Repository/Comptages Obj/Comptages_tab' is clicked on

2018-09-09 13:26:56 - [MESSAGE][PASSED] - Object: 'Object Repository/Comptages Obj/Comptages_tab' is clicked on

2018-09-09 13:26:56 - [MESSAGE][PASSED] - Call Test Case 'Test Cases/Sub Script/Navigation_Menu/Menu_Comptages/TC Verify Comptages tab' successfully

2018-09-09 13:26:56 - [TEST_STEP][PASSED] - callTestCase: Call Test Case 'Test Cases/Sub Script/Navigation_Menu/Menu_Comptages/TC2 Verify Nouveau comptage button' successfully

2018-09-09 13:26:56 - [TEST_CASE][PASSED] - Test Cases/Sub Script/Navigation_Menu/Menu_Comptages/TC2 Verify Nouveau comptage button: Test Cases/Sub Script/Navigation_Menu/Menu_Comptages/TC2 Verify Nouveau comptage button

2018-09-09 13:26:56 - [TEST_STEP][PASSED] - click: Object: 'Object Repository/Comptages Obj/button_Nouveau comptage' is clicked on

2018-09-09 13:26:57 - [MESSAGE][PASSED] - Object: 'Object Repository/Comptages Obj/button_Nouveau comptage' is clicked on

2018-09-09 13:26:57 - [MESSAGE][PASSED] - Call Test Case 'Test Cases/Sub Script/Navigation_Menu/Menu_Comptages/TC2 Verify Nouveau comptage button' successfully

2018-09-09 13:26:57 - [TEST_STEP][PASSED] - callTestCase: Call Test Case 'Test Cases/Sub Script/Navigation_Menu/Menu_Comptages/TC3 Verify Montants Function' successfully

2018-09-09 13:26:57 - [TEST_CASE][PASSED] - Test Cases/Sub Script/Navigation_Menu/Menu_Comptages/TC3 Verify Montants Function: Test Cases/Sub Script/Navigation_Menu/Menu_Comptages/TC3 Verify Montants Function

2018-09-09 13:26:58 - [TEST_STEP][PASSED] - click: Object: 'Object Repository/Comptages Obj/a_Montants' is clicked on

2018-09-09 13:26:58 - [MESSAGE][PASSED] - Object: 'Object Repository/Comptages Obj/a_Montants' is clicked on

2018-09-09 13:26:58 - [MESSAGE][PASSED] - Call Test Case 'Test Cases/Sub Script/Navigation_Menu/Menu_Comptages/TC3 Verify Montants Function' successfully

2018-09-09 13:26:58 - [TEST_STEP][PASSED] - callTestCase: Call Test Case 'Test Cases/Sub Script/Navigation_Menu/Menu_Comptages/TC4 Verify the creation of a new Comptage' successfully

2018-09-09 13:26:58 - [TEST_CASE][PASSED] - Test Cases/Sub Script/Navigation_Menu/Menu_Comptages/TC4 Verify the creation of a new Comptage: Test Cases/Sub Script/Navigation_Menu/Menu_Comptages/TC4 Verify the creation of a new Comptage

2018-09-09 13:26:58 - [TEST_STEP][PASSED] - Statement - excelData = com.kms.katalon.core.testdata.TestDataFactory.findTestData(Data Files/Data/TestData): Reading excel file with source file 'C:\Users\seeboruts\OneDrive - SD Worx\Desktop\Test_Data_Reg.xlsx' and sheet name 'TEST DATA'

2018-09-09 13:26:59 - [TEST_STEP][PASSED] - Statement - driver = com.kms.katalon.core.webui.driver.DriverFactory.getWebDriver(): null

2018-09-09 13:26:59 - [TEST_STEP][PASSED] - Statement - checkName = driver.findElement(org.openqa.selenium.By.xpath("//*[@id="navbar-anchor"]/div[2]/div[1]/div/div")).getText(): null

2018-09-09 13:26:59 - [TEST_STEP][PASSED] - Statement - println(checkName): null

2018-09-09 13:26:59 - [TEST_STEP][PASSED] - Statement - If (checkName == "Welkom ( SD admin )"): Delayed 2 second(s)

2018-09-09 13:26:59 - [TEST_STEP][PASSED] - Statement - Input_Name_NL = new com.kms.katalon.core.testobject.TestObject(input_name_nl): null

2018-09-09 13:26:59 - [TEST_STEP][PASSED] - Statement - Input_Name_NL.addProperty("xpath", EQUALS, "//input[@name='oms2NL']"): null

2018-09-09 13:26:59 - [TEST_STEP][PASSED] - setText: Text 'AAAAA' is set on object 'input_name_nl'

2018-09-09 13:26:59 - [MESSAGE][PASSED] - Text 'AAAAA' is set on object 'input_name_nl'

2018-09-09 13:26:59 - [TEST_STEP][PASSED] - delay: Delayed 2 second(s)

2018-09-09 13:27:01 - [MESSAGE][PASSED] - Delayed 2 second(s)

2018-09-09 13:27:01 - [TEST_STEP][PASSED] - click: Object: 'Object Repository/Comptages Obj/dropdown_arrow' is clicked on

2018-09-09 13:27:02 - [MESSAGE][PASSED] - Object: 'Object Repository/Comptages Obj/dropdown_arrow' is clicked on

2018-09-09 13:27:02 - [TEST_STEP][PASSED] - delay: Delayed 5 second(s)

2018-09-09 13:27:07 - [MESSAGE][PASSED] - Delayed 5 second(s)

2018-09-09 13:27:07 - [TEST_STEP][PASSED] - Statement - If (checkName == "Welkom ( SD admin )"): Object: 'comptage_type' is clicked on

2018-09-09 13:27:07 - [TEST_STEP][PASSED] - Statement - If (excelData.getValue(72, 2) != ""): Object: 'comptage_type' is clicked on

2018-09-09 13:27:07 - [TEST_STEP][PASSED] - Statement - comptage = new com.kms.katalon.core.testobject.TestObject(comptage_type): null

2018-09-09 13:27:07 - [TEST_STEP][PASSED] - Statement - comptage.addProperty("xpath", EQUALS, "//ul//li//div[contains (text(),'" + excelData.getValue(72, 2) + "')]"): null

2018-09-09 13:27:07 - [TEST_STEP][PASSED] - click: Object: 'comptage_type' is clicked on

2018-09-09 13:27:07 - [MESSAGE][PASSED] - Object: 'comptage_type' is clicked on

2018-09-09 13:27:07 - [MESSAGE][PASSED] - Call Test Case 'Test Cases/Sub Script/Navigation_Menu/Menu_Comptages/TC4 Verify the creation of a new Comptage' successfully

2018-09-09 13:27:07 - [TEST_STEP][PASSED] - callTestCase: Call Test Case 'Test Cases/Sub Script/Navigation_Menu/Menu_Mes_rapports/TC Verify Sauvegarder button' successfully

2018-09-09 13:27:07 - [TEST_CASE][PASSED] - Test Cases/Sub Script/Navigation_Menu/Menu_Mes_rapports/TC Verify Sauvegarder button: Test Cases/Sub Script/Navigation_Menu/Menu_Mes_rapports/TC Verify Sauvegarder button

2018-09-09 13:27:07 - [TEST_STEP][PASSED] - Statement - driver = com.kms.katalon.core.webui.driver.DriverFactory.getWebDriver(): null

2018-09-09 13:27:07 - [TEST_STEP][PASSED] - Statement - checkName = driver.findElement(org.openqa.selenium.By.xpath("//*[@id="navbar-anchor"]/div[2]/div[1]/div/div")).getText(): null

2018-09-09 13:27:07 - [TEST_STEP][PASSED] - Statement - If (checkName == "Welkom ( SD admin )"): Object: 'sauvegarder_nl' is clicked on

2018-09-09 13:27:07 - [TEST_STEP][PASSED] - Statement - save_btn_nl = new com.kms.katalon.core.testobject.TestObject(sauvegarder_nl): null

2018-09-09 13:27:07 - [TEST_STEP][PASSED] - Statement - save_btn_nl.addProperty("xpath", EQUALS, "//button[contains (text(),'Opslaan')]"): null

2018-09-09 13:27:07 - [TEST_STEP][PASSED] - click: Object: 'sauvegarder_nl' is clicked on

2018-09-09 13:27:07 - [MESSAGE][PASSED] - Object: 'sauvegarder_nl' is clicked on

2018-09-09 13:27:07 - [TEST_STEP][PASSED] - waitForPageLoad: Wait for page load successfully

2018-09-09 13:27:07 - [MESSAGE][PASSED] - Wait for page load successfully

2018-09-09 13:27:07 - [MESSAGE][PASSED] - Call Test Case 'Test Cases/Sub Script/Navigation_Menu/Menu_Mes_rapports/TC Verify Sauvegarder button' successfully

2018-09-09 13:27:07 - [TEST_STEP][PASSED] - delay: Delayed 1 second(s)

2018-09-09 13:27:08 - [MESSAGE][PASSED] - Delayed 1 second(s)

2018-09-09 13:27:08 - [TEST_STEP][PASSED] - callTestCase: Call Test Case 'Test Cases/Sub Script/Verify Error Message/TC Verify Error message 1' successfully

2018-09-09 13:27:08 - [TEST_CASE][PASSED] - Test Cases/Sub Script/Verify Error Message/TC Verify Error message 1: Test Cases/Sub Script/Verify Error Message/TC Verify Error message 1

2018-09-09 13:27:09 - [TEST_STEP][PASSED] - Statement - excelData = com.kms.katalon.core.testdata.TestDataFactory.findTestData(Data Files/Data/TestData): Reading excel file with source file 'C:\Users\seeboruts\OneDrive - SD Worx\Desktop\Test_Data_Reg.xlsx' and sheet name 'TEST DATA'

2018-09-09 13:27:09 - [TEST_STEP][PASSED] - Statement - rowNo = java.lang.Integer.parseInt(currentTestCaseId): null

2018-09-09 13:27:09 - [TEST_STEP][PASSED] - waitForPageLoad: Wait for page load successfully

2018-09-09 13:27:09 - [MESSAGE][PASSED] - Wait for page load successfully

2018-09-09 13:27:09 - [TEST_STEP][PASSED] - Statement - driver = com.kms.katalon.core.webui.driver.DriverFactory.getWebDriver(): null

2018-09-09 13:27:09 - [TEST_STEP][PASSED] - Statement - msg = driver.findElement(org.openqa.selenium.By.xpath("//div[contains(@class,'toast-message')]")).getText(): null

2018-09-09 13:27:09 - [TEST_STEP][PASSED] - Statement - println(msg): null

2018-09-09 13:27:09 - [TEST_STEP][PASSED] - Statement - If (excelData.getValue(66, rowNo) != ""): Error message is present

2018-09-09 13:27:09 - [TEST_STEP][PASSED] - Statement - If (msg == excelData.getValue(66, rowNo)): Error message is present

2018-09-09 13:27:09 - [TEST_STEP][PASSED] - Statement - com.kms.katalon.core.util.KeywordUtil.markPassed("Error message is present"): Error message is present

2018-09-09 13:27:09 - [MESSAGE][PASSED] - Error message is present

2018-09-09 13:27:09 - [TEST_STEP][PASSED] - waitForPageLoad: Wait for page load successfully

2018-09-09 13:27:09 - [MESSAGE][PASSED] - Wait for page load successfully

2018-09-09 13:27:09 - [MESSAGE][PASSED] - Call Test Case 'Test Cases/Sub Script/Verify Error Message/TC Verify Error message 1' successfully

2018-09-09 13:27:09 - [TEST_STEP][PASSED] - callTestCase: Call Test Case 'Test Cases/Sub Script/Select Language/TC2 Verify FR Language' successfully

2018-09-09 13:27:09 - [TEST_CASE][PASSED] - Test Cases/Sub Script/Select Language/TC2 Verify FR Language: Test Cases/Sub Script/Select Language/TC2 Verify FR Language

2018-09-09 13:27:09 - [TEST_STEP][PASSED] - Statement - verify_FR_link = com.kms.katalon.core.webui.keyword.WebUiBuiltInKeywords.verifyElementClickable(com.kms.katalon.core.testobject.ObjectRepository.findTestObject(Change language link Obj/FR_language)): Object 'Object Repository/Change language link Obj/FR_language' is clickable

2018-09-09 13:27:09 - [MESSAGE][PASSED] - Object 'Object Repository/Change language link Obj/FR_language' is clickable

2018-09-09 13:27:09 - [TEST_STEP][PASSED] - Statement - If (verify_FR_link.equals(true)): NL link is clickable !

2018-09-09 13:27:09 - [TEST_STEP][PASSED] - Statement - com.kms.katalon.core.util.KeywordUtil.markPassed("NL link is clickable !"): NL link is clickable !

2018-09-09 13:27:09 - [MESSAGE][PASSED] - NL link is clickable !

2018-09-09 13:27:09 - [TEST_STEP][PASSED] - click: Object: 'Object Repository/Change language link Obj/FR_language' is clicked on

2018-09-09 13:27:15 - [MESSAGE][PASSED] - Object: 'Object Repository/Change language link Obj/FR_language' is clicked on

2018-09-09 13:27:15 - [TEST_STEP][PASSED] - waitForPageLoad: Wait for page load successfully

2018-09-09 13:27:16 - [MESSAGE][PASSED] - Wait for page load successfully

2018-09-09 13:27:16 - [MESSAGE][PASSED] - Call Test Case 'Test Cases/Sub Script/Select Language/TC2 Verify FR Language' successfully

2018-09-09 13:27:16 - [TEST_STEP][PASSED] - callTestCase: Call Test Case 'Test Cases/Sub Script/Navigation_Menu/Menu_Comptages/TC Verify Comptages tab' successfully

2018-09-09 13:27:16 - [TEST_CASE][PASSED] - Test Cases/Sub Script/Navigation_Menu/Menu_Comptages/TC Verify Comptages tab: Test Cases/Sub Script/Navigation_Menu/Menu_Comptages/TC Verify Comptages tab

2018-09-09 13:27:16 - [TEST_STEP][PASSED] - click: Object: 'Object Repository/Comptages Obj/Comptages_tab' is clicked on

2018-09-09 13:27:16 - [MESSAGE][PASSED] - Object: 'Object Repository/Comptages Obj/Comptages_tab' is clicked on

2018-09-09 13:27:16 - [MESSAGE][PASSED] - Call Test Case 'Test Cases/Sub Script/Navigation_Menu/Menu_Comptages/TC Verify Comptages tab' successfully

2018-09-09 13:27:16 - [TEST_STEP][PASSED] - callTestCase: Call Test Case 'Test Cases/Sub Script/Navigation_Menu/Menu_Comptages/TC2 Verify Nouveau comptage button' successfully

2018-09-09 13:27:16 - [TEST_CASE][PASSED] - Test Cases/Sub Script/Navigation_Menu/Menu_Comptages/TC2 Verify Nouveau comptage button: Test Cases/Sub Script/Navigation_Menu/Menu_Comptages/TC2 Verify Nouveau comptage button

2018-09-09 13:27:16 - [TEST_STEP][PASSED] - click: Object: 'Object Repository/Comptages Obj/button_Nouveau comptage' is clicked on

2018-09-09 13:27:20 - [MESSAGE][PASSED] - Object: 'Object Repository/Comptages Obj/button_Nouveau comptage' is clicked on

2018-09-09 13:27:20 - [MESSAGE][PASSED] - Call Test Case 'Test Cases/Sub Script/Navigation_Menu/Menu_Comptages/TC2 Verify Nouveau comptage button' successfully

2018-09-09 13:27:20 - [TEST_STEP][PASSED] - callTestCase: Call Test Case 'Test Cases/Sub Script/Navigation_Menu/Menu_Comptages/TC3 Verify Montants Function' successfully

2018-09-09 13:27:20 - [TEST_CASE][PASSED] - Test Cases/Sub Script/Navigation_Menu/Menu_Comptages/TC3 Verify Montants Function: Test Cases/Sub Script/Navigation_Menu/Menu_Comptages/TC3 Verify Montants Function

2018-09-09 13:27:20 - [TEST_STEP][PASSED] - click: Object: 'Object Repository/Comptages Obj/a_Montants' is clicked on

2018-09-09 13:27:20 - [MESSAGE][PASSED] - Object: 'Object Repository/Comptages Obj/a_Montants' is clicked on

2018-09-09 13:27:20 - [MESSAGE][PASSED] - Call Test Case 'Test Cases/Sub Script/Navigation_Menu/Menu_Comptages/TC3 Verify Montants Function' successfully

2018-09-09 13:27:20 - [TEST_STEP][PASSED] - callTestCase: Call Test Case 'Test Cases/Sub Script/Navigation_Menu/Menu_Comptages/TC4 Verify the creation of a new Comptage' successfully

2018-09-09 13:27:20 - [TEST_CASE][PASSED] - Test Cases/Sub Script/Navigation_Menu/Menu_Comptages/TC4 Verify the creation of a new Comptage: Test Cases/Sub Script/Navigation_Menu/Menu_Comptages/TC4 Verify the creation of a new Comptage

2018-09-09 13:27:20 - [TEST_STEP][PASSED] - Statement - excelData = com.kms.katalon.core.testdata.TestDataFactory.findTestData(Data Files/Data/TestData): Reading excel file with source file 'C:\Users\seeboruts\OneDrive - SD Worx\Desktop\Test_Data_Reg.xlsx' and sheet name 'TEST DATA'

2018-09-09 13:27:20 - [TEST_STEP][PASSED] - Statement - driver = com.kms.katalon.core.webui.driver.DriverFactory.getWebDriver(): null

2018-09-09 13:27:20 - [TEST_STEP][PASSED] - Statement - checkName = driver.findElement(org.openqa.selenium.By.xpath("//*[@id="navbar-anchor"]/div[2]/div[1]/div/div")).getText(): null

2018-09-09 13:27:20 - [TEST_STEP][PASSED] - Statement - println(checkName): null

2018-09-09 13:27:20 - [TEST_STEP][PASSED] - Statement - If (checkName == "Welkom ( SD admin )"): null

2018-09-09 13:27:20 - [TEST_STEP][PASSED] - Statement - Else: Delayed 2 second(s)

2018-09-09 13:27:20 - [TEST_STEP][PASSED] - Statement - Input_Name_FR = new com.kms.katalon.core.testobject.TestObject(input_name_fr): null

2018-09-09 13:27:20 - [TEST_STEP][PASSED] - Statement - Input_Name_FR.addProperty("xpath", EQUALS, "//input[@name='oms2FR']"): null

2018-09-09 13:27:20 - [TEST_STEP][PASSED] - setText: Text 'AAAAAA' is set on object 'input_name_fr'

2018-09-09 13:27:21 - [MESSAGE][PASSED] - Text 'AAAAAA' is set on object 'input_name_fr'

2018-09-09 13:27:21 - [TEST_STEP][PASSED] - delay: Delayed 2 second(s)

2018-09-09 13:27:23 - [MESSAGE][PASSED] - Delayed 2 second(s)

2018-09-09 13:27:23 - [TEST_STEP][PASSED] - click: Object: 'Object Repository/Comptages Obj/dropdown_arrow' is clicked on

2018-09-09 13:27:23 - [MESSAGE][PASSED] - Object: 'Object Repository/Comptages Obj/dropdown_arrow' is clicked on

2018-09-09 13:27:23 - [TEST_STEP][PASSED] - delay: Delayed 5 second(s)

2018-09-09 13:27:28 - [MESSAGE][PASSED] - Delayed 5 second(s)

2018-09-09 13:27:28 - [TEST_STEP][PASSED] - Statement - If (checkName == "Welkom ( SD admin )"): null

2018-09-09 13:27:28 - [TEST_STEP][PASSED] - Statement - Else: Object: 'comptage_type' is clicked on

2018-09-09 13:27:28 - [TEST_STEP][PASSED] - Statement - comptageFR = new com.kms.katalon.core.testobject.TestObject(comptage_type): null

2018-09-09 13:27:28 - [TEST_STEP][PASSED] - Statement - comptageFR.addProperty("xpath", EQUALS, "//ul//li//div[contains (text(),'" + excelData.getValue(73, 2) + "')]"): null

2018-09-09 13:27:28 - [TEST_STEP][PASSED] - click: Object: 'comptage_type' is clicked on

2018-09-09 13:27:28 - [MESSAGE][PASSED] - Object: 'comptage_type' is clicked on

2018-09-09 13:27:28 - [MESSAGE][PASSED] - Call Test Case 'Test Cases/Sub Script/Navigation_Menu/Menu_Comptages/TC4 Verify the creation of a new Comptage' successfully

2018-09-09 13:27:28 - [TEST_STEP][PASSED] - click: Object: 'Object Repository/Comptages Obj/Ajouter button' is clicked on

2018-09-09 13:27:28 - [MESSAGE][PASSED] - Object: 'Object Repository/Comptages Obj/Ajouter button' is clicked on

2018-09-09 13:27:28 - [TEST_STEP][PASSED] - delay: Delayed 1 second(s)

2018-09-09 13:27:29 - [MESSAGE][PASSED] - Delayed 1 second(s)

2018-09-09 13:27:29 - [TEST_STEP][PASSED] - click: Object: 'Object Repository/Comptages Obj/Du textfield' is clicked on

2018-09-09 13:27:29 - [MESSAGE][PASSED] - Object: 'Object Repository/Comptages Obj/Du textfield' is clicked on

2018-09-09 13:27:29 - [TEST_STEP][PASSED] - setText: Text '1010' is set on object 'Object Repository/Comptages Obj/Du textfield'

2018-09-09 13:27:29 - [MESSAGE][PASSED] - Text '1010' is set on object 'Object Repository/Comptages Obj/Du textfield'

2018-09-09 13:27:29 - [TEST_STEP][PASSED] - setText: Text '2770' is set on object 'Object Repository/Comptages Obj/Jusque textfield'

2018-09-09 13:27:30 - [MESSAGE][PASSED] - Text '2770' is set on object 'Object Repository/Comptages Obj/Jusque textfield'

2018-09-09 13:27:30 - [TEST_STEP][PASSED] - callTestCase: Call Test Case 'Test Cases/Sub Script/Navigation_Menu/Menu_Mes_rapports/TC Verify Sauvegarder button' successfully

2018-09-09 13:27:30 - [TEST_CASE][PASSED] - Test Cases/Sub Script/Navigation_Menu/Menu_Mes_rapports/TC Verify Sauvegarder button: Test Cases/Sub Script/Navigation_Menu/Menu_Mes_rapports/TC Verify Sauvegarder button

2018-09-09 13:27:30 - [TEST_STEP][PASSED] - Statement - driver = com.kms.katalon.core.webui.driver.DriverFactory.getWebDriver(): null

2018-09-09 13:27:30 - [TEST_STEP][PASSED] - Statement - checkName = driver.findElement(org.openqa.selenium.By.xpath("//*[@id="navbar-anchor"]/div[2]/div[1]/div/div")).getText(): null

2018-09-09 13:27:30 - [TEST_STEP][PASSED] - Statement - If (checkName == "Welkom ( SD admin )"): null

2018-09-09 13:27:30 - [TEST_STEP][PASSED] - Statement - Else: Object: 'sauvegarder_fr' is clicked on

2018-09-09 13:27:30 - [TEST_STEP][PASSED] - Statement - save_btn_fr = new com.kms.katalon.core.testobject.TestObject(sauvegarder_fr): null

2018-09-09 13:27:30 - [TEST_STEP][PASSED] - Statement - save_btn_fr.addProperty("xpath", EQUALS, "//button[contains (text(),' Sauvegarder')]"): null

2018-09-09 13:27:30 - [TEST_STEP][PASSED] - click: Object: 'sauvegarder_fr' is clicked on

2018-09-09 13:27:30 - [MESSAGE][PASSED] - Object: 'sauvegarder_fr' is clicked on

2018-09-09 13:27:30 - [TEST_STEP][PASSED] - waitForPageLoad: Wait for page load successfully

2018-09-09 13:27:30 - [MESSAGE][PASSED] - Wait for page load successfully

2018-09-09 13:27:30 - [MESSAGE][PASSED] - Call Test Case 'Test Cases/Sub Script/Navigation_Menu/Menu_Mes_rapports/TC Verify Sauvegarder button' successfully

2018-09-09 13:27:30 - [TEST_STEP][PASSED] - closeBrowser: Browser is closed

2018-09-09 13:27:31 - [MESSAGE][PASSED] - Browser is closed]]></system-out>
         <system-err><![CDATA[]]></system-err>
      </testcase>
      <testcase name="Test Cases/Main Script/TC2 NEW" classname="Test Cases/Main Script/TC2 NEW" status="FAILED">
         <failure type="FAILED" message="(Stack trace: com.kms.katalon.core.exception.StepFailedException: Unable to click on object 'Select_historic_date' (Root cause: org.openqa.selenium.ElementNotVisibleException: element not visible
  (Session info: chrome=68.0.3440.106)
  (Driver info: chromedriver=2.35.528161 (5b82f2d2aae0ca24b877009200ced9065a772e73),platform=Windows NT 10.0.16299 x86_64) (WARNING: The server did not provide any stacktrace information)
Command duration or timeout: 0 milliseconds
Build info: version: '3.7.1', revision: '8a0099a', time: '2017-11-06T21:07:36.161Z'
System info: host: '5CG7062KWD', ip: '192.168.100.6', os.name: 'Windows 10', os.arch: 'amd64', os.version: '10.0', java.version: '1.8.0_181'
Driver info: com.kms.katalon.selenium.driver.CChromeDriver
Capabilities {acceptInsecureCerts: false, acceptSslCerts: false, applicationCacheEnabled: false, browserConnectionEnabled: false, browserName: chrome, chrome: {chromedriverVersion: 2.35.528161 (5b82f2d2aae0ca..., userDataDir: C:\Users\SEEBOR~1\AppData\L...}, cssSelectorsEnabled: true, databaseEnabled: false, handlesAlerts: true, hasTouchScreen: false, javascriptEnabled: true, locationContextEnabled: true, mobileEmulationEnabled: false, nativeEvents: true, networkConnectionEnabled: false, pageLoadStrategy: normal, platform: XP, platformName: XP, rotatable: false, setWindowRect: true, takesHeapSnapshot: true, takesScreenshot: true, unexpectedAlertBehaviour: , unhandledPromptBehavior: , version: 68.0.3440.106, webStorageEnabled: true}
Session ID: 68bc41727d1c52a278c7bf0e84d08319)
	at com.kms.katalon.core.keyword.internal.KeywordMain.stepFailed(KeywordMain.groovy:36)
	at com.kms.katalon.core.webui.keyword.internal.WebUIKeywordMain.stepFailed(WebUIKeywordMain.groovy:65)
	at com.kms.katalon.core.webui.keyword.internal.WebUIKeywordMain.runKeyword(WebUIKeywordMain.groovy:27)
	at com.kms.katalon.core.webui.keyword.builtin.ClickKeyword.click(ClickKeyword.groovy:86)
	at com.kms.katalon.core.webui.keyword.builtin.ClickKeyword.execute(ClickKeyword.groovy:67)
	at com.kms.katalon.core.keyword.internal.KeywordExecutor.executeKeywordForPlatform(KeywordExecutor.groovy:53)
	at com.kms.katalon.core.webui.keyword.WebUiBuiltInKeywords.click(WebUiBuiltInKeywords.groovy:616)
	at com.kms.katalon.core.webui.keyword.WebUiBuiltInKeywords$click$3.call(Unknown Source)
	at org.codehaus.groovy.runtime.callsite.CallSiteArray.defaultCall(CallSiteArray.java:48)
	at org.codehaus.groovy.runtime.callsite.AbstractCallSite.call(AbstractCallSite.java:113)
	at org.codehaus.groovy.runtime.callsite.AbstractCallSite.call(AbstractCallSite.java:125)
	at Script1535605657705.run(Script1535605657705.groovy:33)
	at com.kms.katalon.core.main.ScriptEngine.run(ScriptEngine.java:183)
	at com.kms.katalon.core.main.ScriptEngine.runScriptAsRawText(ScriptEngine.java:108)
	at com.kms.katalon.core.main.TestCaseExecutor.runScript(TestCaseExecutor.java:294)
	at com.kms.katalon.core.main.TestCaseExecutor.doExecute(TestCaseExecutor.java:285)
	at com.kms.katalon.core.main.TestCaseExecutor.processExecutionPhase(TestCaseExecutor.java:264)
	at com.kms.katalon.core.main.TestCaseExecutor.accessMainPhase(TestCaseExecutor.java:256)
	at com.kms.katalon.core.main.TestCaseExecutor.execute(TestCaseExecutor.java:200)
	at com.kms.katalon.core.main.TestCaseMain.runTestCase(TestCaseMain.java:99)
	at com.kms.katalon.core.keyword.builtin.CallTestCaseKeyword$_callTestCase_closure1.doCall(CallTestCaseKeyword.groovy:60)
	at com.kms.katalon.core.keyword.builtin.CallTestCaseKeyword$_callTestCase_closure1.call(CallTestCaseKeyword.groovy)
	at com.kms.katalon.core.keyword.internal.KeywordMain.runKeyword(KeywordMain.groovy:54)
	at com.kms.katalon.core.keyword.builtin.CallTestCaseKeyword.callTestCase(CallTestCaseKeyword.groovy:81)
	at com.kms.katalon.core.keyword.builtin.CallTestCaseKeyword.execute(CallTestCaseKeyword.groovy:45)
	at com.kms.katalon.core.keyword.internal.KeywordExecutor.executeKeywordForPlatform(KeywordExecutor.groovy:53)
	at com.kms.katalon.core.keyword.BuiltinKeywords.callTestCase(BuiltinKeywords.groovy:334)
	at sun.reflect.GeneratedMethodAccessor14.invoke(Unknown Source)
	at sun.reflect.DelegatingMethodAccessorImpl.invoke(DelegatingMethodAccessorImpl.java:43)
	at java.lang.reflect.Method.invoke(Method.java:498)
	at org.codehaus.groovy.reflection.CachedMethod.invoke(CachedMethod.java:93)
	at groovy.lang.MetaMethod.doMethodInvoke(MetaMethod.java:325)
	at groovy.lang.MetaClassImpl.invokeStaticMethod(MetaClassImpl.java:1469)
	at org.codehaus.groovy.runtime.callsite.StaticMetaClassSite.call(StaticMetaClassSite.java:53)
	at org.codehaus.groovy.runtime.callsite.CallSiteArray.defaultCall(CallSiteArray.java:48)
	at org.codehaus.groovy.runtime.callsite.AbstractCallSite.call(AbstractCallSite.java:113)
	at org.codehaus.groovy.runtime.callsite.AbstractCallSite.call(AbstractCallSite.java:141)
	at Script1533573048485.run(Script1533573048485.groovy:86)
	at com.kms.katalon.core.main.ScriptEngine.run(ScriptEngine.java:183)
	at com.kms.katalon.core.main.ScriptEngine.runScriptAsRawText(ScriptEngine.java:108)
	at com.kms.katalon.core.main.TestCaseExecutor.runScript(TestCaseExecutor.java:294)
	at com.kms.katalon.core.main.TestCaseExecutor.doExecute(TestCaseExecutor.java:285)
	at com.kms.katalon.core.main.TestCaseExecutor.processExecutionPhase(TestCaseExecutor.java:264)
	at com.kms.katalon.core.main.TestCaseExecutor.accessMainPhase(TestCaseExecutor.java:256)
	at com.kms.katalon.core.main.TestCaseExecutor.execute(TestCaseExecutor.java:200)
	at com.kms.katalon.core.main.TestSuiteExecutor.accessTestCaseMainPhase(TestSuiteExecutor.java:129)
	at com.kms.katalon.core.main.TestSuiteExecutor.accessTestSuiteMainPhase(TestSuiteExecutor.java:112)
	at com.kms.katalon.core.main.TestSuiteExecutor.execute(TestSuiteExecutor.java:81)
	at com.kms.katalon.core.main.TestCaseMain.startTestSuite(TestCaseMain.java:142)
	at com.kms.katalon.core.main.TestCaseMain$startTestSuite$0.call(Unknown Source)
	at org.codehaus.groovy.runtime.callsite.CallSiteArray.defaultCall(CallSiteArray.java:48)
	at org.codehaus.groovy.runtime.callsite.AbstractCallSite.call(AbstractCallSite.java:113)
	at org.codehaus.groovy.runtime.callsite.AbstractCallSite.call(AbstractCallSite.java:141)
	at TempTestSuite1536485089963.run(TempTestSuite1536485089963.groovy:36)
	at groovy.lang.GroovyShell.runScriptOrMainOrTestOrRunnable(GroovyShell.java:263)
	at groovy.lang.GroovyShell.run(GroovyShell.java:518)
	at groovy.lang.GroovyShell.run(GroovyShell.java:507)
	at groovy.ui.GroovyMain.processOnce(GroovyMain.java:653)
	at groovy.ui.GroovyMain.run(GroovyMain.java:384)
	at groovy.ui.GroovyMain.process(GroovyMain.java:370)
	at groovy.ui.GroovyMain.processArgs(GroovyMain.java:129)
	at groovy.ui.GroovyMain.main(GroovyMain.java:109)
	at sun.reflect.NativeMethodAccessorImpl.invoke0(Native Method)
	at sun.reflect.NativeMethodAccessorImpl.invoke(NativeMethodAccessorImpl.java:62)
	at sun.reflect.DelegatingMethodAccessorImpl.invoke(DelegatingMethodAccessorImpl.java:43)
	at java.lang.reflect.Method.invoke(Method.java:498)
	at org.codehaus.groovy.tools.GroovyStarter.rootLoader(GroovyStarter.java:109)
	at org.codehaus.groovy.tools.GroovyStarter.main(GroovyStarter.java:131)
)"/>
         <system-out><![CDATA[2018-09-09 13:27:31 - [TEST_CASE][FAILED] - Test Cases/Main Script/TC2 NEW: Test Cases/Main Script/TC2 NEW FAILED because (of) (Stack trace: com.kms.katalon.core.exception.StepFailedException: Unable to click on object 'Select_historic_date' (Root cause: org.openqa.selenium.ElementNotVisibleException: element not visible
  (Session info: chrome=68.0.3440.106)
  (Driver info: chromedriver=2.35.528161 (5b82f2d2aae0ca24b877009200ced9065a772e73),platform=Windows NT 10.0.16299 x86_64) (WARNING: The server did not provide any stacktrace information)
Command duration or timeout: 0 milliseconds
Build info: version: '3.7.1', revision: '8a0099a', time: '2017-11-06T21:07:36.161Z'
System info: host: '5CG7062KWD', ip: '192.168.100.6', os.name: 'Windows 10', os.arch: 'amd64', os.version: '10.0', java.version: '1.8.0_181'
Driver info: com.kms.katalon.selenium.driver.CChromeDriver
Capabilities {acceptInsecureCerts: false, acceptSslCerts: false, applicationCacheEnabled: false, browserConnectionEnabled: false, browserName: chrome, chrome: {chromedriverVersion: 2.35.528161 (5b82f2d2aae0ca..., userDataDir: C:\Users\SEEBOR~1\AppData\L...}, cssSelectorsEnabled: true, databaseEnabled: false, handlesAlerts: true, hasTouchScreen: false, javascriptEnabled: true, locationContextEnabled: true, mobileEmulationEnabled: false, nativeEvents: true, networkConnectionEnabled: false, pageLoadStrategy: normal, platform: XP, platformName: XP, rotatable: false, setWindowRect: true, takesHeapSnapshot: true, takesScreenshot: true, unexpectedAlertBehaviour: , unhandledPromptBehavior: , version: 68.0.3440.106, webStorageEnabled: true}
Session ID: 68bc41727d1c52a278c7bf0e84d08319)
	at com.kms.katalon.core.keyword.internal.KeywordMain.stepFailed(KeywordMain.groovy:36)
	at com.kms.katalon.core.webui.keyword.internal.WebUIKeywordMain.stepFailed(WebUIKeywordMain.groovy:65)
	at com.kms.katalon.core.webui.keyword.internal.WebUIKeywordMain.runKeyword(WebUIKeywordMain.groovy:27)
	at com.kms.katalon.core.webui.keyword.builtin.ClickKeyword.click(ClickKeyword.groovy:86)
	at com.kms.katalon.core.webui.keyword.builtin.ClickKeyword.execute(ClickKeyword.groovy:67)
	at com.kms.katalon.core.keyword.internal.KeywordExecutor.executeKeywordForPlatform(KeywordExecutor.groovy:53)
	at com.kms.katalon.core.webui.keyword.WebUiBuiltInKeywords.click(WebUiBuiltInKeywords.groovy:616)
	at com.kms.katalon.core.webui.keyword.WebUiBuiltInKeywords$click$3.call(Unknown Source)
	at org.codehaus.groovy.runtime.callsite.CallSiteArray.defaultCall(CallSiteArray.java:48)
	at org.codehaus.groovy.runtime.callsite.AbstractCallSite.call(AbstractCallSite.java:113)
	at org.codehaus.groovy.runtime.callsite.AbstractCallSite.call(AbstractCallSite.java:125)
	at Script1535605657705.run(Script1535605657705.groovy:33)
	at com.kms.katalon.core.main.ScriptEngine.run(ScriptEngine.java:183)
	at com.kms.katalon.core.main.ScriptEngine.runScriptAsRawText(ScriptEngine.java:108)
	at com.kms.katalon.core.main.TestCaseExecutor.runScript(TestCaseExecutor.java:294)
	at com.kms.katalon.core.main.TestCaseExecutor.doExecute(TestCaseExecutor.java:285)
	at com.kms.katalon.core.main.TestCaseExecutor.processExecutionPhase(TestCaseExecutor.java:264)
	at com.kms.katalon.core.main.TestCaseExecutor.accessMainPhase(TestCaseExecutor.java:256)
	at com.kms.katalon.core.main.TestCaseExecutor.execute(TestCaseExecutor.java:200)
	at com.kms.katalon.core.main.TestCaseMain.runTestCase(TestCaseMain.java:99)
	at com.kms.katalon.core.keyword.builtin.CallTestCaseKeyword$_callTestCase_closure1.doCall(CallTestCaseKeyword.groovy:60)
	at com.kms.katalon.core.keyword.builtin.CallTestCaseKeyword$_callTestCase_closure1.call(CallTestCaseKeyword.groovy)
	at com.kms.katalon.core.keyword.internal.KeywordMain.runKeyword(KeywordMain.groovy:54)
	at com.kms.katalon.core.keyword.builtin.CallTestCaseKeyword.callTestCase(CallTestCaseKeyword.groovy:81)
	at com.kms.katalon.core.keyword.builtin.CallTestCaseKeyword.execute(CallTestCaseKeyword.groovy:45)
	at com.kms.katalon.core.keyword.internal.KeywordExecutor.executeKeywordForPlatform(KeywordExecutor.groovy:53)
	at com.kms.katalon.core.keyword.BuiltinKeywords.callTestCase(BuiltinKeywords.groovy:334)
	at sun.reflect.GeneratedMethodAccessor14.invoke(Unknown Source)
	at sun.reflect.DelegatingMethodAccessorImpl.invoke(DelegatingMethodAccessorImpl.java:43)
	at java.lang.reflect.Method.invoke(Method.java:498)
	at org.codehaus.groovy.reflection.CachedMethod.invoke(CachedMethod.java:93)
	at groovy.lang.MetaMethod.doMethodInvoke(MetaMethod.java:325)
	at groovy.lang.MetaClassImpl.invokeStaticMethod(MetaClassImpl.java:1469)
	at org.codehaus.groovy.runtime.callsite.StaticMetaClassSite.call(StaticMetaClassSite.java:53)
	at org.codehaus.groovy.runtime.callsite.CallSiteArray.defaultCall(CallSiteArray.java:48)
	at org.codehaus.groovy.runtime.callsite.AbstractCallSite.call(AbstractCallSite.java:113)
	at org.codehaus.groovy.runtime.callsite.AbstractCallSite.call(AbstractCallSite.java:141)
	at Script1533573048485.run(Script1533573048485.groovy:86)
	at com.kms.katalon.core.main.ScriptEngine.run(ScriptEngine.java:183)
	at com.kms.katalon.core.main.ScriptEngine.runScriptAsRawText(ScriptEngine.java:108)
	at com.kms.katalon.core.main.TestCaseExecutor.runScript(TestCaseExecutor.java:294)
	at com.kms.katalon.core.main.TestCaseExecutor.doExecute(TestCaseExecutor.java:285)
	at com.kms.katalon.core.main.TestCaseExecutor.processExecutionPhase(TestCaseExecutor.java:264)
	at com.kms.katalon.core.main.TestCaseExecutor.accessMainPhase(TestCaseExecutor.java:256)
	at com.kms.katalon.core.main.TestCaseExecutor.execute(TestCaseExecutor.java:200)
	at com.kms.katalon.core.main.TestSuiteExecutor.accessTestCaseMainPhase(TestSuiteExecutor.java:129)
	at com.kms.katalon.core.main.TestSuiteExecutor.accessTestSuiteMainPhase(TestSuiteExecutor.java:112)
	at com.kms.katalon.core.main.TestSuiteExecutor.execute(TestSuiteExecutor.java:81)
	at com.kms.katalon.core.main.TestCaseMain.startTestSuite(TestCaseMain.java:142)
	at com.kms.katalon.core.main.TestCaseMain$startTestSuite$0.call(Unknown Source)
	at org.codehaus.groovy.runtime.callsite.CallSiteArray.defaultCall(CallSiteArray.java:48)
	at org.codehaus.groovy.runtime.callsite.AbstractCallSite.call(AbstractCallSite.java:113)
	at org.codehaus.groovy.runtime.callsite.AbstractCallSite.call(AbstractCallSite.java:141)
	at TempTestSuite1536485089963.run(TempTestSuite1536485089963.groovy:36)
	at groovy.lang.GroovyShell.runScriptOrMainOrTestOrRunnable(GroovyShell.java:263)
	at groovy.lang.GroovyShell.run(GroovyShell.java:518)
	at groovy.lang.GroovyShell.run(GroovyShell.java:507)
	at groovy.ui.GroovyMain.processOnce(GroovyMain.java:653)
	at groovy.ui.GroovyMain.run(GroovyMain.java:384)
	at groovy.ui.GroovyMain.process(GroovyMain.java:370)
	at groovy.ui.GroovyMain.processArgs(GroovyMain.java:129)
	at groovy.ui.GroovyMain.main(GroovyMain.java:109)
	at sun.reflect.NativeMethodAccessorImpl.invoke0(Native Method)
	at sun.reflect.NativeMethodAccessorImpl.invoke(NativeMethodAccessorImpl.java:62)
	at sun.reflect.DelegatingMethodAccessorImpl.invoke(DelegatingMethodAccessorImpl.java:43)
	at java.lang.reflect.Method.invoke(Method.java:498)
	at org.codehaus.groovy.tools.GroovyStarter.rootLoader(GroovyStarter.java:109)
	at org.codehaus.groovy.tools.GroovyStarter.main(GroovyStarter.java:131)
)

2018-09-09 13:27:31 - [TEST_STEP][PASSED] - Start listener action : sampleBeforeTestCase: Invoke 'com.kms.katalon.core.annotation.BeforeTestCase' method: 'NewTestListener.sampleBeforeTestCase(...)' completed.

2018-09-09 13:27:31 - [TEST_STEP][PASSED] - Statement - println(testCaseContext.getTextCaseId()=$testCaseContext.getTestCaseId()): null

2018-09-09 13:27:31 - [TEST_STEP][PASSED] - Statement - currentTestCaseId = testCaseContext.getTestCaseId(): Invoke 'com.kms.katalon.core.annotation.BeforeTestCase' method: 'NewTestListener.sampleBeforeTestCase(...)' completed.

2018-09-09 13:27:31 - [TEST_STEP][PASSED] - verify_Test_Case_Number.getTestCaseNumber.getTCNo: verify_Test_Case_Number.getTestCaseNumber.getTCNo is PASSED

2018-09-09 13:27:31 - [MESSAGE][PASSED] - verify_Test_Case_Number.getTestCaseNumber.getTCNo is PASSED

2018-09-09 13:27:31 - [TEST_STEP][PASSED] - callTestCase: Call Test Case 'Test Cases/Login/TC1 Login to Mysdworx' successfully

2018-09-09 13:27:31 - [TEST_CASE][PASSED] - Test Cases/Login/TC1 Login to Mysdworx: Test Cases/Login/TC1 Login to Mysdworx

2018-09-09 13:27:31 - [TEST_STEP][PASSED] - openBrowser: Browser is opened with url: ''

2018-09-09 13:27:33 - [MESSAGE][PASSED] - Browser is opened with url: ''

2018-09-09 13:27:33 - [TEST_STEP][PASSED] - navigateToUrl: Navigate to 'https://internet.acc.sd.dika.be/ebloxreporting/web.sensitive/main/?lang=fr' successfully

2018-09-09 13:27:41 - [MESSAGE][PASSED] - Navigate to 'https://internet.acc.sd.dika.be/ebloxreporting/web.sensitive/main/?lang=fr' successfully

2018-09-09 13:27:41 - [TEST_STEP][PASSED] - maximizeWindow: Current window maximized

2018-09-09 13:27:42 - [MESSAGE][PASSED] - Current window maximized

2018-09-09 13:27:42 - [TEST_STEP][PASSED] - setText: Text 'DP_EBLOX_RPP_VASCO' is set on object 'Object Repository/Page_mysdworx - Log in/input_Username'

2018-09-09 13:27:48 - [MESSAGE][PASSED] - Text 'DP_EBLOX_RPP_VASCO' is set on object 'Object Repository/Page_mysdworx - Log in/input_Username'

2018-09-09 13:27:48 - [TEST_STEP][PASSED] - Statement - frame = new javax.swing.JFrame(User Input Frame): null

2018-09-09 13:27:48 - [TEST_STEP][PASSED] - Statement - frame.requestFocus(): null

2018-09-09 13:27:48 - [TEST_STEP][PASSED] - Statement - pass = javax.swing.JOptionPane.showInputDialog(frame, "Enter the password from token!!"): null

2018-09-09 13:27:57 - [TEST_STEP][PASSED] - delay: Delayed 2 second(s)

2018-09-09 13:27:59 - [MESSAGE][PASSED] - Delayed 2 second(s)

2018-09-09 13:27:59 - [TEST_STEP][PASSED] - setText: Text '892004' is set on object 'Object Repository/Page_mysdworx - Log in/input_Password'

2018-09-09 13:28:00 - [MESSAGE][PASSED] - Text '892004' is set on object 'Object Repository/Page_mysdworx - Log in/input_Password'

2018-09-09 13:28:00 - [TEST_STEP][PASSED] - click: Object: 'Object Repository/Page_mysdworx - Log in/button_Se connecter' is clicked on

2018-09-09 13:28:00 - [MESSAGE][PASSED] - Object: 'Object Repository/Page_mysdworx - Log in/button_Se connecter' is clicked on

2018-09-09 13:28:00 - [TEST_STEP][PASSED] - waitForPageLoad: Wait for page load successfully

2018-09-09 13:28:00 - [MESSAGE][PASSED] - Wait for page load successfully

2018-09-09 13:28:00 - [TEST_STEP][NOT_RUN] - closeBrowser: NOT_RUN: closeBrowser

2018-09-09 13:28:00 - [MESSAGE][NOT_RUN] - NOT_RUN: closeBrowser

2018-09-09 13:28:00 - [MESSAGE][PASSED] - Call Test Case 'Test Cases/Login/TC1 Login to Mysdworx' successfully

2018-09-09 13:28:00 - [TEST_STEP][PASSED] - callTestCase: Call Test Case 'Test Cases/Sub Script/Select Language/TC1 Verify NL language' successfully

2018-09-09 13:28:00 - [TEST_CASE][PASSED] - Test Cases/Sub Script/Select Language/TC1 Verify NL language: Test Cases/Sub Script/Select Language/TC1 Verify NL language

2018-09-09 13:28:00 - [TEST_STEP][PASSED] - waitForElementClickable: Object 'Object Repository/Change language link Obj/NL_language' is clickable

2018-09-09 13:28:32 - [MESSAGE][PASSED] - Object 'Object Repository/Change language link Obj/NL_language' is clickable

2018-09-09 13:28:32 - [TEST_STEP][PASSED] - Statement - verify_NL_link = com.kms.katalon.core.webui.keyword.WebUiBuiltInKeywords.verifyElementClickable(com.kms.katalon.core.testobject.ObjectRepository.findTestObject(Change language link Obj/NL_language)): Object 'Object Repository/Change language link Obj/NL_language' is clickable

2018-09-09 13:28:32 - [MESSAGE][PASSED] - Object 'Object Repository/Change language link Obj/NL_language' is clickable

2018-09-09 13:28:32 - [TEST_STEP][PASSED] - Statement - If (verify_NL_link.equals(true)): NL link is clickable !

2018-09-09 13:28:32 - [TEST_STEP][PASSED] - Statement - com.kms.katalon.core.util.KeywordUtil.markPassed("NL link is clickable !"): NL link is clickable !

2018-09-09 13:28:32 - [MESSAGE][PASSED] - NL link is clickable !

2018-09-09 13:28:32 - [TEST_STEP][PASSED] - click: Object: 'Object Repository/Change language link Obj/NL_language' is clicked on

2018-09-09 13:28:40 - [MESSAGE][PASSED] - Object: 'Object Repository/Change language link Obj/NL_language' is clicked on

2018-09-09 13:28:40 - [TEST_STEP][PASSED] - waitForPageLoad: Wait for page load successfully

2018-09-09 13:28:40 - [MESSAGE][PASSED] - Wait for page load successfully

2018-09-09 13:28:40 - [MESSAGE][PASSED] - Call Test Case 'Test Cases/Sub Script/Select Language/TC1 Verify NL language' successfully

2018-09-09 13:28:40 - [TEST_STEP][PASSED] - callTestCase: Call Test Case 'Test Cases/Sub Script/Navigation_Menu/Menu_Mes_rapports/TC Verify Nouveau rapport button' successfully

2018-09-09 13:28:40 - [TEST_CASE][PASSED] - Test Cases/Sub Script/Navigation_Menu/Menu_Mes_rapports/TC Verify Nouveau rapport button: Test Cases/Sub Script/Navigation_Menu/Menu_Mes_rapports/TC Verify Nouveau rapport button

2018-09-09 13:28:40 - [TEST_STEP][PASSED] - click: Object: 'Object Repository/Mes rapports Obj/button_Nouveau rapport' is clicked on

2018-09-09 13:28:44 - [MESSAGE][PASSED] - Object: 'Object Repository/Mes rapports Obj/button_Nouveau rapport' is clicked on

2018-09-09 13:28:44 - [TEST_STEP][PASSED] - waitForPageLoad: Wait for page load successfully

2018-09-09 13:28:44 - [MESSAGE][PASSED] - Wait for page load successfully

2018-09-09 13:28:44 - [MESSAGE][PASSED] - Call Test Case 'Test Cases/Sub Script/Navigation_Menu/Menu_Mes_rapports/TC Verify Nouveau rapport button' successfully

2018-09-09 13:28:44 - [TEST_STEP][PASSED] - callTestCase: Call Test Case 'Test Cases/Sub Script/Navigation_Menu/Menu_Mes_rapports/Nouveau_Rapport/Mes rapports - BASE DE RAPPORT/TC Verify radio button creer un tout nouveau rapport' successfully

2018-09-09 13:28:44 - [TEST_CASE][PASSED] - Test Cases/Sub Script/Navigation_Menu/Menu_Mes_rapports/Nouveau_Rapport/Mes rapports - BASE DE RAPPORT/TC Verify radio button creer un tout nouveau rapport: Test Cases/Sub Script/Navigation_Menu/Menu_Mes_rapports/Nouveau_Rapport/Mes rapports - BASE DE RAPPORT/TC Verify radio button creer un tout nouveau rapport

2018-09-09 13:28:45 - [TEST_STEP][PASSED] - Statement - radioButton = com.kms.katalon.core.webui.keyword.WebUiBuiltInKeywords.modifyObjectProperty(com.kms.katalon.core.testobject.ObjectRepository.findTestObject(Mes rapports Obj/BASE DE RAPPORT/radioButton_Creer un tout nouveau rapport), "name", "equals", "typeRapport", true): Modify property of object successfully

2018-09-09 13:28:45 - [MESSAGE][PASSED] - Modify property of object successfully

2018-09-09 13:28:45 - [TEST_STEP][PASSED] - click: Object: 'Object Repository/Mes rapports Obj/BASE DE RAPPORT/radioButton_Creer un tout nouveau rapport' is clicked on

2018-09-09 13:28:45 - [MESSAGE][PASSED] - Object: 'Object Repository/Mes rapports Obj/BASE DE RAPPORT/radioButton_Creer un tout nouveau rapport' is clicked on

2018-09-09 13:28:45 - [MESSAGE][PASSED] - Call Test Case 'Test Cases/Sub Script/Navigation_Menu/Menu_Mes_rapports/Nouveau_Rapport/Mes rapports - BASE DE RAPPORT/TC Verify radio button creer un tout nouveau rapport' successfully

2018-09-09 13:28:45 - [TEST_STEP][PASSED] - callTestCase: Call Test Case 'Test Cases/Sub Script/Verify URL/TC Verify Url' successfully

2018-09-09 13:28:45 - [TEST_CASE][PASSED] - Test Cases/Sub Script/Verify URL/TC Verify Url: Test Cases/Sub Script/Verify URL/TC Verify Url

2018-09-09 13:28:45 - [TEST_STEP][PASSED] - waitForPageLoad: Wait for page load successfully

2018-09-09 13:28:45 - [MESSAGE][PASSED] - Wait for page load successfully

2018-09-09 13:28:45 - [TEST_STEP][PASSED] - Statement - url = com.kms.katalon.core.webui.keyword.WebUiBuiltInKeywords.getUrl(): Current window's url is: 'https://internet.acc.sd.dika.be/ebloxreporting/web.sensitive/main/FpyDF/iIz9g8MffKNXfNyb1H/NL/#/definitie/wizard/extern/start'

2018-09-09 13:28:45 - [MESSAGE][PASSED] - Current window's url is: 'https://internet.acc.sd.dika.be/ebloxreporting/web.sensitive/main/FpyDF/iIz9g8MffKNXfNyb1H/NL/#/definitie/wizard/extern/start'

2018-09-09 13:28:45 - [TEST_STEP][PASSED] - Statement - p = java.util.regex.Pattern.compile("00040 ANTILOPE GROEP"): null

2018-09-09 13:28:45 - [TEST_STEP][PASSED] - Statement - m = p.matcher(url): null

2018-09-09 13:28:45 - [TEST_STEP][PASSED] - Statement - If (m.find()): null

2018-09-09 13:28:45 - [TEST_STEP][PASSED] - Statement - Else: The user name and the concern number are not present in the URL

2018-09-09 13:28:45 - [TEST_STEP][PASSED] - Statement - com.kms.katalon.core.util.KeywordUtil.markPassed("The user name and the concern number are not present in the URL"): The user name and the concern number are not present in the URL

2018-09-09 13:28:45 - [MESSAGE][PASSED] - The user name and the concern number are not present in the URL

2018-09-09 13:28:45 - [TEST_STEP][PASSED] - delay: Delayed 2 second(s)

2018-09-09 13:28:47 - [MESSAGE][PASSED] - Delayed 2 second(s)

2018-09-09 13:28:47 - [MESSAGE][PASSED] - Call Test Case 'Test Cases/Sub Script/Verify URL/TC Verify Url' successfully

2018-09-09 13:28:47 - [TEST_STEP][PASSED] - callTestCase: Call Test Case 'Test Cases/Sub Script/Navigation_Menu/Menu_Mes_rapports/TC Verify the next button arrow' successfully

2018-09-09 13:28:48 - [TEST_CASE][PASSED] - Test Cases/Sub Script/Navigation_Menu/Menu_Mes_rapports/TC Verify the next button arrow: Test Cases/Sub Script/Navigation_Menu/Menu_Mes_rapports/TC Verify the next button arrow

2018-09-09 13:28:48 - [TEST_STEP][PASSED] - waitForElementClickable: Object 'Object Repository/Mes rapports Obj/button_Next_Arrow' is clickable

2018-09-09 13:28:48 - [MESSAGE][PASSED] - Object 'Object Repository/Mes rapports Obj/button_Next_Arrow' is clickable

2018-09-09 13:28:48 - [TEST_STEP][PASSED] - click: Object: 'Object Repository/Mes rapports Obj/button_Next_Arrow' is clicked on

2018-09-09 13:28:48 - [MESSAGE][PASSED] - Object: 'Object Repository/Mes rapports Obj/button_Next_Arrow' is clicked on

2018-09-09 13:28:48 - [TEST_STEP][PASSED] - delay: Delayed 5 second(s)

2018-09-09 13:28:53 - [MESSAGE][PASSED] - Delayed 5 second(s)

2018-09-09 13:28:53 - [TEST_STEP][PASSED] - waitForPageLoad: Wait for page load successfully

2018-09-09 13:28:53 - [MESSAGE][PASSED] - Wait for page load successfully

2018-09-09 13:28:53 - [MESSAGE][PASSED] - Call Test Case 'Test Cases/Sub Script/Navigation_Menu/Menu_Mes_rapports/TC Verify the next button arrow' successfully

2018-09-09 13:28:53 - [TEST_STEP][PASSED] - callTestCase: Call Test Case 'Test Cases/Sub Script/Navigation_Menu/Menu_Mes_rapports/Nouveau_Rapport/Mes rapports - CONTENU/TC Verify input field - Contenu' successfully

2018-09-09 13:28:53 - [TEST_CASE][PASSED] - Test Cases/Sub Script/Navigation_Menu/Menu_Mes_rapports/Nouveau_Rapport/Mes rapports - CONTENU/TC Verify input field - Contenu: Test Cases/Sub Script/Navigation_Menu/Menu_Mes_rapports/Nouveau_Rapport/Mes rapports - CONTENU/TC Verify input field - Contenu

2018-09-09 13:28:53 - [TEST_STEP][PASSED] - Statement - excelData = com.kms.katalon.core.testdata.TestDataFactory.findTestData(Data Files/Data/TestData): Reading excel file with source file 'C:\Users\seeboruts\OneDrive - SD Worx\Desktop\Test_Data_Reg.xlsx' and sheet name 'TEST DATA'

2018-09-09 13:28:53 - [TEST_STEP][PASSED] - Statement - rowNo = java.lang.Integer.parseInt(currentTestCaseId): null

2018-09-09 13:28:53 - [TEST_STEP][PASSED] - Statement - For ([i = 4, i <= 13, (i++)]): null

2018-09-09 13:28:53 - [TEST_STEP][PASSED] - Statement - If (excelData.getValue(i, rowNo) != ""): Object: 'Object Repository/Mes rapports Obj/CONTENU/click_Remove_text' is clicked on

2018-09-09 13:28:53 - [TEST_STEP][PASSED] - setText: Text 'Naam werknemer' is set on object 'Object Repository/Mes rapports Obj/CONTENU/input_Contenu_Selecteur'

2018-09-09 13:28:54 - [MESSAGE][PASSED] - Text 'Naam werknemer' is set on object 'Object Repository/Mes rapports Obj/CONTENU/input_Contenu_Selecteur'

2018-09-09 13:28:54 - [TEST_STEP][PASSED] - delay: Delayed 3 second(s)

2018-09-09 13:28:57 - [MESSAGE][PASSED] - Delayed 3 second(s)

2018-09-09 13:28:57 - [TEST_STEP][PASSED] - Statement - selecteur = new com.kms.katalon.core.testobject.TestObject(Choisir_selecteur): null

2018-09-09 13:28:57 - [TEST_STEP][PASSED] - Statement - selecteur.addProperty("xpath", EQUALS, "//span[contains(text(),'" + excelData.getValue(i, rowNo) + "')]"): null

2018-09-09 13:28:57 - [TEST_STEP][PASSED] - click: Object: 'Choisir_selecteur' is clicked on

2018-09-09 13:28:57 - [MESSAGE][PASSED] - Object: 'Choisir_selecteur' is clicked on

2018-09-09 13:28:57 - [TEST_STEP][PASSED] - delay: Delayed 3 second(s)

2018-09-09 13:29:00 - [MESSAGE][PASSED] - Delayed 3 second(s)

2018-09-09 13:29:00 - [TEST_STEP][PASSED] - click: Object: 'Object Repository/Mes rapports Obj/CONTENU/click_Remove_text' is clicked on

2018-09-09 13:29:00 - [MESSAGE][PASSED] - Object: 'Object Repository/Mes rapports Obj/CONTENU/click_Remove_text' is clicked on

2018-09-09 13:29:00 - [TEST_STEP][PASSED] - Statement - If (excelData.getValue(i, rowNo) != ""): Object: 'Object Repository/Mes rapports Obj/CONTENU/click_Remove_text' is clicked on

2018-09-09 13:29:00 - [TEST_STEP][PASSED] - setText: Text 'Afdeling' is set on object 'Object Repository/Mes rapports Obj/CONTENU/input_Contenu_Selecteur'

2018-09-09 13:29:00 - [MESSAGE][PASSED] - Text 'Afdeling' is set on object 'Object Repository/Mes rapports Obj/CONTENU/input_Contenu_Selecteur'

2018-09-09 13:29:00 - [TEST_STEP][PASSED] - delay: Delayed 3 second(s)

2018-09-09 13:29:03 - [MESSAGE][PASSED] - Delayed 3 second(s)

2018-09-09 13:29:03 - [TEST_STEP][PASSED] - Statement - selecteur = new com.kms.katalon.core.testobject.TestObject(Choisir_selecteur): null

2018-09-09 13:29:03 - [TEST_STEP][PASSED] - Statement - selecteur.addProperty("xpath", EQUALS, "//span[contains(text(),'" + excelData.getValue(i, rowNo) + "')]"): null

2018-09-09 13:29:03 - [TEST_STEP][PASSED] - click: Object: 'Choisir_selecteur' is clicked on

2018-09-09 13:29:03 - [MESSAGE][PASSED] - Object: 'Choisir_selecteur' is clicked on

2018-09-09 13:29:03 - [TEST_STEP][PASSED] - delay: Delayed 3 second(s)

2018-09-09 13:29:06 - [MESSAGE][PASSED] - Delayed 3 second(s)

2018-09-09 13:29:06 - [TEST_STEP][PASSED] - click: Object: 'Object Repository/Mes rapports Obj/CONTENU/click_Remove_text' is clicked on

2018-09-09 13:29:06 - [MESSAGE][PASSED] - Object: 'Object Repository/Mes rapports Obj/CONTENU/click_Remove_text' is clicked on

2018-09-09 13:29:06 - [TEST_STEP][PASSED] - Statement - If (excelData.getValue(i, rowNo) != ""): Object: 'Object Repository/Mes rapports Obj/CONTENU/click_Remove_text' is clicked on

2018-09-09 13:29:06 - [TEST_STEP][PASSED] - setText: Text 'Datum in dienst' is set on object 'Object Repository/Mes rapports Obj/CONTENU/input_Contenu_Selecteur'

2018-09-09 13:29:07 - [MESSAGE][PASSED] - Text 'Datum in dienst' is set on object 'Object Repository/Mes rapports Obj/CONTENU/input_Contenu_Selecteur'

2018-09-09 13:29:07 - [TEST_STEP][PASSED] - delay: Delayed 3 second(s)

2018-09-09 13:29:10 - [MESSAGE][PASSED] - Delayed 3 second(s)

2018-09-09 13:29:10 - [TEST_STEP][PASSED] - Statement - selecteur = new com.kms.katalon.core.testobject.TestObject(Choisir_selecteur): null

2018-09-09 13:29:10 - [TEST_STEP][PASSED] - Statement - selecteur.addProperty("xpath", EQUALS, "//span[contains(text(),'" + excelData.getValue(i, rowNo) + "')]"): null

2018-09-09 13:29:10 - [TEST_STEP][PASSED] - click: Object: 'Choisir_selecteur' is clicked on

2018-09-09 13:29:10 - [MESSAGE][PASSED] - Object: 'Choisir_selecteur' is clicked on

2018-09-09 13:29:10 - [TEST_STEP][PASSED] - delay: Delayed 3 second(s)

2018-09-09 13:29:13 - [MESSAGE][PASSED] - Delayed 3 second(s)

2018-09-09 13:29:13 - [TEST_STEP][PASSED] - click: Object: 'Object Repository/Mes rapports Obj/CONTENU/click_Remove_text' is clicked on

2018-09-09 13:29:13 - [MESSAGE][PASSED] - Object: 'Object Repository/Mes rapports Obj/CONTENU/click_Remove_text' is clicked on

2018-09-09 13:29:13 - [TEST_STEP][PASSED] - Statement - If (excelData.getValue(i, rowNo) != ""): Object: 'Object Repository/Mes rapports Obj/CONTENU/click_Remove_text' is clicked on

2018-09-09 13:29:13 - [TEST_STEP][PASSED] - setText: Text '0010 - gewerkte dag' is set on object 'Object Repository/Mes rapports Obj/CONTENU/input_Contenu_Selecteur'

2018-09-09 13:29:13 - [MESSAGE][PASSED] - Text '0010 - gewerkte dag' is set on object 'Object Repository/Mes rapports Obj/CONTENU/input_Contenu_Selecteur'

2018-09-09 13:29:13 - [TEST_STEP][PASSED] - delay: Delayed 3 second(s)

2018-09-09 13:29:16 - [MESSAGE][PASSED] - Delayed 3 second(s)

2018-09-09 13:29:16 - [TEST_STEP][PASSED] - Statement - selecteur = new com.kms.katalon.core.testobject.TestObject(Choisir_selecteur): null

2018-09-09 13:29:16 - [TEST_STEP][PASSED] - Statement - selecteur.addProperty("xpath", EQUALS, "//span[contains(text(),'" + excelData.getValue(i, rowNo) + "')]"): null

2018-09-09 13:29:16 - [TEST_STEP][PASSED] - click: Object: 'Choisir_selecteur' is clicked on

2018-09-09 13:29:16 - [MESSAGE][PASSED] - Object: 'Choisir_selecteur' is clicked on

2018-09-09 13:29:16 - [TEST_STEP][PASSED] - delay: Delayed 3 second(s)

2018-09-09 13:29:19 - [MESSAGE][PASSED] - Delayed 3 second(s)

2018-09-09 13:29:19 - [TEST_STEP][PASSED] - click: Object: 'Object Repository/Mes rapports Obj/CONTENU/click_Remove_text' is clicked on

2018-09-09 13:29:20 - [MESSAGE][PASSED] - Object: 'Object Repository/Mes rapports Obj/CONTENU/click_Remove_text' is clicked on

2018-09-09 13:29:20 - [TEST_STEP][PASSED] - Statement - If (excelData.getValue(i, rowNo) != ""): Object: 'Object Repository/Mes rapports Obj/CONTENU/click_Remove_text' is clicked on

2018-09-09 13:29:20 - [TEST_STEP][PASSED] - setText: Text '1010 - prestaties' is set on object 'Object Repository/Mes rapports Obj/CONTENU/input_Contenu_Selecteur'

2018-09-09 13:29:20 - [MESSAGE][PASSED] - Text '1010 - prestaties' is set on object 'Object Repository/Mes rapports Obj/CONTENU/input_Contenu_Selecteur'

2018-09-09 13:29:20 - [TEST_STEP][PASSED] - delay: Delayed 3 second(s)

2018-09-09 13:29:23 - [MESSAGE][PASSED] - Delayed 3 second(s)

2018-09-09 13:29:23 - [TEST_STEP][PASSED] - Statement - selecteur = new com.kms.katalon.core.testobject.TestObject(Choisir_selecteur): null

2018-09-09 13:29:23 - [TEST_STEP][PASSED] - Statement - selecteur.addProperty("xpath", EQUALS, "//span[contains(text(),'" + excelData.getValue(i, rowNo) + "')]"): null

2018-09-09 13:29:23 - [TEST_STEP][PASSED] - click: Object: 'Choisir_selecteur' is clicked on

2018-09-09 13:29:23 - [MESSAGE][PASSED] - Object: 'Choisir_selecteur' is clicked on

2018-09-09 13:29:23 - [TEST_STEP][PASSED] - delay: Delayed 3 second(s)

2018-09-09 13:29:26 - [MESSAGE][PASSED] - Delayed 3 second(s)

2018-09-09 13:29:26 - [TEST_STEP][PASSED] - click: Object: 'Object Repository/Mes rapports Obj/CONTENU/click_Remove_text' is clicked on

2018-09-09 13:29:26 - [MESSAGE][PASSED] - Object: 'Object Repository/Mes rapports Obj/CONTENU/click_Remove_text' is clicked on

2018-09-09 13:29:26 - [TEST_STEP][PASSED] - Statement - If (excelData.getValue(i, rowNo) != ""): Object: 'Object Repository/Mes rapports Obj/CONTENU/click_Remove_text' is clicked on

2018-09-09 13:29:26 - [TEST_STEP][PASSED] - setText: Text '7010 - aantal gewerkte uren' is set on object 'Object Repository/Mes rapports Obj/CONTENU/input_Contenu_Selecteur'

2018-09-09 13:29:26 - [MESSAGE][PASSED] - Text '7010 - aantal gewerkte uren' is set on object 'Object Repository/Mes rapports Obj/CONTENU/input_Contenu_Selecteur'

2018-09-09 13:29:26 - [TEST_STEP][PASSED] - delay: Delayed 3 second(s)

2018-09-09 13:29:29 - [MESSAGE][PASSED] - Delayed 3 second(s)

2018-09-09 13:29:29 - [TEST_STEP][PASSED] - Statement - selecteur = new com.kms.katalon.core.testobject.TestObject(Choisir_selecteur): null

2018-09-09 13:29:29 - [TEST_STEP][PASSED] - Statement - selecteur.addProperty("xpath", EQUALS, "//span[contains(text(),'" + excelData.getValue(i, rowNo) + "')]"): null

2018-09-09 13:29:29 - [TEST_STEP][PASSED] - click: Object: 'Choisir_selecteur' is clicked on

2018-09-09 13:29:30 - [MESSAGE][PASSED] - Object: 'Choisir_selecteur' is clicked on

2018-09-09 13:29:30 - [TEST_STEP][PASSED] - delay: Delayed 3 second(s)

2018-09-09 13:29:33 - [MESSAGE][PASSED] - Delayed 3 second(s)

2018-09-09 13:29:33 - [TEST_STEP][PASSED] - click: Object: 'Object Repository/Mes rapports Obj/CONTENU/click_Remove_text' is clicked on

2018-09-09 13:29:33 - [MESSAGE][PASSED] - Object: 'Object Repository/Mes rapports Obj/CONTENU/click_Remove_text' is clicked on

2018-09-09 13:29:33 - [TEST_STEP][PASSED] - Statement - If (excelData.getValue(i, rowNo) != ""): null

2018-09-09 13:29:33 - [TEST_STEP][PASSED] - Statement - If (excelData.getValue(i, rowNo) != ""): null

2018-09-09 13:29:33 - [TEST_STEP][PASSED] - Statement - If (excelData.getValue(i, rowNo) != ""): null

2018-09-09 13:29:33 - [TEST_STEP][PASSED] - Statement - If (excelData.getValue(i, rowNo) != ""): null

2018-09-09 13:29:33 - [MESSAGE][PASSED] - Call Test Case 'Test Cases/Sub Script/Navigation_Menu/Menu_Mes_rapports/Nouveau_Rapport/Mes rapports - CONTENU/TC Verify input field - Contenu' successfully

2018-09-09 13:29:33 - [TEST_STEP][PASSED] - callTestCase: Call Test Case 'Test Cases/Sub Script/Verify URL/TC Verify Url' successfully

2018-09-09 13:29:33 - [TEST_CASE][PASSED] - Test Cases/Sub Script/Verify URL/TC Verify Url: Test Cases/Sub Script/Verify URL/TC Verify Url

2018-09-09 13:29:33 - [TEST_STEP][PASSED] - waitForPageLoad: Wait for page load successfully

2018-09-09 13:29:33 - [MESSAGE][PASSED] - Wait for page load successfully

2018-09-09 13:29:33 - [TEST_STEP][PASSED] - Statement - url = com.kms.katalon.core.webui.keyword.WebUiBuiltInKeywords.getUrl(): Current window's url is: 'https://internet.acc.sd.dika.be/ebloxreporting/web.sensitive/main/FpyDF/iIz9g8MffKNXfNyb1H/NL/#/definitie/wizard/extern/index/28486/inhoud/325103/7'

2018-09-09 13:29:33 - [MESSAGE][PASSED] - Current window's url is: 'https://internet.acc.sd.dika.be/ebloxreporting/web.sensitive/main/FpyDF/iIz9g8MffKNXfNyb1H/NL/#/definitie/wizard/extern/index/28486/inhoud/325103/7'

2018-09-09 13:29:33 - [TEST_STEP][PASSED] - Statement - p = java.util.regex.Pattern.compile("00040 ANTILOPE GROEP"): null

2018-09-09 13:29:33 - [TEST_STEP][PASSED] - Statement - m = p.matcher(url): null

2018-09-09 13:29:33 - [TEST_STEP][PASSED] - Statement - If (m.find()): null

2018-09-09 13:29:33 - [TEST_STEP][PASSED] - Statement - Else: The user name and the concern number are not present in the URL

2018-09-09 13:29:33 - [TEST_STEP][PASSED] - Statement - com.kms.katalon.core.util.KeywordUtil.markPassed("The user name and the concern number are not present in the URL"): The user name and the concern number are not present in the URL

2018-09-09 13:29:33 - [MESSAGE][PASSED] - The user name and the concern number are not present in the URL

2018-09-09 13:29:33 - [TEST_STEP][PASSED] - delay: Delayed 2 second(s)

2018-09-09 13:29:35 - [MESSAGE][PASSED] - Delayed 2 second(s)

2018-09-09 13:29:35 - [MESSAGE][PASSED] - Call Test Case 'Test Cases/Sub Script/Verify URL/TC Verify Url' successfully

2018-09-09 13:29:35 - [TEST_STEP][PASSED] - callTestCase: Call Test Case 'Test Cases/Sub Script/Navigation_Menu/Menu_Mes_rapports/TC Verify the next button arrow' successfully

2018-09-09 13:29:35 - [TEST_CASE][PASSED] - Test Cases/Sub Script/Navigation_Menu/Menu_Mes_rapports/TC Verify the next button arrow: Test Cases/Sub Script/Navigation_Menu/Menu_Mes_rapports/TC Verify the next button arrow

2018-09-09 13:29:35 - [TEST_STEP][PASSED] - waitForElementClickable: Object 'Object Repository/Mes rapports Obj/button_Next_Arrow' is clickable

2018-09-09 13:29:35 - [MESSAGE][PASSED] - Object 'Object Repository/Mes rapports Obj/button_Next_Arrow' is clickable

2018-09-09 13:29:35 - [TEST_STEP][PASSED] - click: Object: 'Object Repository/Mes rapports Obj/button_Next_Arrow' is clicked on

2018-09-09 13:29:35 - [MESSAGE][PASSED] - Object: 'Object Repository/Mes rapports Obj/button_Next_Arrow' is clicked on

2018-09-09 13:29:35 - [TEST_STEP][PASSED] - delay: Delayed 5 second(s)

2018-09-09 13:29:40 - [MESSAGE][PASSED] - Delayed 5 second(s)

2018-09-09 13:29:40 - [TEST_STEP][PASSED] - waitForPageLoad: Wait for page load successfully

2018-09-09 13:29:40 - [MESSAGE][PASSED] - Wait for page load successfully

2018-09-09 13:29:40 - [MESSAGE][PASSED] - Call Test Case 'Test Cases/Sub Script/Navigation_Menu/Menu_Mes_rapports/TC Verify the next button arrow' successfully

2018-09-09 13:29:40 - [TEST_STEP][PASSED] - callTestCase: Call Test Case 'Test Cases/Sub Script/Navigation_Menu/Menu_Mes_rapports/Nouveau_Rapport/Mes rapports - SELECTION/Dossier_and_Groupe_options/TC Click on Dossier and Groupe downdrop' successfully

2018-09-09 13:29:41 - [TEST_CASE][PASSED] - Test Cases/Sub Script/Navigation_Menu/Menu_Mes_rapports/Nouveau_Rapport/Mes rapports - SELECTION/Dossier_and_Groupe_options/TC Click on Dossier and Groupe downdrop: Test Cases/Sub Script/Navigation_Menu/Menu_Mes_rapports/Nouveau_Rapport/Mes rapports - SELECTION/Dossier_and_Groupe_options/TC Click on Dossier and Groupe downdrop

2018-09-09 13:29:41 - [TEST_STEP][PASSED] - click: Object: 'Object Repository/Mes rapports Obj/SELECTION/Dossier and Groupe/click on Dossier and groupe dropdown' is clicked on

2018-09-09 13:29:41 - [MESSAGE][PASSED] - Object: 'Object Repository/Mes rapports Obj/SELECTION/Dossier and Groupe/click on Dossier and groupe dropdown' is clicked on

2018-09-09 13:29:41 - [TEST_STEP][PASSED] - delay: Delayed 1 second(s)

2018-09-09 13:29:42 - [MESSAGE][PASSED] - Delayed 1 second(s)

2018-09-09 13:29:42 - [MESSAGE][PASSED] - Call Test Case 'Test Cases/Sub Script/Navigation_Menu/Menu_Mes_rapports/Nouveau_Rapport/Mes rapports - SELECTION/Dossier_and_Groupe_options/TC Click on Dossier and Groupe downdrop' successfully

2018-09-09 13:29:42 - [TEST_STEP][PASSED] - callTestCase: Call Test Case 'Test Cases/Sub Script/Navigation_Menu/Menu_Mes_rapports/Nouveau_Rapport/Mes rapports - SELECTION/Dossier_and_Groupe_options/TC Choose option figure dans' successfully

2018-09-09 13:29:42 - [TEST_CASE][PASSED] - Test Cases/Sub Script/Navigation_Menu/Menu_Mes_rapports/Nouveau_Rapport/Mes rapports - SELECTION/Dossier_and_Groupe_options/TC Choose option figure dans: Test Cases/Sub Script/Navigation_Menu/Menu_Mes_rapports/Nouveau_Rapport/Mes rapports - SELECTION/Dossier_and_Groupe_options/TC Choose option figure dans

2018-09-09 13:29:42 - [TEST_STEP][PASSED] - click: Object: 'Object Repository/Mes rapports Obj/SELECTION/Dossier and Groupe/figure dans' is clicked on

2018-09-09 13:29:42 - [MESSAGE][PASSED] - Object: 'Object Repository/Mes rapports Obj/SELECTION/Dossier and Groupe/figure dans' is clicked on

2018-09-09 13:29:42 - [TEST_STEP][PASSED] - delay: Delayed 1 second(s)

2018-09-09 13:29:43 - [MESSAGE][PASSED] - Delayed 1 second(s)

2018-09-09 13:29:43 - [MESSAGE][PASSED] - Call Test Case 'Test Cases/Sub Script/Navigation_Menu/Menu_Mes_rapports/Nouveau_Rapport/Mes rapports - SELECTION/Dossier_and_Groupe_options/TC Choose option figure dans' successfully

2018-09-09 13:29:43 - [TEST_STEP][PASSED] - callTestCase: Call Test Case 'Test Cases/Sub Script/Navigation_Menu/Menu_Mes_rapports/Nouveau_Rapport/Mes rapports - SELECTION/Travailleur_options/TC Click on Travailleur downdrop' successfully

2018-09-09 13:29:43 - [TEST_CASE][PASSED] - Test Cases/Sub Script/Navigation_Menu/Menu_Mes_rapports/Nouveau_Rapport/Mes rapports - SELECTION/Travailleur_options/TC Click on Travailleur downdrop: Test Cases/Sub Script/Navigation_Menu/Menu_Mes_rapports/Nouveau_Rapport/Mes rapports - SELECTION/Travailleur_options/TC Click on Travailleur downdrop

2018-09-09 13:29:44 - [TEST_STEP][PASSED] - click: Object: 'Object Repository/Mes rapports Obj/SELECTION/Travailleur/Click on Travailleur dropdown' is clicked on

2018-09-09 13:29:44 - [MESSAGE][PASSED] - Object: 'Object Repository/Mes rapports Obj/SELECTION/Travailleur/Click on Travailleur dropdown' is clicked on

2018-09-09 13:29:44 - [TEST_STEP][PASSED] - delay: Delayed 1 second(s)

2018-09-09 13:29:45 - [MESSAGE][PASSED] - Delayed 1 second(s)

2018-09-09 13:29:45 - [MESSAGE][PASSED] - Call Test Case 'Test Cases/Sub Script/Navigation_Menu/Menu_Mes_rapports/Nouveau_Rapport/Mes rapports - SELECTION/Travailleur_options/TC Click on Travailleur downdrop' successfully

2018-09-09 13:29:45 - [TEST_STEP][PASSED] - callTestCase: Call Test Case 'Test Cases/Sub Script/Navigation_Menu/Menu_Mes_rapports/Nouveau_Rapport/Mes rapports - SELECTION/Travailleur_options/TC Choose option figure dans' successfully

2018-09-09 13:29:45 - [TEST_CASE][PASSED] - Test Cases/Sub Script/Navigation_Menu/Menu_Mes_rapports/Nouveau_Rapport/Mes rapports - SELECTION/Travailleur_options/TC Choose option figure dans: Test Cases/Sub Script/Navigation_Menu/Menu_Mes_rapports/Nouveau_Rapport/Mes rapports - SELECTION/Travailleur_options/TC Choose option figure dans

2018-09-09 13:29:45 - [TEST_STEP][PASSED] - click: Object: 'Object Repository/Mes rapports Obj/SELECTION/Travailleur/figure dans' is clicked on

2018-09-09 13:29:45 - [MESSAGE][PASSED] - Object: 'Object Repository/Mes rapports Obj/SELECTION/Travailleur/figure dans' is clicked on

2018-09-09 13:29:45 - [TEST_STEP][PASSED] - delay: Delayed 1 second(s)

2018-09-09 13:29:46 - [MESSAGE][PASSED] - Delayed 1 second(s)

2018-09-09 13:29:46 - [MESSAGE][PASSED] - Call Test Case 'Test Cases/Sub Script/Navigation_Menu/Menu_Mes_rapports/Nouveau_Rapport/Mes rapports - SELECTION/Travailleur_options/TC Choose option figure dans' successfully

2018-09-09 13:29:46 - [TEST_STEP][PASSED] - callTestCase: Call Test Case 'Test Cases/Sub Script/Navigation_Menu/Menu_Mes_rapports/Nouveau_Rapport/Mes rapports - SELECTION/Travailleur_options/TC Select option to choose travailleur' successfully

2018-09-09 13:29:46 - [TEST_CASE][PASSED] - Test Cases/Sub Script/Navigation_Menu/Menu_Mes_rapports/Nouveau_Rapport/Mes rapports - SELECTION/Travailleur_options/TC Select option to choose travailleur: Test Cases/Sub Script/Navigation_Menu/Menu_Mes_rapports/Nouveau_Rapport/Mes rapports - SELECTION/Travailleur_options/TC Select option to choose travailleur

2018-09-09 13:29:46 - [TEST_STEP][PASSED] - click: Object: 'Object Repository/Mes rapports Obj/SELECTION/Travailleur/Select option to choose travailleur' is clicked on

2018-09-09 13:29:46 - [MESSAGE][PASSED] - Object: 'Object Repository/Mes rapports Obj/SELECTION/Travailleur/Select option to choose travailleur' is clicked on

2018-09-09 13:29:46 - [MESSAGE][PASSED] - Call Test Case 'Test Cases/Sub Script/Navigation_Menu/Menu_Mes_rapports/Nouveau_Rapport/Mes rapports - SELECTION/Travailleur_options/TC Select option to choose travailleur' successfully

2018-09-09 13:29:46 - [TEST_STEP][PASSED] - callTestCase: Call Test Case 'Test Cases/Sub Script/Navigation_Menu/Menu_Mes_rapports/Nouveau_Rapport/Mes rapports - SELECTION/Travailleur_options/TC Click on travailleur list option' successfully

2018-09-09 13:29:47 - [TEST_CASE][PASSED] - Test Cases/Sub Script/Navigation_Menu/Menu_Mes_rapports/Nouveau_Rapport/Mes rapports - SELECTION/Travailleur_options/TC Click on travailleur list option: Test Cases/Sub Script/Navigation_Menu/Menu_Mes_rapports/Nouveau_Rapport/Mes rapports - SELECTION/Travailleur_options/TC Click on travailleur list option

2018-09-09 13:29:47 - [TEST_STEP][PASSED] - click: Object: 'Object Repository/Mes rapports Obj/SELECTION/Travailleur/travail - list option' is clicked on

2018-09-09 13:29:47 - [MESSAGE][PASSED] - Object: 'Object Repository/Mes rapports Obj/SELECTION/Travailleur/travail - list option' is clicked on

2018-09-09 13:29:47 - [MESSAGE][PASSED] - Call Test Case 'Test Cases/Sub Script/Navigation_Menu/Menu_Mes_rapports/Nouveau_Rapport/Mes rapports - SELECTION/Travailleur_options/TC Click on travailleur list option' successfully

2018-09-09 13:29:47 - [TEST_STEP][PASSED] - callTestCase: Call Test Case 'Test Cases/Sub Script/Navigation_Menu/Menu_Mes_rapports/Nouveau_Rapport/Mes rapports - SELECTION/Travailleur_options/TC Click on travailleur textfield' successfully

2018-09-09 13:29:47 - [TEST_CASE][PASSED] - Test Cases/Sub Script/Navigation_Menu/Menu_Mes_rapports/Nouveau_Rapport/Mes rapports - SELECTION/Travailleur_options/TC Click on travailleur textfield: Test Cases/Sub Script/Navigation_Menu/Menu_Mes_rapports/Nouveau_Rapport/Mes rapports - SELECTION/Travailleur_options/TC Click on travailleur textfield

2018-09-09 13:29:47 - [TEST_STEP][PASSED] - Statement - travailleur_Textfield = com.kms.katalon.core.webui.keyword.WebUiBuiltInKeywords.modifyObjectProperty(com.kms.katalon.core.testobject.ObjectRepository.findTestObject(Mes rapports Obj/SELECTION/Travailleur/Input field for travailleur), "id", "contains", "s2id_autogen", true): Modify property of object successfully

2018-09-09 13:29:47 - [MESSAGE][PASSED] - Modify property of object successfully

2018-09-09 13:29:47 - [TEST_STEP][PASSED] - click: Object: 'Object Repository/Mes rapports Obj/SELECTION/Travailleur/Input field for travailleur' is clicked on

2018-09-09 13:29:47 - [MESSAGE][PASSED] - Object: 'Object Repository/Mes rapports Obj/SELECTION/Travailleur/Input field for travailleur' is clicked on

2018-09-09 13:29:47 - [MESSAGE][PASSED] - Call Test Case 'Test Cases/Sub Script/Navigation_Menu/Menu_Mes_rapports/Nouveau_Rapport/Mes rapports - SELECTION/Travailleur_options/TC Click on travailleur textfield' successfully

2018-09-09 13:29:47 - [TEST_STEP][PASSED] - callTestCase: Call Test Case 'Test Cases/Sub Script/Navigation_Menu/Menu_Mes_rapports/Nouveau_Rapport/Mes rapports - SELECTION/Travailleur_options/TC Select travailleur from dropdown' successfully

2018-09-09 13:29:47 - [TEST_CASE][PASSED] - Test Cases/Sub Script/Navigation_Menu/Menu_Mes_rapports/Nouveau_Rapport/Mes rapports - SELECTION/Travailleur_options/TC Select travailleur from dropdown: Test Cases/Sub Script/Navigation_Menu/Menu_Mes_rapports/Nouveau_Rapport/Mes rapports - SELECTION/Travailleur_options/TC Select travailleur from dropdown

2018-09-09 13:29:48 - [TEST_STEP][PASSED] - Statement - excelData = com.kms.katalon.core.testdata.TestDataFactory.findTestData(Data Files/Data/TestData): Reading excel file with source file 'C:\Users\seeboruts\OneDrive - SD Worx\Desktop\Test_Data_Reg.xlsx' and sheet name 'TEST DATA'

2018-09-09 13:29:48 - [TEST_STEP][PASSED] - Statement - rowNo = java.lang.Integer.parseInt(currentTestCaseId): null

2018-09-09 13:29:48 - [TEST_STEP][PASSED] - Statement - For ([i = 14, i <= 23, (i++)]): null

2018-09-09 13:29:48 - [TEST_STEP][PASSED] - Statement - If (excelData.getValue(i, rowNo) != ""): Delayed 1 second(s)

2018-09-09 13:29:48 - [TEST_STEP][PASSED] - Statement - Select_travailleur = new com.kms.katalon.core.testobject.TestObject(Select_travailleur_by_name): null

2018-09-09 13:29:48 - [TEST_STEP][PASSED] - Statement - Select_travailleur.addProperty("xpath", EQUALS, "//div[@id='select2-drop']//ul[@class='select2-results']//li[@role='presentation']//div[contains(text(),'" + excelData.getValue(i, rowNo) + "')]"): null

2018-09-09 13:29:48 - [TEST_STEP][PASSED] - click: Object: 'Select_travailleur_by_name' is clicked on

2018-09-09 13:29:48 - [MESSAGE][PASSED] - Object: 'Select_travailleur_by_name' is clicked on

2018-09-09 13:29:48 - [TEST_STEP][PASSED] - delay: Delayed 1 second(s)

2018-09-09 13:29:49 - [MESSAGE][PASSED] - Delayed 1 second(s)

2018-09-09 13:29:49 - [TEST_STEP][PASSED] - Statement - If (excelData.getValue(i, rowNo) != ""): Delayed 1 second(s)

2018-09-09 13:29:49 - [TEST_STEP][PASSED] - Statement - Select_travailleur = new com.kms.katalon.core.testobject.TestObject(Select_travailleur_by_name): null

2018-09-09 13:29:49 - [TEST_STEP][PASSED] - Statement - Select_travailleur.addProperty("xpath", EQUALS, "//div[@id='select2-drop']//ul[@class='select2-results']//li[@role='presentation']//div[contains(text(),'" + excelData.getValue(i, rowNo) + "')]"): null

2018-09-09 13:29:49 - [TEST_STEP][PASSED] - click: Object: 'Select_travailleur_by_name' is clicked on

2018-09-09 13:29:49 - [MESSAGE][PASSED] - Object: 'Select_travailleur_by_name' is clicked on

2018-09-09 13:29:49 - [TEST_STEP][PASSED] - delay: Delayed 1 second(s)

2018-09-09 13:29:50 - [MESSAGE][PASSED] - Delayed 1 second(s)

2018-09-09 13:29:50 - [TEST_STEP][PASSED] - Statement - If (excelData.getValue(i, rowNo) != ""): Delayed 1 second(s)

2018-09-09 13:29:50 - [TEST_STEP][PASSED] - Statement - Select_travailleur = new com.kms.katalon.core.testobject.TestObject(Select_travailleur_by_name): null

2018-09-09 13:29:50 - [TEST_STEP][PASSED] - Statement - Select_travailleur.addProperty("xpath", EQUALS, "//div[@id='select2-drop']//ul[@class='select2-results']//li[@role='presentation']//div[contains(text(),'" + excelData.getValue(i, rowNo) + "')]"): null

2018-09-09 13:29:50 - [TEST_STEP][PASSED] - click: Object: 'Select_travailleur_by_name' is clicked on

2018-09-09 13:29:50 - [MESSAGE][PASSED] - Object: 'Select_travailleur_by_name' is clicked on

2018-09-09 13:29:50 - [TEST_STEP][PASSED] - delay: Delayed 1 second(s)

2018-09-09 13:29:51 - [MESSAGE][PASSED] - Delayed 1 second(s)

2018-09-09 13:29:51 - [TEST_STEP][PASSED] - Statement - If (excelData.getValue(i, rowNo) != ""): Delayed 1 second(s)

2018-09-09 13:29:51 - [TEST_STEP][PASSED] - Statement - Select_travailleur = new com.kms.katalon.core.testobject.TestObject(Select_travailleur_by_name): null

2018-09-09 13:29:51 - [TEST_STEP][PASSED] - Statement - Select_travailleur.addProperty("xpath", EQUALS, "//div[@id='select2-drop']//ul[@class='select2-results']//li[@role='presentation']//div[contains(text(),'" + excelData.getValue(i, rowNo) + "')]"): null

2018-09-09 13:29:51 - [TEST_STEP][PASSED] - click: Object: 'Select_travailleur_by_name' is clicked on

2018-09-09 13:29:51 - [MESSAGE][PASSED] - Object: 'Select_travailleur_by_name' is clicked on

2018-09-09 13:29:51 - [TEST_STEP][PASSED] - delay: Delayed 1 second(s)

2018-09-09 13:29:52 - [MESSAGE][PASSED] - Delayed 1 second(s)

2018-09-09 13:29:52 - [TEST_STEP][PASSED] - Statement - If (excelData.getValue(i, rowNo) != ""): null

2018-09-09 13:29:52 - [TEST_STEP][PASSED] - Statement - Else: null

2018-09-09 13:29:52 - [TEST_STEP][PASSED] - Statement - Break: null

2018-09-09 13:29:52 - [TEST_STEP][PASSED] - waitForPageLoad: Wait for page load successfully

2018-09-09 13:29:52 - [MESSAGE][PASSED] - Wait for page load successfully

2018-09-09 13:29:52 - [TEST_STEP][PASSED] - click: Object: 'Object Repository/Mes rapports Obj/SELECTION/Travailleur/Page_eBlox Reporting/Close_dropdown' is clicked on

2018-09-09 13:29:52 - [MESSAGE][PASSED] - Object: 'Object Repository/Mes rapports Obj/SELECTION/Travailleur/Page_eBlox Reporting/Close_dropdown' is clicked on

2018-09-09 13:29:52 - [TEST_STEP][PASSED] - delay: Delayed 2 second(s)

2018-09-09 13:29:54 - [MESSAGE][PASSED] - Delayed 2 second(s)

2018-09-09 13:29:54 - [MESSAGE][PASSED] - Call Test Case 'Test Cases/Sub Script/Navigation_Menu/Menu_Mes_rapports/Nouveau_Rapport/Mes rapports - SELECTION/Travailleur_options/TC Select travailleur from dropdown' successfully

2018-09-09 13:29:54 - [TEST_STEP][PASSED] - callTestCase: Call Test Case 'Test Cases/Sub Script/Navigation_Menu/Menu_Mes_rapports/Nouveau_Rapport/Mes rapports - SELECTION/CheckBox Selection/TC Verify CheckBox' successfully

2018-09-09 13:29:54 - [TEST_CASE][PASSED] - Test Cases/Sub Script/Navigation_Menu/Menu_Mes_rapports/Nouveau_Rapport/Mes rapports - SELECTION/CheckBox Selection/TC Verify CheckBox: Test Cases/Sub Script/Navigation_Menu/Menu_Mes_rapports/Nouveau_Rapport/Mes rapports - SELECTION/CheckBox Selection/TC Verify CheckBox

2018-09-09 13:29:55 - [TEST_STEP][PASSED] - Statement - excelData = com.kms.katalon.core.testdata.TestDataFactory.findTestData(Data Files/Data/TestData): Reading excel file with source file 'C:\Users\seeboruts\OneDrive - SD Worx\Desktop\Test_Data_Reg.xlsx' and sheet name 'TEST DATA'

2018-09-09 13:29:55 - [TEST_STEP][PASSED] - Statement - rowNo = java.lang.Integer.parseInt(currentTestCaseId): null

2018-09-09 13:29:55 - [TEST_STEP][PASSED] - Statement - For ([i = 34, i <= 42, (i++)]): Object 'Object Repository/Mes rapports Obj/SELECTION/Suspension' is un-checked

2018-09-09 13:29:55 - [TEST_STEP][PASSED] - Statement - If (excelData.getValue(i, rowNo) != ""): Object 'Object Repository/Mes rapports Obj/SELECTION/Contracts actifs' is un-checked

2018-09-09 13:29:55 - [TEST_STEP][PASSED] - excelData.getValue(i, rowNo): Object 'Object Repository/Mes rapports Obj/SELECTION/Contracts actifs' is un-checked

2018-09-09 13:29:55 - [MESSAGE][PASSED] - Object 'Object Repository/Mes rapports Obj/SELECTION/Contracts actifs' is un-checked

2018-09-09 13:29:55 - [TEST_STEP][PASSED] - Statement - If (excelData.getValue(i, rowNo) != ""): Object 'Object Repository/Mes rapports Obj/SELECTION/Dossier and Groupe checkbox' is checked

2018-09-09 13:29:55 - [TEST_STEP][PASSED] - excelData.getValue(i, rowNo): Object 'Object Repository/Mes rapports Obj/SELECTION/Dossier and Groupe checkbox' is checked

2018-09-09 13:29:55 - [MESSAGE][PASSED] - Object 'Object Repository/Mes rapports Obj/SELECTION/Dossier and Groupe checkbox' is checked

2018-09-09 13:29:55 - [TEST_STEP][PASSED] - Statement - If (excelData.getValue(i, rowNo) != ""): Object 'Object Repository/Mes rapports Obj/SELECTION/Travailleur checkbox' is checked

2018-09-09 13:29:55 - [TEST_STEP][PASSED] - excelData.getValue(i, rowNo): Object 'Object Repository/Mes rapports Obj/SELECTION/Travailleur checkbox' is checked

2018-09-09 13:29:55 - [MESSAGE][PASSED] - Object 'Object Repository/Mes rapports Obj/SELECTION/Travailleur checkbox' is checked

2018-09-09 13:29:55 - [TEST_STEP][PASSED] - Statement - If (excelData.getValue(i, rowNo) != ""): Object 'Object Repository/Mes rapports Obj/SELECTION/Departement' is un-checked

2018-09-09 13:29:55 - [TEST_STEP][PASSED] - excelData.getValue(i, rowNo): Object 'Object Repository/Mes rapports Obj/SELECTION/Departement' is un-checked

2018-09-09 13:29:55 - [MESSAGE][PASSED] - Object 'Object Repository/Mes rapports Obj/SELECTION/Departement' is un-checked

2018-09-09 13:29:55 - [TEST_STEP][PASSED] - Statement - If (excelData.getValue(i, rowNo) != ""): Object 'Object Repository/Mes rapports Obj/SELECTION/Caratere juridique du contrat' is un-checked

2018-09-09 13:29:55 - [TEST_STEP][PASSED] - excelData.getValue(i, rowNo): Object 'Object Repository/Mes rapports Obj/SELECTION/Caratere juridique du contrat' is un-checked

2018-09-09 13:29:55 - [MESSAGE][PASSED] - Object 'Object Repository/Mes rapports Obj/SELECTION/Caratere juridique du contrat' is un-checked

2018-09-09 13:29:55 - [TEST_STEP][PASSED] - Statement - If (excelData.getValue(i, rowNo) != ""): Object 'Object Repository/Mes rapports Obj/SELECTION/Pays de naissance' is un-checked

2018-09-09 13:29:55 - [TEST_STEP][PASSED] - excelData.getValue(i, rowNo): Object 'Object Repository/Mes rapports Obj/SELECTION/Pays de naissance' is un-checked

2018-09-09 13:29:55 - [MESSAGE][PASSED] - Object 'Object Repository/Mes rapports Obj/SELECTION/Pays de naissance' is un-checked

2018-09-09 13:29:55 - [TEST_STEP][PASSED] - Statement - If (excelData.getValue(i, rowNo) != ""): Object 'Object Repository/Mes rapports Obj/SELECTION/Sexe' is un-checked

2018-09-09 13:29:55 - [TEST_STEP][PASSED] - excelData.getValue(i, rowNo): Object 'Object Repository/Mes rapports Obj/SELECTION/Sexe' is un-checked

2018-09-09 13:29:55 - [MESSAGE][PASSED] - Object 'Object Repository/Mes rapports Obj/SELECTION/Sexe' is un-checked

2018-09-09 13:29:55 - [TEST_STEP][PASSED] - Statement - If (excelData.getValue(i, rowNo) != ""): Object 'Object Repository/Mes rapports Obj/SELECTION/Mode de remuneration' is un-checked

2018-09-09 13:29:55 - [TEST_STEP][PASSED] - excelData.getValue(i, rowNo): Object 'Object Repository/Mes rapports Obj/SELECTION/Mode de remuneration' is un-checked

2018-09-09 13:29:55 - [MESSAGE][PASSED] - Object 'Object Repository/Mes rapports Obj/SELECTION/Mode de remuneration' is un-checked

2018-09-09 13:29:55 - [TEST_STEP][PASSED] - Statement - If (excelData.getValue(i, rowNo) != ""): Object 'Object Repository/Mes rapports Obj/SELECTION/Suspension' is un-checked

2018-09-09 13:29:55 - [TEST_STEP][PASSED] - excelData.getValue(i, rowNo): Object 'Object Repository/Mes rapports Obj/SELECTION/Suspension' is un-checked

2018-09-09 13:29:55 - [MESSAGE][PASSED] - Object 'Object Repository/Mes rapports Obj/SELECTION/Suspension' is un-checked

2018-09-09 13:29:55 - [MESSAGE][PASSED] - Call Test Case 'Test Cases/Sub Script/Navigation_Menu/Menu_Mes_rapports/Nouveau_Rapport/Mes rapports - SELECTION/CheckBox Selection/TC Verify CheckBox' successfully

2018-09-09 13:29:55 - [TEST_STEP][PASSED] - callTestCase: Call Test Case 'Test Cases/Sub Script/Verify URL/TC Verify Url' successfully

2018-09-09 13:29:55 - [TEST_CASE][PASSED] - Test Cases/Sub Script/Verify URL/TC Verify Url: Test Cases/Sub Script/Verify URL/TC Verify Url

2018-09-09 13:29:55 - [TEST_STEP][PASSED] - waitForPageLoad: Wait for page load successfully

2018-09-09 13:29:55 - [MESSAGE][PASSED] - Wait for page load successfully

2018-09-09 13:29:55 - [TEST_STEP][PASSED] - Statement - url = com.kms.katalon.core.webui.keyword.WebUiBuiltInKeywords.getUrl(): Current window's url is: 'https://internet.acc.sd.dika.be/ebloxreporting/web.sensitive/main/FpyDF/iIz9g8MffKNXfNyb1H/NL/#/definitie/wizard/extern/index/28486/selectie'

2018-09-09 13:29:55 - [MESSAGE][PASSED] - Current window's url is: 'https://internet.acc.sd.dika.be/ebloxreporting/web.sensitive/main/FpyDF/iIz9g8MffKNXfNyb1H/NL/#/definitie/wizard/extern/index/28486/selectie'

2018-09-09 13:29:55 - [TEST_STEP][PASSED] - Statement - p = java.util.regex.Pattern.compile("00040 ANTILOPE GROEP"): null

2018-09-09 13:29:55 - [TEST_STEP][PASSED] - Statement - m = p.matcher(url): null

2018-09-09 13:29:55 - [TEST_STEP][PASSED] - Statement - If (m.find()): null

2018-09-09 13:29:55 - [TEST_STEP][PASSED] - Statement - Else: The user name and the concern number are not present in the URL

2018-09-09 13:29:55 - [TEST_STEP][PASSED] - Statement - com.kms.katalon.core.util.KeywordUtil.markPassed("The user name and the concern number are not present in the URL"): The user name and the concern number are not present in the URL

2018-09-09 13:29:55 - [MESSAGE][PASSED] - The user name and the concern number are not present in the URL

2018-09-09 13:29:55 - [TEST_STEP][PASSED] - delay: Delayed 2 second(s)

2018-09-09 13:29:57 - [MESSAGE][PASSED] - Delayed 2 second(s)

2018-09-09 13:29:57 - [MESSAGE][PASSED] - Call Test Case 'Test Cases/Sub Script/Verify URL/TC Verify Url' successfully

2018-09-09 13:29:57 - [TEST_STEP][PASSED] - callTestCase: Call Test Case 'Test Cases/Sub Script/Navigation_Menu/Menu_Mes_rapports/TC Verify the next button arrow' successfully

2018-09-09 13:29:57 - [TEST_CASE][PASSED] - Test Cases/Sub Script/Navigation_Menu/Menu_Mes_rapports/TC Verify the next button arrow: Test Cases/Sub Script/Navigation_Menu/Menu_Mes_rapports/TC Verify the next button arrow

2018-09-09 13:29:57 - [TEST_STEP][PASSED] - waitForElementClickable: Object 'Object Repository/Mes rapports Obj/button_Next_Arrow' is clickable

2018-09-09 13:29:57 - [MESSAGE][PASSED] - Object 'Object Repository/Mes rapports Obj/button_Next_Arrow' is clickable

2018-09-09 13:29:57 - [TEST_STEP][PASSED] - click: Object: 'Object Repository/Mes rapports Obj/button_Next_Arrow' is clicked on

2018-09-09 13:29:58 - [MESSAGE][PASSED] - Object: 'Object Repository/Mes rapports Obj/button_Next_Arrow' is clicked on

2018-09-09 13:29:58 - [TEST_STEP][PASSED] - delay: Delayed 5 second(s)

2018-09-09 13:30:03 - [MESSAGE][PASSED] - Delayed 5 second(s)

2018-09-09 13:30:03 - [TEST_STEP][PASSED] - waitForPageLoad: Wait for page load successfully

2018-09-09 13:30:03 - [MESSAGE][PASSED] - Wait for page load successfully

2018-09-09 13:30:03 - [MESSAGE][PASSED] - Call Test Case 'Test Cases/Sub Script/Navigation_Menu/Menu_Mes_rapports/TC Verify the next button arrow' successfully

2018-09-09 13:30:03 - [TEST_STEP][PASSED] - callTestCase: Call Test Case 'Test Cases/Sub Script/Navigation_Menu/Menu_Mes_rapports/Nouveau_Rapport/Mes rapports - EXECUTION/Saisissez les valeurs souhaitees section/TC Click on Dossier and Groupe textfield' successfully

2018-09-09 13:30:03 - [TEST_CASE][PASSED] - Test Cases/Sub Script/Navigation_Menu/Menu_Mes_rapports/Nouveau_Rapport/Mes rapports - EXECUTION/Saisissez les valeurs souhaitees section/TC Click on Dossier and Groupe textfield: Test Cases/Sub Script/Navigation_Menu/Menu_Mes_rapports/Nouveau_Rapport/Mes rapports - EXECUTION/Saisissez les valeurs souhaitees section/TC Click on Dossier and Groupe textfield

2018-09-09 13:30:03 - [TEST_STEP][PASSED] - Statement - inputDossier = com.kms.katalon.core.webui.keyword.WebUiBuiltInKeywords.modifyObjectProperty(com.kms.katalon.core.testobject.ObjectRepository.findTestObject(Mes rapports Obj/EXECUTION/Description_Dossier and Groupe figure dans), "id", "contains", "s2id_autogen", true): Modify property of object successfully

2018-09-09 13:30:03 - [MESSAGE][PASSED] - Modify property of object successfully

2018-09-09 13:30:03 - [TEST_STEP][PASSED] - click: Object: 'Object Repository/Mes rapports Obj/EXECUTION/Description_Dossier and Groupe figure dans' is clicked on

2018-09-09 13:30:03 - [MESSAGE][PASSED] - Object: 'Object Repository/Mes rapports Obj/EXECUTION/Description_Dossier and Groupe figure dans' is clicked on

2018-09-09 13:30:03 - [TEST_STEP][PASSED] - delay: Delayed 2 second(s)

2018-09-09 13:30:05 - [MESSAGE][PASSED] - Delayed 2 second(s)

2018-09-09 13:30:05 - [MESSAGE][PASSED] - Call Test Case 'Test Cases/Sub Script/Navigation_Menu/Menu_Mes_rapports/Nouveau_Rapport/Mes rapports - EXECUTION/Saisissez les valeurs souhaitees section/TC Click on Dossier and Groupe textfield' successfully

2018-09-09 13:30:05 - [TEST_STEP][PASSED] - callTestCase: Call Test Case 'Test Cases/Sub Script/Navigation_Menu/Menu_Mes_rapports/Nouveau_Rapport/Mes rapports - EXECUTION/Saisissez les valeurs souhaitees section/TC Select Dossier and groupe from dropdown' successfully

2018-09-09 13:30:05 - [TEST_CASE][PASSED] - Test Cases/Sub Script/Navigation_Menu/Menu_Mes_rapports/Nouveau_Rapport/Mes rapports - EXECUTION/Saisissez les valeurs souhaitees section/TC Select Dossier and groupe from dropdown: Test Cases/Sub Script/Navigation_Menu/Menu_Mes_rapports/Nouveau_Rapport/Mes rapports - EXECUTION/Saisissez les valeurs souhaitees section/TC Select Dossier and groupe from dropdown

2018-09-09 13:30:05 - [TEST_STEP][PASSED] - Statement - excelData = com.kms.katalon.core.testdata.TestDataFactory.findTestData(Data Files/Data/TestData): Reading excel file with source file 'C:\Users\seeboruts\OneDrive - SD Worx\Desktop\Test_Data_Reg.xlsx' and sheet name 'TEST DATA'

2018-09-09 13:30:05 - [TEST_STEP][PASSED] - Statement - rowNo = java.lang.Integer.parseInt(currentTestCaseId): null

2018-09-09 13:30:05 - [TEST_STEP][PASSED] - Statement - For ([i = 24, i <= 33, (i++)]): null

2018-09-09 13:30:05 - [TEST_STEP][PASSED] - Statement - If (excelData.getValue(i, rowNo) != ""): Delayed 2 second(s)

2018-09-09 13:30:05 - [TEST_STEP][PASSED] - Statement - InputDossier = new com.kms.katalon.core.testobject.TestObject(Select_dossier_by_name): null

2018-09-09 13:30:05 - [TEST_STEP][PASSED] - Statement - InputDossier.addProperty("xpath", EQUALS, "//div[@id='select2-drop']//ul[@class='select2-results']//li[@role='presentation']//div[contains(text(),'" + excelData.getValue(i, rowNo) + "')]"): null

2018-09-09 13:30:05 - [TEST_STEP][PASSED] - click: Object: 'Select_dossier_by_name' is clicked on

2018-09-09 13:30:06 - [MESSAGE][PASSED] - Object: 'Select_dossier_by_name' is clicked on

2018-09-09 13:30:06 - [TEST_STEP][PASSED] - delay: Delayed 2 second(s)

2018-09-09 13:30:08 - [MESSAGE][PASSED] - Delayed 2 second(s)

2018-09-09 13:30:08 - [TEST_STEP][PASSED] - Statement - If (excelData.getValue(i, rowNo) != ""): Delayed 2 second(s)

2018-09-09 13:30:08 - [TEST_STEP][PASSED] - Statement - InputDossier = new com.kms.katalon.core.testobject.TestObject(Select_dossier_by_name): null

2018-09-09 13:30:08 - [TEST_STEP][PASSED] - Statement - InputDossier.addProperty("xpath", EQUALS, "//div[@id='select2-drop']//ul[@class='select2-results']//li[@role='presentation']//div[contains(text(),'" + excelData.getValue(i, rowNo) + "')]"): null

2018-09-09 13:30:08 - [TEST_STEP][PASSED] - click: Object: 'Select_dossier_by_name' is clicked on

2018-09-09 13:30:08 - [MESSAGE][PASSED] - Object: 'Select_dossier_by_name' is clicked on

2018-09-09 13:30:08 - [TEST_STEP][PASSED] - delay: Delayed 2 second(s)

2018-09-09 13:30:10 - [MESSAGE][PASSED] - Delayed 2 second(s)

2018-09-09 13:30:10 - [TEST_STEP][PASSED] - Statement - If (excelData.getValue(i, rowNo) != ""): Delayed 2 second(s)

2018-09-09 13:30:10 - [TEST_STEP][PASSED] - Statement - InputDossier = new com.kms.katalon.core.testobject.TestObject(Select_dossier_by_name): null

2018-09-09 13:30:10 - [TEST_STEP][PASSED] - Statement - InputDossier.addProperty("xpath", EQUALS, "//div[@id='select2-drop']//ul[@class='select2-results']//li[@role='presentation']//div[contains(text(),'" + excelData.getValue(i, rowNo) + "')]"): null

2018-09-09 13:30:10 - [TEST_STEP][PASSED] - click: Object: 'Select_dossier_by_name' is clicked on

2018-09-09 13:30:10 - [MESSAGE][PASSED] - Object: 'Select_dossier_by_name' is clicked on

2018-09-09 13:30:10 - [TEST_STEP][PASSED] - delay: Delayed 2 second(s)

2018-09-09 13:30:12 - [MESSAGE][PASSED] - Delayed 2 second(s)

2018-09-09 13:30:12 - [TEST_STEP][PASSED] - Statement - If (excelData.getValue(i, rowNo) != ""): null

2018-09-09 13:30:12 - [TEST_STEP][PASSED] - Statement - Else: null

2018-09-09 13:30:12 - [TEST_STEP][PASSED] - Statement - Break: null

2018-09-09 13:30:12 - [TEST_STEP][PASSED] - waitForPageLoad: Wait for page load successfully

2018-09-09 13:30:12 - [MESSAGE][PASSED] - Wait for page load successfully

2018-09-09 13:30:12 - [TEST_STEP][PASSED] - click: Object: 'Object Repository/Mes rapports Obj/SELECTION/Travailleur/Page_eBlox Reporting/Close_dropdown' is clicked on

2018-09-09 13:30:12 - [MESSAGE][PASSED] - Object: 'Object Repository/Mes rapports Obj/SELECTION/Travailleur/Page_eBlox Reporting/Close_dropdown' is clicked on

2018-09-09 13:30:12 - [TEST_STEP][PASSED] - delay: Delayed 2 second(s)

2018-09-09 13:30:14 - [MESSAGE][PASSED] - Delayed 2 second(s)

2018-09-09 13:30:14 - [MESSAGE][PASSED] - Call Test Case 'Test Cases/Sub Script/Navigation_Menu/Menu_Mes_rapports/Nouveau_Rapport/Mes rapports - EXECUTION/Saisissez les valeurs souhaitees section/TC Select Dossier and groupe from dropdown' successfully

2018-09-09 13:30:14 - [TEST_STEP][PASSED] - callTestCase: Call Test Case 'Test Cases/Sub Script/Navigation_Menu/Menu_Mes_rapports/TC Read data in table test' successfully

2018-09-09 13:30:14 - [TEST_CASE][PASSED] - Test Cases/Sub Script/Navigation_Menu/Menu_Mes_rapports/TC Read data in table test: Test Cases/Sub Script/Navigation_Menu/Menu_Mes_rapports/TC Read data in table test

2018-09-09 13:30:14 - [TEST_STEP][PASSED] - Statement - driver = com.kms.katalon.core.webui.driver.DriverFactory.getWebDriver(): null

2018-09-09 13:30:14 - [TEST_STEP][PASSED] - Statement - ExpectedValue = "Bedrijfswagen: nummerplaat": null

2018-09-09 13:30:14 - [TEST_STEP][PASSED] - Statement - Table = driver.findElement(org.openqa.selenium.By.xpath("//table/tbody")): null

2018-09-09 13:30:14 - [TEST_STEP][PASSED] - Statement - rows_table = Table.findElements(org.openqa.selenium.By.tagName("tr")): null

2018-09-09 13:30:14 - [TEST_STEP][PASSED] - Statement - rows_count = rows_table.size(): null

2018-09-09 13:30:14 - [TEST_STEP][PASSED] - Statement - For ([row = 0, row < rows_count, (row++)]): null

2018-09-09 13:30:14 - [TEST_STEP][PASSED] - Statement - Columns_row = rows_table.get(row).findElements(org.openqa.selenium.By.tagName("td")): null

2018-09-09 13:30:14 - [TEST_STEP][PASSED] - Statement - columns_count = Columns_row.size(): null

2018-09-09 13:30:14 - [TEST_STEP][PASSED] - Statement - println("Number of cells In Row " + row + " are " + columns_count): null

2018-09-09 13:30:14 - [TEST_STEP][PASSED] - Statement - For ([column = 0, column < columns_count, (column++)]): null

2018-09-09 13:30:14 - [TEST_STEP][PASSED] - Statement - celltext = Columns_row.get(column).getText(): null

2018-09-09 13:30:14 - [TEST_STEP][PASSED] - Statement - If (celltext == ExpectedValue): null

2018-09-09 13:30:14 - [TEST_STEP][PASSED] - Statement - celltext = Columns_row.get(column).getText(): null

2018-09-09 13:30:14 - [TEST_STEP][PASSED] - Statement - If (celltext == ExpectedValue): null

2018-09-09 13:30:14 - [TEST_STEP][PASSED] - Statement - Columns_row = rows_table.get(row).findElements(org.openqa.selenium.By.tagName("td")): null

2018-09-09 13:30:14 - [TEST_STEP][PASSED] - Statement - columns_count = Columns_row.size(): null

2018-09-09 13:30:14 - [TEST_STEP][PASSED] - Statement - println("Number of cells In Row " + row + " are " + columns_count): null

2018-09-09 13:30:14 - [TEST_STEP][PASSED] - Statement - For ([column = 0, column < columns_count, (column++)]): null

2018-09-09 13:30:14 - [TEST_STEP][PASSED] - Statement - celltext = Columns_row.get(column).getText(): null

2018-09-09 13:30:14 - [TEST_STEP][PASSED] - Statement - If (celltext == ExpectedValue): null

2018-09-09 13:30:14 - [TEST_STEP][PASSED] - Statement - celltext = Columns_row.get(column).getText(): null

2018-09-09 13:30:15 - [TEST_STEP][PASSED] - Statement - If (celltext == ExpectedValue): null

2018-09-09 13:30:15 - [TEST_STEP][PASSED] - Statement - Columns_row = rows_table.get(row).findElements(org.openqa.selenium.By.tagName("td")): null

2018-09-09 13:30:15 - [TEST_STEP][PASSED] - Statement - columns_count = Columns_row.size(): null

2018-09-09 13:30:15 - [TEST_STEP][PASSED] - Statement - println("Number of cells In Row " + row + " are " + columns_count): null

2018-09-09 13:30:15 - [TEST_STEP][PASSED] - Statement - For ([column = 0, column < columns_count, (column++)]): null

2018-09-09 13:30:15 - [TEST_STEP][PASSED] - Statement - celltext = Columns_row.get(column).getText(): null

2018-09-09 13:30:15 - [TEST_STEP][PASSED] - Statement - If (celltext == ExpectedValue): null

2018-09-09 13:30:15 - [TEST_STEP][PASSED] - Statement - celltext = Columns_row.get(column).getText(): null

2018-09-09 13:30:15 - [TEST_STEP][PASSED] - Statement - If (celltext == ExpectedValue): null

2018-09-09 13:30:15 - [TEST_STEP][PASSED] - Statement - Columns_row = rows_table.get(row).findElements(org.openqa.selenium.By.tagName("td")): null

2018-09-09 13:30:15 - [TEST_STEP][PASSED] - Statement - columns_count = Columns_row.size(): null

2018-09-09 13:30:15 - [TEST_STEP][PASSED] - Statement - println("Number of cells In Row " + row + " are " + columns_count): null

2018-09-09 13:30:15 - [TEST_STEP][PASSED] - Statement - For ([column = 0, column < columns_count, (column++)]): null

2018-09-09 13:30:15 - [TEST_STEP][PASSED] - Statement - celltext = Columns_row.get(column).getText(): null

2018-09-09 13:30:15 - [TEST_STEP][PASSED] - Statement - If (celltext == ExpectedValue): null

2018-09-09 13:30:15 - [TEST_STEP][PASSED] - Statement - celltext = Columns_row.get(column).getText(): null

2018-09-09 13:30:15 - [TEST_STEP][PASSED] - Statement - If (celltext == ExpectedValue): null

2018-09-09 13:30:15 - [MESSAGE][PASSED] - Call Test Case 'Test Cases/Sub Script/Navigation_Menu/Menu_Mes_rapports/TC Read data in table test' successfully

2018-09-09 13:30:15 - [TEST_STEP][FAILED] - callTestCase: Unable to call Test Case with id 'Test Cases/Sub Script/Navigation_Menu/Menu_Mes_rapports/Nouveau_Rapport/Mes rapports - EXECUTION/Valeurs a indiquer/TC Select ref date' (Root cause: Call Test Case 'Test Cases/Sub Script/Navigation_Menu/Menu_Mes_rapports/Nouveau_Rapport/Mes rapports - EXECUTION/Valeurs a indiquer/TC Select ref date' failed)

2018-09-09 13:30:15 - [TEST_CASE][FAILED] - Test Cases/Sub Script/Navigation_Menu/Menu_Mes_rapports/Nouveau_Rapport/Mes rapports - EXECUTION/Valeurs a indiquer/TC Select ref date: Test Cases/Sub Script/Navigation_Menu/Menu_Mes_rapports/Nouveau_Rapport/Mes rapports - EXECUTION/Valeurs a indiquer/TC Select ref date FAILED because (of) (Stack trace: com.kms.katalon.core.exception.StepFailedException: Unable to click on object 'Select_historic_date' (Root cause: org.openqa.selenium.ElementNotVisibleException: element not visible
  (Session info: chrome=68.0.3440.106)
  (Driver info: chromedriver=2.35.528161 (5b82f2d2aae0ca24b877009200ced9065a772e73),platform=Windows NT 10.0.16299 x86_64) (WARNING: The server did not provide any stacktrace information)
Command duration or timeout: 0 milliseconds
Build info: version: '3.7.1', revision: '8a0099a', time: '2017-11-06T21:07:36.161Z'
System info: host: '5CG7062KWD', ip: '192.168.100.6', os.name: 'Windows 10', os.arch: 'amd64', os.version: '10.0', java.version: '1.8.0_181'
Driver info: com.kms.katalon.selenium.driver.CChromeDriver
Capabilities {acceptInsecureCerts: false, acceptSslCerts: false, applicationCacheEnabled: false, browserConnectionEnabled: false, browserName: chrome, chrome: {chromedriverVersion: 2.35.528161 (5b82f2d2aae0ca..., userDataDir: C:\Users\SEEBOR~1\AppData\L...}, cssSelectorsEnabled: true, databaseEnabled: false, handlesAlerts: true, hasTouchScreen: false, javascriptEnabled: true, locationContextEnabled: true, mobileEmulationEnabled: false, nativeEvents: true, networkConnectionEnabled: false, pageLoadStrategy: normal, platform: XP, platformName: XP, rotatable: false, setWindowRect: true, takesHeapSnapshot: true, takesScreenshot: true, unexpectedAlertBehaviour: , unhandledPromptBehavior: , version: 68.0.3440.106, webStorageEnabled: true}
Session ID: 68bc41727d1c52a278c7bf0e84d08319)
	at com.kms.katalon.core.keyword.internal.KeywordMain.stepFailed(KeywordMain.groovy:36)
	at com.kms.katalon.core.webui.keyword.internal.WebUIKeywordMain.stepFailed(WebUIKeywordMain.groovy:65)
	at com.kms.katalon.core.webui.keyword.internal.WebUIKeywordMain.runKeyword(WebUIKeywordMain.groovy:27)
	at com.kms.katalon.core.webui.keyword.builtin.ClickKeyword.click(ClickKeyword.groovy:86)
	at com.kms.katalon.core.webui.keyword.builtin.ClickKeyword.execute(ClickKeyword.groovy:67)
	at com.kms.katalon.core.keyword.internal.KeywordExecutor.executeKeywordForPlatform(KeywordExecutor.groovy:53)
	at com.kms.katalon.core.webui.keyword.WebUiBuiltInKeywords.click(WebUiBuiltInKeywords.groovy:616)
	at com.kms.katalon.core.webui.keyword.WebUiBuiltInKeywords$click$3.call(Unknown Source)
	at org.codehaus.groovy.runtime.callsite.CallSiteArray.defaultCall(CallSiteArray.java:48)
	at org.codehaus.groovy.runtime.callsite.AbstractCallSite.call(AbstractCallSite.java:113)
	at org.codehaus.groovy.runtime.callsite.AbstractCallSite.call(AbstractCallSite.java:125)
	at Script1535605657705.run(Script1535605657705.groovy:33)
	at com.kms.katalon.core.main.ScriptEngine.run(ScriptEngine.java:183)
	at com.kms.katalon.core.main.ScriptEngine.runScriptAsRawText(ScriptEngine.java:108)
	at com.kms.katalon.core.main.TestCaseExecutor.runScript(TestCaseExecutor.java:294)
	at com.kms.katalon.core.main.TestCaseExecutor.doExecute(TestCaseExecutor.java:285)
	at com.kms.katalon.core.main.TestCaseExecutor.processExecutionPhase(TestCaseExecutor.java:264)
	at com.kms.katalon.core.main.TestCaseExecutor.accessMainPhase(TestCaseExecutor.java:256)
	at com.kms.katalon.core.main.TestCaseExecutor.execute(TestCaseExecutor.java:200)
	at com.kms.katalon.core.main.TestCaseMain.runTestCase(TestCaseMain.java:99)
	at com.kms.katalon.core.keyword.builtin.CallTestCaseKeyword$_callTestCase_closure1.doCall(CallTestCaseKeyword.groovy:60)
	at com.kms.katalon.core.keyword.builtin.CallTestCaseKeyword$_callTestCase_closure1.call(CallTestCaseKeyword.groovy)
	at com.kms.katalon.core.keyword.internal.KeywordMain.runKeyword(KeywordMain.groovy:54)
	at com.kms.katalon.core.keyword.builtin.CallTestCaseKeyword.callTestCase(CallTestCaseKeyword.groovy:81)
	at com.kms.katalon.core.keyword.builtin.CallTestCaseKeyword.execute(CallTestCaseKeyword.groovy:45)
	at com.kms.katalon.core.keyword.internal.KeywordExecutor.executeKeywordForPlatform(KeywordExecutor.groovy:53)
	at com.kms.katalon.core.keyword.BuiltinKeywords.callTestCase(BuiltinKeywords.groovy:334)
	at sun.reflect.GeneratedMethodAccessor14.invoke(Unknown Source)
	at sun.reflect.DelegatingMethodAccessorImpl.invoke(DelegatingMethodAccessorImpl.java:43)
	at java.lang.reflect.Method.invoke(Method.java:498)
	at org.codehaus.groovy.reflection.CachedMethod.invoke(CachedMethod.java:93)
	at groovy.lang.MetaMethod.doMethodInvoke(MetaMethod.java:325)
	at groovy.lang.MetaClassImpl.invokeStaticMethod(MetaClassImpl.java:1469)
	at org.codehaus.groovy.runtime.callsite.StaticMetaClassSite.call(StaticMetaClassSite.java:53)
	at org.codehaus.groovy.runtime.callsite.CallSiteArray.defaultCall(CallSiteArray.java:48)
	at org.codehaus.groovy.runtime.callsite.AbstractCallSite.call(AbstractCallSite.java:113)
	at org.codehaus.groovy.runtime.callsite.AbstractCallSite.call(AbstractCallSite.java:141)
	at Script1533573048485.run(Script1533573048485.groovy:86)
	at com.kms.katalon.core.main.ScriptEngine.run(ScriptEngine.java:183)
	at com.kms.katalon.core.main.ScriptEngine.runScriptAsRawText(ScriptEngine.java:108)
	at com.kms.katalon.core.main.TestCaseExecutor.runScript(TestCaseExecutor.java:294)
	at com.kms.katalon.core.main.TestCaseExecutor.doExecute(TestCaseExecutor.java:285)
	at com.kms.katalon.core.main.TestCaseExecutor.processExecutionPhase(TestCaseExecutor.java:264)
	at com.kms.katalon.core.main.TestCaseExecutor.accessMainPhase(TestCaseExecutor.java:256)
	at com.kms.katalon.core.main.TestCaseExecutor.execute(TestCaseExecutor.java:200)
	at com.kms.katalon.core.main.TestSuiteExecutor.accessTestCaseMainPhase(TestSuiteExecutor.java:129)
	at com.kms.katalon.core.main.TestSuiteExecutor.accessTestSuiteMainPhase(TestSuiteExecutor.java:112)
	at com.kms.katalon.core.main.TestSuiteExecutor.execute(TestSuiteExecutor.java:81)
	at com.kms.katalon.core.main.TestCaseMain.startTestSuite(TestCaseMain.java:142)
	at com.kms.katalon.core.main.TestCaseMain$startTestSuite$0.call(Unknown Source)
	at org.codehaus.groovy.runtime.callsite.CallSiteArray.defaultCall(CallSiteArray.java:48)
	at org.codehaus.groovy.runtime.callsite.AbstractCallSite.call(AbstractCallSite.java:113)
	at org.codehaus.groovy.runtime.callsite.AbstractCallSite.call(AbstractCallSite.java:141)
	at TempTestSuite1536485089963.run(TempTestSuite1536485089963.groovy:36)
	at groovy.lang.GroovyShell.runScriptOrMainOrTestOrRunnable(GroovyShell.java:263)
	at groovy.lang.GroovyShell.run(GroovyShell.java:518)
	at groovy.lang.GroovyShell.run(GroovyShell.java:507)
	at groovy.ui.GroovyMain.processOnce(GroovyMain.java:653)
	at groovy.ui.GroovyMain.run(GroovyMain.java:384)
	at groovy.ui.GroovyMain.process(GroovyMain.java:370)
	at groovy.ui.GroovyMain.processArgs(GroovyMain.java:129)
	at groovy.ui.GroovyMain.main(GroovyMain.java:109)
	at sun.reflect.NativeMethodAccessorImpl.invoke0(Native Method)
	at sun.reflect.NativeMethodAccessorImpl.invoke(NativeMethodAccessorImpl.java:62)
	at sun.reflect.DelegatingMethodAccessorImpl.invoke(DelegatingMethodAccessorImpl.java:43)
	at java.lang.reflect.Method.invoke(Method.java:498)
	at org.codehaus.groovy.tools.GroovyStarter.rootLoader(GroovyStarter.java:109)
	at org.codehaus.groovy.tools.GroovyStarter.main(GroovyStarter.java:131)
)

2018-09-09 13:30:15 - [TEST_STEP][PASSED] - Statement - rowNo = java.lang.Integer.parseInt(currentTestCaseId): null

2018-09-09 13:30:15 - [TEST_STEP][PASSED] - Statement - excelData = com.kms.katalon.core.testdata.TestDataFactory.findTestData(Data Files/Data/TestData): Reading excel file with source file 'C:\Users\seeboruts\OneDrive - SD Worx\Desktop\Test_Data_Reg.xlsx' and sheet name 'TEST DATA'

2018-09-09 13:30:15 - [TEST_STEP][FAILED] - Statement - If (excelData.getValue(45, rowNo) != ""): Unable to click on object 'Select_historic_date' (Root cause: org.openqa.selenium.ElementNotVisibleException: element not visible
  (Session info: chrome=68.0.3440.106)
  (Driver info: chromedriver=2.35.528161 (5b82f2d2aae0ca24b877009200ced9065a772e73),platform=Windows NT 10.0.16299 x86_64) (WARNING: The server did not provide any stacktrace information)
Command duration or timeout: 0 milliseconds
Build info: version: '3.7.1', revision: '8a0099a', time: '2017-11-06T21:07:36.161Z'
System info: host: '5CG7062KWD', ip: '192.168.100.6', os.name: 'Windows 10', os.arch: 'amd64', os.version: '10.0', java.version: '1.8.0_181'
Driver info: com.kms.katalon.selenium.driver.CChromeDriver
Capabilities {acceptInsecureCerts: false, acceptSslCerts: false, applicationCacheEnabled: false, browserConnectionEnabled: false, browserName: chrome, chrome: {chromedriverVersion: 2.35.528161 (5b82f2d2aae0ca..., userDataDir: C:\Users\SEEBOR~1\AppData\L...}, cssSelectorsEnabled: true, databaseEnabled: false, handlesAlerts: true, hasTouchScreen: false, javascriptEnabled: true, locationContextEnabled: true, mobileEmulationEnabled: false, nativeEvents: true, networkConnectionEnabled: false, pageLoadStrategy: normal, platform: XP, platformName: XP, rotatable: false, setWindowRect: true, takesHeapSnapshot: true, takesScreenshot: true, unexpectedAlertBehaviour: , unhandledPromptBehavior: , version: 68.0.3440.106, webStorageEnabled: true}
Session ID: 68bc41727d1c52a278c7bf0e84d08319)

2018-09-09 13:30:15 - [TEST_STEP][PASSED] - Statement - dateREF = new com.kms.katalon.core.testobject.TestObject(Select_historic_date): null

2018-09-09 13:30:15 - [TEST_STEP][PASSED] - Statement - dateREF.addProperty("xpath", EQUALS, "//li//a//span[contains(text(),'" + excelData.getValue(45, rowNo) + "')]"): null

2018-09-09 13:30:15 - [TEST_STEP][FAILED] - click: Unable to click on object 'Select_historic_date' (Root cause: org.openqa.selenium.ElementNotVisibleException: element not visible
  (Session info: chrome=68.0.3440.106)
  (Driver info: chromedriver=2.35.528161 (5b82f2d2aae0ca24b877009200ced9065a772e73),platform=Windows NT 10.0.16299 x86_64) (WARNING: The server did not provide any stacktrace information)
Command duration or timeout: 0 milliseconds
Build info: version: '3.7.1', revision: '8a0099a', time: '2017-11-06T21:07:36.161Z'
System info: host: '5CG7062KWD', ip: '192.168.100.6', os.name: 'Windows 10', os.arch: 'amd64', os.version: '10.0', java.version: '1.8.0_181'
Driver info: com.kms.katalon.selenium.driver.CChromeDriver
Capabilities {acceptInsecureCerts: false, acceptSslCerts: false, applicationCacheEnabled: false, browserConnectionEnabled: false, browserName: chrome, chrome: {chromedriverVersion: 2.35.528161 (5b82f2d2aae0ca..., userDataDir: C:\Users\SEEBOR~1\AppData\L...}, cssSelectorsEnabled: true, databaseEnabled: false, handlesAlerts: true, hasTouchScreen: false, javascriptEnabled: true, locationContextEnabled: true, mobileEmulationEnabled: false, nativeEvents: true, networkConnectionEnabled: false, pageLoadStrategy: normal, platform: XP, platformName: XP, rotatable: false, setWindowRect: true, takesHeapSnapshot: true, takesScreenshot: true, unexpectedAlertBehaviour: , unhandledPromptBehavior: , version: 68.0.3440.106, webStorageEnabled: true}
Session ID: 68bc41727d1c52a278c7bf0e84d08319)

2018-09-09 13:30:15 - [MESSAGE][FAILED] - Unable to click on object 'Select_historic_date' (Root cause: org.openqa.selenium.ElementNotVisibleException: element not visible
  (Session info: chrome=68.0.3440.106)
  (Driver info: chromedriver=2.35.528161 (5b82f2d2aae0ca24b877009200ced9065a772e73),platform=Windows NT 10.0.16299 x86_64) (WARNING: The server did not provide any stacktrace information)
Command duration or timeout: 0 milliseconds
Build info: version: '3.7.1', revision: '8a0099a', time: '2017-11-06T21:07:36.161Z'
System info: host: '5CG7062KWD', ip: '192.168.100.6', os.name: 'Windows 10', os.arch: 'amd64', os.version: '10.0', java.version: '1.8.0_181'
Driver info: com.kms.katalon.selenium.driver.CChromeDriver
Capabilities {acceptInsecureCerts: false, acceptSslCerts: false, applicationCacheEnabled: false, browserConnectionEnabled: false, browserName: chrome, chrome: {chromedriverVersion: 2.35.528161 (5b82f2d2aae0ca..., userDataDir: C:\Users\SEEBOR~1\AppData\L...}, cssSelectorsEnabled: true, databaseEnabled: false, handlesAlerts: true, hasTouchScreen: false, javascriptEnabled: true, locationContextEnabled: true, mobileEmulationEnabled: false, nativeEvents: true, networkConnectionEnabled: false, pageLoadStrategy: normal, platform: XP, platformName: XP, rotatable: false, setWindowRect: true, takesHeapSnapshot: true, takesScreenshot: true, unexpectedAlertBehaviour: , unhandledPromptBehavior: , version: 68.0.3440.106, webStorageEnabled: true}
Session ID: 68bc41727d1c52a278c7bf0e84d08319)
[[ATTACHMENT|C:\\Users\\seeboruts\\OneDrive - SD Worx\\Desktop\\Katalon_eBlox_Reporting\\Reports\\testing\\09.09.2018\\test\\20180909_132449\\1536485415637.png]]

2018-09-09 13:30:15 - [MESSAGE][FAILED] - Unable to call Test Case with id 'Test Cases/Sub Script/Navigation_Menu/Menu_Mes_rapports/Nouveau_Rapport/Mes rapports - EXECUTION/Valeurs a indiquer/TC Select ref date' (Root cause: Call Test Case 'Test Cases/Sub Script/Navigation_Menu/Menu_Mes_rapports/Nouveau_Rapport/Mes rapports - EXECUTION/Valeurs a indiquer/TC Select ref date' failed)]]></system-out>
         <system-err><![CDATA[2018-09-09 13:27:31 - [TEST_CASE][FAILED] - Test Cases/Main Script/TC2 NEW: Test Cases/Main Script/TC2 NEW FAILED because (of) (Stack trace: com.kms.katalon.core.exception.StepFailedException: Unable to click on object 'Select_historic_date' (Root cause: org.openqa.selenium.ElementNotVisibleException: element not visible
  (Session info: chrome=68.0.3440.106)
  (Driver info: chromedriver=2.35.528161 (5b82f2d2aae0ca24b877009200ced9065a772e73),platform=Windows NT 10.0.16299 x86_64) (WARNING: The server did not provide any stacktrace information)
Command duration or timeout: 0 milliseconds
Build info: version: '3.7.1', revision: '8a0099a', time: '2017-11-06T21:07:36.161Z'
System info: host: '5CG7062KWD', ip: '192.168.100.6', os.name: 'Windows 10', os.arch: 'amd64', os.version: '10.0', java.version: '1.8.0_181'
Driver info: com.kms.katalon.selenium.driver.CChromeDriver
Capabilities {acceptInsecureCerts: false, acceptSslCerts: false, applicationCacheEnabled: false, browserConnectionEnabled: false, browserName: chrome, chrome: {chromedriverVersion: 2.35.528161 (5b82f2d2aae0ca..., userDataDir: C:\Users\SEEBOR~1\AppData\L...}, cssSelectorsEnabled: true, databaseEnabled: false, handlesAlerts: true, hasTouchScreen: false, javascriptEnabled: true, locationContextEnabled: true, mobileEmulationEnabled: false, nativeEvents: true, networkConnectionEnabled: false, pageLoadStrategy: normal, platform: XP, platformName: XP, rotatable: false, setWindowRect: true, takesHeapSnapshot: true, takesScreenshot: true, unexpectedAlertBehaviour: , unhandledPromptBehavior: , version: 68.0.3440.106, webStorageEnabled: true}
Session ID: 68bc41727d1c52a278c7bf0e84d08319)
	at com.kms.katalon.core.keyword.internal.KeywordMain.stepFailed(KeywordMain.groovy:36)
	at com.kms.katalon.core.webui.keyword.internal.WebUIKeywordMain.stepFailed(WebUIKeywordMain.groovy:65)
	at com.kms.katalon.core.webui.keyword.internal.WebUIKeywordMain.runKeyword(WebUIKeywordMain.groovy:27)
	at com.kms.katalon.core.webui.keyword.builtin.ClickKeyword.click(ClickKeyword.groovy:86)
	at com.kms.katalon.core.webui.keyword.builtin.ClickKeyword.execute(ClickKeyword.groovy:67)
	at com.kms.katalon.core.keyword.internal.KeywordExecutor.executeKeywordForPlatform(KeywordExecutor.groovy:53)
	at com.kms.katalon.core.webui.keyword.WebUiBuiltInKeywords.click(WebUiBuiltInKeywords.groovy:616)
	at com.kms.katalon.core.webui.keyword.WebUiBuiltInKeywords$click$3.call(Unknown Source)
	at org.codehaus.groovy.runtime.callsite.CallSiteArray.defaultCall(CallSiteArray.java:48)
	at org.codehaus.groovy.runtime.callsite.AbstractCallSite.call(AbstractCallSite.java:113)
	at org.codehaus.groovy.runtime.callsite.AbstractCallSite.call(AbstractCallSite.java:125)
	at Script1535605657705.run(Script1535605657705.groovy:33)
	at com.kms.katalon.core.main.ScriptEngine.run(ScriptEngine.java:183)
	at com.kms.katalon.core.main.ScriptEngine.runScriptAsRawText(ScriptEngine.java:108)
	at com.kms.katalon.core.main.TestCaseExecutor.runScript(TestCaseExecutor.java:294)
	at com.kms.katalon.core.main.TestCaseExecutor.doExecute(TestCaseExecutor.java:285)
	at com.kms.katalon.core.main.TestCaseExecutor.processExecutionPhase(TestCaseExecutor.java:264)
	at com.kms.katalon.core.main.TestCaseExecutor.accessMainPhase(TestCaseExecutor.java:256)
	at com.kms.katalon.core.main.TestCaseExecutor.execute(TestCaseExecutor.java:200)
	at com.kms.katalon.core.main.TestCaseMain.runTestCase(TestCaseMain.java:99)
	at com.kms.katalon.core.keyword.builtin.CallTestCaseKeyword$_callTestCase_closure1.doCall(CallTestCaseKeyword.groovy:60)
	at com.kms.katalon.core.keyword.builtin.CallTestCaseKeyword$_callTestCase_closure1.call(CallTestCaseKeyword.groovy)
	at com.kms.katalon.core.keyword.internal.KeywordMain.runKeyword(KeywordMain.groovy:54)
	at com.kms.katalon.core.keyword.builtin.CallTestCaseKeyword.callTestCase(CallTestCaseKeyword.groovy:81)
	at com.kms.katalon.core.keyword.builtin.CallTestCaseKeyword.execute(CallTestCaseKeyword.groovy:45)
	at com.kms.katalon.core.keyword.internal.KeywordExecutor.executeKeywordForPlatform(KeywordExecutor.groovy:53)
	at com.kms.katalon.core.keyword.BuiltinKeywords.callTestCase(BuiltinKeywords.groovy:334)
	at sun.reflect.GeneratedMethodAccessor14.invoke(Unknown Source)
	at sun.reflect.DelegatingMethodAccessorImpl.invoke(DelegatingMethodAccessorImpl.java:43)
	at java.lang.reflect.Method.invoke(Method.java:498)
	at org.codehaus.groovy.reflection.CachedMethod.invoke(CachedMethod.java:93)
	at groovy.lang.MetaMethod.doMethodInvoke(MetaMethod.java:325)
	at groovy.lang.MetaClassImpl.invokeStaticMethod(MetaClassImpl.java:1469)
	at org.codehaus.groovy.runtime.callsite.StaticMetaClassSite.call(StaticMetaClassSite.java:53)
	at org.codehaus.groovy.runtime.callsite.CallSiteArray.defaultCall(CallSiteArray.java:48)
	at org.codehaus.groovy.runtime.callsite.AbstractCallSite.call(AbstractCallSite.java:113)
	at org.codehaus.groovy.runtime.callsite.AbstractCallSite.call(AbstractCallSite.java:141)
	at Script1533573048485.run(Script1533573048485.groovy:86)
	at com.kms.katalon.core.main.ScriptEngine.run(ScriptEngine.java:183)
	at com.kms.katalon.core.main.ScriptEngine.runScriptAsRawText(ScriptEngine.java:108)
	at com.kms.katalon.core.main.TestCaseExecutor.runScript(TestCaseExecutor.java:294)
	at com.kms.katalon.core.main.TestCaseExecutor.doExecute(TestCaseExecutor.java:285)
	at com.kms.katalon.core.main.TestCaseExecutor.processExecutionPhase(TestCaseExecutor.java:264)
	at com.kms.katalon.core.main.TestCaseExecutor.accessMainPhase(TestCaseExecutor.java:256)
	at com.kms.katalon.core.main.TestCaseExecutor.execute(TestCaseExecutor.java:200)
	at com.kms.katalon.core.main.TestSuiteExecutor.accessTestCaseMainPhase(TestSuiteExecutor.java:129)
	at com.kms.katalon.core.main.TestSuiteExecutor.accessTestSuiteMainPhase(TestSuiteExecutor.java:112)
	at com.kms.katalon.core.main.TestSuiteExecutor.execute(TestSuiteExecutor.java:81)
	at com.kms.katalon.core.main.TestCaseMain.startTestSuite(TestCaseMain.java:142)
	at com.kms.katalon.core.main.TestCaseMain$startTestSuite$0.call(Unknown Source)
	at org.codehaus.groovy.runtime.callsite.CallSiteArray.defaultCall(CallSiteArray.java:48)
	at org.codehaus.groovy.runtime.callsite.AbstractCallSite.call(AbstractCallSite.java:113)
	at org.codehaus.groovy.runtime.callsite.AbstractCallSite.call(AbstractCallSite.java:141)
	at TempTestSuite1536485089963.run(TempTestSuite1536485089963.groovy:36)
	at groovy.lang.GroovyShell.runScriptOrMainOrTestOrRunnable(GroovyShell.java:263)
	at groovy.lang.GroovyShell.run(GroovyShell.java:518)
	at groovy.lang.GroovyShell.run(GroovyShell.java:507)
	at groovy.ui.GroovyMain.processOnce(GroovyMain.java:653)
	at groovy.ui.GroovyMain.run(GroovyMain.java:384)
	at groovy.ui.GroovyMain.process(GroovyMain.java:370)
	at groovy.ui.GroovyMain.processArgs(GroovyMain.java:129)
	at groovy.ui.GroovyMain.main(GroovyMain.java:109)
	at sun.reflect.NativeMethodAccessorImpl.invoke0(Native Method)
	at sun.reflect.NativeMethodAccessorImpl.invoke(NativeMethodAccessorImpl.java:62)
	at sun.reflect.DelegatingMethodAccessorImpl.invoke(DelegatingMethodAccessorImpl.java:43)
	at java.lang.reflect.Method.invoke(Method.java:498)
	at org.codehaus.groovy.tools.GroovyStarter.rootLoader(GroovyStarter.java:109)
	at org.codehaus.groovy.tools.GroovyStarter.main(GroovyStarter.java:131)
)]]></system-err>
      </testcase>
      <testcase name="Test Cases/Main Script/TC3 VALIDATION" classname="Test Cases/Main Script/TC3 VALIDATION" status="FAILED">
         <failure type="FAILED" message="(Stack trace: com.kms.katalon.core.exception.StepFailedException: Message is not present
	at com.kms.katalon.core.util.KeywordUtil.markFailed(KeywordUtil.java:15)
	at com.kms.katalon.core.util.KeywordUtil$markFailed$0.call(Unknown Source)
	at org.codehaus.groovy.runtime.callsite.CallSiteArray.defaultCall(CallSiteArray.java:48)
	at org.codehaus.groovy.runtime.callsite.AbstractCallSite.call(AbstractCallSite.java:113)
	at org.codehaus.groovy.runtime.callsite.AbstractCallSite.call(AbstractCallSite.java:125)
	at Script1536483980913.run(Script1536483980913.groovy:36)
	at com.kms.katalon.core.main.ScriptEngine.run(ScriptEngine.java:183)
	at com.kms.katalon.core.main.ScriptEngine.runScriptAsRawText(ScriptEngine.java:108)
	at com.kms.katalon.core.main.TestCaseExecutor.runScript(TestCaseExecutor.java:294)
	at com.kms.katalon.core.main.TestCaseExecutor.doExecute(TestCaseExecutor.java:285)
	at com.kms.katalon.core.main.TestCaseExecutor.processExecutionPhase(TestCaseExecutor.java:264)
	at com.kms.katalon.core.main.TestCaseExecutor.accessMainPhase(TestCaseExecutor.java:256)
	at com.kms.katalon.core.main.TestCaseExecutor.execute(TestCaseExecutor.java:200)
	at com.kms.katalon.core.main.TestCaseMain.runTestCase(TestCaseMain.java:99)
	at com.kms.katalon.core.keyword.builtin.CallTestCaseKeyword$_callTestCase_closure1.doCall(CallTestCaseKeyword.groovy:60)
	at com.kms.katalon.core.keyword.builtin.CallTestCaseKeyword$_callTestCase_closure1.call(CallTestCaseKeyword.groovy)
	at com.kms.katalon.core.keyword.internal.KeywordMain.runKeyword(KeywordMain.groovy:54)
	at com.kms.katalon.core.keyword.builtin.CallTestCaseKeyword.callTestCase(CallTestCaseKeyword.groovy:81)
	at com.kms.katalon.core.keyword.builtin.CallTestCaseKeyword.execute(CallTestCaseKeyword.groovy:45)
	at com.kms.katalon.core.keyword.internal.KeywordExecutor.executeKeywordForPlatform(KeywordExecutor.groovy:53)
	at com.kms.katalon.core.keyword.BuiltinKeywords.callTestCase(BuiltinKeywords.groovy:334)
	at sun.reflect.GeneratedMethodAccessor14.invoke(Unknown Source)
	at sun.reflect.DelegatingMethodAccessorImpl.invoke(DelegatingMethodAccessorImpl.java:43)
	at java.lang.reflect.Method.invoke(Method.java:498)
	at org.codehaus.groovy.reflection.CachedMethod.invoke(CachedMethod.java:93)
	at groovy.lang.MetaMethod.doMethodInvoke(MetaMethod.java:325)
	at groovy.lang.MetaClassImpl.invokeStaticMethod(MetaClassImpl.java:1469)
	at org.codehaus.groovy.runtime.callsite.StaticMetaClassSite.call(StaticMetaClassSite.java:53)
	at org.codehaus.groovy.runtime.callsite.CallSiteArray.defaultCall(CallSiteArray.java:48)
	at org.codehaus.groovy.runtime.callsite.AbstractCallSite.call(AbstractCallSite.java:113)
	at org.codehaus.groovy.runtime.callsite.AbstractCallSite.call(AbstractCallSite.java:141)
	at Script1533636770188.run(Script1533636770188.groovy:62)
	at com.kms.katalon.core.main.ScriptEngine.run(ScriptEngine.java:183)
	at com.kms.katalon.core.main.ScriptEngine.runScriptAsRawText(ScriptEngine.java:108)
	at com.kms.katalon.core.main.TestCaseExecutor.runScript(TestCaseExecutor.java:294)
	at com.kms.katalon.core.main.TestCaseExecutor.doExecute(TestCaseExecutor.java:285)
	at com.kms.katalon.core.main.TestCaseExecutor.processExecutionPhase(TestCaseExecutor.java:264)
	at com.kms.katalon.core.main.TestCaseExecutor.accessMainPhase(TestCaseExecutor.java:256)
	at com.kms.katalon.core.main.TestCaseExecutor.execute(TestCaseExecutor.java:200)
	at com.kms.katalon.core.main.TestSuiteExecutor.accessTestCaseMainPhase(TestSuiteExecutor.java:129)
	at com.kms.katalon.core.main.TestSuiteExecutor.accessTestSuiteMainPhase(TestSuiteExecutor.java:112)
	at com.kms.katalon.core.main.TestSuiteExecutor.execute(TestSuiteExecutor.java:81)
	at com.kms.katalon.core.main.TestCaseMain.startTestSuite(TestCaseMain.java:142)
	at com.kms.katalon.core.main.TestCaseMain$startTestSuite$0.call(Unknown Source)
	at org.codehaus.groovy.runtime.callsite.CallSiteArray.defaultCall(CallSiteArray.java:48)
	at org.codehaus.groovy.runtime.callsite.AbstractCallSite.call(AbstractCallSite.java:113)
	at org.codehaus.groovy.runtime.callsite.AbstractCallSite.call(AbstractCallSite.java:141)
	at TempTestSuite1536485089963.run(TempTestSuite1536485089963.groovy:36)
	at groovy.lang.GroovyShell.runScriptOrMainOrTestOrRunnable(GroovyShell.java:263)
	at groovy.lang.GroovyShell.run(GroovyShell.java:518)
	at groovy.lang.GroovyShell.run(GroovyShell.java:507)
	at groovy.ui.GroovyMain.processOnce(GroovyMain.java:653)
	at groovy.ui.GroovyMain.run(GroovyMain.java:384)
	at groovy.ui.GroovyMain.process(GroovyMain.java:370)
	at groovy.ui.GroovyMain.processArgs(GroovyMain.java:129)
	at groovy.ui.GroovyMain.main(GroovyMain.java:109)
	at sun.reflect.NativeMethodAccessorImpl.invoke0(Native Method)
	at sun.reflect.NativeMethodAccessorImpl.invoke(NativeMethodAccessorImpl.java:62)
	at sun.reflect.DelegatingMethodAccessorImpl.invoke(DelegatingMethodAccessorImpl.java:43)
	at java.lang.reflect.Method.invoke(Method.java:498)
	at org.codehaus.groovy.tools.GroovyStarter.rootLoader(GroovyStarter.java:109)
	at org.codehaus.groovy.tools.GroovyStarter.main(GroovyStarter.java:131)
)"/>
         <system-out><![CDATA[2018-09-09 13:30:15 - [TEST_CASE][FAILED] - Test Cases/Main Script/TC3 VALIDATION: Test Cases/Main Script/TC3 VALIDATION FAILED because (of) (Stack trace: com.kms.katalon.core.exception.StepFailedException: Message is not present
	at com.kms.katalon.core.util.KeywordUtil.markFailed(KeywordUtil.java:15)
	at com.kms.katalon.core.util.KeywordUtil$markFailed$0.call(Unknown Source)
	at org.codehaus.groovy.runtime.callsite.CallSiteArray.defaultCall(CallSiteArray.java:48)
	at org.codehaus.groovy.runtime.callsite.AbstractCallSite.call(AbstractCallSite.java:113)
	at org.codehaus.groovy.runtime.callsite.AbstractCallSite.call(AbstractCallSite.java:125)
	at Script1536483980913.run(Script1536483980913.groovy:36)
	at com.kms.katalon.core.main.ScriptEngine.run(ScriptEngine.java:183)
	at com.kms.katalon.core.main.ScriptEngine.runScriptAsRawText(ScriptEngine.java:108)
	at com.kms.katalon.core.main.TestCaseExecutor.runScript(TestCaseExecutor.java:294)
	at com.kms.katalon.core.main.TestCaseExecutor.doExecute(TestCaseExecutor.java:285)
	at com.kms.katalon.core.main.TestCaseExecutor.processExecutionPhase(TestCaseExecutor.java:264)
	at com.kms.katalon.core.main.TestCaseExecutor.accessMainPhase(TestCaseExecutor.java:256)
	at com.kms.katalon.core.main.TestCaseExecutor.execute(TestCaseExecutor.java:200)
	at com.kms.katalon.core.main.TestCaseMain.runTestCase(TestCaseMain.java:99)
	at com.kms.katalon.core.keyword.builtin.CallTestCaseKeyword$_callTestCase_closure1.doCall(CallTestCaseKeyword.groovy:60)
	at com.kms.katalon.core.keyword.builtin.CallTestCaseKeyword$_callTestCase_closure1.call(CallTestCaseKeyword.groovy)
	at com.kms.katalon.core.keyword.internal.KeywordMain.runKeyword(KeywordMain.groovy:54)
	at com.kms.katalon.core.keyword.builtin.CallTestCaseKeyword.callTestCase(CallTestCaseKeyword.groovy:81)
	at com.kms.katalon.core.keyword.builtin.CallTestCaseKeyword.execute(CallTestCaseKeyword.groovy:45)
	at com.kms.katalon.core.keyword.internal.KeywordExecutor.executeKeywordForPlatform(KeywordExecutor.groovy:53)
	at com.kms.katalon.core.keyword.BuiltinKeywords.callTestCase(BuiltinKeywords.groovy:334)
	at sun.reflect.GeneratedMethodAccessor14.invoke(Unknown Source)
	at sun.reflect.DelegatingMethodAccessorImpl.invoke(DelegatingMethodAccessorImpl.java:43)
	at java.lang.reflect.Method.invoke(Method.java:498)
	at org.codehaus.groovy.reflection.CachedMethod.invoke(CachedMethod.java:93)
	at groovy.lang.MetaMethod.doMethodInvoke(MetaMethod.java:325)
	at groovy.lang.MetaClassImpl.invokeStaticMethod(MetaClassImpl.java:1469)
	at org.codehaus.groovy.runtime.callsite.StaticMetaClassSite.call(StaticMetaClassSite.java:53)
	at org.codehaus.groovy.runtime.callsite.CallSiteArray.defaultCall(CallSiteArray.java:48)
	at org.codehaus.groovy.runtime.callsite.AbstractCallSite.call(AbstractCallSite.java:113)
	at org.codehaus.groovy.runtime.callsite.AbstractCallSite.call(AbstractCallSite.java:141)
	at Script1533636770188.run(Script1533636770188.groovy:62)
	at com.kms.katalon.core.main.ScriptEngine.run(ScriptEngine.java:183)
	at com.kms.katalon.core.main.ScriptEngine.runScriptAsRawText(ScriptEngine.java:108)
	at com.kms.katalon.core.main.TestCaseExecutor.runScript(TestCaseExecutor.java:294)
	at com.kms.katalon.core.main.TestCaseExecutor.doExecute(TestCaseExecutor.java:285)
	at com.kms.katalon.core.main.TestCaseExecutor.processExecutionPhase(TestCaseExecutor.java:264)
	at com.kms.katalon.core.main.TestCaseExecutor.accessMainPhase(TestCaseExecutor.java:256)
	at com.kms.katalon.core.main.TestCaseExecutor.execute(TestCaseExecutor.java:200)
	at com.kms.katalon.core.main.TestSuiteExecutor.accessTestCaseMainPhase(TestSuiteExecutor.java:129)
	at com.kms.katalon.core.main.TestSuiteExecutor.accessTestSuiteMainPhase(TestSuiteExecutor.java:112)
	at com.kms.katalon.core.main.TestSuiteExecutor.execute(TestSuiteExecutor.java:81)
	at com.kms.katalon.core.main.TestCaseMain.startTestSuite(TestCaseMain.java:142)
	at com.kms.katalon.core.main.TestCaseMain$startTestSuite$0.call(Unknown Source)
	at org.codehaus.groovy.runtime.callsite.CallSiteArray.defaultCall(CallSiteArray.java:48)
	at org.codehaus.groovy.runtime.callsite.AbstractCallSite.call(AbstractCallSite.java:113)
	at org.codehaus.groovy.runtime.callsite.AbstractCallSite.call(AbstractCallSite.java:141)
	at TempTestSuite1536485089963.run(TempTestSuite1536485089963.groovy:36)
	at groovy.lang.GroovyShell.runScriptOrMainOrTestOrRunnable(GroovyShell.java:263)
	at groovy.lang.GroovyShell.run(GroovyShell.java:518)
	at groovy.lang.GroovyShell.run(GroovyShell.java:507)
	at groovy.ui.GroovyMain.processOnce(GroovyMain.java:653)
	at groovy.ui.GroovyMain.run(GroovyMain.java:384)
	at groovy.ui.GroovyMain.process(GroovyMain.java:370)
	at groovy.ui.GroovyMain.processArgs(GroovyMain.java:129)
	at groovy.ui.GroovyMain.main(GroovyMain.java:109)
	at sun.reflect.NativeMethodAccessorImpl.invoke0(Native Method)
	at sun.reflect.NativeMethodAccessorImpl.invoke(NativeMethodAccessorImpl.java:62)
	at sun.reflect.DelegatingMethodAccessorImpl.invoke(DelegatingMethodAccessorImpl.java:43)
	at java.lang.reflect.Method.invoke(Method.java:498)
	at org.codehaus.groovy.tools.GroovyStarter.rootLoader(GroovyStarter.java:109)
	at org.codehaus.groovy.tools.GroovyStarter.main(GroovyStarter.java:131)
)

2018-09-09 13:30:15 - [TEST_STEP][PASSED] - Start listener action : sampleBeforeTestCase: Invoke 'com.kms.katalon.core.annotation.BeforeTestCase' method: 'NewTestListener.sampleBeforeTestCase(...)' completed.

2018-09-09 13:30:15 - [TEST_STEP][PASSED] - Statement - println(testCaseContext.getTextCaseId()=$testCaseContext.getTestCaseId()): null

2018-09-09 13:30:15 - [TEST_STEP][PASSED] - Statement - currentTestCaseId = testCaseContext.getTestCaseId(): Invoke 'com.kms.katalon.core.annotation.BeforeTestCase' method: 'NewTestListener.sampleBeforeTestCase(...)' completed.

2018-09-09 13:30:16 - [TEST_STEP][PASSED] - verify_Test_Case_Number.getTestCaseNumber.getTCNo: verify_Test_Case_Number.getTestCaseNumber.getTCNo is PASSED

2018-09-09 13:30:16 - [MESSAGE][PASSED] - verify_Test_Case_Number.getTestCaseNumber.getTCNo is PASSED

2018-09-09 13:30:16 - [TEST_STEP][PASSED] - callTestCase: Call Test Case 'Test Cases/Login/TC1 Login to Mysdworx' successfully

2018-09-09 13:30:16 - [TEST_CASE][PASSED] - Test Cases/Login/TC1 Login to Mysdworx: Test Cases/Login/TC1 Login to Mysdworx

2018-09-09 13:30:16 - [TEST_STEP][PASSED] - openBrowser: Browser is opened with url: ''

2018-09-09 13:30:16 - [MESSAGE][WARNING] - A browser is already opened. Closing browser and opening a new one

2018-09-09 13:30:19 - [MESSAGE][PASSED] - Browser is opened with url: ''

2018-09-09 13:30:19 - [TEST_STEP][PASSED] - navigateToUrl: Navigate to 'https://internet.acc.sd.dika.be/ebloxreporting/web.sensitive/main/?lang=fr' successfully

2018-09-09 13:30:27 - [MESSAGE][PASSED] - Navigate to 'https://internet.acc.sd.dika.be/ebloxreporting/web.sensitive/main/?lang=fr' successfully

2018-09-09 13:30:27 - [TEST_STEP][PASSED] - maximizeWindow: Current window maximized

2018-09-09 13:30:28 - [MESSAGE][PASSED] - Current window maximized

2018-09-09 13:30:28 - [TEST_STEP][PASSED] - setText: Text 'DP_EBLOX_RPP_VASCO' is set on object 'Object Repository/Page_mysdworx - Log in/input_Username'

2018-09-09 13:30:35 - [MESSAGE][PASSED] - Text 'DP_EBLOX_RPP_VASCO' is set on object 'Object Repository/Page_mysdworx - Log in/input_Username'

2018-09-09 13:30:35 - [TEST_STEP][PASSED] - Statement - frame = new javax.swing.JFrame(User Input Frame): null

2018-09-09 13:30:35 - [TEST_STEP][PASSED] - Statement - frame.requestFocus(): null

2018-09-09 13:30:35 - [TEST_STEP][PASSED] - Statement - pass = javax.swing.JOptionPane.showInputDialog(frame, "Enter the password from token!!"): null

2018-09-09 13:30:46 - [TEST_STEP][PASSED] - delay: Delayed 2 second(s)

2018-09-09 13:30:48 - [MESSAGE][PASSED] - Delayed 2 second(s)

2018-09-09 13:30:48 - [TEST_STEP][PASSED] - setText: Text '979822' is set on object 'Object Repository/Page_mysdworx - Log in/input_Password'

2018-09-09 13:30:48 - [MESSAGE][PASSED] - Text '979822' is set on object 'Object Repository/Page_mysdworx - Log in/input_Password'

2018-09-09 13:30:48 - [TEST_STEP][PASSED] - click: Object: 'Object Repository/Page_mysdworx - Log in/button_Se connecter' is clicked on

2018-09-09 13:30:48 - [MESSAGE][PASSED] - Object: 'Object Repository/Page_mysdworx - Log in/button_Se connecter' is clicked on

2018-09-09 13:30:48 - [TEST_STEP][PASSED] - waitForPageLoad: Wait for page load successfully

2018-09-09 13:30:48 - [MESSAGE][PASSED] - Wait for page load successfully

2018-09-09 13:30:48 - [TEST_STEP][NOT_RUN] - closeBrowser: NOT_RUN: closeBrowser

2018-09-09 13:30:48 - [MESSAGE][NOT_RUN] - NOT_RUN: closeBrowser

2018-09-09 13:30:48 - [MESSAGE][PASSED] - Call Test Case 'Test Cases/Login/TC1 Login to Mysdworx' successfully

2018-09-09 13:30:48 - [TEST_STEP][PASSED] - callTestCase: Call Test Case 'Test Cases/Sub Script/Select Language/TC1 Verify NL language' successfully

2018-09-09 13:30:48 - [TEST_CASE][PASSED] - Test Cases/Sub Script/Select Language/TC1 Verify NL language: Test Cases/Sub Script/Select Language/TC1 Verify NL language

2018-09-09 13:30:48 - [TEST_STEP][PASSED] - waitForElementClickable: Object 'Object Repository/Change language link Obj/NL_language' is clickable

2018-09-09 13:31:21 - [MESSAGE][PASSED] - Object 'Object Repository/Change language link Obj/NL_language' is clickable

2018-09-09 13:31:21 - [TEST_STEP][PASSED] - Statement - verify_NL_link = com.kms.katalon.core.webui.keyword.WebUiBuiltInKeywords.verifyElementClickable(com.kms.katalon.core.testobject.ObjectRepository.findTestObject(Change language link Obj/NL_language)): Object 'Object Repository/Change language link Obj/NL_language' is clickable

2018-09-09 13:31:21 - [MESSAGE][PASSED] - Object 'Object Repository/Change language link Obj/NL_language' is clickable

2018-09-09 13:31:21 - [TEST_STEP][PASSED] - Statement - If (verify_NL_link.equals(true)): NL link is clickable !

2018-09-09 13:31:21 - [TEST_STEP][PASSED] - Statement - com.kms.katalon.core.util.KeywordUtil.markPassed("NL link is clickable !"): NL link is clickable !

2018-09-09 13:31:21 - [MESSAGE][PASSED] - NL link is clickable !

2018-09-09 13:31:21 - [TEST_STEP][PASSED] - click: Object: 'Object Repository/Change language link Obj/NL_language' is clicked on

2018-09-09 13:31:28 - [MESSAGE][PASSED] - Object: 'Object Repository/Change language link Obj/NL_language' is clicked on

2018-09-09 13:31:28 - [TEST_STEP][PASSED] - waitForPageLoad: Wait for page load successfully

2018-09-09 13:31:28 - [MESSAGE][PASSED] - Wait for page load successfully

2018-09-09 13:31:28 - [MESSAGE][PASSED] - Call Test Case 'Test Cases/Sub Script/Select Language/TC1 Verify NL language' successfully

2018-09-09 13:31:28 - [TEST_STEP][PASSED] - callTestCase: Call Test Case 'Test Cases/Sub Script/Navigation_Menu/Menu_Mes_rapports/TC Verify Nouveau rapport button' successfully

2018-09-09 13:31:28 - [TEST_CASE][PASSED] - Test Cases/Sub Script/Navigation_Menu/Menu_Mes_rapports/TC Verify Nouveau rapport button: Test Cases/Sub Script/Navigation_Menu/Menu_Mes_rapports/TC Verify Nouveau rapport button

2018-09-09 13:31:28 - [TEST_STEP][PASSED] - click: Object: 'Object Repository/Mes rapports Obj/button_Nouveau rapport' is clicked on

2018-09-09 13:31:32 - [MESSAGE][PASSED] - Object: 'Object Repository/Mes rapports Obj/button_Nouveau rapport' is clicked on

2018-09-09 13:31:32 - [TEST_STEP][PASSED] - waitForPageLoad: Wait for page load successfully

2018-09-09 13:31:32 - [MESSAGE][PASSED] - Wait for page load successfully

2018-09-09 13:31:32 - [MESSAGE][PASSED] - Call Test Case 'Test Cases/Sub Script/Navigation_Menu/Menu_Mes_rapports/TC Verify Nouveau rapport button' successfully

2018-09-09 13:31:32 - [TEST_STEP][PASSED] - callTestCase: Call Test Case 'Test Cases/Sub Script/Navigation_Menu/Menu_Mes_rapports/Nouveau_Rapport/Mes rapports - BASE DE RAPPORT/TC Verify radio button creer un tout nouveau rapport' successfully

2018-09-09 13:31:32 - [TEST_CASE][PASSED] - Test Cases/Sub Script/Navigation_Menu/Menu_Mes_rapports/Nouveau_Rapport/Mes rapports - BASE DE RAPPORT/TC Verify radio button creer un tout nouveau rapport: Test Cases/Sub Script/Navigation_Menu/Menu_Mes_rapports/Nouveau_Rapport/Mes rapports - BASE DE RAPPORT/TC Verify radio button creer un tout nouveau rapport

2018-09-09 13:31:32 - [TEST_STEP][PASSED] - Statement - radioButton = com.kms.katalon.core.webui.keyword.WebUiBuiltInKeywords.modifyObjectProperty(com.kms.katalon.core.testobject.ObjectRepository.findTestObject(Mes rapports Obj/BASE DE RAPPORT/radioButton_Creer un tout nouveau rapport), "name", "equals", "typeRapport", true): Modify property of object successfully

2018-09-09 13:31:32 - [MESSAGE][PASSED] - Modify property of object successfully

2018-09-09 13:31:32 - [TEST_STEP][PASSED] - click: Object: 'Object Repository/Mes rapports Obj/BASE DE RAPPORT/radioButton_Creer un tout nouveau rapport' is clicked on

2018-09-09 13:31:32 - [MESSAGE][PASSED] - Object: 'Object Repository/Mes rapports Obj/BASE DE RAPPORT/radioButton_Creer un tout nouveau rapport' is clicked on

2018-09-09 13:31:32 - [MESSAGE][PASSED] - Call Test Case 'Test Cases/Sub Script/Navigation_Menu/Menu_Mes_rapports/Nouveau_Rapport/Mes rapports - BASE DE RAPPORT/TC Verify radio button creer un tout nouveau rapport' successfully

2018-09-09 13:31:32 - [TEST_STEP][PASSED] - callTestCase: Call Test Case 'Test Cases/Sub Script/Navigation_Menu/Menu_Mes_rapports/TC Verify the next button arrow' successfully

2018-09-09 13:31:32 - [TEST_CASE][PASSED] - Test Cases/Sub Script/Navigation_Menu/Menu_Mes_rapports/TC Verify the next button arrow: Test Cases/Sub Script/Navigation_Menu/Menu_Mes_rapports/TC Verify the next button arrow

2018-09-09 13:31:32 - [TEST_STEP][PASSED] - waitForElementClickable: Object 'Object Repository/Mes rapports Obj/button_Next_Arrow' is clickable

2018-09-09 13:31:33 - [MESSAGE][PASSED] - Object 'Object Repository/Mes rapports Obj/button_Next_Arrow' is clickable

2018-09-09 13:31:33 - [TEST_STEP][PASSED] - click: Object: 'Object Repository/Mes rapports Obj/button_Next_Arrow' is clicked on

2018-09-09 13:31:33 - [MESSAGE][PASSED] - Object: 'Object Repository/Mes rapports Obj/button_Next_Arrow' is clicked on

2018-09-09 13:31:33 - [TEST_STEP][PASSED] - delay: Delayed 5 second(s)

2018-09-09 13:31:38 - [MESSAGE][PASSED] - Delayed 5 second(s)

2018-09-09 13:31:38 - [TEST_STEP][PASSED] - waitForPageLoad: Wait for page load successfully

2018-09-09 13:31:38 - [MESSAGE][PASSED] - Wait for page load successfully

2018-09-09 13:31:38 - [MESSAGE][PASSED] - Call Test Case 'Test Cases/Sub Script/Navigation_Menu/Menu_Mes_rapports/TC Verify the next button arrow' successfully

2018-09-09 13:31:38 - [TEST_STEP][PASSED] - callTestCase: Call Test Case 'Test Cases/Sub Script/Navigation_Menu/Menu_Mes_rapports/TC Verify the next button arrow' successfully

2018-09-09 13:31:38 - [TEST_CASE][PASSED] - Test Cases/Sub Script/Navigation_Menu/Menu_Mes_rapports/TC Verify the next button arrow: Test Cases/Sub Script/Navigation_Menu/Menu_Mes_rapports/TC Verify the next button arrow

2018-09-09 13:31:38 - [TEST_STEP][PASSED] - waitForElementClickable: Object 'Object Repository/Mes rapports Obj/button_Next_Arrow' is clickable

2018-09-09 13:31:38 - [MESSAGE][PASSED] - Object 'Object Repository/Mes rapports Obj/button_Next_Arrow' is clickable

2018-09-09 13:31:38 - [TEST_STEP][PASSED] - click: Object: 'Object Repository/Mes rapports Obj/button_Next_Arrow' is clicked on

2018-09-09 13:31:38 - [MESSAGE][PASSED] - Object: 'Object Repository/Mes rapports Obj/button_Next_Arrow' is clicked on

2018-09-09 13:31:38 - [TEST_STEP][PASSED] - delay: Delayed 5 second(s)

2018-09-09 13:31:43 - [MESSAGE][PASSED] - Delayed 5 second(s)

2018-09-09 13:31:43 - [TEST_STEP][PASSED] - waitForPageLoad: Wait for page load successfully

2018-09-09 13:31:43 - [MESSAGE][PASSED] - Wait for page load successfully

2018-09-09 13:31:43 - [MESSAGE][PASSED] - Call Test Case 'Test Cases/Sub Script/Navigation_Menu/Menu_Mes_rapports/TC Verify the next button arrow' successfully

2018-09-09 13:31:43 - [TEST_STEP][PASSED] - callTestCase: Call Test Case 'Test Cases/Sub Script/Verify Error Message/TC Verify if text is present' successfully

2018-09-09 13:31:43 - [TEST_CASE][PASSED] - Test Cases/Sub Script/Verify Error Message/TC Verify if text is present: Test Cases/Sub Script/Verify Error Message/TC Verify if text is present

2018-09-09 13:31:43 - [TEST_STEP][PASSED] - Statement - excelData = com.kms.katalon.core.testdata.TestDataFactory.findTestData(Data Files/Data/TestData): Reading excel file with source file 'C:\Users\seeboruts\OneDrive - SD Worx\Desktop\Test_Data_Reg.xlsx' and sheet name 'TEST DATA'

2018-09-09 13:31:43 - [TEST_STEP][PASSED] - Statement - rowNo = java.lang.Integer.parseInt(currentTestCaseId): null

2018-09-09 13:31:43 - [TEST_STEP][PASSED] - Statement - driver = com.kms.katalon.core.webui.driver.DriverFactory.getWebDriver(): null

2018-09-09 13:31:43 - [TEST_STEP][PASSED] - Statement - msg = driver.findElement(org.openqa.selenium.By.xpath("//div[contains(@class,'has-error')]")).getText(): null

2018-09-09 13:31:43 - [TEST_STEP][PASSED] - Statement - If (msg == excelData.getValue(74, rowNo)): Message is present

2018-09-09 13:31:43 - [TEST_STEP][PASSED] - Statement - com.kms.katalon.core.util.KeywordUtil.markPassed("Message is present"): Message is present

2018-09-09 13:31:43 - [MESSAGE][PASSED] - Message is present

2018-09-09 13:31:43 - [TEST_STEP][PASSED] - waitForPageLoad: Wait for page load successfully

2018-09-09 13:31:43 - [MESSAGE][PASSED] - Wait for page load successfully

2018-09-09 13:31:43 - [MESSAGE][PASSED] - Call Test Case 'Test Cases/Sub Script/Verify Error Message/TC Verify if text is present' successfully

2018-09-09 13:31:43 - [TEST_STEP][PASSED] - callTestCase: Call Test Case 'Test Cases/Sub Script/Navigation_Menu/Menu_Mes_rapports/Nouveau_Rapport/Mes rapports - CONTENU/TC Verify input field - Contenu' successfully

2018-09-09 13:31:43 - [TEST_CASE][PASSED] - Test Cases/Sub Script/Navigation_Menu/Menu_Mes_rapports/Nouveau_Rapport/Mes rapports - CONTENU/TC Verify input field - Contenu: Test Cases/Sub Script/Navigation_Menu/Menu_Mes_rapports/Nouveau_Rapport/Mes rapports - CONTENU/TC Verify input field - Contenu

2018-09-09 13:31:43 - [TEST_STEP][PASSED] - Statement - excelData = com.kms.katalon.core.testdata.TestDataFactory.findTestData(Data Files/Data/TestData): Reading excel file with source file 'C:\Users\seeboruts\OneDrive - SD Worx\Desktop\Test_Data_Reg.xlsx' and sheet name 'TEST DATA'

2018-09-09 13:31:43 - [TEST_STEP][PASSED] - Statement - rowNo = java.lang.Integer.parseInt(currentTestCaseId): null

2018-09-09 13:31:43 - [TEST_STEP][PASSED] - Statement - For ([i = 4, i <= 13, (i++)]): null

2018-09-09 13:31:43 - [TEST_STEP][PASSED] - Statement - If (excelData.getValue(i, rowNo) != ""): Object: 'Object Repository/Mes rapports Obj/CONTENU/click_Remove_text' is clicked on

2018-09-09 13:31:43 - [TEST_STEP][PASSED] - setText: Text 'Naam werknemer' is set on object 'Object Repository/Mes rapports Obj/CONTENU/input_Contenu_Selecteur'

2018-09-09 13:31:44 - [MESSAGE][PASSED] - Text 'Naam werknemer' is set on object 'Object Repository/Mes rapports Obj/CONTENU/input_Contenu_Selecteur'

2018-09-09 13:31:44 - [TEST_STEP][PASSED] - delay: Delayed 3 second(s)

2018-09-09 13:31:47 - [MESSAGE][PASSED] - Delayed 3 second(s)

2018-09-09 13:31:47 - [TEST_STEP][PASSED] - Statement - selecteur = new com.kms.katalon.core.testobject.TestObject(Choisir_selecteur): null

2018-09-09 13:31:47 - [TEST_STEP][PASSED] - Statement - selecteur.addProperty("xpath", EQUALS, "//span[contains(text(),'" + excelData.getValue(i, rowNo) + "')]"): null

2018-09-09 13:31:47 - [TEST_STEP][PASSED] - click: Object: 'Choisir_selecteur' is clicked on

2018-09-09 13:31:47 - [MESSAGE][PASSED] - Object: 'Choisir_selecteur' is clicked on

2018-09-09 13:31:47 - [TEST_STEP][PASSED] - delay: Delayed 3 second(s)

2018-09-09 13:31:50 - [MESSAGE][PASSED] - Delayed 3 second(s)

2018-09-09 13:31:50 - [TEST_STEP][PASSED] - click: Object: 'Object Repository/Mes rapports Obj/CONTENU/click_Remove_text' is clicked on

2018-09-09 13:31:50 - [MESSAGE][PASSED] - Object: 'Object Repository/Mes rapports Obj/CONTENU/click_Remove_text' is clicked on

2018-09-09 13:31:50 - [TEST_STEP][PASSED] - Statement - If (excelData.getValue(i, rowNo) != ""): Object: 'Object Repository/Mes rapports Obj/CONTENU/click_Remove_text' is clicked on

2018-09-09 13:31:50 - [TEST_STEP][PASSED] - setText: Text 'Brutoloon' is set on object 'Object Repository/Mes rapports Obj/CONTENU/input_Contenu_Selecteur'

2018-09-09 13:31:50 - [MESSAGE][PASSED] - Text 'Brutoloon' is set on object 'Object Repository/Mes rapports Obj/CONTENU/input_Contenu_Selecteur'

2018-09-09 13:31:50 - [TEST_STEP][PASSED] - delay: Delayed 3 second(s)

2018-09-09 13:31:53 - [MESSAGE][PASSED] - Delayed 3 second(s)

2018-09-09 13:31:53 - [TEST_STEP][PASSED] - Statement - selecteur = new com.kms.katalon.core.testobject.TestObject(Choisir_selecteur): null

2018-09-09 13:31:53 - [TEST_STEP][PASSED] - Statement - selecteur.addProperty("xpath", EQUALS, "//span[contains(text(),'" + excelData.getValue(i, rowNo) + "')]"): null

2018-09-09 13:31:53 - [TEST_STEP][PASSED] - click: Object: 'Choisir_selecteur' is clicked on

2018-09-09 13:31:53 - [MESSAGE][PASSED] - Object: 'Choisir_selecteur' is clicked on

2018-09-09 13:31:53 - [TEST_STEP][PASSED] - delay: Delayed 3 second(s)

2018-09-09 13:31:56 - [MESSAGE][PASSED] - Delayed 3 second(s)

2018-09-09 13:31:56 - [TEST_STEP][PASSED] - click: Object: 'Object Repository/Mes rapports Obj/CONTENU/click_Remove_text' is clicked on

2018-09-09 13:31:57 - [MESSAGE][PASSED] - Object: 'Object Repository/Mes rapports Obj/CONTENU/click_Remove_text' is clicked on

2018-09-09 13:31:57 - [TEST_STEP][PASSED] - Statement - If (excelData.getValue(i, rowNo) != ""): null

2018-09-09 13:31:57 - [TEST_STEP][PASSED] - Statement - If (excelData.getValue(i, rowNo) != ""): null

2018-09-09 13:31:57 - [TEST_STEP][PASSED] - Statement - If (excelData.getValue(i, rowNo) != ""): null

2018-09-09 13:31:57 - [TEST_STEP][PASSED] - Statement - If (excelData.getValue(i, rowNo) != ""): null

2018-09-09 13:31:57 - [TEST_STEP][PASSED] - Statement - If (excelData.getValue(i, rowNo) != ""): null

2018-09-09 13:31:57 - [TEST_STEP][PASSED] - Statement - If (excelData.getValue(i, rowNo) != ""): null

2018-09-09 13:31:57 - [TEST_STEP][PASSED] - Statement - If (excelData.getValue(i, rowNo) != ""): null

2018-09-09 13:31:57 - [TEST_STEP][PASSED] - Statement - If (excelData.getValue(i, rowNo) != ""): null

2018-09-09 13:31:57 - [MESSAGE][PASSED] - Call Test Case 'Test Cases/Sub Script/Navigation_Menu/Menu_Mes_rapports/Nouveau_Rapport/Mes rapports - CONTENU/TC Verify input field - Contenu' successfully

2018-09-09 13:31:57 - [TEST_STEP][PASSED] - callTestCase: Call Test Case 'Test Cases/Sub Script/Navigation_Menu/Menu_Mes_rapports/TC Verify the next button arrow' successfully

2018-09-09 13:31:57 - [TEST_CASE][PASSED] - Test Cases/Sub Script/Navigation_Menu/Menu_Mes_rapports/TC Verify the next button arrow: Test Cases/Sub Script/Navigation_Menu/Menu_Mes_rapports/TC Verify the next button arrow

2018-09-09 13:31:57 - [TEST_STEP][PASSED] - waitForElementClickable: Object 'Object Repository/Mes rapports Obj/button_Next_Arrow' is clickable

2018-09-09 13:31:57 - [MESSAGE][PASSED] - Object 'Object Repository/Mes rapports Obj/button_Next_Arrow' is clickable

2018-09-09 13:31:57 - [TEST_STEP][PASSED] - click: Object: 'Object Repository/Mes rapports Obj/button_Next_Arrow' is clicked on

2018-09-09 13:31:57 - [MESSAGE][PASSED] - Object: 'Object Repository/Mes rapports Obj/button_Next_Arrow' is clicked on

2018-09-09 13:31:57 - [TEST_STEP][PASSED] - delay: Delayed 5 second(s)

2018-09-09 13:32:02 - [MESSAGE][PASSED] - Delayed 5 second(s)

2018-09-09 13:32:02 - [TEST_STEP][PASSED] - waitForPageLoad: Wait for page load successfully

2018-09-09 13:32:02 - [MESSAGE][PASSED] - Wait for page load successfully

2018-09-09 13:32:02 - [MESSAGE][PASSED] - Call Test Case 'Test Cases/Sub Script/Navigation_Menu/Menu_Mes_rapports/TC Verify the next button arrow' successfully

2018-09-09 13:32:02 - [TEST_STEP][PASSED] - callTestCase: Call Test Case 'Test Cases/Sub Script/Verify Error Message/TC Verify exclamation icon' successfully

2018-09-09 13:32:02 - [TEST_CASE][PASSED] - Test Cases/Sub Script/Verify Error Message/TC Verify exclamation icon: Test Cases/Sub Script/Verify Error Message/TC Verify exclamation icon

2018-09-09 13:32:02 - [TEST_STEP][PASSED] - verifyElementPresent: Object 'Object Repository/Mes rapports Obj/SELECTION/Active Contrat/exclamation icon' is present

2018-09-09 13:32:02 - [MESSAGE][PASSED] - Object 'Object Repository/Mes rapports Obj/SELECTION/Active Contrat/exclamation icon' is present

2018-09-09 13:32:02 - [MESSAGE][PASSED] - Call Test Case 'Test Cases/Sub Script/Verify Error Message/TC Verify exclamation icon' successfully

2018-09-09 13:32:02 - [TEST_STEP][PASSED] - callTestCase: Call Test Case 'Test Cases/Sub Script/Navigation_Menu/Menu_Mes_rapports/Nouveau_Rapport/Mes rapports - SELECTION/Verify if checkbox is unchecked/TC 10 Deselect all checkbox' successfully

2018-09-09 13:32:02 - [TEST_CASE][PASSED] - Test Cases/Sub Script/Navigation_Menu/Menu_Mes_rapports/Nouveau_Rapport/Mes rapports - SELECTION/Verify if checkbox is unchecked/TC 10 Deselect all checkbox: Test Cases/Sub Script/Navigation_Menu/Menu_Mes_rapports/Nouveau_Rapport/Mes rapports - SELECTION/Verify if checkbox is unchecked/TC 10 Deselect all checkbox

2018-09-09 13:32:03 - [TEST_STEP][PASSED] - callTestCase: Call Test Case 'Test Cases/Sub Script/Navigation_Menu/Menu_Mes_rapports/Nouveau_Rapport/Mes rapports - SELECTION/Verify if checkbox is unchecked/TC 1 Verify Contrats actifs checkbox  is un-checked' successfully

2018-09-09 13:32:03 - [TEST_CASE][PASSED] - Test Cases/Sub Script/Navigation_Menu/Menu_Mes_rapports/Nouveau_Rapport/Mes rapports - SELECTION/Verify if checkbox is unchecked/TC 1 Verify Contrats actifs checkbox  is un-checked: Test Cases/Sub Script/Navigation_Menu/Menu_Mes_rapports/Nouveau_Rapport/Mes rapports - SELECTION/Verify if checkbox is unchecked/TC 1 Verify Contrats actifs checkbox  is un-checked

2018-09-09 13:32:03 - [TEST_STEP][PASSED] - uncheck: Object 'Object Repository/Mes rapports Obj/SELECTION/Contracts actifs' is un-checked

2018-09-09 13:32:03 - [MESSAGE][PASSED] - Object 'Object Repository/Mes rapports Obj/SELECTION/Contracts actifs' is un-checked

2018-09-09 13:32:03 - [MESSAGE][PASSED] - Call Test Case 'Test Cases/Sub Script/Navigation_Menu/Menu_Mes_rapports/Nouveau_Rapport/Mes rapports - SELECTION/Verify if checkbox is unchecked/TC 1 Verify Contrats actifs checkbox  is un-checked' successfully

2018-09-09 13:32:03 - [TEST_STEP][PASSED] - callTestCase: Call Test Case 'Test Cases/Sub Script/Navigation_Menu/Menu_Mes_rapports/Nouveau_Rapport/Mes rapports - SELECTION/Verify if checkbox is unchecked/TC 2 VErify Dossier and Groupe checkBox  is un-checked' successfully

2018-09-09 13:32:03 - [TEST_CASE][PASSED] - Test Cases/Sub Script/Navigation_Menu/Menu_Mes_rapports/Nouveau_Rapport/Mes rapports - SELECTION/Verify if checkbox is unchecked/TC 2 VErify Dossier and Groupe checkBox  is un-checked: Test Cases/Sub Script/Navigation_Menu/Menu_Mes_rapports/Nouveau_Rapport/Mes rapports - SELECTION/Verify if checkbox is unchecked/TC 2 VErify Dossier and Groupe checkBox  is un-checked

2018-09-09 13:32:03 - [TEST_STEP][PASSED] - uncheck: Object 'Object Repository/Mes rapports Obj/SELECTION/Dossier and Groupe checkbox' is un-checked

2018-09-09 13:32:03 - [MESSAGE][PASSED] - Object 'Object Repository/Mes rapports Obj/SELECTION/Dossier and Groupe checkbox' is un-checked

2018-09-09 13:32:03 - [MESSAGE][PASSED] - Call Test Case 'Test Cases/Sub Script/Navigation_Menu/Menu_Mes_rapports/Nouveau_Rapport/Mes rapports - SELECTION/Verify if checkbox is unchecked/TC 2 VErify Dossier and Groupe checkBox  is un-checked' successfully

2018-09-09 13:32:03 - [TEST_STEP][PASSED] - callTestCase: Call Test Case 'Test Cases/Sub Script/Navigation_Menu/Menu_Mes_rapports/Nouveau_Rapport/Mes rapports - SELECTION/Verify if checkbox is unchecked/TC 3 Verify Travailleur checkBox  is un-checked' successfully

2018-09-09 13:32:03 - [TEST_CASE][PASSED] - Test Cases/Sub Script/Navigation_Menu/Menu_Mes_rapports/Nouveau_Rapport/Mes rapports - SELECTION/Verify if checkbox is unchecked/TC 3 Verify Travailleur checkBox  is un-checked: Test Cases/Sub Script/Navigation_Menu/Menu_Mes_rapports/Nouveau_Rapport/Mes rapports - SELECTION/Verify if checkbox is unchecked/TC 3 Verify Travailleur checkBox  is un-checked

2018-09-09 13:32:04 - [TEST_STEP][PASSED] - uncheck: Object 'Object Repository/Mes rapports Obj/SELECTION/Travailleur checkbox' is un-checked

2018-09-09 13:32:04 - [MESSAGE][PASSED] - Object 'Object Repository/Mes rapports Obj/SELECTION/Travailleur checkbox' is un-checked

2018-09-09 13:32:04 - [MESSAGE][PASSED] - Call Test Case 'Test Cases/Sub Script/Navigation_Menu/Menu_Mes_rapports/Nouveau_Rapport/Mes rapports - SELECTION/Verify if checkbox is unchecked/TC 3 Verify Travailleur checkBox  is un-checked' successfully

2018-09-09 13:32:04 - [TEST_STEP][PASSED] - callTestCase: Call Test Case 'Test Cases/Sub Script/Navigation_Menu/Menu_Mes_rapports/Nouveau_Rapport/Mes rapports - SELECTION/Verify if checkbox is unchecked/TC 4 Verify Departement checkBox  is un-checked' successfully

2018-09-09 13:32:04 - [TEST_CASE][PASSED] - Test Cases/Sub Script/Navigation_Menu/Menu_Mes_rapports/Nouveau_Rapport/Mes rapports - SELECTION/Verify if checkbox is unchecked/TC 4 Verify Departement checkBox  is un-checked: Test Cases/Sub Script/Navigation_Menu/Menu_Mes_rapports/Nouveau_Rapport/Mes rapports - SELECTION/Verify if checkbox is unchecked/TC 4 Verify Departement checkBox  is un-checked

2018-09-09 13:32:04 - [TEST_STEP][PASSED] - uncheck: Object 'Object Repository/Mes rapports Obj/SELECTION/Departement' is un-checked

2018-09-09 13:32:04 - [MESSAGE][PASSED] - Object 'Object Repository/Mes rapports Obj/SELECTION/Departement' is un-checked

2018-09-09 13:32:04 - [MESSAGE][PASSED] - Call Test Case 'Test Cases/Sub Script/Navigation_Menu/Menu_Mes_rapports/Nouveau_Rapport/Mes rapports - SELECTION/Verify if checkbox is unchecked/TC 4 Verify Departement checkBox  is un-checked' successfully

2018-09-09 13:32:04 - [TEST_STEP][PASSED] - callTestCase: Call Test Case 'Test Cases/Sub Script/Navigation_Menu/Menu_Mes_rapports/Nouveau_Rapport/Mes rapports - SELECTION/Verify if checkbox is unchecked/TC 5 Verify Caractere juridique du contract checBox  is un-checked' successfully

2018-09-09 13:32:04 - [TEST_CASE][PASSED] - Test Cases/Sub Script/Navigation_Menu/Menu_Mes_rapports/Nouveau_Rapport/Mes rapports - SELECTION/Verify if checkbox is unchecked/TC 5 Verify Caractere juridique du contract checBox  is un-checked: Test Cases/Sub Script/Navigation_Menu/Menu_Mes_rapports/Nouveau_Rapport/Mes rapports - SELECTION/Verify if checkbox is unchecked/TC 5 Verify Caractere juridique du contract checBox  is un-checked

2018-09-09 13:32:04 - [TEST_STEP][PASSED] - uncheck: Object 'Object Repository/Mes rapports Obj/SELECTION/Caratere juridique du contrat' is un-checked

2018-09-09 13:32:05 - [MESSAGE][PASSED] - Object 'Object Repository/Mes rapports Obj/SELECTION/Caratere juridique du contrat' is un-checked

2018-09-09 13:32:05 - [MESSAGE][PASSED] - Call Test Case 'Test Cases/Sub Script/Navigation_Menu/Menu_Mes_rapports/Nouveau_Rapport/Mes rapports - SELECTION/Verify if checkbox is unchecked/TC 5 Verify Caractere juridique du contract checBox  is un-checked' successfully

2018-09-09 13:32:05 - [TEST_STEP][PASSED] - callTestCase: Call Test Case 'Test Cases/Sub Script/Navigation_Menu/Menu_Mes_rapports/Nouveau_Rapport/Mes rapports - SELECTION/Verify if checkbox is unchecked/TC 6 Verify Pays de naissance checkBox  is un-checked' successfully

2018-09-09 13:32:05 - [TEST_CASE][PASSED] - Test Cases/Sub Script/Navigation_Menu/Menu_Mes_rapports/Nouveau_Rapport/Mes rapports - SELECTION/Verify if checkbox is unchecked/TC 6 Verify Pays de naissance checkBox  is un-checked: Test Cases/Sub Script/Navigation_Menu/Menu_Mes_rapports/Nouveau_Rapport/Mes rapports - SELECTION/Verify if checkbox is unchecked/TC 6 Verify Pays de naissance checkBox  is un-checked

2018-09-09 13:32:05 - [TEST_STEP][PASSED] - uncheck: Object 'Object Repository/Mes rapports Obj/SELECTION/Pays de naissance' is un-checked

2018-09-09 13:32:05 - [MESSAGE][PASSED] - Object 'Object Repository/Mes rapports Obj/SELECTION/Pays de naissance' is un-checked

2018-09-09 13:32:05 - [MESSAGE][PASSED] - Call Test Case 'Test Cases/Sub Script/Navigation_Menu/Menu_Mes_rapports/Nouveau_Rapport/Mes rapports - SELECTION/Verify if checkbox is unchecked/TC 6 Verify Pays de naissance checkBox  is un-checked' successfully

2018-09-09 13:32:05 - [TEST_STEP][PASSED] - callTestCase: Call Test Case 'Test Cases/Sub Script/Navigation_Menu/Menu_Mes_rapports/Nouveau_Rapport/Mes rapports - SELECTION/Verify if checkbox is unchecked/TC 7 Verify Sexe checkBox  is un-checked' successfully

2018-09-09 13:32:05 - [TEST_CASE][PASSED] - Test Cases/Sub Script/Navigation_Menu/Menu_Mes_rapports/Nouveau_Rapport/Mes rapports - SELECTION/Verify if checkbox is unchecked/TC 7 Verify Sexe checkBox  is un-checked: Test Cases/Sub Script/Navigation_Menu/Menu_Mes_rapports/Nouveau_Rapport/Mes rapports - SELECTION/Verify if checkbox is unchecked/TC 7 Verify Sexe checkBox  is un-checked

2018-09-09 13:32:05 - [TEST_STEP][PASSED] - uncheck: Object 'Object Repository/Mes rapports Obj/SELECTION/Sexe' is un-checked

2018-09-09 13:32:05 - [MESSAGE][PASSED] - Object 'Object Repository/Mes rapports Obj/SELECTION/Sexe' is un-checked

2018-09-09 13:32:05 - [MESSAGE][PASSED] - Call Test Case 'Test Cases/Sub Script/Navigation_Menu/Menu_Mes_rapports/Nouveau_Rapport/Mes rapports - SELECTION/Verify if checkbox is unchecked/TC 7 Verify Sexe checkBox  is un-checked' successfully

2018-09-09 13:32:05 - [TEST_STEP][PASSED] - callTestCase: Call Test Case 'Test Cases/Sub Script/Navigation_Menu/Menu_Mes_rapports/Nouveau_Rapport/Mes rapports - SELECTION/Verify if checkbox is unchecked/TC 8 Verify Mode de remuneration checkBox  is un-checked' successfully

2018-09-09 13:32:05 - [TEST_CASE][PASSED] - Test Cases/Sub Script/Navigation_Menu/Menu_Mes_rapports/Nouveau_Rapport/Mes rapports - SELECTION/Verify if checkbox is unchecked/TC 8 Verify Mode de remuneration checkBox  is un-checked: Test Cases/Sub Script/Navigation_Menu/Menu_Mes_rapports/Nouveau_Rapport/Mes rapports - SELECTION/Verify if checkbox is unchecked/TC 8 Verify Mode de remuneration checkBox  is un-checked

2018-09-09 13:32:05 - [TEST_STEP][PASSED] - uncheck: Object 'Object Repository/Mes rapports Obj/SELECTION/Mode de remuneration' is un-checked

2018-09-09 13:32:06 - [MESSAGE][PASSED] - Object 'Object Repository/Mes rapports Obj/SELECTION/Mode de remuneration' is un-checked

2018-09-09 13:32:06 - [MESSAGE][PASSED] - Call Test Case 'Test Cases/Sub Script/Navigation_Menu/Menu_Mes_rapports/Nouveau_Rapport/Mes rapports - SELECTION/Verify if checkbox is unchecked/TC 8 Verify Mode de remuneration checkBox  is un-checked' successfully

2018-09-09 13:32:06 - [TEST_STEP][PASSED] - callTestCase: Call Test Case 'Test Cases/Sub Script/Navigation_Menu/Menu_Mes_rapports/Nouveau_Rapport/Mes rapports - SELECTION/Verify if checkbox is unchecked/TC 9 Verify Suspension checkBox  is un-checked' successfully

2018-09-09 13:32:06 - [TEST_CASE][PASSED] - Test Cases/Sub Script/Navigation_Menu/Menu_Mes_rapports/Nouveau_Rapport/Mes rapports - SELECTION/Verify if checkbox is unchecked/TC 9 Verify Suspension checkBox  is un-checked: Test Cases/Sub Script/Navigation_Menu/Menu_Mes_rapports/Nouveau_Rapport/Mes rapports - SELECTION/Verify if checkbox is unchecked/TC 9 Verify Suspension checkBox  is un-checked

2018-09-09 13:32:06 - [TEST_STEP][PASSED] - uncheck: Object 'Object Repository/Mes rapports Obj/SELECTION/Suspension' is un-checked

2018-09-09 13:32:06 - [MESSAGE][PASSED] - Object 'Object Repository/Mes rapports Obj/SELECTION/Suspension' is un-checked

2018-09-09 13:32:06 - [MESSAGE][PASSED] - Call Test Case 'Test Cases/Sub Script/Navigation_Menu/Menu_Mes_rapports/Nouveau_Rapport/Mes rapports - SELECTION/Verify if checkbox is unchecked/TC 9 Verify Suspension checkBox  is un-checked' successfully

2018-09-09 13:32:06 - [MESSAGE][PASSED] - Call Test Case 'Test Cases/Sub Script/Navigation_Menu/Menu_Mes_rapports/Nouveau_Rapport/Mes rapports - SELECTION/Verify if checkbox is unchecked/TC 10 Deselect all checkbox' successfully

2018-09-09 13:32:06 - [TEST_STEP][PASSED] - callTestCase: Call Test Case 'Test Cases/Sub Script/Navigation_Menu/Menu_Mes_rapports/TC Verify the next button arrow' successfully

2018-09-09 13:32:06 - [TEST_CASE][PASSED] - Test Cases/Sub Script/Navigation_Menu/Menu_Mes_rapports/TC Verify the next button arrow: Test Cases/Sub Script/Navigation_Menu/Menu_Mes_rapports/TC Verify the next button arrow

2018-09-09 13:32:06 - [TEST_STEP][PASSED] - waitForElementClickable: Object 'Object Repository/Mes rapports Obj/button_Next_Arrow' is clickable

2018-09-09 13:32:06 - [MESSAGE][PASSED] - Object 'Object Repository/Mes rapports Obj/button_Next_Arrow' is clickable

2018-09-09 13:32:06 - [TEST_STEP][PASSED] - click: Object: 'Object Repository/Mes rapports Obj/button_Next_Arrow' is clicked on

2018-09-09 13:32:06 - [MESSAGE][PASSED] - Object: 'Object Repository/Mes rapports Obj/button_Next_Arrow' is clicked on

2018-09-09 13:32:06 - [TEST_STEP][PASSED] - delay: Delayed 5 second(s)

2018-09-09 13:32:11 - [MESSAGE][PASSED] - Delayed 5 second(s)

2018-09-09 13:32:11 - [TEST_STEP][PASSED] - waitForPageLoad: Wait for page load successfully

2018-09-09 13:32:11 - [MESSAGE][PASSED] - Wait for page load successfully

2018-09-09 13:32:11 - [MESSAGE][PASSED] - Call Test Case 'Test Cases/Sub Script/Navigation_Menu/Menu_Mes_rapports/TC Verify the next button arrow' successfully

2018-09-09 13:32:11 - [TEST_STEP][PASSED] - callTestCase: Call Test Case 'Test Cases/Sub Script/Navigation_Menu/Menu_Mes_rapports/TC Verify Executer button' successfully

2018-09-09 13:32:11 - [TEST_CASE][PASSED] - Test Cases/Sub Script/Navigation_Menu/Menu_Mes_rapports/TC Verify Executer button: Test Cases/Sub Script/Navigation_Menu/Menu_Mes_rapports/TC Verify Executer button

2018-09-09 13:32:11 - [TEST_STEP][PASSED] - click: Object: 'Object Repository/Mes rapports Obj/EXECUTION/Button executer' is clicked on

2018-09-09 13:32:11 - [MESSAGE][PASSED] - Object: 'Object Repository/Mes rapports Obj/EXECUTION/Button executer' is clicked on

2018-09-09 13:32:11 - [TEST_STEP][PASSED] - waitForPageLoad: Wait for page load successfully

2018-09-09 13:32:11 - [MESSAGE][PASSED] - Wait for page load successfully

2018-09-09 13:32:11 - [TEST_STEP][PASSED] - delay: Delayed 3 second(s)

2018-09-09 13:32:14 - [MESSAGE][PASSED] - Delayed 3 second(s)

2018-09-09 13:32:14 - [MESSAGE][PASSED] - Call Test Case 'Test Cases/Sub Script/Navigation_Menu/Menu_Mes_rapports/TC Verify Executer button' successfully

2018-09-09 13:32:14 - [TEST_STEP][PASSED] - callTestCase: Call Test Case 'Test Cases/Sub Script/Verify Error Message/TC Verify exclamation icon' successfully

2018-09-09 13:32:15 - [TEST_CASE][PASSED] - Test Cases/Sub Script/Verify Error Message/TC Verify exclamation icon: Test Cases/Sub Script/Verify Error Message/TC Verify exclamation icon

2018-09-09 13:32:15 - [TEST_STEP][PASSED] - verifyElementPresent: Object 'Object Repository/Mes rapports Obj/SELECTION/Active Contrat/exclamation icon' is present

2018-09-09 13:32:15 - [MESSAGE][PASSED] - Object 'Object Repository/Mes rapports Obj/SELECTION/Active Contrat/exclamation icon' is present

2018-09-09 13:32:15 - [MESSAGE][PASSED] - Call Test Case 'Test Cases/Sub Script/Verify Error Message/TC Verify exclamation icon' successfully

2018-09-09 13:32:15 - [TEST_STEP][PASSED] - callTestCase: Call Test Case 'Test Cases/Sub Script/Navigation_Menu/Menu_Mes_rapports/Nouveau_Rapport/TC Verify annuler button' successfully

2018-09-09 13:32:15 - [TEST_CASE][PASSED] - Test Cases/Sub Script/Navigation_Menu/Menu_Mes_rapports/Nouveau_Rapport/TC Verify annuler button: Test Cases/Sub Script/Navigation_Menu/Menu_Mes_rapports/Nouveau_Rapport/TC Verify annuler button

2018-09-09 13:32:15 - [TEST_STEP][PASSED] - click: Object: 'Object Repository/Mes rapports Obj/EXECUTION/Annuler button' is clicked on

2018-09-09 13:32:15 - [MESSAGE][PASSED] - Object: 'Object Repository/Mes rapports Obj/EXECUTION/Annuler button' is clicked on

2018-09-09 13:32:15 - [TEST_STEP][PASSED] - delay: Delayed 2 second(s)

2018-09-09 13:32:17 - [MESSAGE][PASSED] - Delayed 2 second(s)

2018-09-09 13:32:17 - [MESSAGE][PASSED] - Call Test Case 'Test Cases/Sub Script/Navigation_Menu/Menu_Mes_rapports/Nouveau_Rapport/TC Verify annuler button' successfully

2018-09-09 13:32:17 - [TEST_STEP][FAILED] - callTestCase: Unable to call Test Case with id 'Test Cases/Sub Script/Verify Error Message/VErify message in modal' (Root cause: Call Test Case 'Test Cases/Sub Script/Verify Error Message/VErify message in modal' failed)

2018-09-09 13:32:17 - [TEST_CASE][FAILED] - Test Cases/Sub Script/Verify Error Message/VErify message in modal: Test Cases/Sub Script/Verify Error Message/VErify message in modal FAILED because (of) (Stack trace: com.kms.katalon.core.exception.StepFailedException: Message is not present
	at com.kms.katalon.core.util.KeywordUtil.markFailed(KeywordUtil.java:15)
	at com.kms.katalon.core.util.KeywordUtil$markFailed$0.call(Unknown Source)
	at org.codehaus.groovy.runtime.callsite.CallSiteArray.defaultCall(CallSiteArray.java:48)
	at org.codehaus.groovy.runtime.callsite.AbstractCallSite.call(AbstractCallSite.java:113)
	at org.codehaus.groovy.runtime.callsite.AbstractCallSite.call(AbstractCallSite.java:125)
	at Script1536483980913.run(Script1536483980913.groovy:36)
	at com.kms.katalon.core.main.ScriptEngine.run(ScriptEngine.java:183)
	at com.kms.katalon.core.main.ScriptEngine.runScriptAsRawText(ScriptEngine.java:108)
	at com.kms.katalon.core.main.TestCaseExecutor.runScript(TestCaseExecutor.java:294)
	at com.kms.katalon.core.main.TestCaseExecutor.doExecute(TestCaseExecutor.java:285)
	at com.kms.katalon.core.main.TestCaseExecutor.processExecutionPhase(TestCaseExecutor.java:264)
	at com.kms.katalon.core.main.TestCaseExecutor.accessMainPhase(TestCaseExecutor.java:256)
	at com.kms.katalon.core.main.TestCaseExecutor.execute(TestCaseExecutor.java:200)
	at com.kms.katalon.core.main.TestCaseMain.runTestCase(TestCaseMain.java:99)
	at com.kms.katalon.core.keyword.builtin.CallTestCaseKeyword$_callTestCase_closure1.doCall(CallTestCaseKeyword.groovy:60)
	at com.kms.katalon.core.keyword.builtin.CallTestCaseKeyword$_callTestCase_closure1.call(CallTestCaseKeyword.groovy)
	at com.kms.katalon.core.keyword.internal.KeywordMain.runKeyword(KeywordMain.groovy:54)
	at com.kms.katalon.core.keyword.builtin.CallTestCaseKeyword.callTestCase(CallTestCaseKeyword.groovy:81)
	at com.kms.katalon.core.keyword.builtin.CallTestCaseKeyword.execute(CallTestCaseKeyword.groovy:45)
	at com.kms.katalon.core.keyword.internal.KeywordExecutor.executeKeywordForPlatform(KeywordExecutor.groovy:53)
	at com.kms.katalon.core.keyword.BuiltinKeywords.callTestCase(BuiltinKeywords.groovy:334)
	at sun.reflect.GeneratedMethodAccessor14.invoke(Unknown Source)
	at sun.reflect.DelegatingMethodAccessorImpl.invoke(DelegatingMethodAccessorImpl.java:43)
	at java.lang.reflect.Method.invoke(Method.java:498)
	at org.codehaus.groovy.reflection.CachedMethod.invoke(CachedMethod.java:93)
	at groovy.lang.MetaMethod.doMethodInvoke(MetaMethod.java:325)
	at groovy.lang.MetaClassImpl.invokeStaticMethod(MetaClassImpl.java:1469)
	at org.codehaus.groovy.runtime.callsite.StaticMetaClassSite.call(StaticMetaClassSite.java:53)
	at org.codehaus.groovy.runtime.callsite.CallSiteArray.defaultCall(CallSiteArray.java:48)
	at org.codehaus.groovy.runtime.callsite.AbstractCallSite.call(AbstractCallSite.java:113)
	at org.codehaus.groovy.runtime.callsite.AbstractCallSite.call(AbstractCallSite.java:141)
	at Script1533636770188.run(Script1533636770188.groovy:62)
	at com.kms.katalon.core.main.ScriptEngine.run(ScriptEngine.java:183)
	at com.kms.katalon.core.main.ScriptEngine.runScriptAsRawText(ScriptEngine.java:108)
	at com.kms.katalon.core.main.TestCaseExecutor.runScript(TestCaseExecutor.java:294)
	at com.kms.katalon.core.main.TestCaseExecutor.doExecute(TestCaseExecutor.java:285)
	at com.kms.katalon.core.main.TestCaseExecutor.processExecutionPhase(TestCaseExecutor.java:264)
	at com.kms.katalon.core.main.TestCaseExecutor.accessMainPhase(TestCaseExecutor.java:256)
	at com.kms.katalon.core.main.TestCaseExecutor.execute(TestCaseExecutor.java:200)
	at com.kms.katalon.core.main.TestSuiteExecutor.accessTestCaseMainPhase(TestSuiteExecutor.java:129)
	at com.kms.katalon.core.main.TestSuiteExecutor.accessTestSuiteMainPhase(TestSuiteExecutor.java:112)
	at com.kms.katalon.core.main.TestSuiteExecutor.execute(TestSuiteExecutor.java:81)
	at com.kms.katalon.core.main.TestCaseMain.startTestSuite(TestCaseMain.java:142)
	at com.kms.katalon.core.main.TestCaseMain$startTestSuite$0.call(Unknown Source)
	at org.codehaus.groovy.runtime.callsite.CallSiteArray.defaultCall(CallSiteArray.java:48)
	at org.codehaus.groovy.runtime.callsite.AbstractCallSite.call(AbstractCallSite.java:113)
	at org.codehaus.groovy.runtime.callsite.AbstractCallSite.call(AbstractCallSite.java:141)
	at TempTestSuite1536485089963.run(TempTestSuite1536485089963.groovy:36)
	at groovy.lang.GroovyShell.runScriptOrMainOrTestOrRunnable(GroovyShell.java:263)
	at groovy.lang.GroovyShell.run(GroovyShell.java:518)
	at groovy.lang.GroovyShell.run(GroovyShell.java:507)
	at groovy.ui.GroovyMain.processOnce(GroovyMain.java:653)
	at groovy.ui.GroovyMain.run(GroovyMain.java:384)
	at groovy.ui.GroovyMain.process(GroovyMain.java:370)
	at groovy.ui.GroovyMain.processArgs(GroovyMain.java:129)
	at groovy.ui.GroovyMain.main(GroovyMain.java:109)
	at sun.reflect.NativeMethodAccessorImpl.invoke0(Native Method)
	at sun.reflect.NativeMethodAccessorImpl.invoke(NativeMethodAccessorImpl.java:62)
	at sun.reflect.DelegatingMethodAccessorImpl.invoke(DelegatingMethodAccessorImpl.java:43)
	at java.lang.reflect.Method.invoke(Method.java:498)
	at org.codehaus.groovy.tools.GroovyStarter.rootLoader(GroovyStarter.java:109)
	at org.codehaus.groovy.tools.GroovyStarter.main(GroovyStarter.java:131)
)

2018-09-09 13:32:17 - [TEST_STEP][PASSED] - delay: Delayed 1 second(s)

2018-09-09 13:32:18 - [MESSAGE][PASSED] - Delayed 1 second(s)

2018-09-09 13:32:18 - [TEST_STEP][PASSED] - focus: Object: 'Object Repository/Mes rapports Obj/EXECUTION/Annuler Modal' is focused

2018-09-09 13:32:18 - [MESSAGE][PASSED] - Object: 'Object Repository/Mes rapports Obj/EXECUTION/Annuler Modal' is focused

2018-09-09 13:32:18 - [TEST_STEP][PASSED] - Statement - driver = com.kms.katalon.core.webui.driver.DriverFactory.getWebDriver(): null

2018-09-09 13:32:18 - [TEST_STEP][PASSED] - Statement - msg = driver.findElement(org.openqa.selenium.By.xpath("//div[@class='modal-body row ng-scope']//div[contains(@class,'col-sm-10 col-sm-offset-1')]")).getText(): null

2018-09-09 13:32:18 - [TEST_STEP][PASSED] - Statement - If (msg == "Als u dit nieuwe rapport verlaat,  verliest u de reeds ingevulde gegevens."): null

2018-09-09 13:32:18 - [TEST_STEP][PASSED] - Statement - Else: null

2018-09-09 13:32:18 - [TEST_STEP][PASSED] - Statement - com.kms.katalon.core.util.KeywordUtil.markFailed("Message is not present"): null

2018-09-09 13:32:18 - [TEST_STEP][PASSED] - waitForPageLoad: Wait for page load successfully

2018-09-09 13:32:19 - [MESSAGE][PASSED] - Wait for page load successfully

2018-09-09 13:32:19 - [MESSAGE][FAILED] - Unable to call Test Case with id 'Test Cases/Sub Script/Verify Error Message/VErify message in modal' (Root cause: Call Test Case 'Test Cases/Sub Script/Verify Error Message/VErify message in modal' failed)]]></system-out>
         <system-err><![CDATA[2018-09-09 13:30:15 - [TEST_CASE][FAILED] - Test Cases/Main Script/TC3 VALIDATION: Test Cases/Main Script/TC3 VALIDATION FAILED because (of) (Stack trace: com.kms.katalon.core.exception.StepFailedException: Message is not present
	at com.kms.katalon.core.util.KeywordUtil.markFailed(KeywordUtil.java:15)
	at com.kms.katalon.core.util.KeywordUtil$markFailed$0.call(Unknown Source)
	at org.codehaus.groovy.runtime.callsite.CallSiteArray.defaultCall(CallSiteArray.java:48)
	at org.codehaus.groovy.runtime.callsite.AbstractCallSite.call(AbstractCallSite.java:113)
	at org.codehaus.groovy.runtime.callsite.AbstractCallSite.call(AbstractCallSite.java:125)
	at Script1536483980913.run(Script1536483980913.groovy:36)
	at com.kms.katalon.core.main.ScriptEngine.run(ScriptEngine.java:183)
	at com.kms.katalon.core.main.ScriptEngine.runScriptAsRawText(ScriptEngine.java:108)
	at com.kms.katalon.core.main.TestCaseExecutor.runScript(TestCaseExecutor.java:294)
	at com.kms.katalon.core.main.TestCaseExecutor.doExecute(TestCaseExecutor.java:285)
	at com.kms.katalon.core.main.TestCaseExecutor.processExecutionPhase(TestCaseExecutor.java:264)
	at com.kms.katalon.core.main.TestCaseExecutor.accessMainPhase(TestCaseExecutor.java:256)
	at com.kms.katalon.core.main.TestCaseExecutor.execute(TestCaseExecutor.java:200)
	at com.kms.katalon.core.main.TestCaseMain.runTestCase(TestCaseMain.java:99)
	at com.kms.katalon.core.keyword.builtin.CallTestCaseKeyword$_callTestCase_closure1.doCall(CallTestCaseKeyword.groovy:60)
	at com.kms.katalon.core.keyword.builtin.CallTestCaseKeyword$_callTestCase_closure1.call(CallTestCaseKeyword.groovy)
	at com.kms.katalon.core.keyword.internal.KeywordMain.runKeyword(KeywordMain.groovy:54)
	at com.kms.katalon.core.keyword.builtin.CallTestCaseKeyword.callTestCase(CallTestCaseKeyword.groovy:81)
	at com.kms.katalon.core.keyword.builtin.CallTestCaseKeyword.execute(CallTestCaseKeyword.groovy:45)
	at com.kms.katalon.core.keyword.internal.KeywordExecutor.executeKeywordForPlatform(KeywordExecutor.groovy:53)
	at com.kms.katalon.core.keyword.BuiltinKeywords.callTestCase(BuiltinKeywords.groovy:334)
	at sun.reflect.GeneratedMethodAccessor14.invoke(Unknown Source)
	at sun.reflect.DelegatingMethodAccessorImpl.invoke(DelegatingMethodAccessorImpl.java:43)
	at java.lang.reflect.Method.invoke(Method.java:498)
	at org.codehaus.groovy.reflection.CachedMethod.invoke(CachedMethod.java:93)
	at groovy.lang.MetaMethod.doMethodInvoke(MetaMethod.java:325)
	at groovy.lang.MetaClassImpl.invokeStaticMethod(MetaClassImpl.java:1469)
	at org.codehaus.groovy.runtime.callsite.StaticMetaClassSite.call(StaticMetaClassSite.java:53)
	at org.codehaus.groovy.runtime.callsite.CallSiteArray.defaultCall(CallSiteArray.java:48)
	at org.codehaus.groovy.runtime.callsite.AbstractCallSite.call(AbstractCallSite.java:113)
	at org.codehaus.groovy.runtime.callsite.AbstractCallSite.call(AbstractCallSite.java:141)
	at Script1533636770188.run(Script1533636770188.groovy:62)
	at com.kms.katalon.core.main.ScriptEngine.run(ScriptEngine.java:183)
	at com.kms.katalon.core.main.ScriptEngine.runScriptAsRawText(ScriptEngine.java:108)
	at com.kms.katalon.core.main.TestCaseExecutor.runScript(TestCaseExecutor.java:294)
	at com.kms.katalon.core.main.TestCaseExecutor.doExecute(TestCaseExecutor.java:285)
	at com.kms.katalon.core.main.TestCaseExecutor.processExecutionPhase(TestCaseExecutor.java:264)
	at com.kms.katalon.core.main.TestCaseExecutor.accessMainPhase(TestCaseExecutor.java:256)
	at com.kms.katalon.core.main.TestCaseExecutor.execute(TestCaseExecutor.java:200)
	at com.kms.katalon.core.main.TestSuiteExecutor.accessTestCaseMainPhase(TestSuiteExecutor.java:129)
	at com.kms.katalon.core.main.TestSuiteExecutor.accessTestSuiteMainPhase(TestSuiteExecutor.java:112)
	at com.kms.katalon.core.main.TestSuiteExecutor.execute(TestSuiteExecutor.java:81)
	at com.kms.katalon.core.main.TestCaseMain.startTestSuite(TestCaseMain.java:142)
	at com.kms.katalon.core.main.TestCaseMain$startTestSuite$0.call(Unknown Source)
	at org.codehaus.groovy.runtime.callsite.CallSiteArray.defaultCall(CallSiteArray.java:48)
	at org.codehaus.groovy.runtime.callsite.AbstractCallSite.call(AbstractCallSite.java:113)
	at org.codehaus.groovy.runtime.callsite.AbstractCallSite.call(AbstractCallSite.java:141)
	at TempTestSuite1536485089963.run(TempTestSuite1536485089963.groovy:36)
	at groovy.lang.GroovyShell.runScriptOrMainOrTestOrRunnable(GroovyShell.java:263)
	at groovy.lang.GroovyShell.run(GroovyShell.java:518)
	at groovy.lang.GroovyShell.run(GroovyShell.java:507)
	at groovy.ui.GroovyMain.processOnce(GroovyMain.java:653)
	at groovy.ui.GroovyMain.run(GroovyMain.java:384)
	at groovy.ui.GroovyMain.process(GroovyMain.java:370)
	at groovy.ui.GroovyMain.processArgs(GroovyMain.java:129)
	at groovy.ui.GroovyMain.main(GroovyMain.java:109)
	at sun.reflect.NativeMethodAccessorImpl.invoke0(Native Method)
	at sun.reflect.NativeMethodAccessorImpl.invoke(NativeMethodAccessorImpl.java:62)
	at sun.reflect.DelegatingMethodAccessorImpl.invoke(DelegatingMethodAccessorImpl.java:43)
	at java.lang.reflect.Method.invoke(Method.java:498)
	at org.codehaus.groovy.tools.GroovyStarter.rootLoader(GroovyStarter.java:109)
	at org.codehaus.groovy.tools.GroovyStarter.main(GroovyStarter.java:131)
)]]></system-err>
      </testcase>
      <system-out><![CDATA[2018-09-09 13:24:52 - [TEST_SUITE][FAILED] - test: Test Cases/Main Script/TC2 NEW FAILED because (of) (Stack trace: com.kms.katalon.core.exception.StepFailedException: Unable to click on object 'Select_historic_date' (Root cause: org.openqa.selenium.ElementNotVisibleException: element not visible
  (Session info: chrome=68.0.3440.106)
  (Driver info: chromedriver=2.35.528161 (5b82f2d2aae0ca24b877009200ced9065a772e73),platform=Windows NT 10.0.16299 x86_64) (WARNING: The server did not provide any stacktrace information)
Command duration or timeout: 0 milliseconds
Build info: version: '3.7.1', revision: '8a0099a', time: '2017-11-06T21:07:36.161Z'
System info: host: '5CG7062KWD', ip: '192.168.100.6', os.name: 'Windows 10', os.arch: 'amd64', os.version: '10.0', java.version: '1.8.0_181'
Driver info: com.kms.katalon.selenium.driver.CChromeDriver
Capabilities {acceptInsecureCerts: false, acceptSslCerts: false, applicationCacheEnabled: false, browserConnectionEnabled: false, browserName: chrome, chrome: {chromedriverVersion: 2.35.528161 (5b82f2d2aae0ca..., userDataDir: C:\Users\SEEBOR~1\AppData\L...}, cssSelectorsEnabled: true, databaseEnabled: false, handlesAlerts: true, hasTouchScreen: false, javascriptEnabled: true, locationContextEnabled: true, mobileEmulationEnabled: false, nativeEvents: true, networkConnectionEnabled: false, pageLoadStrategy: normal, platform: XP, platformName: XP, rotatable: false, setWindowRect: true, takesHeapSnapshot: true, takesScreenshot: true, unexpectedAlertBehaviour: , unhandledPromptBehavior: , version: 68.0.3440.106, webStorageEnabled: true}
Session ID: 68bc41727d1c52a278c7bf0e84d08319)
	at com.kms.katalon.core.keyword.internal.KeywordMain.stepFailed(KeywordMain.groovy:36)
	at com.kms.katalon.core.webui.keyword.internal.WebUIKeywordMain.stepFailed(WebUIKeywordMain.groovy:65)
	at com.kms.katalon.core.webui.keyword.internal.WebUIKeywordMain.runKeyword(WebUIKeywordMain.groovy:27)
	at com.kms.katalon.core.webui.keyword.builtin.ClickKeyword.click(ClickKeyword.groovy:86)
	at com.kms.katalon.core.webui.keyword.builtin.ClickKeyword.execute(ClickKeyword.groovy:67)
	at com.kms.katalon.core.keyword.internal.KeywordExecutor.executeKeywordForPlatform(KeywordExecutor.groovy:53)
	at com.kms.katalon.core.webui.keyword.WebUiBuiltInKeywords.click(WebUiBuiltInKeywords.groovy:616)
	at com.kms.katalon.core.webui.keyword.WebUiBuiltInKeywords$click$3.call(Unknown Source)
	at org.codehaus.groovy.runtime.callsite.CallSiteArray.defaultCall(CallSiteArray.java:48)
	at org.codehaus.groovy.runtime.callsite.AbstractCallSite.call(AbstractCallSite.java:113)
	at org.codehaus.groovy.runtime.callsite.AbstractCallSite.call(AbstractCallSite.java:125)
	at Script1535605657705.run(Script1535605657705.groovy:33)
	at com.kms.katalon.core.main.ScriptEngine.run(ScriptEngine.java:183)
	at com.kms.katalon.core.main.ScriptEngine.runScriptAsRawText(ScriptEngine.java:108)
	at com.kms.katalon.core.main.TestCaseExecutor.runScript(TestCaseExecutor.java:294)
	at com.kms.katalon.core.main.TestCaseExecutor.doExecute(TestCaseExecutor.java:285)
	at com.kms.katalon.core.main.TestCaseExecutor.processExecutionPhase(TestCaseExecutor.java:264)
	at com.kms.katalon.core.main.TestCaseExecutor.accessMainPhase(TestCaseExecutor.java:256)
	at com.kms.katalon.core.main.TestCaseExecutor.execute(TestCaseExecutor.java:200)
	at com.kms.katalon.core.main.TestCaseMain.runTestCase(TestCaseMain.java:99)
	at com.kms.katalon.core.keyword.builtin.CallTestCaseKeyword$_callTestCase_closure1.doCall(CallTestCaseKeyword.groovy:60)
	at com.kms.katalon.core.keyword.builtin.CallTestCaseKeyword$_callTestCase_closure1.call(CallTestCaseKeyword.groovy)
	at com.kms.katalon.core.keyword.internal.KeywordMain.runKeyword(KeywordMain.groovy:54)
	at com.kms.katalon.core.keyword.builtin.CallTestCaseKeyword.callTestCase(CallTestCaseKeyword.groovy:81)
	at com.kms.katalon.core.keyword.builtin.CallTestCaseKeyword.execute(CallTestCaseKeyword.groovy:45)
	at com.kms.katalon.core.keyword.internal.KeywordExecutor.executeKeywordForPlatform(KeywordExecutor.groovy:53)
	at com.kms.katalon.core.keyword.BuiltinKeywords.callTestCase(BuiltinKeywords.groovy:334)
	at sun.reflect.GeneratedMethodAccessor14.invoke(Unknown Source)
	at sun.reflect.DelegatingMethodAccessorImpl.invoke(DelegatingMethodAccessorImpl.java:43)
	at java.lang.reflect.Method.invoke(Method.java:498)
	at org.codehaus.groovy.reflection.CachedMethod.invoke(CachedMethod.java:93)
	at groovy.lang.MetaMethod.doMethodInvoke(MetaMethod.java:325)
	at groovy.lang.MetaClassImpl.invokeStaticMethod(MetaClassImpl.java:1469)
	at org.codehaus.groovy.runtime.callsite.StaticMetaClassSite.call(StaticMetaClassSite.java:53)
	at org.codehaus.groovy.runtime.callsite.CallSiteArray.defaultCall(CallSiteArray.java:48)
	at org.codehaus.groovy.runtime.callsite.AbstractCallSite.call(AbstractCallSite.java:113)
	at org.codehaus.groovy.runtime.callsite.AbstractCallSite.call(AbstractCallSite.java:141)
	at Script1533573048485.run(Script1533573048485.groovy:86)
	at com.kms.katalon.core.main.ScriptEngine.run(ScriptEngine.java:183)
	at com.kms.katalon.core.main.ScriptEngine.runScriptAsRawText(ScriptEngine.java:108)
	at com.kms.katalon.core.main.TestCaseExecutor.runScript(TestCaseExecutor.java:294)
	at com.kms.katalon.core.main.TestCaseExecutor.doExecute(TestCaseExecutor.java:285)
	at com.kms.katalon.core.main.TestCaseExecutor.processExecutionPhase(TestCaseExecutor.java:264)
	at com.kms.katalon.core.main.TestCaseExecutor.accessMainPhase(TestCaseExecutor.java:256)
	at com.kms.katalon.core.main.TestCaseExecutor.execute(TestCaseExecutor.java:200)
	at com.kms.katalon.core.main.TestSuiteExecutor.accessTestCaseMainPhase(TestSuiteExecutor.java:129)
	at com.kms.katalon.core.main.TestSuiteExecutor.accessTestSuiteMainPhase(TestSuiteExecutor.java:112)
	at com.kms.katalon.core.main.TestSuiteExecutor.execute(TestSuiteExecutor.java:81)
	at com.kms.katalon.core.main.TestCaseMain.startTestSuite(TestCaseMain.java:142)
	at com.kms.katalon.core.main.TestCaseMain$startTestSuite$0.call(Unknown Source)
	at org.codehaus.groovy.runtime.callsite.CallSiteArray.defaultCall(CallSiteArray.java:48)
	at org.codehaus.groovy.runtime.callsite.AbstractCallSite.call(AbstractCallSite.java:113)
	at org.codehaus.groovy.runtime.callsite.AbstractCallSite.call(AbstractCallSite.java:141)
	at TempTestSuite1536485089963.run(TempTestSuite1536485089963.groovy:36)
	at groovy.lang.GroovyShell.runScriptOrMainOrTestOrRunnable(GroovyShell.java:263)
	at groovy.lang.GroovyShell.run(GroovyShell.java:518)
	at groovy.lang.GroovyShell.run(GroovyShell.java:507)
	at groovy.ui.GroovyMain.processOnce(GroovyMain.java:653)
	at groovy.ui.GroovyMain.run(GroovyMain.java:384)
	at groovy.ui.GroovyMain.process(GroovyMain.java:370)
	at groovy.ui.GroovyMain.processArgs(GroovyMain.java:129)
	at groovy.ui.GroovyMain.main(GroovyMain.java:109)
	at sun.reflect.NativeMethodAccessorImpl.invoke0(Native Method)
	at sun.reflect.NativeMethodAccessorImpl.invoke(NativeMethodAccessorImpl.java:62)
	at sun.reflect.DelegatingMethodAccessorImpl.invoke(DelegatingMethodAccessorImpl.java:43)
	at java.lang.reflect.Method.invoke(Method.java:498)
	at org.codehaus.groovy.tools.GroovyStarter.rootLoader(GroovyStarter.java:109)
	at org.codehaus.groovy.tools.GroovyStarter.main(GroovyStarter.java:131)
)]]></system-out>
      <system-err><![CDATA[2018-09-09 13:24:52 - [TEST_SUITE][FAILED] - test: Test Cases/Main Script/TC2 NEW FAILED because (of) (Stack trace: com.kms.katalon.core.exception.StepFailedException: Unable to click on object 'Select_historic_date' (Root cause: org.openqa.selenium.ElementNotVisibleException: element not visible
  (Session info: chrome=68.0.3440.106)
  (Driver info: chromedriver=2.35.528161 (5b82f2d2aae0ca24b877009200ced9065a772e73),platform=Windows NT 10.0.16299 x86_64) (WARNING: The server did not provide any stacktrace information)
Command duration or timeout: 0 milliseconds
Build info: version: '3.7.1', revision: '8a0099a', time: '2017-11-06T21:07:36.161Z'
System info: host: '5CG7062KWD', ip: '192.168.100.6', os.name: 'Windows 10', os.arch: 'amd64', os.version: '10.0', java.version: '1.8.0_181'
Driver info: com.kms.katalon.selenium.driver.CChromeDriver
Capabilities {acceptInsecureCerts: false, acceptSslCerts: false, applicationCacheEnabled: false, browserConnectionEnabled: false, browserName: chrome, chrome: {chromedriverVersion: 2.35.528161 (5b82f2d2aae0ca..., userDataDir: C:\Users\SEEBOR~1\AppData\L...}, cssSelectorsEnabled: true, databaseEnabled: false, handlesAlerts: true, hasTouchScreen: false, javascriptEnabled: true, locationContextEnabled: true, mobileEmulationEnabled: false, nativeEvents: true, networkConnectionEnabled: false, pageLoadStrategy: normal, platform: XP, platformName: XP, rotatable: false, setWindowRect: true, takesHeapSnapshot: true, takesScreenshot: true, unexpectedAlertBehaviour: , unhandledPromptBehavior: , version: 68.0.3440.106, webStorageEnabled: true}
Session ID: 68bc41727d1c52a278c7bf0e84d08319)
	at com.kms.katalon.core.keyword.internal.KeywordMain.stepFailed(KeywordMain.groovy:36)
	at com.kms.katalon.core.webui.keyword.internal.WebUIKeywordMain.stepFailed(WebUIKeywordMain.groovy:65)
	at com.kms.katalon.core.webui.keyword.internal.WebUIKeywordMain.runKeyword(WebUIKeywordMain.groovy:27)
	at com.kms.katalon.core.webui.keyword.builtin.ClickKeyword.click(ClickKeyword.groovy:86)
	at com.kms.katalon.core.webui.keyword.builtin.ClickKeyword.execute(ClickKeyword.groovy:67)
	at com.kms.katalon.core.keyword.internal.KeywordExecutor.executeKeywordForPlatform(KeywordExecutor.groovy:53)
	at com.kms.katalon.core.webui.keyword.WebUiBuiltInKeywords.click(WebUiBuiltInKeywords.groovy:616)
	at com.kms.katalon.core.webui.keyword.WebUiBuiltInKeywords$click$3.call(Unknown Source)
	at org.codehaus.groovy.runtime.callsite.CallSiteArray.defaultCall(CallSiteArray.java:48)
	at org.codehaus.groovy.runtime.callsite.AbstractCallSite.call(AbstractCallSite.java:113)
	at org.codehaus.groovy.runtime.callsite.AbstractCallSite.call(AbstractCallSite.java:125)
	at Script1535605657705.run(Script1535605657705.groovy:33)
	at com.kms.katalon.core.main.ScriptEngine.run(ScriptEngine.java:183)
	at com.kms.katalon.core.main.ScriptEngine.runScriptAsRawText(ScriptEngine.java:108)
	at com.kms.katalon.core.main.TestCaseExecutor.runScript(TestCaseExecutor.java:294)
	at com.kms.katalon.core.main.TestCaseExecutor.doExecute(TestCaseExecutor.java:285)
	at com.kms.katalon.core.main.TestCaseExecutor.processExecutionPhase(TestCaseExecutor.java:264)
	at com.kms.katalon.core.main.TestCaseExecutor.accessMainPhase(TestCaseExecutor.java:256)
	at com.kms.katalon.core.main.TestCaseExecutor.execute(TestCaseExecutor.java:200)
	at com.kms.katalon.core.main.TestCaseMain.runTestCase(TestCaseMain.java:99)
	at com.kms.katalon.core.keyword.builtin.CallTestCaseKeyword$_callTestCase_closure1.doCall(CallTestCaseKeyword.groovy:60)
	at com.kms.katalon.core.keyword.builtin.CallTestCaseKeyword$_callTestCase_closure1.call(CallTestCaseKeyword.groovy)
	at com.kms.katalon.core.keyword.internal.KeywordMain.runKeyword(KeywordMain.groovy:54)
	at com.kms.katalon.core.keyword.builtin.CallTestCaseKeyword.callTestCase(CallTestCaseKeyword.groovy:81)
	at com.kms.katalon.core.keyword.builtin.CallTestCaseKeyword.execute(CallTestCaseKeyword.groovy:45)
	at com.kms.katalon.core.keyword.internal.KeywordExecutor.executeKeywordForPlatform(KeywordExecutor.groovy:53)
	at com.kms.katalon.core.keyword.BuiltinKeywords.callTestCase(BuiltinKeywords.groovy:334)
	at sun.reflect.GeneratedMethodAccessor14.invoke(Unknown Source)
	at sun.reflect.DelegatingMethodAccessorImpl.invoke(DelegatingMethodAccessorImpl.java:43)
	at java.lang.reflect.Method.invoke(Method.java:498)
	at org.codehaus.groovy.reflection.CachedMethod.invoke(CachedMethod.java:93)
	at groovy.lang.MetaMethod.doMethodInvoke(MetaMethod.java:325)
	at groovy.lang.MetaClassImpl.invokeStaticMethod(MetaClassImpl.java:1469)
	at org.codehaus.groovy.runtime.callsite.StaticMetaClassSite.call(StaticMetaClassSite.java:53)
	at org.codehaus.groovy.runtime.callsite.CallSiteArray.defaultCall(CallSiteArray.java:48)
	at org.codehaus.groovy.runtime.callsite.AbstractCallSite.call(AbstractCallSite.java:113)
	at org.codehaus.groovy.runtime.callsite.AbstractCallSite.call(AbstractCallSite.java:141)
	at Script1533573048485.run(Script1533573048485.groovy:86)
	at com.kms.katalon.core.main.ScriptEngine.run(ScriptEngine.java:183)
	at com.kms.katalon.core.main.ScriptEngine.runScriptAsRawText(ScriptEngine.java:108)
	at com.kms.katalon.core.main.TestCaseExecutor.runScript(TestCaseExecutor.java:294)
	at com.kms.katalon.core.main.TestCaseExecutor.doExecute(TestCaseExecutor.java:285)
	at com.kms.katalon.core.main.TestCaseExecutor.processExecutionPhase(TestCaseExecutor.java:264)
	at com.kms.katalon.core.main.TestCaseExecutor.accessMainPhase(TestCaseExecutor.java:256)
	at com.kms.katalon.core.main.TestCaseExecutor.execute(TestCaseExecutor.java:200)
	at com.kms.katalon.core.main.TestSuiteExecutor.accessTestCaseMainPhase(TestSuiteExecutor.java:129)
	at com.kms.katalon.core.main.TestSuiteExecutor.accessTestSuiteMainPhase(TestSuiteExecutor.java:112)
	at com.kms.katalon.core.main.TestSuiteExecutor.execute(TestSuiteExecutor.java:81)
	at com.kms.katalon.core.main.TestCaseMain.startTestSuite(TestCaseMain.java:142)
	at com.kms.katalon.core.main.TestCaseMain$startTestSuite$0.call(Unknown Source)
	at org.codehaus.groovy.runtime.callsite.CallSiteArray.defaultCall(CallSiteArray.java:48)
	at org.codehaus.groovy.runtime.callsite.AbstractCallSite.call(AbstractCallSite.java:113)
	at org.codehaus.groovy.runtime.callsite.AbstractCallSite.call(AbstractCallSite.java:141)
	at TempTestSuite1536485089963.run(TempTestSuite1536485089963.groovy:36)
	at groovy.lang.GroovyShell.runScriptOrMainOrTestOrRunnable(GroovyShell.java:263)
	at groovy.lang.GroovyShell.run(GroovyShell.java:518)
	at groovy.lang.GroovyShell.run(GroovyShell.java:507)
	at groovy.ui.GroovyMain.processOnce(GroovyMain.java:653)
	at groovy.ui.GroovyMain.run(GroovyMain.java:384)
	at groovy.ui.GroovyMain.process(GroovyMain.java:370)
	at groovy.ui.GroovyMain.processArgs(GroovyMain.java:129)
	at groovy.ui.GroovyMain.main(GroovyMain.java:109)
	at sun.reflect.NativeMethodAccessorImpl.invoke0(Native Method)
	at sun.reflect.NativeMethodAccessorImpl.invoke(NativeMethodAccessorImpl.java:62)
	at sun.reflect.DelegatingMethodAccessorImpl.invoke(DelegatingMethodAccessorImpl.java:43)
	at java.lang.reflect.Method.invoke(Method.java:498)
	at org.codehaus.groovy.tools.GroovyStarter.rootLoader(GroovyStarter.java:109)
	at org.codehaus.groovy.tools.GroovyStarter.main(GroovyStarter.java:131)
)]]></system-err>
   </testsuite>
</testsuites>
