<?xml version="1.0" encoding="UTF-8"?>
<testsuites name="Demo" time="528" tests="5" failures="1" errors="0">
   <testsuite name="Demo" tests="5" failures="1" errors="0" time="528" timestamp="2018-08-21 12:06:15" hostname="SEEBORUTS - 5CG7062KWD.SD.DIKA.BE" id="Test Suites/testing/Demo">
      <properties>
         <property name="deviceName" value=""/>
         <property name="devicePlatform" value=""/>
         <property name="logFolder" value="C:\\Users\\seeboruts\\OneDrive - SD Worx\\Desktop\\Katalon_eBlox_Reporting\\Reports\\testing\\Demo\\20180821_120612"/>
         <property name="logFiles" value="C:\\Users\\seeboruts\\OneDrive - SD Worx\\Desktop\\Katalon_eBlox_Reporting\\Reports\\testing\\Demo\\20180821_120612\\execution0.log"/>
         <property name="attachments" value="C:\\Users\\seeboruts\\OneDrive - SD Worx\\Desktop\\Katalon_eBlox_Reporting\\Reports\\testing\\Demo\\20180821_120612\\1534839229847.png"/>
         <property name="hostName" value="SEEBORUTS - 5CG7062KWD.SD.DIKA.BE"/>
         <property name="os" value="Windows 10 64bit"/>
         <property name="katalonVersion" value="5.6.0.1"/>
         <property name="browser" value="Chrome 68.0.3440.106"/>
         <property name="hostAddress" value="10.136.82.137"/>
         <property name="sessionId" value="c70f1dc11a21ad5aa49e44c553c05d2d"/>
         <property name="seleniumVersion" value="3.7.1"/>
         <property name="proxyInformation" value="ProxyInformation{proxyOption=NO_PROXY, proxyServerType=HTTP, password=, proxyServerAddress=, proxyServerPort=0}"/>
         <property name="platform" value="Windows 10"/>
      </properties>
      <testcase name="Test Cases/New Folder/TC1 LANGUAGE" classname="Test Cases/New Folder/TC1 LANGUAGE" status="PASSED">
         <system-out><![CDATA[2018-08-21 12:06:15 - [TEST_CASE][PASSED] - Test Cases/New Folder/TC1 LANGUAGE: Test Cases/New Folder/TC1 LANGUAGE

2018-08-21 12:06:16 - [TEST_STEP][PASSED] - callTestCase: Call Test Case 'Test Cases/Login/TC1 Login to Mysdworx' successfully

2018-08-21 12:06:16 - [TEST_CASE][PASSED] - Test Cases/Login/TC1 Login to Mysdworx: Test Cases/Login/TC1 Login to Mysdworx

2018-08-21 12:06:16 - [TEST_STEP][PASSED] - openBrowser: Browser is opened with url: ''

2018-08-21 12:06:20 - [MESSAGE][PASSED] - Browser is opened with url: ''

2018-08-21 12:06:20 - [TEST_STEP][PASSED] - navigateToUrl: Navigate to 'https://internet.acc.sd.dika.be/ebloxreporting/web.sensitive/main/?lang=fr' successfully

2018-08-21 12:06:25 - [MESSAGE][PASSED] - Navigate to 'https://internet.acc.sd.dika.be/ebloxreporting/web.sensitive/main/?lang=fr' successfully

2018-08-21 12:06:25 - [TEST_STEP][PASSED] - maximizeWindow: Current window maximized

2018-08-21 12:06:26 - [MESSAGE][PASSED] - Current window maximized

2018-08-21 12:06:26 - [TEST_STEP][PASSED] - setText: Text 'DP_EBLOX_RPP_VASCO' is set on object 'Object Repository/Page_mysdworx - Log in/input_Username'

2018-08-21 12:06:30 - [MESSAGE][PASSED] - Text 'DP_EBLOX_RPP_VASCO' is set on object 'Object Repository/Page_mysdworx - Log in/input_Username'

2018-08-21 12:06:30 - [TEST_STEP][PASSED] - Statement - frame = new javax.swing.JFrame(User Input Frame): null

2018-08-21 12:06:30 - [TEST_STEP][PASSED] - Statement - frame.requestFocus(): null

2018-08-21 12:06:30 - [TEST_STEP][PASSED] - Statement - pass = javax.swing.JOptionPane.showInputDialog(frame, "Enter the password from token!!"): null

2018-08-21 12:06:43 - [TEST_STEP][PASSED] - delay: Delayed 2 second(s)

2018-08-21 12:06:45 - [MESSAGE][PASSED] - Delayed 2 second(s)

2018-08-21 12:06:45 - [TEST_STEP][PASSED] - setText: Text '080344' is set on object 'Object Repository/Page_mysdworx - Log in/input_Password'

2018-08-21 12:06:45 - [MESSAGE][PASSED] - Text '080344' is set on object 'Object Repository/Page_mysdworx - Log in/input_Password'

2018-08-21 12:06:45 - [TEST_STEP][PASSED] - click: Object: 'Object Repository/Page_mysdworx - Log in/button_Se connecter' is clicked on

2018-08-21 12:06:46 - [MESSAGE][PASSED] - Object: 'Object Repository/Page_mysdworx - Log in/button_Se connecter' is clicked on

2018-08-21 12:06:46 - [TEST_STEP][PASSED] - waitForPageLoad: Wait for page load successfully

2018-08-21 12:06:46 - [MESSAGE][PASSED] - Wait for page load successfully

2018-08-21 12:06:46 - [TEST_STEP][NOT_RUN] - closeBrowser: NOT_RUN: closeBrowser

2018-08-21 12:06:46 - [MESSAGE][NOT_RUN] - NOT_RUN: closeBrowser

2018-08-21 12:06:46 - [MESSAGE][PASSED] - Call Test Case 'Test Cases/Login/TC1 Login to Mysdworx' successfully

2018-08-21 12:06:46 - [TEST_STEP][PASSED] - waitForPageLoad: Wait for page load successfully

2018-08-21 12:06:46 - [MESSAGE][PASSED] - Wait for page load successfully

2018-08-21 12:06:46 - [TEST_STEP][PASSED] - callTestCase: Call Test Case 'Test Cases/Select Language/TC1 Verify NL language' successfully

2018-08-21 12:06:46 - [TEST_CASE][PASSED] - Test Cases/Select Language/TC1 Verify NL language: Test Cases/Select Language/TC1 Verify NL language

2018-08-21 12:06:46 - [TEST_STEP][PASSED] - waitForElementClickable: Object 'Object Repository/Change language link Obj/NL_language' is clickable

2018-08-21 12:07:07 - [MESSAGE][PASSED] - Object 'Object Repository/Change language link Obj/NL_language' is clickable

2018-08-21 12:07:07 - [TEST_STEP][PASSED] - click: Object: 'Object Repository/Change language link Obj/NL_language' is clicked on

2018-08-21 12:07:12 - [MESSAGE][PASSED] - Object: 'Object Repository/Change language link Obj/NL_language' is clicked on

2018-08-21 12:07:12 - [TEST_STEP][PASSED] - waitForPageLoad: Wait for page load successfully

2018-08-21 12:07:12 - [MESSAGE][PASSED] - Wait for page load successfully

2018-08-21 12:07:12 - [MESSAGE][PASSED] - Call Test Case 'Test Cases/Select Language/TC1 Verify NL language' successfully

2018-08-21 12:07:12 - [TEST_STEP][PASSED] - waitForPageLoad: Wait for page load successfully

2018-08-21 12:07:12 - [MESSAGE][PASSED] - Wait for page load successfully

2018-08-21 12:07:12 - [TEST_STEP][PASSED] - callTestCase: Call Test Case 'Test Cases/Mes rapports/Main Page/TC Verify Mes rapports tab' successfully

2018-08-21 12:07:12 - [TEST_CASE][PASSED] - Test Cases/Mes rapports/Main Page/TC Verify Mes rapports tab: Test Cases/Mes rapports/Main Page/TC Verify Mes rapports tab

2018-08-21 12:07:12 - [TEST_STEP][PASSED] - click: Object: 'Object Repository/Mes rapports Obj/Mes rapports_tab' is clicked on

2018-08-21 12:07:13 - [MESSAGE][PASSED] - Object: 'Object Repository/Mes rapports Obj/Mes rapports_tab' is clicked on

2018-08-21 12:07:13 - [MESSAGE][PASSED] - Call Test Case 'Test Cases/Mes rapports/Main Page/TC Verify Mes rapports tab' successfully

2018-08-21 12:07:13 - [TEST_STEP][PASSED] - waitForPageLoad: Wait for page load successfully

2018-08-21 12:07:13 - [MESSAGE][PASSED] - Wait for page load successfully

2018-08-21 12:07:13 - [TEST_STEP][PASSED] - callTestCase: Call Test Case 'Test Cases/Mes rapports/Main Page/TC Verify Deployer function' successfully

2018-08-21 12:07:13 - [TEST_CASE][PASSED] - Test Cases/Mes rapports/Main Page/TC Verify Deployer function: Test Cases/Mes rapports/Main Page/TC Verify Deployer function

2018-08-21 12:07:13 - [TEST_STEP][PASSED] - waitForPageLoad: Wait for page load successfully

2018-08-21 12:07:13 - [MESSAGE][PASSED] - Wait for page load successfully

2018-08-21 12:07:13 - [TEST_STEP][PASSED] - waitForElementClickable: Object 'Object Repository/Mes rapports Obj/button_setting_dropdown' is clickable

2018-08-21 12:07:15 - [MESSAGE][PASSED] - Object 'Object Repository/Mes rapports Obj/button_setting_dropdown' is clickable

2018-08-21 12:07:15 - [TEST_STEP][PASSED] - click: Object: 'Object Repository/Mes rapports Obj/button_setting_dropdown' is clicked on

2018-08-21 12:07:15 - [MESSAGE][PASSED] - Object: 'Object Repository/Mes rapports Obj/button_setting_dropdown' is clicked on

2018-08-21 12:07:15 - [TEST_STEP][PASSED] - click: Object: 'Object Repository/Mes rapports Obj/a_Dployer tout' is clicked on

2018-08-21 12:07:18 - [MESSAGE][PASSED] - Object: 'Object Repository/Mes rapports Obj/a_Dployer tout' is clicked on

2018-08-21 12:07:18 - [MESSAGE][PASSED] - Call Test Case 'Test Cases/Mes rapports/Main Page/TC Verify Deployer function' successfully

2018-08-21 12:07:18 - [TEST_STEP][PASSED] - waitForPageLoad: Wait for page load successfully

2018-08-21 12:07:18 - [MESSAGE][PASSED] - Wait for page load successfully

2018-08-21 12:07:18 - [TEST_STEP][PASSED] - callTestCase: Call Test Case 'Test Cases/Mes rapports/Main Page/TC Verify Masquer function' successfully

2018-08-21 12:07:18 - [TEST_CASE][PASSED] - Test Cases/Mes rapports/Main Page/TC Verify Masquer function: Test Cases/Mes rapports/Main Page/TC Verify Masquer function

2018-08-21 12:07:19 - [TEST_STEP][PASSED] - click: Object: 'Object Repository/Mes rapports Obj/button_setting_dropdown' is clicked on

2018-08-21 12:07:19 - [MESSAGE][PASSED] - Object: 'Object Repository/Mes rapports Obj/button_setting_dropdown' is clicked on

2018-08-21 12:07:19 - [TEST_STEP][PASSED] - click: Object: 'Object Repository/Mes rapports Obj/a_Masquer tout' is clicked on

2018-08-21 12:07:19 - [MESSAGE][PASSED] - Object: 'Object Repository/Mes rapports Obj/a_Masquer tout' is clicked on

2018-08-21 12:07:19 - [MESSAGE][PASSED] - Call Test Case 'Test Cases/Mes rapports/Main Page/TC Verify Masquer function' successfully

2018-08-21 12:07:19 - [TEST_STEP][PASSED] - callTestCase: Call Test Case 'Test Cases/Mes rapports/Main Page/TC Verify info icon function' successfully

2018-08-21 12:07:19 - [TEST_CASE][PASSED] - Test Cases/Mes rapports/Main Page/TC Verify info icon function: Test Cases/Mes rapports/Main Page/TC Verify info icon function

2018-08-21 12:07:19 - [TEST_STEP][PASSED] - click: Object: 'Object Repository/Mes rapports Obj/info_Icon' is clicked on

2018-08-21 12:07:19 - [MESSAGE][PASSED] - Object: 'Object Repository/Mes rapports Obj/info_Icon' is clicked on

2018-08-21 12:07:19 - [MESSAGE][PASSED] - Call Test Case 'Test Cases/Mes rapports/Main Page/TC Verify info icon function' successfully

2018-08-21 12:07:19 - [TEST_STEP][PASSED] - callTestCase: Call Test Case 'Test Cases/Mes rapports/Main Page/TC Verify Url' successfully

2018-08-21 12:07:19 - [TEST_CASE][PASSED] - Test Cases/Mes rapports/Main Page/TC Verify Url: Test Cases/Mes rapports/Main Page/TC Verify Url

2018-08-21 12:07:20 - [TEST_STEP][PASSED] - waitForPageLoad: Wait for page load successfully

2018-08-21 12:07:20 - [MESSAGE][PASSED] - Wait for page load successfully

2018-08-21 12:07:20 - [TEST_STEP][PASSED] - Statement - url = com.kms.katalon.core.webui.keyword.WebUiBuiltInKeywords.getUrl(): Current window's url is: 'https://internet.acc.sd.dika.be/ebloxreporting/web.sensitive/main/FpyDF/iIz9g8MffKNXfNyb1H/NL/#/mijnrapporten'

2018-08-21 12:07:20 - [MESSAGE][PASSED] - Current window's url is: 'https://internet.acc.sd.dika.be/ebloxreporting/web.sensitive/main/FpyDF/iIz9g8MffKNXfNyb1H/NL/#/mijnrapporten'

2018-08-21 12:07:20 - [TEST_STEP][PASSED] - Statement - p = java.util.regex.Pattern.compile("00040 ANTILOPE GROEP"): null

2018-08-21 12:07:20 - [TEST_STEP][PASSED] - Statement - m = p.matcher(url): null

2018-08-21 12:07:20 - [TEST_STEP][PASSED] - Statement - If (m.find()): null

2018-08-21 12:07:20 - [TEST_STEP][PASSED] - Statement - Else: The user name and the concern number are not present in the URL

2018-08-21 12:07:20 - [TEST_STEP][PASSED] - Statement - com.kms.katalon.core.util.KeywordUtil.markPassed("The user name and the concern number are not present in the URL"): The user name and the concern number are not present in the URL

2018-08-21 12:07:20 - [MESSAGE][PASSED] - The user name and the concern number are not present in the URL

2018-08-21 12:07:20 - [MESSAGE][PASSED] - Call Test Case 'Test Cases/Mes rapports/Main Page/TC Verify Url' successfully

2018-08-21 12:07:20 - [TEST_STEP][PASSED] - waitForPageLoad: Wait for page load successfully

2018-08-21 12:07:20 - [MESSAGE][PASSED] - Wait for page load successfully

2018-08-21 12:07:20 - [TEST_STEP][PASSED] - callTestCase: Call Test Case 'Test Cases/Select Language/TC2 Verify FR Language' successfully

2018-08-21 12:07:20 - [TEST_CASE][PASSED] - Test Cases/Select Language/TC2 Verify FR Language: Test Cases/Select Language/TC2 Verify FR Language

2018-08-21 12:07:20 - [TEST_STEP][PASSED] - click: Object: 'Object Repository/Change language link Obj/FR_language' is clicked on

2018-08-21 12:07:24 - [MESSAGE][PASSED] - Object: 'Object Repository/Change language link Obj/FR_language' is clicked on

2018-08-21 12:07:24 - [TEST_STEP][PASSED] - waitForPageLoad: Wait for page load successfully

2018-08-21 12:07:24 - [MESSAGE][PASSED] - Wait for page load successfully

2018-08-21 12:07:24 - [MESSAGE][PASSED] - Call Test Case 'Test Cases/Select Language/TC2 Verify FR Language' successfully

2018-08-21 12:07:24 - [TEST_STEP][PASSED] - waitForPageLoad: Wait for page load successfully

2018-08-21 12:07:24 - [MESSAGE][PASSED] - Wait for page load successfully

2018-08-21 12:07:24 - [TEST_STEP][PASSED] - callTestCase: Call Test Case 'Test Cases/Mes rapports/Main Page/TC Verify Mes rapports tab' successfully

2018-08-21 12:07:24 - [TEST_CASE][PASSED] - Test Cases/Mes rapports/Main Page/TC Verify Mes rapports tab: Test Cases/Mes rapports/Main Page/TC Verify Mes rapports tab

2018-08-21 12:07:24 - [TEST_STEP][PASSED] - click: Object: 'Object Repository/Mes rapports Obj/Mes rapports_tab' is clicked on

2018-08-21 12:07:25 - [MESSAGE][PASSED] - Object: 'Object Repository/Mes rapports Obj/Mes rapports_tab' is clicked on

2018-08-21 12:07:25 - [MESSAGE][PASSED] - Call Test Case 'Test Cases/Mes rapports/Main Page/TC Verify Mes rapports tab' successfully

2018-08-21 12:07:25 - [TEST_STEP][PASSED] - waitForPageLoad: Wait for page load successfully

2018-08-21 12:07:25 - [MESSAGE][PASSED] - Wait for page load successfully

2018-08-21 12:07:25 - [TEST_STEP][PASSED] - callTestCase: Call Test Case 'Test Cases/Mes rapports/Main Page/TC Verify Deployer function' successfully

2018-08-21 12:07:25 - [TEST_CASE][PASSED] - Test Cases/Mes rapports/Main Page/TC Verify Deployer function: Test Cases/Mes rapports/Main Page/TC Verify Deployer function

2018-08-21 12:07:25 - [TEST_STEP][PASSED] - waitForPageLoad: Wait for page load successfully

2018-08-21 12:07:25 - [MESSAGE][PASSED] - Wait for page load successfully

2018-08-21 12:07:25 - [TEST_STEP][PASSED] - waitForElementClickable: Object 'Object Repository/Mes rapports Obj/button_setting_dropdown' is clickable

2018-08-21 12:07:27 - [MESSAGE][PASSED] - Object 'Object Repository/Mes rapports Obj/button_setting_dropdown' is clickable

2018-08-21 12:07:27 - [TEST_STEP][PASSED] - click: Object: 'Object Repository/Mes rapports Obj/button_setting_dropdown' is clicked on

2018-08-21 12:07:27 - [MESSAGE][PASSED] - Object: 'Object Repository/Mes rapports Obj/button_setting_dropdown' is clicked on

2018-08-21 12:07:27 - [TEST_STEP][PASSED] - click: Object: 'Object Repository/Mes rapports Obj/a_Dployer tout' is clicked on

2018-08-21 12:07:31 - [MESSAGE][PASSED] - Object: 'Object Repository/Mes rapports Obj/a_Dployer tout' is clicked on

2018-08-21 12:07:31 - [MESSAGE][PASSED] - Call Test Case 'Test Cases/Mes rapports/Main Page/TC Verify Deployer function' successfully

2018-08-21 12:07:31 - [TEST_STEP][PASSED] - waitForPageLoad: Wait for page load successfully

2018-08-21 12:07:31 - [MESSAGE][PASSED] - Wait for page load successfully

2018-08-21 12:07:31 - [TEST_STEP][PASSED] - callTestCase: Call Test Case 'Test Cases/Mes rapports/Main Page/TC Verify Masquer function' successfully

2018-08-21 12:07:31 - [TEST_CASE][PASSED] - Test Cases/Mes rapports/Main Page/TC Verify Masquer function: Test Cases/Mes rapports/Main Page/TC Verify Masquer function

2018-08-21 12:07:31 - [TEST_STEP][PASSED] - click: Object: 'Object Repository/Mes rapports Obj/button_setting_dropdown' is clicked on

2018-08-21 12:07:31 - [MESSAGE][PASSED] - Object: 'Object Repository/Mes rapports Obj/button_setting_dropdown' is clicked on

2018-08-21 12:07:31 - [TEST_STEP][PASSED] - click: Object: 'Object Repository/Mes rapports Obj/a_Masquer tout' is clicked on

2018-08-21 12:07:31 - [MESSAGE][PASSED] - Object: 'Object Repository/Mes rapports Obj/a_Masquer tout' is clicked on

2018-08-21 12:07:31 - [MESSAGE][PASSED] - Call Test Case 'Test Cases/Mes rapports/Main Page/TC Verify Masquer function' successfully

2018-08-21 12:07:31 - [TEST_STEP][PASSED] - callTestCase: Call Test Case 'Test Cases/Mes rapports/Main Page/TC Verify info icon function' successfully

2018-08-21 12:07:31 - [TEST_CASE][PASSED] - Test Cases/Mes rapports/Main Page/TC Verify info icon function: Test Cases/Mes rapports/Main Page/TC Verify info icon function

2018-08-21 12:07:31 - [TEST_STEP][PASSED] - click: Object: 'Object Repository/Mes rapports Obj/info_Icon' is clicked on

2018-08-21 12:07:31 - [MESSAGE][PASSED] - Object: 'Object Repository/Mes rapports Obj/info_Icon' is clicked on

2018-08-21 12:07:31 - [MESSAGE][PASSED] - Call Test Case 'Test Cases/Mes rapports/Main Page/TC Verify info icon function' successfully

2018-08-21 12:07:31 - [TEST_STEP][PASSED] - callTestCase: Call Test Case 'Test Cases/Mes rapports/Main Page/TC Verify Url' successfully

2018-08-21 12:07:31 - [TEST_CASE][PASSED] - Test Cases/Mes rapports/Main Page/TC Verify Url: Test Cases/Mes rapports/Main Page/TC Verify Url

2018-08-21 12:07:31 - [TEST_STEP][PASSED] - waitForPageLoad: Wait for page load successfully

2018-08-21 12:07:31 - [MESSAGE][PASSED] - Wait for page load successfully

2018-08-21 12:07:31 - [TEST_STEP][PASSED] - Statement - url = com.kms.katalon.core.webui.keyword.WebUiBuiltInKeywords.getUrl(): Current window's url is: 'https://internet.acc.sd.dika.be/ebloxreporting/web.sensitive/main/FpyDF/iIz9g8MffKNXfNyb1H/FR/#/mijnrapporten'

2018-08-21 12:07:31 - [MESSAGE][PASSED] - Current window's url is: 'https://internet.acc.sd.dika.be/ebloxreporting/web.sensitive/main/FpyDF/iIz9g8MffKNXfNyb1H/FR/#/mijnrapporten'

2018-08-21 12:07:31 - [TEST_STEP][PASSED] - Statement - p = java.util.regex.Pattern.compile("00040 ANTILOPE GROEP"): null

2018-08-21 12:07:31 - [TEST_STEP][PASSED] - Statement - m = p.matcher(url): null

2018-08-21 12:07:31 - [TEST_STEP][PASSED] - Statement - If (m.find()): null

2018-08-21 12:07:31 - [TEST_STEP][PASSED] - Statement - Else: The user name and the concern number are not present in the URL

2018-08-21 12:07:31 - [TEST_STEP][PASSED] - Statement - com.kms.katalon.core.util.KeywordUtil.markPassed("The user name and the concern number are not present in the URL"): The user name and the concern number are not present in the URL

2018-08-21 12:07:31 - [MESSAGE][PASSED] - The user name and the concern number are not present in the URL

2018-08-21 12:07:31 - [MESSAGE][PASSED] - Call Test Case 'Test Cases/Mes rapports/Main Page/TC Verify Url' successfully

2018-08-21 12:07:31 - [TEST_STEP][PASSED] - waitForPageLoad: Wait for page load successfully

2018-08-21 12:07:31 - [MESSAGE][PASSED] - Wait for page load successfully

2018-08-21 12:07:31 - [TEST_STEP][PASSED] - callTestCase: Call Test Case 'Test Cases/Select Language/TC2 Verify FR Language' successfully

2018-08-21 12:07:31 - [TEST_CASE][PASSED] - Test Cases/Select Language/TC2 Verify FR Language: Test Cases/Select Language/TC2 Verify FR Language

2018-08-21 12:07:31 - [TEST_STEP][PASSED] - click: Object: 'Object Repository/Change language link Obj/FR_language' is clicked on

2018-08-21 12:07:31 - [MESSAGE][PASSED] - Object: 'Object Repository/Change language link Obj/FR_language' is clicked on

2018-08-21 12:07:31 - [TEST_STEP][PASSED] - waitForPageLoad: Wait for page load successfully

2018-08-21 12:07:31 - [MESSAGE][PASSED] - Wait for page load successfully

2018-08-21 12:07:31 - [MESSAGE][PASSED] - Call Test Case 'Test Cases/Select Language/TC2 Verify FR Language' successfully

2018-08-21 12:07:31 - [TEST_STEP][PASSED] - waitForPageLoad: Wait for page load successfully

2018-08-21 12:07:31 - [MESSAGE][PASSED] - Wait for page load successfully

2018-08-21 12:07:31 - [TEST_STEP][PASSED] - callTestCase: Call Test Case 'Test Cases/Select Language/TC1 Verify NL language' successfully

2018-08-21 12:07:31 - [TEST_CASE][PASSED] - Test Cases/Select Language/TC1 Verify NL language: Test Cases/Select Language/TC1 Verify NL language

2018-08-21 12:07:32 - [TEST_STEP][PASSED] - waitForElementClickable: Object 'Object Repository/Change language link Obj/NL_language' is clickable

2018-08-21 12:07:32 - [MESSAGE][PASSED] - Object 'Object Repository/Change language link Obj/NL_language' is clickable

2018-08-21 12:07:32 - [TEST_STEP][PASSED] - click: Object: 'Object Repository/Change language link Obj/NL_language' is clicked on

2018-08-21 12:07:38 - [MESSAGE][PASSED] - Object: 'Object Repository/Change language link Obj/NL_language' is clicked on

2018-08-21 12:07:38 - [TEST_STEP][PASSED] - waitForPageLoad: Wait for page load successfully

2018-08-21 12:07:38 - [MESSAGE][PASSED] - Wait for page load successfully

2018-08-21 12:07:38 - [MESSAGE][PASSED] - Call Test Case 'Test Cases/Select Language/TC1 Verify NL language' successfully

2018-08-21 12:07:38 - [TEST_STEP][PASSED] - waitForPageLoad: Wait for page load successfully

2018-08-21 12:07:38 - [MESSAGE][PASSED] - Wait for page load successfully

2018-08-21 12:07:38 - [TEST_STEP][PASSED] - callTestCase: Call Test Case 'Test Cases/Menu- Bibliotheque/TC Verify Bibliotheque tab' successfully

2018-08-21 12:07:38 - [TEST_CASE][PASSED] - Test Cases/Menu- Bibliotheque/TC Verify Bibliotheque tab: Test Cases/Menu- Bibliotheque/TC Verify Bibliotheque tab

2018-08-21 12:07:39 - [TEST_STEP][PASSED] - click: Object: 'Object Repository/Bibliotheque Obj/Bibliothque_tab' is clicked on

2018-08-21 12:07:39 - [MESSAGE][PASSED] - Object: 'Object Repository/Bibliotheque Obj/Bibliothque_tab' is clicked on

2018-08-21 12:07:39 - [MESSAGE][PASSED] - Call Test Case 'Test Cases/Menu- Bibliotheque/TC Verify Bibliotheque tab' successfully

2018-08-21 12:07:39 - [TEST_STEP][PASSED] - waitForPageLoad: Wait for page load successfully

2018-08-21 12:07:39 - [MESSAGE][PASSED] - Wait for page load successfully

2018-08-21 12:07:39 - [TEST_STEP][PASSED] - callTestCase: Call Test Case 'Test Cases/Menu- Bibliotheque/TC1 Verify Deployer function' successfully

2018-08-21 12:07:39 - [TEST_CASE][PASSED] - Test Cases/Menu- Bibliotheque/TC1 Verify Deployer function: Test Cases/Menu- Bibliotheque/TC1 Verify Deployer function

2018-08-21 12:07:39 - [TEST_STEP][PASSED] - waitForPageLoad: Wait for page load successfully

2018-08-21 12:07:39 - [MESSAGE][PASSED] - Wait for page load successfully

2018-08-21 12:07:39 - [TEST_STEP][PASSED] - click: Object: 'Object Repository/Bibliotheque Obj/button_setting_dropdown' is clicked on

2018-08-21 12:07:42 - [MESSAGE][PASSED] - Object: 'Object Repository/Bibliotheque Obj/button_setting_dropdown' is clicked on

2018-08-21 12:07:42 - [TEST_STEP][PASSED] - click: Object: 'Object Repository/Bibliotheque Obj/a_Dployer tout' is clicked on

2018-08-21 12:07:42 - [MESSAGE][PASSED] - Object: 'Object Repository/Bibliotheque Obj/a_Dployer tout' is clicked on

2018-08-21 12:07:42 - [MESSAGE][PASSED] - Call Test Case 'Test Cases/Menu- Bibliotheque/TC1 Verify Deployer function' successfully

2018-08-21 12:07:42 - [TEST_STEP][PASSED] - waitForPageLoad: Wait for page load successfully

2018-08-21 12:07:42 - [MESSAGE][PASSED] - Wait for page load successfully

2018-08-21 12:07:42 - [TEST_STEP][PASSED] - callTestCase: Call Test Case 'Test Cases/Menu- Bibliotheque/TC2 Verify Masquer function' successfully

2018-08-21 12:07:42 - [TEST_CASE][PASSED] - Test Cases/Menu- Bibliotheque/TC2 Verify Masquer function: Test Cases/Menu- Bibliotheque/TC2 Verify Masquer function

2018-08-21 12:07:42 - [TEST_STEP][PASSED] - click: Object: 'Object Repository/Bibliotheque Obj/button_setting_dropdown' is clicked on

2018-08-21 12:07:42 - [MESSAGE][PASSED] - Object: 'Object Repository/Bibliotheque Obj/button_setting_dropdown' is clicked on

2018-08-21 12:07:42 - [TEST_STEP][PASSED] - click: Object: 'Object Repository/Bibliotheque Obj/a_Masquer tout' is clicked on

2018-08-21 12:07:42 - [MESSAGE][PASSED] - Object: 'Object Repository/Bibliotheque Obj/a_Masquer tout' is clicked on

2018-08-21 12:07:42 - [MESSAGE][PASSED] - Call Test Case 'Test Cases/Menu- Bibliotheque/TC2 Verify Masquer function' successfully

2018-08-21 12:07:42 - [TEST_STEP][PASSED] - callTestCase: Call Test Case 'Test Cases/Menu- Bibliotheque/TC3 Verify info icon function' successfully

2018-08-21 12:07:42 - [TEST_CASE][PASSED] - Test Cases/Menu- Bibliotheque/TC3 Verify info icon function: Test Cases/Menu- Bibliotheque/TC3 Verify info icon function

2018-08-21 12:07:43 - [TEST_STEP][PASSED] - click: Object: 'Object Repository/Bibliotheque Obj/info_Icon' is clicked on

2018-08-21 12:07:43 - [MESSAGE][PASSED] - Object: 'Object Repository/Bibliotheque Obj/info_Icon' is clicked on

2018-08-21 12:07:43 - [MESSAGE][PASSED] - Call Test Case 'Test Cases/Menu- Bibliotheque/TC3 Verify info icon function' successfully

2018-08-21 12:07:43 - [TEST_STEP][PASSED] - callTestCase: Call Test Case 'Test Cases/Menu- Bibliotheque/TC4 Verify Url' successfully

2018-08-21 12:07:43 - [TEST_CASE][PASSED] - Test Cases/Menu- Bibliotheque/TC4 Verify Url: Test Cases/Menu- Bibliotheque/TC4 Verify Url

2018-08-21 12:07:43 - [TEST_STEP][PASSED] - waitForPageLoad: Wait for page load successfully

2018-08-21 12:07:43 - [MESSAGE][PASSED] - Wait for page load successfully

2018-08-21 12:07:43 - [TEST_STEP][PASSED] - Statement - url = com.kms.katalon.core.webui.keyword.WebUiBuiltInKeywords.getUrl(): Current window's url is: 'https://internet.acc.sd.dika.be/ebloxreporting/web.sensitive/main/FpyDF/iIz9g8MffKNXfNyb1H/NL/#/bibliotheek/'

2018-08-21 12:07:43 - [MESSAGE][PASSED] - Current window's url is: 'https://internet.acc.sd.dika.be/ebloxreporting/web.sensitive/main/FpyDF/iIz9g8MffKNXfNyb1H/NL/#/bibliotheek/'

2018-08-21 12:07:43 - [TEST_STEP][PASSED] - Statement - p = java.util.regex.Pattern.compile("00040 ANTILOPE GROEP"): null

2018-08-21 12:07:43 - [TEST_STEP][PASSED] - Statement - m = p.matcher(url): null

2018-08-21 12:07:43 - [TEST_STEP][PASSED] - Statement - If (m.find()): null

2018-08-21 12:07:43 - [TEST_STEP][PASSED] - Statement - Else: The user name and the concern number are not present in the URL

2018-08-21 12:07:43 - [TEST_STEP][PASSED] - Statement - com.kms.katalon.core.util.KeywordUtil.markPassed("The user name and the concern number are not present in the URL"): The user name and the concern number are not present in the URL

2018-08-21 12:07:43 - [MESSAGE][PASSED] - The user name and the concern number are not present in the URL

2018-08-21 12:07:43 - [MESSAGE][PASSED] - Call Test Case 'Test Cases/Menu- Bibliotheque/TC4 Verify Url' successfully

2018-08-21 12:07:43 - [TEST_STEP][PASSED] - callTestCase: Call Test Case 'Test Cases/Menu- Comptages/TC Verify Comptages tab' successfully

2018-08-21 12:07:43 - [TEST_CASE][PASSED] - Test Cases/Menu- Comptages/TC Verify Comptages tab: Test Cases/Menu- Comptages/TC Verify Comptages tab

2018-08-21 12:07:44 - [TEST_STEP][PASSED] - click: Object: 'Object Repository/Comptages Obj/Comptages_tab' is clicked on

2018-08-21 12:07:44 - [MESSAGE][PASSED] - Object: 'Object Repository/Comptages Obj/Comptages_tab' is clicked on

2018-08-21 12:07:44 - [MESSAGE][PASSED] - Call Test Case 'Test Cases/Menu- Comptages/TC Verify Comptages tab' successfully

2018-08-21 12:07:44 - [TEST_STEP][PASSED] - callTestCase: Call Test Case 'Test Cases/Menu- Comptages/TC2 Verify Nouveau comptage button' successfully

2018-08-21 12:07:44 - [TEST_CASE][PASSED] - Test Cases/Menu- Comptages/TC2 Verify Nouveau comptage button: Test Cases/Menu- Comptages/TC2 Verify Nouveau comptage button

2018-08-21 12:07:44 - [TEST_STEP][PASSED] - click: Object: 'Object Repository/Comptages Obj/button_Nouveau comptage' is clicked on

2018-08-21 12:07:46 - [MESSAGE][PASSED] - Object: 'Object Repository/Comptages Obj/button_Nouveau comptage' is clicked on

2018-08-21 12:07:46 - [MESSAGE][PASSED] - Call Test Case 'Test Cases/Menu- Comptages/TC2 Verify Nouveau comptage button' successfully

2018-08-21 12:07:46 - [TEST_STEP][PASSED] - callTestCase: Call Test Case 'Test Cases/Menu- Comptages/TC3 Verify Montants Function' successfully

2018-08-21 12:07:46 - [TEST_CASE][PASSED] - Test Cases/Menu- Comptages/TC3 Verify Montants Function: Test Cases/Menu- Comptages/TC3 Verify Montants Function

2018-08-21 12:07:46 - [TEST_STEP][PASSED] - click: Object: 'Object Repository/Comptages Obj/a_Montants' is clicked on

2018-08-21 12:07:46 - [MESSAGE][PASSED] - Object: 'Object Repository/Comptages Obj/a_Montants' is clicked on

2018-08-21 12:07:46 - [MESSAGE][PASSED] - Call Test Case 'Test Cases/Menu- Comptages/TC3 Verify Montants Function' successfully

2018-08-21 12:07:46 - [TEST_STEP][PASSED] - callTestCase: Call Test Case 'Test Cases/Menu- Comptages/TC4 Verify the creation of a new Comptage' successfully

2018-08-21 12:07:46 - [TEST_CASE][PASSED] - Test Cases/Menu- Comptages/TC4 Verify the creation of a new Comptage: Test Cases/Menu- Comptages/TC4 Verify the creation of a new Comptage

2018-08-21 12:07:46 - [TEST_STEP][PASSED] - setText: Text 'testing' is set on object 'Object Repository/Comptages Obj/input_comptage_name'

2018-08-21 12:07:47 - [MESSAGE][PASSED] - Text 'testing' is set on object 'Object Repository/Comptages Obj/input_comptage_name'

2018-08-21 12:07:47 - [TEST_STEP][PASSED] - delay: Delayed 5 second(s)

2018-08-21 12:07:52 - [MESSAGE][PASSED] - Delayed 5 second(s)

2018-08-21 12:07:52 - [TEST_STEP][PASSED] - click: Object: 'Object Repository/Comptages Obj/dropdown_arrow' is clicked on

2018-08-21 12:07:52 - [MESSAGE][PASSED] - Object: 'Object Repository/Comptages Obj/dropdown_arrow' is clicked on

2018-08-21 12:07:52 - [TEST_STEP][PASSED] - delay: Delayed 5 second(s)

2018-08-21 12:07:57 - [MESSAGE][PASSED] - Delayed 5 second(s)

2018-08-21 12:07:57 - [TEST_STEP][PASSED] - setText: Text 'Attest loonlasten' is set on object 'Object Repository/Comptages Obj/input_comptage_type'

2018-08-21 12:07:57 - [MESSAGE][PASSED] - Text 'Attest loonlasten' is set on object 'Object Repository/Comptages Obj/input_comptage_type'

2018-08-21 12:07:57 - [TEST_STEP][PASSED] - sendKeys: Keys 'ENTER + ' sent to object: 'Object Repository/Comptages Obj/input_comptage_type'

2018-08-21 12:07:57 - [MESSAGE][PASSED] - Keys 'ENTER + ' sent to object: 'Object Repository/Comptages Obj/input_comptage_type'

2018-08-21 12:07:57 - [MESSAGE][PASSED] - Call Test Case 'Test Cases/Menu- Comptages/TC4 Verify the creation of a new Comptage' successfully

2018-08-21 12:07:57 - [TEST_STEP][PASSED] - callTestCase: Call Test Case 'Test Cases/Menu- Comptages/TC7 Verify Sauvegarder button' successfully

2018-08-21 12:07:57 - [TEST_CASE][PASSED] - Test Cases/Menu- Comptages/TC7 Verify Sauvegarder button: Test Cases/Menu- Comptages/TC7 Verify Sauvegarder button

2018-08-21 12:07:57 - [TEST_STEP][PASSED] - click: Object: 'Object Repository/Comptages Obj/button_Sauvegarder' is clicked on

2018-08-21 12:07:57 - [MESSAGE][PASSED] - Object: 'Object Repository/Comptages Obj/button_Sauvegarder' is clicked on

2018-08-21 12:07:57 - [MESSAGE][PASSED] - Call Test Case 'Test Cases/Menu- Comptages/TC7 Verify Sauvegarder button' successfully

2018-08-21 12:07:57 - [TEST_STEP][PASSED] - closeBrowser: Browser is closed

2018-08-21 12:07:58 - [MESSAGE][PASSED] - Browser is closed]]></system-out>
         <system-err><![CDATA[]]></system-err>
      </testcase>
      <testcase name="Test Cases/New Folder/TC10 BASED ON THE LIBRARY" classname="Test Cases/New Folder/TC10 BASED ON THE LIBRARY" status="PASSED">
         <system-out><![CDATA[2018-08-21 12:07:58 - [TEST_CASE][PASSED] - Test Cases/New Folder/TC10 BASED ON THE LIBRARY: Test Cases/New Folder/TC10 BASED ON THE LIBRARY

2018-08-21 12:07:58 - [TEST_STEP][PASSED] - callTestCase: Call Test Case 'Test Cases/Login/TC1 Login to Mysdworx' successfully

2018-08-21 12:07:58 - [TEST_CASE][PASSED] - Test Cases/Login/TC1 Login to Mysdworx: Test Cases/Login/TC1 Login to Mysdworx

2018-08-21 12:07:58 - [TEST_STEP][PASSED] - openBrowser: Browser is opened with url: ''

2018-08-21 12:08:00 - [MESSAGE][PASSED] - Browser is opened with url: ''

2018-08-21 12:08:00 - [TEST_STEP][PASSED] - navigateToUrl: Navigate to 'https://internet.acc.sd.dika.be/ebloxreporting/web.sensitive/main/?lang=fr' successfully

2018-08-21 12:08:05 - [MESSAGE][PASSED] - Navigate to 'https://internet.acc.sd.dika.be/ebloxreporting/web.sensitive/main/?lang=fr' successfully

2018-08-21 12:08:05 - [TEST_STEP][PASSED] - maximizeWindow: Current window maximized

2018-08-21 12:08:06 - [MESSAGE][PASSED] - Current window maximized

2018-08-21 12:08:06 - [TEST_STEP][PASSED] - setText: Text 'DP_EBLOX_RPP_VASCO' is set on object 'Object Repository/Page_mysdworx - Log in/input_Username'

2018-08-21 12:08:10 - [MESSAGE][PASSED] - Text 'DP_EBLOX_RPP_VASCO' is set on object 'Object Repository/Page_mysdworx - Log in/input_Username'

2018-08-21 12:08:10 - [TEST_STEP][PASSED] - Statement - frame = new javax.swing.JFrame(User Input Frame): null

2018-08-21 12:08:10 - [TEST_STEP][PASSED] - Statement - frame.requestFocus(): null

2018-08-21 12:08:10 - [TEST_STEP][PASSED] - Statement - pass = javax.swing.JOptionPane.showInputDialog(frame, "Enter the password from token!!"): null

2018-08-21 12:08:16 - [TEST_STEP][PASSED] - delay: Delayed 2 second(s)

2018-08-21 12:08:18 - [MESSAGE][PASSED] - Delayed 2 second(s)

2018-08-21 12:08:18 - [TEST_STEP][PASSED] - setText: Text '982826' is set on object 'Object Repository/Page_mysdworx - Log in/input_Password'

2018-08-21 12:08:18 - [MESSAGE][PASSED] - Text '982826' is set on object 'Object Repository/Page_mysdworx - Log in/input_Password'

2018-08-21 12:08:18 - [TEST_STEP][PASSED] - click: Object: 'Object Repository/Page_mysdworx - Log in/button_Se connecter' is clicked on

2018-08-21 12:08:18 - [MESSAGE][PASSED] - Object: 'Object Repository/Page_mysdworx - Log in/button_Se connecter' is clicked on

2018-08-21 12:08:18 - [TEST_STEP][PASSED] - waitForPageLoad: Wait for page load successfully

2018-08-21 12:08:18 - [MESSAGE][PASSED] - Wait for page load successfully

2018-08-21 12:08:18 - [TEST_STEP][NOT_RUN] - closeBrowser: NOT_RUN: closeBrowser

2018-08-21 12:08:18 - [MESSAGE][NOT_RUN] - NOT_RUN: closeBrowser

2018-08-21 12:08:18 - [MESSAGE][PASSED] - Call Test Case 'Test Cases/Login/TC1 Login to Mysdworx' successfully

2018-08-21 12:08:18 - [TEST_STEP][PASSED] - waitForPageLoad: Wait for page load successfully

2018-08-21 12:08:18 - [MESSAGE][PASSED] - Wait for page load successfully

2018-08-21 12:08:18 - [TEST_STEP][PASSED] - callTestCase: Call Test Case 'Test Cases/Select Language/TC1 Verify NL language' successfully

2018-08-21 12:08:18 - [TEST_CASE][PASSED] - Test Cases/Select Language/TC1 Verify NL language: Test Cases/Select Language/TC1 Verify NL language

2018-08-21 12:08:18 - [TEST_STEP][PASSED] - waitForElementClickable: Object 'Object Repository/Change language link Obj/NL_language' is clickable

2018-08-21 12:09:17 - [MESSAGE][PASSED] - Object 'Object Repository/Change language link Obj/NL_language' is clickable

2018-08-21 12:09:17 - [TEST_STEP][PASSED] - click: Object: 'Object Repository/Change language link Obj/NL_language' is clicked on

2018-08-21 12:09:41 - [MESSAGE][PASSED] - Object: 'Object Repository/Change language link Obj/NL_language' is clicked on

2018-08-21 12:09:41 - [TEST_STEP][PASSED] - waitForPageLoad: Wait for page load successfully

2018-08-21 12:09:41 - [MESSAGE][PASSED] - Wait for page load successfully

2018-08-21 12:09:41 - [MESSAGE][PASSED] - Call Test Case 'Test Cases/Select Language/TC1 Verify NL language' successfully

2018-08-21 12:09:41 - [TEST_STEP][PASSED] - waitForPageLoad: Wait for page load successfully

2018-08-21 12:09:41 - [MESSAGE][PASSED] - Wait for page load successfully

2018-08-21 12:09:41 - [TEST_STEP][PASSED] - callTestCase: Call Test Case 'Test Cases/Mes rapports/Verify Nouveau rapport button' successfully

2018-08-21 12:09:41 - [TEST_CASE][PASSED] - Test Cases/Mes rapports/Verify Nouveau rapport button: Test Cases/Mes rapports/Verify Nouveau rapport button

2018-08-21 12:09:41 - [TEST_STEP][PASSED] - click: Object: 'Object Repository/Mes rapports Obj/button_Nouveau rapport' is clicked on

2018-08-21 12:09:44 - [MESSAGE][PASSED] - Object: 'Object Repository/Mes rapports Obj/button_Nouveau rapport' is clicked on

2018-08-21 12:09:44 - [TEST_STEP][PASSED] - waitForPageLoad: Wait for page load successfully

2018-08-21 12:09:44 - [MESSAGE][PASSED] - Wait for page load successfully

2018-08-21 12:09:44 - [MESSAGE][PASSED] - Call Test Case 'Test Cases/Mes rapports/Verify Nouveau rapport button' successfully

2018-08-21 12:09:44 - [TEST_STEP][PASSED] - waitForPageLoad: Wait for page load successfully

2018-08-21 12:09:44 - [MESSAGE][PASSED] - Wait for page load successfully

2018-08-21 12:09:44 - [TEST_STEP][PASSED] - callTestCase: Call Test Case 'Test Cases/Mes rapports/Mes rapports - BASE DE RAPPORT/TC3  Verify radio button Baser sur un rapport de la Bibliotheque' successfully

2018-08-21 12:09:44 - [TEST_CASE][PASSED] - Test Cases/Mes rapports/Mes rapports - BASE DE RAPPORT/TC3  Verify radio button Baser sur un rapport de la Bibliotheque: Test Cases/Mes rapports/Mes rapports - BASE DE RAPPORT/TC3  Verify radio button Baser sur un rapport de la Bibliotheque

2018-08-21 12:09:44 - [TEST_STEP][PASSED] - click: Object: 'Object Repository/Mes rapports Obj/BASE DE RAPPORT/radioButton_Baser sur un rapport de la Bibliothque' is clicked on

2018-08-21 12:09:44 - [MESSAGE][PASSED] - Object: 'Object Repository/Mes rapports Obj/BASE DE RAPPORT/radioButton_Baser sur un rapport de la Bibliothque' is clicked on

2018-08-21 12:09:44 - [MESSAGE][PASSED] - Call Test Case 'Test Cases/Mes rapports/Mes rapports - BASE DE RAPPORT/TC3  Verify radio button Baser sur un rapport de la Bibliotheque' successfully

2018-08-21 12:09:44 - [TEST_STEP][PASSED] - click: Object: 'Object Repository/Mes rapports Obj/BASE DE RAPPORT/Bibliotheque dropdown' is clicked on

2018-08-21 12:09:45 - [MESSAGE][PASSED] - Object: 'Object Repository/Mes rapports Obj/BASE DE RAPPORT/Bibliotheque dropdown' is clicked on

2018-08-21 12:09:45 - [TEST_STEP][PASSED] - setText: Text 'test huidig jaar' is set on object 'Object Repository/Mes rapports Obj/BASE DE RAPPORT/Bibliotheque - dropdowm input'

2018-08-21 12:09:45 - [MESSAGE][PASSED] - Text 'test huidig jaar' is set on object 'Object Repository/Mes rapports Obj/BASE DE RAPPORT/Bibliotheque - dropdowm input'

2018-08-21 12:09:45 - [TEST_STEP][PASSED] - sendKeys: Keys 'ENTER + ' sent to object: 'Object Repository/Mes rapports Obj/BASE DE RAPPORT/Bibliotheque - dropdowm input'

2018-08-21 12:09:45 - [MESSAGE][PASSED] - Keys 'ENTER + ' sent to object: 'Object Repository/Mes rapports Obj/BASE DE RAPPORT/Bibliotheque - dropdowm input'

2018-08-21 12:09:45 - [TEST_STEP][PASSED] - delay: Delayed 1 second(s)

2018-08-21 12:09:46 - [MESSAGE][PASSED] - Delayed 1 second(s)

2018-08-21 12:09:46 - [TEST_STEP][PASSED] - callTestCase: Call Test Case 'Test Cases/Mes rapports/TC Verify the next button arrow' successfully

2018-08-21 12:09:46 - [TEST_CASE][PASSED] - Test Cases/Mes rapports/TC Verify the next button arrow: Test Cases/Mes rapports/TC Verify the next button arrow

2018-08-21 12:09:46 - [TEST_STEP][PASSED] - waitForElementClickable: Object 'Object Repository/Mes rapports Obj/button_Next_Arrow' is clickable

2018-08-21 12:09:46 - [MESSAGE][PASSED] - Object 'Object Repository/Mes rapports Obj/button_Next_Arrow' is clickable

2018-08-21 12:09:46 - [TEST_STEP][PASSED] - click: Object: 'Object Repository/Mes rapports Obj/button_Next_Arrow' is clicked on

2018-08-21 12:09:46 - [MESSAGE][PASSED] - Object: 'Object Repository/Mes rapports Obj/button_Next_Arrow' is clicked on

2018-08-21 12:09:46 - [TEST_STEP][PASSED] - delay: Delayed 5 second(s)

2018-08-21 12:09:51 - [MESSAGE][PASSED] - Delayed 5 second(s)

2018-08-21 12:09:51 - [MESSAGE][PASSED] - Call Test Case 'Test Cases/Mes rapports/TC Verify the next button arrow' successfully

2018-08-21 12:09:51 - [TEST_STEP][PASSED] - waitForPageLoad: Wait for page load successfully

2018-08-21 12:09:51 - [MESSAGE][PASSED] - Wait for page load successfully

2018-08-21 12:09:51 - [TEST_STEP][PASSED] - callTestCase: Call Test Case 'Test Cases/Mes rapports/Mes rapports - CONTENU/TC Verify input field INTERNAL' successfully

2018-08-21 12:09:52 - [TEST_CASE][PASSED] - Test Cases/Mes rapports/Mes rapports - CONTENU/TC Verify input field INTERNAL: Test Cases/Mes rapports/Mes rapports - CONTENU/TC Verify input field INTERNAL

2018-08-21 12:09:52 - [TEST_STEP][PASSED] - Statement - excelData = com.kms.katalon.core.testdata.TestDataFactory.findTestData(Data Files/Data/INTERNAL): Reading excel file with source file 'C:\Users\seeboruts\OneDrive - SD Worx\Desktop\test_DAta.xlsx' and sheet name 'INTERNAL'

2018-08-21 12:09:53 - [TEST_STEP][PASSED] - Statement - test = excelData.getRowNumbers(): null

2018-08-21 12:09:53 - [TEST_STEP][PASSED] - Statement - println("No of rows" + test): null

2018-08-21 12:09:53 - [TEST_STEP][PASSED] - Statement - For ([i = 1, i <= test, (i++)]): Object: 'Object Repository/Mes rapports Obj/CONTENU/click_Remove_text' is clicked on

2018-08-21 12:09:53 - [TEST_STEP][PASSED] - setText: Text 'Naam werknemer' is set on object 'Object Repository/Mes rapports Obj/CONTENU/input_Contenu_Selecteur'

2018-08-21 12:09:53 - [MESSAGE][PASSED] - Text 'Naam werknemer' is set on object 'Object Repository/Mes rapports Obj/CONTENU/input_Contenu_Selecteur'

2018-08-21 12:09:53 - [TEST_STEP][PASSED] - delay: Delayed 3 second(s)

2018-08-21 12:09:56 - [MESSAGE][PASSED] - Delayed 3 second(s)

2018-08-21 12:09:56 - [TEST_STEP][PASSED] - click: Object: 'Object Repository/Mes rapports Obj/CONTENU/Selecteur Obj NL/Naam werknemer' is clicked on

2018-08-21 12:09:56 - [MESSAGE][PASSED] - Object: 'Object Repository/Mes rapports Obj/CONTENU/Selecteur Obj NL/Naam werknemer' is clicked on

2018-08-21 12:09:56 - [TEST_STEP][PASSED] - delay: Delayed 3 second(s)

2018-08-21 12:09:59 - [MESSAGE][PASSED] - Delayed 3 second(s)

2018-08-21 12:09:59 - [TEST_STEP][PASSED] - click: Object: 'Object Repository/Mes rapports Obj/CONTENU/click_Remove_text' is clicked on

2018-08-21 12:09:59 - [MESSAGE][PASSED] - Object: 'Object Repository/Mes rapports Obj/CONTENU/click_Remove_text' is clicked on

2018-08-21 12:09:59 - [TEST_STEP][PASSED] - setText: Text 'Afdeling' is set on object 'Object Repository/Mes rapports Obj/CONTENU/input_Contenu_Selecteur'

2018-08-21 12:09:59 - [MESSAGE][PASSED] - Text 'Afdeling' is set on object 'Object Repository/Mes rapports Obj/CONTENU/input_Contenu_Selecteur'

2018-08-21 12:09:59 - [TEST_STEP][PASSED] - delay: Delayed 3 second(s)

2018-08-21 12:10:02 - [MESSAGE][PASSED] - Delayed 3 second(s)

2018-08-21 12:10:02 - [TEST_STEP][PASSED] - click: Object: 'Object Repository/Mes rapports Obj/CONTENU/Selecteur Obj NL/Afdeling' is clicked on

2018-08-21 12:10:02 - [MESSAGE][PASSED] - Object: 'Object Repository/Mes rapports Obj/CONTENU/Selecteur Obj NL/Afdeling' is clicked on

2018-08-21 12:10:02 - [TEST_STEP][PASSED] - delay: Delayed 3 second(s)

2018-08-21 12:10:05 - [MESSAGE][PASSED] - Delayed 3 second(s)

2018-08-21 12:10:05 - [TEST_STEP][PASSED] - click: Object: 'Object Repository/Mes rapports Obj/CONTENU/click_Remove_text' is clicked on

2018-08-21 12:10:06 - [MESSAGE][PASSED] - Object: 'Object Repository/Mes rapports Obj/CONTENU/click_Remove_text' is clicked on

2018-08-21 12:10:06 - [TEST_STEP][PASSED] - setText: Text 'Brutoloon' is set on object 'Object Repository/Mes rapports Obj/CONTENU/input_Contenu_Selecteur'

2018-08-21 12:10:06 - [MESSAGE][PASSED] - Text 'Brutoloon' is set on object 'Object Repository/Mes rapports Obj/CONTENU/input_Contenu_Selecteur'

2018-08-21 12:10:06 - [TEST_STEP][PASSED] - delay: Delayed 3 second(s)

2018-08-21 12:10:09 - [MESSAGE][PASSED] - Delayed 3 second(s)

2018-08-21 12:10:09 - [TEST_STEP][PASSED] - click: Object: 'Object Repository/Mes rapports Obj/CONTENU/Selecteur Obj NL/Brutoloon' is clicked on

2018-08-21 12:10:09 - [MESSAGE][PASSED] - Object: 'Object Repository/Mes rapports Obj/CONTENU/Selecteur Obj NL/Brutoloon' is clicked on

2018-08-21 12:10:09 - [TEST_STEP][PASSED] - delay: Delayed 3 second(s)

2018-08-21 12:10:12 - [MESSAGE][PASSED] - Delayed 3 second(s)

2018-08-21 12:10:12 - [TEST_STEP][PASSED] - click: Object: 'Object Repository/Mes rapports Obj/CONTENU/click_Remove_text' is clicked on

2018-08-21 12:10:12 - [MESSAGE][PASSED] - Object: 'Object Repository/Mes rapports Obj/CONTENU/click_Remove_text' is clicked on

2018-08-21 12:10:12 - [MESSAGE][PASSED] - Call Test Case 'Test Cases/Mes rapports/Mes rapports - CONTENU/TC Verify input field INTERNAL' successfully

2018-08-21 12:10:12 - [TEST_STEP][PASSED] - callTestCase: Call Test Case 'Test Cases/Verify URL/TC Verify Url' successfully

2018-08-21 12:10:12 - [TEST_CASE][PASSED] - Test Cases/Verify URL/TC Verify Url: Test Cases/Verify URL/TC Verify Url

2018-08-21 12:10:12 - [TEST_STEP][PASSED] - waitForPageLoad: Wait for page load successfully

2018-08-21 12:10:12 - [MESSAGE][PASSED] - Wait for page load successfully

2018-08-21 12:10:12 - [TEST_STEP][PASSED] - Statement - url = com.kms.katalon.core.webui.keyword.WebUiBuiltInKeywords.getUrl(): Current window's url is: 'https://internet.acc.sd.dika.be/ebloxreporting/web.sensitive/main/FpyDF/iIz9g8MffKNXfNyb1H/NL/#/definitie/wizard/extern/index/28150/inhoud'

2018-08-21 12:10:12 - [MESSAGE][PASSED] - Current window's url is: 'https://internet.acc.sd.dika.be/ebloxreporting/web.sensitive/main/FpyDF/iIz9g8MffKNXfNyb1H/NL/#/definitie/wizard/extern/index/28150/inhoud'

2018-08-21 12:10:12 - [TEST_STEP][PASSED] - Statement - p = java.util.regex.Pattern.compile("00040 ANTILOPE GROEP"): null

2018-08-21 12:10:12 - [TEST_STEP][PASSED] - Statement - m = p.matcher(url): null

2018-08-21 12:10:12 - [TEST_STEP][PASSED] - Statement - If (m.find()): null

2018-08-21 12:10:12 - [TEST_STEP][PASSED] - Statement - Else: The user name and the concern number are not present in the URL

2018-08-21 12:10:12 - [TEST_STEP][PASSED] - Statement - com.kms.katalon.core.util.KeywordUtil.markPassed("The user name and the concern number are not present in the URL"): The user name and the concern number are not present in the URL

2018-08-21 12:10:12 - [MESSAGE][PASSED] - The user name and the concern number are not present in the URL

2018-08-21 12:10:12 - [MESSAGE][PASSED] - Call Test Case 'Test Cases/Verify URL/TC Verify Url' successfully

2018-08-21 12:10:12 - [TEST_STEP][PASSED] - callTestCase: Call Test Case 'Test Cases/Mes rapports/TC Verify the next button arrow' successfully

2018-08-21 12:10:13 - [TEST_CASE][PASSED] - Test Cases/Mes rapports/TC Verify the next button arrow: Test Cases/Mes rapports/TC Verify the next button arrow

2018-08-21 12:10:13 - [TEST_STEP][PASSED] - waitForElementClickable: Object 'Object Repository/Mes rapports Obj/button_Next_Arrow' is clickable

2018-08-21 12:10:13 - [MESSAGE][PASSED] - Object 'Object Repository/Mes rapports Obj/button_Next_Arrow' is clickable

2018-08-21 12:10:13 - [TEST_STEP][PASSED] - click: Object: 'Object Repository/Mes rapports Obj/button_Next_Arrow' is clicked on

2018-08-21 12:10:13 - [MESSAGE][PASSED] - Object: 'Object Repository/Mes rapports Obj/button_Next_Arrow' is clicked on

2018-08-21 12:10:13 - [TEST_STEP][PASSED] - delay: Delayed 5 second(s)

2018-08-21 12:10:18 - [MESSAGE][PASSED] - Delayed 5 second(s)

2018-08-21 12:10:18 - [MESSAGE][PASSED] - Call Test Case 'Test Cases/Mes rapports/TC Verify the next button arrow' successfully

2018-08-21 12:10:18 - [TEST_STEP][PASSED] - waitForPageLoad: Wait for page load successfully

2018-08-21 12:10:18 - [MESSAGE][PASSED] - Wait for page load successfully

2018-08-21 12:10:18 - [TEST_STEP][PASSED] - callTestCase: Call Test Case 'Test Cases/Mes rapports/Mes rapports - SELECTION/Verify if checkbox is unchecked/TC 10 Deselect all checkbox' successfully

2018-08-21 12:10:18 - [TEST_CASE][PASSED] - Test Cases/Mes rapports/Mes rapports - SELECTION/Verify if checkbox is unchecked/TC 10 Deselect all checkbox: Test Cases/Mes rapports/Mes rapports - SELECTION/Verify if checkbox is unchecked/TC 10 Deselect all checkbox

2018-08-21 12:10:18 - [TEST_STEP][PASSED] - callTestCase: Call Test Case 'Test Cases/Mes rapports/Mes rapports - SELECTION/Verify if checkbox is unchecked/TC 1 Verify Contrats actifs checkbox  is un-checked' successfully

2018-08-21 12:10:18 - [TEST_CASE][PASSED] - Test Cases/Mes rapports/Mes rapports - SELECTION/Verify if checkbox is unchecked/TC 1 Verify Contrats actifs checkbox  is un-checked: Test Cases/Mes rapports/Mes rapports - SELECTION/Verify if checkbox is unchecked/TC 1 Verify Contrats actifs checkbox  is un-checked

2018-08-21 12:10:18 - [TEST_STEP][PASSED] - uncheck: Object 'Object Repository/Mes rapports Obj/SELECTION/Contrats actifs checkBox' is un-checked

2018-08-21 12:10:18 - [MESSAGE][PASSED] - Object 'Object Repository/Mes rapports Obj/SELECTION/Contrats actifs checkBox' is un-checked

2018-08-21 12:10:18 - [MESSAGE][PASSED] - Call Test Case 'Test Cases/Mes rapports/Mes rapports - SELECTION/Verify if checkbox is unchecked/TC 1 Verify Contrats actifs checkbox  is un-checked' successfully

2018-08-21 12:10:18 - [TEST_STEP][PASSED] - callTestCase: Call Test Case 'Test Cases/Mes rapports/Mes rapports - SELECTION/Verify if checkbox is unchecked/TC 2 VErify Dossier and Groupe checkBox  is un-checked' successfully

2018-08-21 12:10:18 - [TEST_CASE][PASSED] - Test Cases/Mes rapports/Mes rapports - SELECTION/Verify if checkbox is unchecked/TC 2 VErify Dossier and Groupe checkBox  is un-checked: Test Cases/Mes rapports/Mes rapports - SELECTION/Verify if checkbox is unchecked/TC 2 VErify Dossier and Groupe checkBox  is un-checked

2018-08-21 12:10:19 - [TEST_STEP][PASSED] - uncheck: Object 'Object Repository/Mes rapports Obj/SELECTION/Dossier and Groupe checkbox' is un-checked

2018-08-21 12:10:19 - [MESSAGE][PASSED] - Object 'Object Repository/Mes rapports Obj/SELECTION/Dossier and Groupe checkbox' is un-checked

2018-08-21 12:10:19 - [MESSAGE][PASSED] - Call Test Case 'Test Cases/Mes rapports/Mes rapports - SELECTION/Verify if checkbox is unchecked/TC 2 VErify Dossier and Groupe checkBox  is un-checked' successfully

2018-08-21 12:10:19 - [TEST_STEP][PASSED] - callTestCase: Call Test Case 'Test Cases/Mes rapports/Mes rapports - SELECTION/Verify if checkbox is unchecked/TC 3 Verify Travailleur checkBox  is un-checked' successfully

2018-08-21 12:10:19 - [TEST_CASE][PASSED] - Test Cases/Mes rapports/Mes rapports - SELECTION/Verify if checkbox is unchecked/TC 3 Verify Travailleur checkBox  is un-checked: Test Cases/Mes rapports/Mes rapports - SELECTION/Verify if checkbox is unchecked/TC 3 Verify Travailleur checkBox  is un-checked

2018-08-21 12:10:19 - [TEST_STEP][PASSED] - uncheck: Object 'Object Repository/Mes rapports Obj/SELECTION/Travailleur checkbox' is un-checked

2018-08-21 12:10:19 - [MESSAGE][PASSED] - Object 'Object Repository/Mes rapports Obj/SELECTION/Travailleur checkbox' is un-checked

2018-08-21 12:10:19 - [MESSAGE][PASSED] - Call Test Case 'Test Cases/Mes rapports/Mes rapports - SELECTION/Verify if checkbox is unchecked/TC 3 Verify Travailleur checkBox  is un-checked' successfully

2018-08-21 12:10:19 - [TEST_STEP][PASSED] - callTestCase: Call Test Case 'Test Cases/Mes rapports/Mes rapports - SELECTION/Verify if checkbox is unchecked/TC 4 Verify Departement checkBox  is un-checked' successfully

2018-08-21 12:10:19 - [TEST_CASE][PASSED] - Test Cases/Mes rapports/Mes rapports - SELECTION/Verify if checkbox is unchecked/TC 4 Verify Departement checkBox  is un-checked: Test Cases/Mes rapports/Mes rapports - SELECTION/Verify if checkbox is unchecked/TC 4 Verify Departement checkBox  is un-checked

2018-08-21 12:10:19 - [TEST_STEP][PASSED] - uncheck: Object 'Object Repository/Mes rapports Obj/SELECTION/Departement checkbox' is un-checked

2018-08-21 12:10:19 - [MESSAGE][PASSED] - Object 'Object Repository/Mes rapports Obj/SELECTION/Departement checkbox' is un-checked

2018-08-21 12:10:19 - [MESSAGE][PASSED] - Call Test Case 'Test Cases/Mes rapports/Mes rapports - SELECTION/Verify if checkbox is unchecked/TC 4 Verify Departement checkBox  is un-checked' successfully

2018-08-21 12:10:19 - [TEST_STEP][PASSED] - callTestCase: Call Test Case 'Test Cases/Mes rapports/Mes rapports - SELECTION/Verify if checkbox is unchecked/TC 5 Verify Caractere juridique du contract checBox  is un-checked' successfully

2018-08-21 12:10:19 - [TEST_CASE][PASSED] - Test Cases/Mes rapports/Mes rapports - SELECTION/Verify if checkbox is unchecked/TC 5 Verify Caractere juridique du contract checBox  is un-checked: Test Cases/Mes rapports/Mes rapports - SELECTION/Verify if checkbox is unchecked/TC 5 Verify Caractere juridique du contract checBox  is un-checked

2018-08-21 12:10:20 - [TEST_STEP][PASSED] - uncheck: Object 'Object Repository/Mes rapports Obj/SELECTION/Caractere juridique de contrat' is un-checked

2018-08-21 12:10:20 - [MESSAGE][PASSED] - Object 'Object Repository/Mes rapports Obj/SELECTION/Caractere juridique de contrat' is un-checked

2018-08-21 12:10:20 - [MESSAGE][PASSED] - Call Test Case 'Test Cases/Mes rapports/Mes rapports - SELECTION/Verify if checkbox is unchecked/TC 5 Verify Caractere juridique du contract checBox  is un-checked' successfully

2018-08-21 12:10:20 - [TEST_STEP][PASSED] - callTestCase: Call Test Case 'Test Cases/Mes rapports/Mes rapports - SELECTION/Verify if checkbox is unchecked/TC 6 Verify Pays de naissance checkBox  is un-checked' successfully

2018-08-21 12:10:20 - [TEST_CASE][PASSED] - Test Cases/Mes rapports/Mes rapports - SELECTION/Verify if checkbox is unchecked/TC 6 Verify Pays de naissance checkBox  is un-checked: Test Cases/Mes rapports/Mes rapports - SELECTION/Verify if checkbox is unchecked/TC 6 Verify Pays de naissance checkBox  is un-checked

2018-08-21 12:10:20 - [TEST_STEP][PASSED] - uncheck: Object 'Object Repository/Mes rapports Obj/SELECTION/Pays de naisssance checkbox' is un-checked

2018-08-21 12:10:20 - [MESSAGE][PASSED] - Object 'Object Repository/Mes rapports Obj/SELECTION/Pays de naisssance checkbox' is un-checked

2018-08-21 12:10:20 - [MESSAGE][PASSED] - Call Test Case 'Test Cases/Mes rapports/Mes rapports - SELECTION/Verify if checkbox is unchecked/TC 6 Verify Pays de naissance checkBox  is un-checked' successfully

2018-08-21 12:10:20 - [TEST_STEP][PASSED] - callTestCase: Call Test Case 'Test Cases/Mes rapports/Mes rapports - SELECTION/Verify if checkbox is unchecked/TC 7 Verify Sexe checkBox  is un-checked' successfully

2018-08-21 12:10:20 - [TEST_CASE][PASSED] - Test Cases/Mes rapports/Mes rapports - SELECTION/Verify if checkbox is unchecked/TC 7 Verify Sexe checkBox  is un-checked: Test Cases/Mes rapports/Mes rapports - SELECTION/Verify if checkbox is unchecked/TC 7 Verify Sexe checkBox  is un-checked

2018-08-21 12:10:20 - [TEST_STEP][PASSED] - uncheck: Object 'Object Repository/Mes rapports Obj/SELECTION/Sexe checkbox' is un-checked

2018-08-21 12:10:20 - [MESSAGE][PASSED] - Object 'Object Repository/Mes rapports Obj/SELECTION/Sexe checkbox' is un-checked

2018-08-21 12:10:20 - [MESSAGE][PASSED] - Call Test Case 'Test Cases/Mes rapports/Mes rapports - SELECTION/Verify if checkbox is unchecked/TC 7 Verify Sexe checkBox  is un-checked' successfully

2018-08-21 12:10:20 - [TEST_STEP][PASSED] - callTestCase: Call Test Case 'Test Cases/Mes rapports/Mes rapports - SELECTION/Verify if checkbox is unchecked/TC 8 Verify Mode de remuneration checkBox  is un-checked' successfully

2018-08-21 12:10:20 - [TEST_CASE][PASSED] - Test Cases/Mes rapports/Mes rapports - SELECTION/Verify if checkbox is unchecked/TC 8 Verify Mode de remuneration checkBox  is un-checked: Test Cases/Mes rapports/Mes rapports - SELECTION/Verify if checkbox is unchecked/TC 8 Verify Mode de remuneration checkBox  is un-checked

2018-08-21 12:10:21 - [TEST_STEP][PASSED] - uncheck: Object 'Object Repository/Mes rapports Obj/SELECTION/Mode de remuneration checkbox' is un-checked

2018-08-21 12:10:21 - [MESSAGE][PASSED] - Object 'Object Repository/Mes rapports Obj/SELECTION/Mode de remuneration checkbox' is un-checked

2018-08-21 12:10:21 - [MESSAGE][PASSED] - Call Test Case 'Test Cases/Mes rapports/Mes rapports - SELECTION/Verify if checkbox is unchecked/TC 8 Verify Mode de remuneration checkBox  is un-checked' successfully

2018-08-21 12:10:21 - [TEST_STEP][PASSED] - callTestCase: Call Test Case 'Test Cases/Mes rapports/Mes rapports - SELECTION/Verify if checkbox is unchecked/TC 9 Verify Suspension checkBox  is un-checked' successfully

2018-08-21 12:10:21 - [TEST_CASE][PASSED] - Test Cases/Mes rapports/Mes rapports - SELECTION/Verify if checkbox is unchecked/TC 9 Verify Suspension checkBox  is un-checked: Test Cases/Mes rapports/Mes rapports - SELECTION/Verify if checkbox is unchecked/TC 9 Verify Suspension checkBox  is un-checked

2018-08-21 12:10:21 - [TEST_STEP][PASSED] - uncheck: Object 'Object Repository/Mes rapports Obj/SELECTION/Suspension checkbox' is un-checked

2018-08-21 12:10:21 - [MESSAGE][PASSED] - Object 'Object Repository/Mes rapports Obj/SELECTION/Suspension checkbox' is un-checked

2018-08-21 12:10:21 - [MESSAGE][PASSED] - Call Test Case 'Test Cases/Mes rapports/Mes rapports - SELECTION/Verify if checkbox is unchecked/TC 9 Verify Suspension checkBox  is un-checked' successfully

2018-08-21 12:10:21 - [MESSAGE][PASSED] - Call Test Case 'Test Cases/Mes rapports/Mes rapports - SELECTION/Verify if checkbox is unchecked/TC 10 Deselect all checkbox' successfully

2018-08-21 12:10:21 - [TEST_STEP][PASSED] - callTestCase: Call Test Case 'Test Cases/Verify URL/TC Verify Url' successfully

2018-08-21 12:10:21 - [TEST_CASE][PASSED] - Test Cases/Verify URL/TC Verify Url: Test Cases/Verify URL/TC Verify Url

2018-08-21 12:10:21 - [TEST_STEP][PASSED] - waitForPageLoad: Wait for page load successfully

2018-08-21 12:10:21 - [MESSAGE][PASSED] - Wait for page load successfully

2018-08-21 12:10:21 - [TEST_STEP][PASSED] - Statement - url = com.kms.katalon.core.webui.keyword.WebUiBuiltInKeywords.getUrl(): Current window's url is: 'https://internet.acc.sd.dika.be/ebloxreporting/web.sensitive/main/FpyDF/iIz9g8MffKNXfNyb1H/NL/#/definitie/wizard/extern/index/28150/selectie'

2018-08-21 12:10:21 - [MESSAGE][PASSED] - Current window's url is: 'https://internet.acc.sd.dika.be/ebloxreporting/web.sensitive/main/FpyDF/iIz9g8MffKNXfNyb1H/NL/#/definitie/wizard/extern/index/28150/selectie'

2018-08-21 12:10:21 - [TEST_STEP][PASSED] - Statement - p = java.util.regex.Pattern.compile("00040 ANTILOPE GROEP"): null

2018-08-21 12:10:21 - [TEST_STEP][PASSED] - Statement - m = p.matcher(url): null

2018-08-21 12:10:21 - [TEST_STEP][PASSED] - Statement - If (m.find()): null

2018-08-21 12:10:21 - [TEST_STEP][PASSED] - Statement - Else: The user name and the concern number are not present in the URL

2018-08-21 12:10:21 - [TEST_STEP][PASSED] - Statement - com.kms.katalon.core.util.KeywordUtil.markPassed("The user name and the concern number are not present in the URL"): The user name and the concern number are not present in the URL

2018-08-21 12:10:21 - [MESSAGE][PASSED] - The user name and the concern number are not present in the URL

2018-08-21 12:10:21 - [MESSAGE][PASSED] - Call Test Case 'Test Cases/Verify URL/TC Verify Url' successfully

2018-08-21 12:10:21 - [TEST_STEP][PASSED] - waitForPageLoad: Wait for page load successfully

2018-08-21 12:10:21 - [MESSAGE][PASSED] - Wait for page load successfully

2018-08-21 12:10:21 - [TEST_STEP][PASSED] - callTestCase: Call Test Case 'Test Cases/Mes rapports/TC Verify the next button arrow' successfully

2018-08-21 12:10:21 - [TEST_CASE][PASSED] - Test Cases/Mes rapports/TC Verify the next button arrow: Test Cases/Mes rapports/TC Verify the next button arrow

2018-08-21 12:10:21 - [TEST_STEP][PASSED] - waitForElementClickable: Object 'Object Repository/Mes rapports Obj/button_Next_Arrow' is clickable

2018-08-21 12:10:21 - [MESSAGE][PASSED] - Object 'Object Repository/Mes rapports Obj/button_Next_Arrow' is clickable

2018-08-21 12:10:21 - [TEST_STEP][PASSED] - click: Object: 'Object Repository/Mes rapports Obj/button_Next_Arrow' is clicked on

2018-08-21 12:10:21 - [MESSAGE][PASSED] - Object: 'Object Repository/Mes rapports Obj/button_Next_Arrow' is clicked on

2018-08-21 12:10:21 - [TEST_STEP][PASSED] - delay: Delayed 5 second(s)

2018-08-21 12:10:26 - [MESSAGE][PASSED] - Delayed 5 second(s)

2018-08-21 12:10:26 - [MESSAGE][PASSED] - Call Test Case 'Test Cases/Mes rapports/TC Verify the next button arrow' successfully

2018-08-21 12:10:26 - [TEST_STEP][PASSED] - click: Object: 'Object Repository/Mes rapports Obj/EXECUTION/Button executer' is clicked on

2018-08-21 12:10:26 - [MESSAGE][PASSED] - Object: 'Object Repository/Mes rapports Obj/EXECUTION/Button executer' is clicked on

2018-08-21 12:10:26 - [TEST_STEP][PASSED] - closeBrowser: Browser is closed

2018-08-21 12:10:27 - [MESSAGE][PASSED] - Browser is closed]]></system-out>
         <system-err><![CDATA[]]></system-err>
      </testcase>
      <testcase name="Test Cases/New Folder/TC12 NEGATIVE VALUES" classname="Test Cases/New Folder/TC12 NEGATIVE VALUES" status="PASSED">
         <system-out><![CDATA[2018-08-21 12:10:27 - [TEST_CASE][PASSED] - Test Cases/New Folder/TC12 NEGATIVE VALUES: Test Cases/New Folder/TC12 NEGATIVE VALUES

2018-08-21 12:10:27 - [TEST_STEP][PASSED] - callTestCase: Call Test Case 'Test Cases/Login/TC1 Login to Mysdworx' successfully

2018-08-21 12:10:27 - [TEST_CASE][PASSED] - Test Cases/Login/TC1 Login to Mysdworx: Test Cases/Login/TC1 Login to Mysdworx

2018-08-21 12:10:27 - [TEST_STEP][PASSED] - openBrowser: Browser is opened with url: ''

2018-08-21 12:10:29 - [MESSAGE][PASSED] - Browser is opened with url: ''

2018-08-21 12:10:29 - [TEST_STEP][PASSED] - navigateToUrl: Navigate to 'https://internet.acc.sd.dika.be/ebloxreporting/web.sensitive/main/?lang=fr' successfully

2018-08-21 12:10:34 - [MESSAGE][PASSED] - Navigate to 'https://internet.acc.sd.dika.be/ebloxreporting/web.sensitive/main/?lang=fr' successfully

2018-08-21 12:10:34 - [TEST_STEP][PASSED] - maximizeWindow: Current window maximized

2018-08-21 12:10:35 - [MESSAGE][PASSED] - Current window maximized

2018-08-21 12:10:35 - [TEST_STEP][PASSED] - setText: Text 'DP_EBLOX_RPP_VASCO' is set on object 'Object Repository/Page_mysdworx - Log in/input_Username'

2018-08-21 12:10:39 - [MESSAGE][PASSED] - Text 'DP_EBLOX_RPP_VASCO' is set on object 'Object Repository/Page_mysdworx - Log in/input_Username'

2018-08-21 12:10:39 - [TEST_STEP][PASSED] - Statement - frame = new javax.swing.JFrame(User Input Frame): null

2018-08-21 12:10:39 - [TEST_STEP][PASSED] - Statement - frame.requestFocus(): null

2018-08-21 12:10:39 - [TEST_STEP][PASSED] - Statement - pass = javax.swing.JOptionPane.showInputDialog(frame, "Enter the password from token!!"): null

2018-08-21 12:10:42 - [TEST_STEP][PASSED] - delay: Delayed 2 second(s)

2018-08-21 12:10:44 - [MESSAGE][PASSED] - Delayed 2 second(s)

2018-08-21 12:10:44 - [TEST_STEP][PASSED] - setText: Text '497932' is set on object 'Object Repository/Page_mysdworx - Log in/input_Password'

2018-08-21 12:10:44 - [MESSAGE][PASSED] - Text '497932' is set on object 'Object Repository/Page_mysdworx - Log in/input_Password'

2018-08-21 12:10:44 - [TEST_STEP][PASSED] - click: Object: 'Object Repository/Page_mysdworx - Log in/button_Se connecter' is clicked on

2018-08-21 12:10:45 - [MESSAGE][PASSED] - Object: 'Object Repository/Page_mysdworx - Log in/button_Se connecter' is clicked on

2018-08-21 12:10:45 - [TEST_STEP][PASSED] - waitForPageLoad: Wait for page load successfully

2018-08-21 12:10:45 - [MESSAGE][PASSED] - Wait for page load successfully

2018-08-21 12:10:45 - [TEST_STEP][NOT_RUN] - closeBrowser: NOT_RUN: closeBrowser

2018-08-21 12:10:45 - [MESSAGE][NOT_RUN] - NOT_RUN: closeBrowser

2018-08-21 12:10:45 - [MESSAGE][PASSED] - Call Test Case 'Test Cases/Login/TC1 Login to Mysdworx' successfully

2018-08-21 12:10:45 - [TEST_STEP][PASSED] - waitForPageLoad: Wait for page load successfully

2018-08-21 12:10:45 - [MESSAGE][PASSED] - Wait for page load successfully

2018-08-21 12:10:45 - [TEST_STEP][PASSED] - callTestCase: Call Test Case 'Test Cases/Select Language/TC1 Verify NL language' successfully

2018-08-21 12:10:45 - [TEST_CASE][PASSED] - Test Cases/Select Language/TC1 Verify NL language: Test Cases/Select Language/TC1 Verify NL language

2018-08-21 12:10:45 - [TEST_STEP][PASSED] - waitForElementClickable: Object 'Object Repository/Change language link Obj/NL_language' is clickable

2018-08-21 12:11:06 - [MESSAGE][PASSED] - Object 'Object Repository/Change language link Obj/NL_language' is clickable

2018-08-21 12:11:06 - [TEST_STEP][PASSED] - click: Object: 'Object Repository/Change language link Obj/NL_language' is clicked on

2018-08-21 12:11:12 - [MESSAGE][PASSED] - Object: 'Object Repository/Change language link Obj/NL_language' is clicked on

2018-08-21 12:11:12 - [TEST_STEP][PASSED] - waitForPageLoad: Wait for page load successfully

2018-08-21 12:11:12 - [MESSAGE][PASSED] - Wait for page load successfully

2018-08-21 12:11:12 - [MESSAGE][PASSED] - Call Test Case 'Test Cases/Select Language/TC1 Verify NL language' successfully

2018-08-21 12:11:12 - [TEST_STEP][PASSED] - waitForPageLoad: Wait for page load successfully

2018-08-21 12:11:12 - [MESSAGE][PASSED] - Wait for page load successfully

2018-08-21 12:11:12 - [TEST_STEP][PASSED] - setText: Text 'REG NEGATIEF' is set on object 'Object Repository/Mes rapports Obj/input search filter'

2018-08-21 12:11:14 - [MESSAGE][PASSED] - Text 'REG NEGATIEF' is set on object 'Object Repository/Mes rapports Obj/input search filter'

2018-08-21 12:11:14 - [TEST_STEP][PASSED] - click: Object: 'Object Repository/Page_eBlox Reporting/Search_Icon' is clicked on

2018-08-21 12:11:15 - [MESSAGE][PASSED] - Object: 'Object Repository/Page_eBlox Reporting/Search_Icon' is clicked on

2018-08-21 12:11:15 - [TEST_STEP][PASSED] - Statement - myTestObject = new com.kms.katalon.core.testobject.TestObject(Select_report_NEGATIEF): null

2018-08-21 12:11:15 - [TEST_STEP][PASSED] - Statement - myTestObject.addProperty("xpath", EQUALS, "//a[@ui-sref='uitvoering.index({id:item.id})']//span[@text='REG NEGATIEF']"): null

2018-08-21 12:11:15 - [TEST_STEP][PASSED] - click: Object: 'Select_report_NEGATIEF' is clicked on

2018-08-21 12:11:15 - [MESSAGE][PASSED] - Object: 'Select_report_NEGATIEF' is clicked on

2018-08-21 12:11:15 - [TEST_STEP][PASSED] - waitForPageLoad: Wait for page load successfully

2018-08-21 12:11:15 - [MESSAGE][PASSED] - Wait for page load successfully

2018-08-21 12:11:15 - [TEST_STEP][PASSED] - delay: Delayed 2 second(s)

2018-08-21 12:11:17 - [MESSAGE][PASSED] - Delayed 2 second(s)

2018-08-21 12:11:17 - [TEST_STEP][PASSED] - Statement - historic = com.kms.katalon.core.webui.keyword.WebUiBuiltInKeywords.modifyObjectProperty(com.kms.katalon.core.testobject.ObjectRepository.findTestObject(Mes rapports Obj/EXECUTION/Description _Date de reference historique), "xpath", "contains", "//*[@id="uitvoering-parameters"]/div/div[2]/div/div/table/tbody/tr[2]/td[2]/div/div/rapp-date-prompt/div/div/rapp-special-values/div/button", true): Modify property of object successfully

2018-08-21 12:11:17 - [MESSAGE][PASSED] - Modify property of object successfully

2018-08-21 12:11:17 - [TEST_STEP][PASSED] - click: Object: 'Object Repository/Mes rapports Obj/EXECUTION/Description _Date de reference historique' is clicked on

2018-08-21 12:11:17 - [MESSAGE][PASSED] - Object: 'Object Repository/Mes rapports Obj/EXECUTION/Description _Date de reference historique' is clicked on

2018-08-21 12:11:17 - [TEST_STEP][PASSED] - delay: Delayed 2 second(s)

2018-08-21 12:11:19 - [MESSAGE][PASSED] - Delayed 2 second(s)

2018-08-21 12:11:19 - [TEST_STEP][PASSED] - click: Object: 'Object Repository/Mes rapports Obj/EXECUTION/Aujourdhui - Vandaag' is clicked on

2018-08-21 12:11:20 - [MESSAGE][PASSED] - Object: 'Object Repository/Mes rapports Obj/EXECUTION/Aujourdhui - Vandaag' is clicked on

2018-08-21 12:11:20 - [TEST_STEP][PASSED] - click: Object: 'Object Repository/Mes rapports Obj/EXECUTION/Button executer' is clicked on

2018-08-21 12:11:20 - [MESSAGE][PASSED] - Object: 'Object Repository/Mes rapports Obj/EXECUTION/Button executer' is clicked on

2018-08-21 12:11:20 - [TEST_STEP][PASSED] - waitForPageLoad: Wait for page load successfully

2018-08-21 12:11:20 - [MESSAGE][PASSED] - Wait for page load successfully

2018-08-21 12:11:20 - [TEST_STEP][PASSED] - delay: Delayed 10 second(s)

2018-08-21 12:11:30 - [MESSAGE][PASSED] - Delayed 10 second(s)

2018-08-21 12:11:30 - [TEST_STEP][PASSED] - closeBrowser: Browser is closed

2018-08-21 12:11:30 - [MESSAGE][PASSED] - Browser is closed]]></system-out>
         <system-err><![CDATA[]]></system-err>
      </testcase>
      <testcase name="Test Cases/New Folder/TC14 OWN COLUMNS" classname="Test Cases/New Folder/TC14 OWN COLUMNS" status="PASSED">
         <system-out><![CDATA[2018-08-21 12:11:30 - [TEST_CASE][PASSED] - Test Cases/New Folder/TC14 OWN COLUMNS: Test Cases/New Folder/TC14 OWN COLUMNS

2018-08-21 12:11:31 - [TEST_STEP][PASSED] - callTestCase: Call Test Case 'Test Cases/Login/TC1 Login to Mysdworx' successfully

2018-08-21 12:11:31 - [TEST_CASE][PASSED] - Test Cases/Login/TC1 Login to Mysdworx: Test Cases/Login/TC1 Login to Mysdworx

2018-08-21 12:11:31 - [TEST_STEP][PASSED] - openBrowser: Browser is opened with url: ''

2018-08-21 12:11:33 - [MESSAGE][PASSED] - Browser is opened with url: ''

2018-08-21 12:11:33 - [TEST_STEP][PASSED] - navigateToUrl: Navigate to 'https://internet.acc.sd.dika.be/ebloxreporting/web.sensitive/main/?lang=fr' successfully

2018-08-21 12:11:43 - [MESSAGE][PASSED] - Navigate to 'https://internet.acc.sd.dika.be/ebloxreporting/web.sensitive/main/?lang=fr' successfully

2018-08-21 12:11:43 - [TEST_STEP][PASSED] - maximizeWindow: Current window maximized

2018-08-21 12:11:44 - [MESSAGE][PASSED] - Current window maximized

2018-08-21 12:11:44 - [TEST_STEP][PASSED] - setText: Text 'DP_EBLOX_RPP_VASCO' is set on object 'Object Repository/Page_mysdworx - Log in/input_Username'

2018-08-21 12:11:48 - [MESSAGE][PASSED] - Text 'DP_EBLOX_RPP_VASCO' is set on object 'Object Repository/Page_mysdworx - Log in/input_Username'

2018-08-21 12:11:48 - [TEST_STEP][PASSED] - Statement - frame = new javax.swing.JFrame(User Input Frame): null

2018-08-21 12:11:48 - [TEST_STEP][PASSED] - Statement - frame.requestFocus(): null

2018-08-21 12:11:48 - [TEST_STEP][PASSED] - Statement - pass = javax.swing.JOptionPane.showInputDialog(frame, "Enter the password from token!!"): null

2018-08-21 12:11:50 - [TEST_STEP][PASSED] - delay: Delayed 2 second(s)

2018-08-21 12:11:52 - [MESSAGE][PASSED] - Delayed 2 second(s)

2018-08-21 12:11:52 - [TEST_STEP][PASSED] - setText: Text '838251' is set on object 'Object Repository/Page_mysdworx - Log in/input_Password'

2018-08-21 12:11:52 - [MESSAGE][PASSED] - Text '838251' is set on object 'Object Repository/Page_mysdworx - Log in/input_Password'

2018-08-21 12:11:52 - [TEST_STEP][PASSED] - click: Object: 'Object Repository/Page_mysdworx - Log in/button_Se connecter' is clicked on

2018-08-21 12:11:52 - [MESSAGE][PASSED] - Object: 'Object Repository/Page_mysdworx - Log in/button_Se connecter' is clicked on

2018-08-21 12:11:52 - [TEST_STEP][PASSED] - waitForPageLoad: Wait for page load successfully

2018-08-21 12:11:52 - [MESSAGE][PASSED] - Wait for page load successfully

2018-08-21 12:11:52 - [TEST_STEP][NOT_RUN] - closeBrowser: NOT_RUN: closeBrowser

2018-08-21 12:11:52 - [MESSAGE][NOT_RUN] - NOT_RUN: closeBrowser

2018-08-21 12:11:52 - [MESSAGE][PASSED] - Call Test Case 'Test Cases/Login/TC1 Login to Mysdworx' successfully

2018-08-21 12:11:52 - [TEST_STEP][PASSED] - waitForPageLoad: Wait for page load successfully

2018-08-21 12:11:52 - [MESSAGE][PASSED] - Wait for page load successfully

2018-08-21 12:11:52 - [TEST_STEP][PASSED] - callTestCase: Call Test Case 'Test Cases/Select Language/TC1 Verify NL language' successfully

2018-08-21 12:11:52 - [TEST_CASE][PASSED] - Test Cases/Select Language/TC1 Verify NL language: Test Cases/Select Language/TC1 Verify NL language

2018-08-21 12:11:52 - [TEST_STEP][PASSED] - waitForElementClickable: Object 'Object Repository/Change language link Obj/NL_language' is clickable

2018-08-21 12:12:13 - [MESSAGE][PASSED] - Object 'Object Repository/Change language link Obj/NL_language' is clickable

2018-08-21 12:12:13 - [TEST_STEP][PASSED] - click: Object: 'Object Repository/Change language link Obj/NL_language' is clicked on

2018-08-21 12:12:18 - [MESSAGE][PASSED] - Object: 'Object Repository/Change language link Obj/NL_language' is clicked on

2018-08-21 12:12:18 - [TEST_STEP][PASSED] - waitForPageLoad: Wait for page load successfully

2018-08-21 12:12:18 - [MESSAGE][PASSED] - Wait for page load successfully

2018-08-21 12:12:18 - [MESSAGE][PASSED] - Call Test Case 'Test Cases/Select Language/TC1 Verify NL language' successfully

2018-08-21 12:12:18 - [TEST_STEP][PASSED] - waitForPageLoad: Wait for page load successfully

2018-08-21 12:12:18 - [MESSAGE][PASSED] - Wait for page load successfully

2018-08-21 12:12:18 - [TEST_STEP][PASSED] - setText: Text 'REG EIGEN RUBRIEK' is set on object 'Object Repository/Mes rapports Obj/input search filter'

2018-08-21 12:12:21 - [MESSAGE][PASSED] - Text 'REG EIGEN RUBRIEK' is set on object 'Object Repository/Mes rapports Obj/input search filter'

2018-08-21 12:12:21 - [TEST_STEP][PASSED] - click: Object: 'Object Repository/Page_eBlox Reporting/Search_Icon' is clicked on

2018-08-21 12:12:21 - [MESSAGE][PASSED] - Object: 'Object Repository/Page_eBlox Reporting/Search_Icon' is clicked on

2018-08-21 12:12:21 - [TEST_STEP][PASSED] - Statement - myTestObject = new com.kms.katalon.core.testobject.TestObject(Select_report): null

2018-08-21 12:12:21 - [TEST_STEP][PASSED] - Statement - myTestObject.addProperty("xpath", EQUALS, "//span[@text='REG EIGEN RUBRIEK']"): null

2018-08-21 12:12:21 - [TEST_STEP][PASSED] - click: Object: 'Select_report' is clicked on

2018-08-21 12:12:22 - [MESSAGE][PASSED] - Object: 'Select_report' is clicked on

2018-08-21 12:12:22 - [TEST_STEP][PASSED] - delay: Delayed 2 second(s)

2018-08-21 12:12:24 - [MESSAGE][PASSED] - Delayed 2 second(s)

2018-08-21 12:12:24 - [TEST_STEP][PASSED] - waitForElementClickable: Object 'Object Repository/Mes rapports Obj/EXECUTION/Description _Date de reference historique' is clickable

2018-08-21 12:12:24 - [MESSAGE][PASSED] - Object 'Object Repository/Mes rapports Obj/EXECUTION/Description _Date de reference historique' is clickable

2018-08-21 12:12:24 - [TEST_STEP][PASSED] - click: Object: 'Object Repository/Mes rapports Obj/EXECUTION/Description _Date de reference historique' is clicked on

2018-08-21 12:12:24 - [MESSAGE][PASSED] - Object: 'Object Repository/Mes rapports Obj/EXECUTION/Description _Date de reference historique' is clicked on

2018-08-21 12:12:24 - [TEST_STEP][PASSED] - delay: Delayed 2 second(s)

2018-08-21 12:12:26 - [MESSAGE][PASSED] - Delayed 2 second(s)

2018-08-21 12:12:26 - [TEST_STEP][PASSED] - click: Object: 'Object Repository/Mes rapports Obj/EXECUTION/Description_Date de reference historique - Dernier jour mois precedent' is clicked on

2018-08-21 12:12:26 - [MESSAGE][PASSED] - Object: 'Object Repository/Mes rapports Obj/EXECUTION/Description_Date de reference historique - Dernier jour mois precedent' is clicked on

2018-08-21 12:12:26 - [TEST_STEP][PASSED] - click: Object: 'Object Repository/Mes rapports Obj/EXECUTION/Button executer' is clicked on

2018-08-21 12:12:26 - [MESSAGE][PASSED] - Object: 'Object Repository/Mes rapports Obj/EXECUTION/Button executer' is clicked on

2018-08-21 12:12:26 - [TEST_STEP][PASSED] - closeBrowser: Browser is closed

2018-08-21 12:12:27 - [MESSAGE][PASSED] - Browser is closed]]></system-out>
         <system-err><![CDATA[]]></system-err>
      </testcase>
      <testcase name="Test Cases/New Folder/TC4 BASED ON MY REPORTS" classname="Test Cases/New Folder/TC4 BASED ON MY REPORTS" status="FAILED">
         <failure type="FAILED" message="Unable to click on object 'Object Repository/Mes rapports Obj/EXECUTION/Exporter button' (Root cause: org.openqa.selenium.WebDriverException: unknown error: Element &lt;button type=&quot;button&quot; class=&quot;btn btn-default&quot; title=&quot;Exporteer naar excel&quot; ng-click=&quot;pagevm.downloadExcelFile(parametersvm.rapport,uitvoeringParametersForm)&quot; ng-disabled=&quot;pagevm.processing || !(parametersvm.rapport.exportInhoud || parametersvm.rapport.exportDraaitabel || ((parametersvm.rapport.exportEigenGrafiek || parametersvm.rapport.sdSuggestieGebruiken) &amp;amp;&amp;amp;  !(parametersvm.rapport.kenmerken.historischUitvoeren &amp;amp;&amp;amp; parametersvm.rapport.kenmerken.aggregatiePeriode === 0)))&quot; disabled=&quot;disabled&quot;>...&lt;/button> is not clickable at point (1289, 436). Other element would receive the click: &lt;div class=&quot;btn-group&quot;>...&lt;/div>
  (Session info: chrome=68.0.3440.106)
  (Driver info: chromedriver=2.35.528161 (5b82f2d2aae0ca24b877009200ced9065a772e73),platform=Windows NT 10.0.16299 x86_64) (WARNING: The server did not provide any stacktrace information)
Command duration or timeout: 0 milliseconds
Build info: version: '3.7.1', revision: '8a0099a', time: '2017-11-06T21:07:36.161Z'
System info: host: '5CG7062KWD', ip: '10.136.82.137', os.name: 'Windows 10', os.arch: 'amd64', os.version: '10.0', java.version: '1.8.0_181'
Driver info: com.kms.katalon.selenium.driver.CChromeDriver
Capabilities {acceptInsecureCerts: false, acceptSslCerts: false, applicationCacheEnabled: false, browserConnectionEnabled: false, browserName: chrome, chrome: {chromedriverVersion: 2.35.528161 (5b82f2d2aae0ca..., userDataDir: C:\Users\SEEBOR~1\AppData\L...}, cssSelectorsEnabled: true, databaseEnabled: false, handlesAlerts: true, hasTouchScreen: false, javascriptEnabled: true, locationContextEnabled: true, mobileEmulationEnabled: false, nativeEvents: true, networkConnectionEnabled: false, pageLoadStrategy: normal, platform: XP, platformName: XP, rotatable: false, setWindowRect: true, takesHeapSnapshot: true, takesScreenshot: true, unexpectedAlertBehaviour: , unhandledPromptBehavior: , version: 68.0.3440.106, webStorageEnabled: true}
Session ID: 603affecc0d5364ce61d9ffacf352cc0)"/>
         <system-out><![CDATA[2018-08-21 12:12:27 - [TEST_CASE][FAILED] - Test Cases/New Folder/TC4 BASED ON MY REPORTS: Test Cases/New Folder/TC4 BASED ON MY REPORTS FAILED because (of) Unable to click on object 'Object Repository/Mes rapports Obj/EXECUTION/Exporter button' (Root cause: org.openqa.selenium.WebDriverException: unknown error: Element <button type="button" class="btn btn-default" title="Exporteer naar excel" ng-click="pagevm.downloadExcelFile(parametersvm.rapport,uitvoeringParametersForm)" ng-disabled="pagevm.processing || !(parametersvm.rapport.exportInhoud || parametersvm.rapport.exportDraaitabel || ((parametersvm.rapport.exportEigenGrafiek || parametersvm.rapport.sdSuggestieGebruiken) &amp;&amp;  !(parametersvm.rapport.kenmerken.historischUitvoeren &amp;&amp; parametersvm.rapport.kenmerken.aggregatiePeriode === 0)))" disabled="disabled">...</button> is not clickable at point (1289, 436). Other element would receive the click: <div class="btn-group">...</div>
  (Session info: chrome=68.0.3440.106)
  (Driver info: chromedriver=2.35.528161 (5b82f2d2aae0ca24b877009200ced9065a772e73),platform=Windows NT 10.0.16299 x86_64) (WARNING: The server did not provide any stacktrace information)
Command duration or timeout: 0 milliseconds
Build info: version: '3.7.1', revision: '8a0099a', time: '2017-11-06T21:07:36.161Z'
System info: host: '5CG7062KWD', ip: '10.136.82.137', os.name: 'Windows 10', os.arch: 'amd64', os.version: '10.0', java.version: '1.8.0_181'
Driver info: com.kms.katalon.selenium.driver.CChromeDriver
Capabilities {acceptInsecureCerts: false, acceptSslCerts: false, applicationCacheEnabled: false, browserConnectionEnabled: false, browserName: chrome, chrome: {chromedriverVersion: 2.35.528161 (5b82f2d2aae0ca..., userDataDir: C:\Users\SEEBOR~1\AppData\L...}, cssSelectorsEnabled: true, databaseEnabled: false, handlesAlerts: true, hasTouchScreen: false, javascriptEnabled: true, locationContextEnabled: true, mobileEmulationEnabled: false, nativeEvents: true, networkConnectionEnabled: false, pageLoadStrategy: normal, platform: XP, platformName: XP, rotatable: false, setWindowRect: true, takesHeapSnapshot: true, takesScreenshot: true, unexpectedAlertBehaviour: , unhandledPromptBehavior: , version: 68.0.3440.106, webStorageEnabled: true}
Session ID: 603affecc0d5364ce61d9ffacf352cc0)

2018-08-21 12:12:27 - [TEST_STEP][PASSED] - callTestCase: Call Test Case 'Test Cases/Login/TC1 Login to Mysdworx' successfully

2018-08-21 12:12:27 - [TEST_CASE][PASSED] - Test Cases/Login/TC1 Login to Mysdworx: Test Cases/Login/TC1 Login to Mysdworx

2018-08-21 12:12:27 - [TEST_STEP][PASSED] - openBrowser: Browser is opened with url: ''

2018-08-21 12:12:29 - [MESSAGE][PASSED] - Browser is opened with url: ''

2018-08-21 12:12:29 - [TEST_STEP][PASSED] - navigateToUrl: Navigate to 'https://internet.acc.sd.dika.be/ebloxreporting/web.sensitive/main/?lang=fr' successfully

2018-08-21 12:12:34 - [MESSAGE][PASSED] - Navigate to 'https://internet.acc.sd.dika.be/ebloxreporting/web.sensitive/main/?lang=fr' successfully

2018-08-21 12:12:34 - [TEST_STEP][PASSED] - maximizeWindow: Current window maximized

2018-08-21 12:12:35 - [MESSAGE][PASSED] - Current window maximized

2018-08-21 12:12:35 - [TEST_STEP][PASSED] - setText: Text 'DP_EBLOX_RPP_VASCO' is set on object 'Object Repository/Page_mysdworx - Log in/input_Username'

2018-08-21 12:12:39 - [MESSAGE][PASSED] - Text 'DP_EBLOX_RPP_VASCO' is set on object 'Object Repository/Page_mysdworx - Log in/input_Username'

2018-08-21 12:12:39 - [TEST_STEP][PASSED] - Statement - frame = new javax.swing.JFrame(User Input Frame): null

2018-08-21 12:12:39 - [TEST_STEP][PASSED] - Statement - frame.requestFocus(): null

2018-08-21 12:12:39 - [TEST_STEP][PASSED] - Statement - pass = javax.swing.JOptionPane.showInputDialog(frame, "Enter the password from token!!"): null

2018-08-21 12:12:42 - [TEST_STEP][PASSED] - delay: Delayed 2 second(s)

2018-08-21 12:12:44 - [MESSAGE][PASSED] - Delayed 2 second(s)

2018-08-21 12:12:44 - [TEST_STEP][PASSED] - setText: Text '418843' is set on object 'Object Repository/Page_mysdworx - Log in/input_Password'

2018-08-21 12:12:44 - [MESSAGE][PASSED] - Text '418843' is set on object 'Object Repository/Page_mysdworx - Log in/input_Password'

2018-08-21 12:12:44 - [TEST_STEP][PASSED] - click: Object: 'Object Repository/Page_mysdworx - Log in/button_Se connecter' is clicked on

2018-08-21 12:12:44 - [MESSAGE][PASSED] - Object: 'Object Repository/Page_mysdworx - Log in/button_Se connecter' is clicked on

2018-08-21 12:12:44 - [TEST_STEP][PASSED] - waitForPageLoad: Wait for page load successfully

2018-08-21 12:12:44 - [MESSAGE][PASSED] - Wait for page load successfully

2018-08-21 12:12:44 - [TEST_STEP][NOT_RUN] - closeBrowser: NOT_RUN: closeBrowser

2018-08-21 12:12:44 - [MESSAGE][NOT_RUN] - NOT_RUN: closeBrowser

2018-08-21 12:12:44 - [MESSAGE][PASSED] - Call Test Case 'Test Cases/Login/TC1 Login to Mysdworx' successfully

2018-08-21 12:12:44 - [TEST_STEP][PASSED] - waitForPageLoad: Wait for page load successfully

2018-08-21 12:12:44 - [MESSAGE][PASSED] - Wait for page load successfully

2018-08-21 12:12:44 - [TEST_STEP][PASSED] - callTestCase: Call Test Case 'Test Cases/Select Language/TC1 Verify NL language' successfully

2018-08-21 12:12:44 - [TEST_CASE][PASSED] - Test Cases/Select Language/TC1 Verify NL language: Test Cases/Select Language/TC1 Verify NL language

2018-08-21 12:12:44 - [TEST_STEP][PASSED] - waitForElementClickable: Object 'Object Repository/Change language link Obj/NL_language' is clickable

2018-08-21 12:13:13 - [MESSAGE][PASSED] - Object 'Object Repository/Change language link Obj/NL_language' is clickable

2018-08-21 12:13:13 - [TEST_STEP][PASSED] - click: Object: 'Object Repository/Change language link Obj/NL_language' is clicked on

2018-08-21 12:13:18 - [MESSAGE][PASSED] - Object: 'Object Repository/Change language link Obj/NL_language' is clicked on

2018-08-21 12:13:18 - [TEST_STEP][PASSED] - waitForPageLoad: Wait for page load successfully

2018-08-21 12:13:18 - [MESSAGE][PASSED] - Wait for page load successfully

2018-08-21 12:13:18 - [MESSAGE][PASSED] - Call Test Case 'Test Cases/Select Language/TC1 Verify NL language' successfully

2018-08-21 12:13:18 - [TEST_STEP][PASSED] - waitForPageLoad: Wait for page load successfully

2018-08-21 12:13:18 - [MESSAGE][PASSED] - Wait for page load successfully

2018-08-21 12:13:18 - [TEST_STEP][PASSED] - callTestCase: Call Test Case 'Test Cases/Mes rapports/Verify Nouveau rapport button' successfully

2018-08-21 12:13:18 - [TEST_CASE][PASSED] - Test Cases/Mes rapports/Verify Nouveau rapport button: Test Cases/Mes rapports/Verify Nouveau rapport button

2018-08-21 12:13:18 - [TEST_STEP][PASSED] - click: Object: 'Object Repository/Mes rapports Obj/button_Nouveau rapport' is clicked on

2018-08-21 12:13:21 - [MESSAGE][PASSED] - Object: 'Object Repository/Mes rapports Obj/button_Nouveau rapport' is clicked on

2018-08-21 12:13:21 - [TEST_STEP][PASSED] - waitForPageLoad: Wait for page load successfully

2018-08-21 12:13:21 - [MESSAGE][PASSED] - Wait for page load successfully

2018-08-21 12:13:21 - [MESSAGE][PASSED] - Call Test Case 'Test Cases/Mes rapports/Verify Nouveau rapport button' successfully

2018-08-21 12:13:21 - [TEST_STEP][PASSED] - callTestCase: Call Test Case 'Test Cases/Mes rapports/Mes rapports - BASE DE RAPPORT/TC2  Verify radio button Baser sur un rapport issu de Mes rapports' successfully

2018-08-21 12:13:21 - [TEST_CASE][PASSED] - Test Cases/Mes rapports/Mes rapports - BASE DE RAPPORT/TC2  Verify radio button Baser sur un rapport issu de Mes rapports: Test Cases/Mes rapports/Mes rapports - BASE DE RAPPORT/TC2  Verify radio button Baser sur un rapport issu de Mes rapports

2018-08-21 12:13:21 - [TEST_STEP][PASSED] - click: Object: 'Object Repository/Mes rapports Obj/BASE DE RAPPORT/radioButton_Baser sur un rapport issu de Mes rapports' is clicked on

2018-08-21 12:13:21 - [MESSAGE][PASSED] - Object: 'Object Repository/Mes rapports Obj/BASE DE RAPPORT/radioButton_Baser sur un rapport issu de Mes rapports' is clicked on

2018-08-21 12:13:21 - [MESSAGE][PASSED] - Call Test Case 'Test Cases/Mes rapports/Mes rapports - BASE DE RAPPORT/TC2  Verify radio button Baser sur un rapport issu de Mes rapports' successfully

2018-08-21 12:13:21 - [TEST_STEP][PASSED] - click: Object: 'Object Repository/Mes rapports Obj/BASE DE RAPPORT/Baser sur un rapport issu de mes rapport dropdown' is clicked on

2018-08-21 12:13:22 - [MESSAGE][PASSED] - Object: 'Object Repository/Mes rapports Obj/BASE DE RAPPORT/Baser sur un rapport issu de mes rapport dropdown' is clicked on

2018-08-21 12:13:22 - [TEST_STEP][PASSED] - setText: Text 'TEST 2 MAU JAN 2018 (SANJIV)' is set on object 'Object Repository/Mes rapports Obj/BASE DE RAPPORT/Mes rapport input'

2018-08-21 12:13:22 - [MESSAGE][PASSED] - Text 'TEST 2 MAU JAN 2018 (SANJIV)' is set on object 'Object Repository/Mes rapports Obj/BASE DE RAPPORT/Mes rapport input'

2018-08-21 12:13:22 - [TEST_STEP][PASSED] - sendKeys: Keys 'ENTER + ' sent to object: 'Object Repository/Mes rapports Obj/BASE DE RAPPORT/Mes rapport input'

2018-08-21 12:13:22 - [MESSAGE][PASSED] - Keys 'ENTER + ' sent to object: 'Object Repository/Mes rapports Obj/BASE DE RAPPORT/Mes rapport input'

2018-08-21 12:13:22 - [TEST_STEP][PASSED] - callTestCase: Call Test Case 'Test Cases/Mes rapports/TC Verify the next button arrow' successfully

2018-08-21 12:13:22 - [TEST_CASE][PASSED] - Test Cases/Mes rapports/TC Verify the next button arrow: Test Cases/Mes rapports/TC Verify the next button arrow

2018-08-21 12:13:22 - [TEST_STEP][PASSED] - waitForElementClickable: Object 'Object Repository/Mes rapports Obj/button_Next_Arrow' is clickable

2018-08-21 12:13:22 - [MESSAGE][PASSED] - Object 'Object Repository/Mes rapports Obj/button_Next_Arrow' is clickable

2018-08-21 12:13:22 - [TEST_STEP][PASSED] - click: Object: 'Object Repository/Mes rapports Obj/button_Next_Arrow' is clicked on

2018-08-21 12:13:22 - [MESSAGE][PASSED] - Object: 'Object Repository/Mes rapports Obj/button_Next_Arrow' is clicked on

2018-08-21 12:13:22 - [TEST_STEP][PASSED] - delay: Delayed 5 second(s)

2018-08-21 12:13:27 - [MESSAGE][PASSED] - Delayed 5 second(s)

2018-08-21 12:13:27 - [MESSAGE][PASSED] - Call Test Case 'Test Cases/Mes rapports/TC Verify the next button arrow' successfully

2018-08-21 12:13:27 - [TEST_STEP][PASSED] - click: Object: 'Object Repository/Mes rapports Obj/CONTENU/Click on contenu' is clicked on

2018-08-21 12:13:28 - [MESSAGE][PASSED] - Object: 'Object Repository/Mes rapports Obj/CONTENU/Click on contenu' is clicked on

2018-08-21 12:13:28 - [TEST_STEP][PASSED] - click: Object: 'Object Repository/Mes rapports Obj/CONTENU/delete' is clicked on

2018-08-21 12:13:28 - [MESSAGE][PASSED] - Object: 'Object Repository/Mes rapports Obj/CONTENU/delete' is clicked on

2018-08-21 12:13:28 - [TEST_STEP][PASSED] - callTestCase: Call Test Case 'Test Cases/Verify URL/TC Verify Url' successfully

2018-08-21 12:13:28 - [TEST_CASE][PASSED] - Test Cases/Verify URL/TC Verify Url: Test Cases/Verify URL/TC Verify Url

2018-08-21 12:13:28 - [TEST_STEP][PASSED] - waitForPageLoad: Wait for page load successfully

2018-08-21 12:13:28 - [MESSAGE][PASSED] - Wait for page load successfully

2018-08-21 12:13:28 - [TEST_STEP][PASSED] - Statement - url = com.kms.katalon.core.webui.keyword.WebUiBuiltInKeywords.getUrl(): Current window's url is: 'https://internet.acc.sd.dika.be/ebloxreporting/web.sensitive/main/FpyDF/iIz9g8MffKNXfNyb1H/NL/#/definitie/wizard/extern/index/28151/inhoud/323000/1'

2018-08-21 12:13:28 - [MESSAGE][PASSED] - Current window's url is: 'https://internet.acc.sd.dika.be/ebloxreporting/web.sensitive/main/FpyDF/iIz9g8MffKNXfNyb1H/NL/#/definitie/wizard/extern/index/28151/inhoud/323000/1'

2018-08-21 12:13:28 - [TEST_STEP][PASSED] - Statement - p = java.util.regex.Pattern.compile("00040 ANTILOPE GROEP"): null

2018-08-21 12:13:28 - [TEST_STEP][PASSED] - Statement - m = p.matcher(url): null

2018-08-21 12:13:28 - [TEST_STEP][PASSED] - Statement - If (m.find()): null

2018-08-21 12:13:28 - [TEST_STEP][PASSED] - Statement - Else: The user name and the concern number are not present in the URL

2018-08-21 12:13:28 - [TEST_STEP][PASSED] - Statement - com.kms.katalon.core.util.KeywordUtil.markPassed("The user name and the concern number are not present in the URL"): The user name and the concern number are not present in the URL

2018-08-21 12:13:28 - [MESSAGE][PASSED] - The user name and the concern number are not present in the URL

2018-08-21 12:13:28 - [MESSAGE][PASSED] - Call Test Case 'Test Cases/Verify URL/TC Verify Url' successfully

2018-08-21 12:13:28 - [TEST_STEP][PASSED] - callTestCase: Call Test Case 'Test Cases/Mes rapports/TC Verify the next button arrow' successfully

2018-08-21 12:13:28 - [TEST_CASE][PASSED] - Test Cases/Mes rapports/TC Verify the next button arrow: Test Cases/Mes rapports/TC Verify the next button arrow

2018-08-21 12:13:28 - [TEST_STEP][PASSED] - waitForElementClickable: Object 'Object Repository/Mes rapports Obj/button_Next_Arrow' is clickable

2018-08-21 12:13:28 - [MESSAGE][PASSED] - Object 'Object Repository/Mes rapports Obj/button_Next_Arrow' is clickable

2018-08-21 12:13:28 - [TEST_STEP][PASSED] - click: Object: 'Object Repository/Mes rapports Obj/button_Next_Arrow' is clicked on

2018-08-21 12:13:28 - [MESSAGE][PASSED] - Object: 'Object Repository/Mes rapports Obj/button_Next_Arrow' is clicked on

2018-08-21 12:13:28 - [TEST_STEP][PASSED] - delay: Delayed 5 second(s)

2018-08-21 12:13:33 - [MESSAGE][PASSED] - Delayed 5 second(s)

2018-08-21 12:13:33 - [MESSAGE][PASSED] - Call Test Case 'Test Cases/Mes rapports/TC Verify the next button arrow' successfully

2018-08-21 12:13:33 - [TEST_STEP][PASSED] - waitForPageLoad: Wait for page load successfully

2018-08-21 12:13:33 - [MESSAGE][PASSED] - Wait for page load successfully

2018-08-21 12:13:33 - [TEST_STEP][PASSED] - callTestCase: Call Test Case 'Test Cases/Mes rapports/Mes rapports - SELECTION/Verify if checkbox is unchecked/TC 10 Deselect all checkbox' successfully

2018-08-21 12:13:34 - [TEST_CASE][PASSED] - Test Cases/Mes rapports/Mes rapports - SELECTION/Verify if checkbox is unchecked/TC 10 Deselect all checkbox: Test Cases/Mes rapports/Mes rapports - SELECTION/Verify if checkbox is unchecked/TC 10 Deselect all checkbox

2018-08-21 12:13:34 - [TEST_STEP][PASSED] - callTestCase: Call Test Case 'Test Cases/Mes rapports/Mes rapports - SELECTION/Verify if checkbox is unchecked/TC 1 Verify Contrats actifs checkbox  is un-checked' successfully

2018-08-21 12:13:34 - [TEST_CASE][PASSED] - Test Cases/Mes rapports/Mes rapports - SELECTION/Verify if checkbox is unchecked/TC 1 Verify Contrats actifs checkbox  is un-checked: Test Cases/Mes rapports/Mes rapports - SELECTION/Verify if checkbox is unchecked/TC 1 Verify Contrats actifs checkbox  is un-checked

2018-08-21 12:13:34 - [TEST_STEP][PASSED] - uncheck: Object 'Object Repository/Mes rapports Obj/SELECTION/Contrats actifs checkBox' is un-checked

2018-08-21 12:13:34 - [MESSAGE][PASSED] - Object 'Object Repository/Mes rapports Obj/SELECTION/Contrats actifs checkBox' is un-checked

2018-08-21 12:13:34 - [MESSAGE][PASSED] - Call Test Case 'Test Cases/Mes rapports/Mes rapports - SELECTION/Verify if checkbox is unchecked/TC 1 Verify Contrats actifs checkbox  is un-checked' successfully

2018-08-21 12:13:34 - [TEST_STEP][PASSED] - callTestCase: Call Test Case 'Test Cases/Mes rapports/Mes rapports - SELECTION/Verify if checkbox is unchecked/TC 2 VErify Dossier and Groupe checkBox  is un-checked' successfully

2018-08-21 12:13:34 - [TEST_CASE][PASSED] - Test Cases/Mes rapports/Mes rapports - SELECTION/Verify if checkbox is unchecked/TC 2 VErify Dossier and Groupe checkBox  is un-checked: Test Cases/Mes rapports/Mes rapports - SELECTION/Verify if checkbox is unchecked/TC 2 VErify Dossier and Groupe checkBox  is un-checked

2018-08-21 12:13:34 - [TEST_STEP][PASSED] - uncheck: Object 'Object Repository/Mes rapports Obj/SELECTION/Dossier and Groupe checkbox' is un-checked

2018-08-21 12:13:34 - [MESSAGE][PASSED] - Object 'Object Repository/Mes rapports Obj/SELECTION/Dossier and Groupe checkbox' is un-checked

2018-08-21 12:13:34 - [MESSAGE][PASSED] - Call Test Case 'Test Cases/Mes rapports/Mes rapports - SELECTION/Verify if checkbox is unchecked/TC 2 VErify Dossier and Groupe checkBox  is un-checked' successfully

2018-08-21 12:13:34 - [TEST_STEP][PASSED] - callTestCase: Call Test Case 'Test Cases/Mes rapports/Mes rapports - SELECTION/Verify if checkbox is unchecked/TC 3 Verify Travailleur checkBox  is un-checked' successfully

2018-08-21 12:13:34 - [TEST_CASE][PASSED] - Test Cases/Mes rapports/Mes rapports - SELECTION/Verify if checkbox is unchecked/TC 3 Verify Travailleur checkBox  is un-checked: Test Cases/Mes rapports/Mes rapports - SELECTION/Verify if checkbox is unchecked/TC 3 Verify Travailleur checkBox  is un-checked

2018-08-21 12:13:34 - [TEST_STEP][PASSED] - uncheck: Object 'Object Repository/Mes rapports Obj/SELECTION/Travailleur checkbox' is un-checked

2018-08-21 12:13:34 - [MESSAGE][PASSED] - Object 'Object Repository/Mes rapports Obj/SELECTION/Travailleur checkbox' is un-checked

2018-08-21 12:13:34 - [MESSAGE][PASSED] - Call Test Case 'Test Cases/Mes rapports/Mes rapports - SELECTION/Verify if checkbox is unchecked/TC 3 Verify Travailleur checkBox  is un-checked' successfully

2018-08-21 12:13:34 - [TEST_STEP][PASSED] - callTestCase: Call Test Case 'Test Cases/Mes rapports/Mes rapports - SELECTION/Verify if checkbox is unchecked/TC 4 Verify Departement checkBox  is un-checked' successfully

2018-08-21 12:13:34 - [TEST_CASE][PASSED] - Test Cases/Mes rapports/Mes rapports - SELECTION/Verify if checkbox is unchecked/TC 4 Verify Departement checkBox  is un-checked: Test Cases/Mes rapports/Mes rapports - SELECTION/Verify if checkbox is unchecked/TC 4 Verify Departement checkBox  is un-checked

2018-08-21 12:13:34 - [TEST_STEP][PASSED] - uncheck: Object 'Object Repository/Mes rapports Obj/SELECTION/Departement checkbox' is un-checked

2018-08-21 12:13:34 - [MESSAGE][PASSED] - Object 'Object Repository/Mes rapports Obj/SELECTION/Departement checkbox' is un-checked

2018-08-21 12:13:34 - [MESSAGE][PASSED] - Call Test Case 'Test Cases/Mes rapports/Mes rapports - SELECTION/Verify if checkbox is unchecked/TC 4 Verify Departement checkBox  is un-checked' successfully

2018-08-21 12:13:34 - [TEST_STEP][PASSED] - callTestCase: Call Test Case 'Test Cases/Mes rapports/Mes rapports - SELECTION/Verify if checkbox is unchecked/TC 5 Verify Caractere juridique du contract checBox  is un-checked' successfully

2018-08-21 12:13:34 - [TEST_CASE][PASSED] - Test Cases/Mes rapports/Mes rapports - SELECTION/Verify if checkbox is unchecked/TC 5 Verify Caractere juridique du contract checBox  is un-checked: Test Cases/Mes rapports/Mes rapports - SELECTION/Verify if checkbox is unchecked/TC 5 Verify Caractere juridique du contract checBox  is un-checked

2018-08-21 12:13:34 - [TEST_STEP][PASSED] - uncheck: Object 'Object Repository/Mes rapports Obj/SELECTION/Caractere juridique de contrat' is un-checked

2018-08-21 12:13:34 - [MESSAGE][PASSED] - Object 'Object Repository/Mes rapports Obj/SELECTION/Caractere juridique de contrat' is un-checked

2018-08-21 12:13:34 - [MESSAGE][PASSED] - Call Test Case 'Test Cases/Mes rapports/Mes rapports - SELECTION/Verify if checkbox is unchecked/TC 5 Verify Caractere juridique du contract checBox  is un-checked' successfully

2018-08-21 12:13:34 - [TEST_STEP][PASSED] - callTestCase: Call Test Case 'Test Cases/Mes rapports/Mes rapports - SELECTION/Verify if checkbox is unchecked/TC 6 Verify Pays de naissance checkBox  is un-checked' successfully

2018-08-21 12:13:34 - [TEST_CASE][PASSED] - Test Cases/Mes rapports/Mes rapports - SELECTION/Verify if checkbox is unchecked/TC 6 Verify Pays de naissance checkBox  is un-checked: Test Cases/Mes rapports/Mes rapports - SELECTION/Verify if checkbox is unchecked/TC 6 Verify Pays de naissance checkBox  is un-checked

2018-08-21 12:13:34 - [TEST_STEP][PASSED] - uncheck: Object 'Object Repository/Mes rapports Obj/SELECTION/Pays de naisssance checkbox' is un-checked

2018-08-21 12:13:34 - [MESSAGE][PASSED] - Object 'Object Repository/Mes rapports Obj/SELECTION/Pays de naisssance checkbox' is un-checked

2018-08-21 12:13:34 - [MESSAGE][PASSED] - Call Test Case 'Test Cases/Mes rapports/Mes rapports - SELECTION/Verify if checkbox is unchecked/TC 6 Verify Pays de naissance checkBox  is un-checked' successfully

2018-08-21 12:13:34 - [TEST_STEP][PASSED] - callTestCase: Call Test Case 'Test Cases/Mes rapports/Mes rapports - SELECTION/Verify if checkbox is unchecked/TC 7 Verify Sexe checkBox  is un-checked' successfully

2018-08-21 12:13:34 - [TEST_CASE][PASSED] - Test Cases/Mes rapports/Mes rapports - SELECTION/Verify if checkbox is unchecked/TC 7 Verify Sexe checkBox  is un-checked: Test Cases/Mes rapports/Mes rapports - SELECTION/Verify if checkbox is unchecked/TC 7 Verify Sexe checkBox  is un-checked

2018-08-21 12:13:34 - [TEST_STEP][PASSED] - uncheck: Object 'Object Repository/Mes rapports Obj/SELECTION/Sexe checkbox' is un-checked

2018-08-21 12:13:34 - [MESSAGE][PASSED] - Object 'Object Repository/Mes rapports Obj/SELECTION/Sexe checkbox' is un-checked

2018-08-21 12:13:34 - [MESSAGE][PASSED] - Call Test Case 'Test Cases/Mes rapports/Mes rapports - SELECTION/Verify if checkbox is unchecked/TC 7 Verify Sexe checkBox  is un-checked' successfully

2018-08-21 12:13:34 - [TEST_STEP][PASSED] - callTestCase: Call Test Case 'Test Cases/Mes rapports/Mes rapports - SELECTION/Verify if checkbox is unchecked/TC 8 Verify Mode de remuneration checkBox  is un-checked' successfully

2018-08-21 12:13:34 - [TEST_CASE][PASSED] - Test Cases/Mes rapports/Mes rapports - SELECTION/Verify if checkbox is unchecked/TC 8 Verify Mode de remuneration checkBox  is un-checked: Test Cases/Mes rapports/Mes rapports - SELECTION/Verify if checkbox is unchecked/TC 8 Verify Mode de remuneration checkBox  is un-checked

2018-08-21 12:13:34 - [TEST_STEP][PASSED] - uncheck: Object 'Object Repository/Mes rapports Obj/SELECTION/Mode de remuneration checkbox' is un-checked

2018-08-21 12:13:35 - [MESSAGE][PASSED] - Object 'Object Repository/Mes rapports Obj/SELECTION/Mode de remuneration checkbox' is un-checked

2018-08-21 12:13:35 - [MESSAGE][PASSED] - Call Test Case 'Test Cases/Mes rapports/Mes rapports - SELECTION/Verify if checkbox is unchecked/TC 8 Verify Mode de remuneration checkBox  is un-checked' successfully

2018-08-21 12:13:35 - [TEST_STEP][PASSED] - callTestCase: Call Test Case 'Test Cases/Mes rapports/Mes rapports - SELECTION/Verify if checkbox is unchecked/TC 9 Verify Suspension checkBox  is un-checked' successfully

2018-08-21 12:13:35 - [TEST_CASE][PASSED] - Test Cases/Mes rapports/Mes rapports - SELECTION/Verify if checkbox is unchecked/TC 9 Verify Suspension checkBox  is un-checked: Test Cases/Mes rapports/Mes rapports - SELECTION/Verify if checkbox is unchecked/TC 9 Verify Suspension checkBox  is un-checked

2018-08-21 12:13:35 - [TEST_STEP][PASSED] - uncheck: Object 'Object Repository/Mes rapports Obj/SELECTION/Suspension checkbox' is un-checked

2018-08-21 12:13:35 - [MESSAGE][PASSED] - Object 'Object Repository/Mes rapports Obj/SELECTION/Suspension checkbox' is un-checked

2018-08-21 12:13:35 - [MESSAGE][PASSED] - Call Test Case 'Test Cases/Mes rapports/Mes rapports - SELECTION/Verify if checkbox is unchecked/TC 9 Verify Suspension checkBox  is un-checked' successfully

2018-08-21 12:13:35 - [MESSAGE][PASSED] - Call Test Case 'Test Cases/Mes rapports/Mes rapports - SELECTION/Verify if checkbox is unchecked/TC 10 Deselect all checkbox' successfully

2018-08-21 12:13:35 - [TEST_STEP][PASSED] - callTestCase: Call Test Case 'Test Cases/Verify URL/TC Verify Url' successfully

2018-08-21 12:13:35 - [TEST_CASE][PASSED] - Test Cases/Verify URL/TC Verify Url: Test Cases/Verify URL/TC Verify Url

2018-08-21 12:13:35 - [TEST_STEP][PASSED] - waitForPageLoad: Wait for page load successfully

2018-08-21 12:13:35 - [MESSAGE][PASSED] - Wait for page load successfully

2018-08-21 12:13:35 - [TEST_STEP][PASSED] - Statement - url = com.kms.katalon.core.webui.keyword.WebUiBuiltInKeywords.getUrl(): Current window's url is: 'https://internet.acc.sd.dika.be/ebloxreporting/web.sensitive/main/FpyDF/iIz9g8MffKNXfNyb1H/NL/#/definitie/wizard/extern/index/28151/selectie'

2018-08-21 12:13:35 - [MESSAGE][PASSED] - Current window's url is: 'https://internet.acc.sd.dika.be/ebloxreporting/web.sensitive/main/FpyDF/iIz9g8MffKNXfNyb1H/NL/#/definitie/wizard/extern/index/28151/selectie'

2018-08-21 12:13:35 - [TEST_STEP][PASSED] - Statement - p = java.util.regex.Pattern.compile("00040 ANTILOPE GROEP"): null

2018-08-21 12:13:35 - [TEST_STEP][PASSED] - Statement - m = p.matcher(url): null

2018-08-21 12:13:35 - [TEST_STEP][PASSED] - Statement - If (m.find()): null

2018-08-21 12:13:35 - [TEST_STEP][PASSED] - Statement - Else: The user name and the concern number are not present in the URL

2018-08-21 12:13:35 - [TEST_STEP][PASSED] - Statement - com.kms.katalon.core.util.KeywordUtil.markPassed("The user name and the concern number are not present in the URL"): The user name and the concern number are not present in the URL

2018-08-21 12:13:35 - [MESSAGE][PASSED] - The user name and the concern number are not present in the URL

2018-08-21 12:13:35 - [MESSAGE][PASSED] - Call Test Case 'Test Cases/Verify URL/TC Verify Url' successfully

2018-08-21 12:13:35 - [TEST_STEP][PASSED] - callTestCase: Call Test Case 'Test Cases/Mes rapports/TC Verify the next button arrow' successfully

2018-08-21 12:13:35 - [TEST_CASE][PASSED] - Test Cases/Mes rapports/TC Verify the next button arrow: Test Cases/Mes rapports/TC Verify the next button arrow

2018-08-21 12:13:35 - [TEST_STEP][PASSED] - waitForElementClickable: Object 'Object Repository/Mes rapports Obj/button_Next_Arrow' is clickable

2018-08-21 12:13:35 - [MESSAGE][PASSED] - Object 'Object Repository/Mes rapports Obj/button_Next_Arrow' is clickable

2018-08-21 12:13:35 - [TEST_STEP][PASSED] - click: Object: 'Object Repository/Mes rapports Obj/button_Next_Arrow' is clicked on

2018-08-21 12:13:35 - [MESSAGE][PASSED] - Object: 'Object Repository/Mes rapports Obj/button_Next_Arrow' is clicked on

2018-08-21 12:13:35 - [TEST_STEP][PASSED] - delay: Delayed 5 second(s)

2018-08-21 12:13:40 - [MESSAGE][PASSED] - Delayed 5 second(s)

2018-08-21 12:13:40 - [MESSAGE][PASSED] - Call Test Case 'Test Cases/Mes rapports/TC Verify the next button arrow' successfully

2018-08-21 12:13:40 - [TEST_STEP][PASSED] - waitForPageLoad: Wait for page load successfully

2018-08-21 12:13:40 - [MESSAGE][PASSED] - Wait for page load successfully

2018-08-21 12:13:40 - [TEST_STEP][PASSED] - callTestCase: Call Test Case 'Test Cases/Verify URL/TC Verify Url' successfully

2018-08-21 12:13:40 - [TEST_CASE][PASSED] - Test Cases/Verify URL/TC Verify Url: Test Cases/Verify URL/TC Verify Url

2018-08-21 12:13:40 - [TEST_STEP][PASSED] - waitForPageLoad: Wait for page load successfully

2018-08-21 12:13:40 - [MESSAGE][PASSED] - Wait for page load successfully

2018-08-21 12:13:40 - [TEST_STEP][PASSED] - Statement - url = com.kms.katalon.core.webui.keyword.WebUiBuiltInKeywords.getUrl(): Current window's url is: 'https://internet.acc.sd.dika.be/ebloxreporting/web.sensitive/main/FpyDF/iIz9g8MffKNXfNyb1H/NL/#/definitie/wizard/extern/index/28151/uitvoering'

2018-08-21 12:13:40 - [MESSAGE][PASSED] - Current window's url is: 'https://internet.acc.sd.dika.be/ebloxreporting/web.sensitive/main/FpyDF/iIz9g8MffKNXfNyb1H/NL/#/definitie/wizard/extern/index/28151/uitvoering'

2018-08-21 12:13:40 - [TEST_STEP][PASSED] - Statement - p = java.util.regex.Pattern.compile("00040 ANTILOPE GROEP"): null

2018-08-21 12:13:40 - [TEST_STEP][PASSED] - Statement - m = p.matcher(url): null

2018-08-21 12:13:40 - [TEST_STEP][PASSED] - Statement - If (m.find()): null

2018-08-21 12:13:40 - [TEST_STEP][PASSED] - Statement - Else: The user name and the concern number are not present in the URL

2018-08-21 12:13:40 - [TEST_STEP][PASSED] - Statement - com.kms.katalon.core.util.KeywordUtil.markPassed("The user name and the concern number are not present in the URL"): The user name and the concern number are not present in the URL

2018-08-21 12:13:40 - [MESSAGE][PASSED] - The user name and the concern number are not present in the URL

2018-08-21 12:13:40 - [MESSAGE][PASSED] - Call Test Case 'Test Cases/Verify URL/TC Verify Url' successfully

2018-08-21 12:13:40 - [TEST_STEP][PASSED] - delay: Delayed 2 second(s)

2018-08-21 12:13:42 - [MESSAGE][PASSED] - Delayed 2 second(s)

2018-08-21 12:13:42 - [TEST_STEP][PASSED] - click: Object: 'Object Repository/Mes rapports Obj/EXECUTION/Description _Date de reference historique' is clicked on

2018-08-21 12:13:42 - [MESSAGE][PASSED] - Object: 'Object Repository/Mes rapports Obj/EXECUTION/Description _Date de reference historique' is clicked on

2018-08-21 12:13:42 - [TEST_STEP][PASSED] - delay: Delayed 2 second(s)

2018-08-21 12:13:44 - [MESSAGE][PASSED] - Delayed 2 second(s)

2018-08-21 12:13:44 - [TEST_STEP][PASSED] - click: Object: 'Object Repository/Mes rapports Obj/EXECUTION/Description_Date de reference historique - Dernier jour mois precedent' is clicked on

2018-08-21 12:13:44 - [MESSAGE][PASSED] - Object: 'Object Repository/Mes rapports Obj/EXECUTION/Description_Date de reference historique - Dernier jour mois precedent' is clicked on

2018-08-21 12:13:44 - [TEST_STEP][PASSED] - click: Object: 'Object Repository/Mes rapports Obj/EXECUTION/Exporter button' is clicked on

2018-08-21 12:13:44 - [MESSAGE][PASSED] - Object: 'Object Repository/Mes rapports Obj/EXECUTION/Exporter button' is clicked on

2018-08-21 12:13:44 - [TEST_STEP][PASSED] - delay: Delayed 5 second(s)

2018-08-21 12:13:49 - [MESSAGE][PASSED] - Delayed 5 second(s)

2018-08-21 12:13:49 - [TEST_STEP][PASSED] - Statement - export = com.kms.katalon.core.webui.keyword.WebUiBuiltInKeywords.modifyObjectProperty(com.kms.katalon.core.testobject.ObjectRepository.findTestObject(Mes rapports Obj/EXECUTION/Exporter button), "title", "equals", "Exporteer naar excel", true): Modify property of object successfully

2018-08-21 12:13:49 - [MESSAGE][PASSED] - Modify property of object successfully

2018-08-21 12:13:49 - [TEST_STEP][FAILED] - click: Unable to click on object 'Object Repository/Mes rapports Obj/EXECUTION/Exporter button' (Root cause: org.openqa.selenium.WebDriverException: unknown error: Element <button type="button" class="btn btn-default" title="Exporteer naar excel" ng-click="pagevm.downloadExcelFile(parametersvm.rapport,uitvoeringParametersForm)" ng-disabled="pagevm.processing || !(parametersvm.rapport.exportInhoud || parametersvm.rapport.exportDraaitabel || ((parametersvm.rapport.exportEigenGrafiek || parametersvm.rapport.sdSuggestieGebruiken) &amp;&amp;  !(parametersvm.rapport.kenmerken.historischUitvoeren &amp;&amp; parametersvm.rapport.kenmerken.aggregatiePeriode === 0)))" disabled="disabled">...</button> is not clickable at point (1289, 436). Other element would receive the click: <div class="btn-group">...</div>
  (Session info: chrome=68.0.3440.106)
  (Driver info: chromedriver=2.35.528161 (5b82f2d2aae0ca24b877009200ced9065a772e73),platform=Windows NT 10.0.16299 x86_64) (WARNING: The server did not provide any stacktrace information)
Command duration or timeout: 0 milliseconds
Build info: version: '3.7.1', revision: '8a0099a', time: '2017-11-06T21:07:36.161Z'
System info: host: '5CG7062KWD', ip: '10.136.82.137', os.name: 'Windows 10', os.arch: 'amd64', os.version: '10.0', java.version: '1.8.0_181'
Driver info: com.kms.katalon.selenium.driver.CChromeDriver
Capabilities {acceptInsecureCerts: false, acceptSslCerts: false, applicationCacheEnabled: false, browserConnectionEnabled: false, browserName: chrome, chrome: {chromedriverVersion: 2.35.528161 (5b82f2d2aae0ca..., userDataDir: C:\Users\SEEBOR~1\AppData\L...}, cssSelectorsEnabled: true, databaseEnabled: false, handlesAlerts: true, hasTouchScreen: false, javascriptEnabled: true, locationContextEnabled: true, mobileEmulationEnabled: false, nativeEvents: true, networkConnectionEnabled: false, pageLoadStrategy: normal, platform: XP, platformName: XP, rotatable: false, setWindowRect: true, takesHeapSnapshot: true, takesScreenshot: true, unexpectedAlertBehaviour: , unhandledPromptBehavior: , version: 68.0.3440.106, webStorageEnabled: true}
Session ID: 603affecc0d5364ce61d9ffacf352cc0)

2018-08-21 12:13:50 - [MESSAGE][FAILED] - Unable to click on object 'Object Repository/Mes rapports Obj/EXECUTION/Exporter button' (Root cause: org.openqa.selenium.WebDriverException: unknown error: Element <button type="button" class="btn btn-default" title="Exporteer naar excel" ng-click="pagevm.downloadExcelFile(parametersvm.rapport,uitvoeringParametersForm)" ng-disabled="pagevm.processing || !(parametersvm.rapport.exportInhoud || parametersvm.rapport.exportDraaitabel || ((parametersvm.rapport.exportEigenGrafiek || parametersvm.rapport.sdSuggestieGebruiken) &amp;&amp;  !(parametersvm.rapport.kenmerken.historischUitvoeren &amp;&amp; parametersvm.rapport.kenmerken.aggregatiePeriode === 0)))" disabled="disabled">...</button> is not clickable at point (1289, 436). Other element would receive the click: <div class="btn-group">...</div>
  (Session info: chrome=68.0.3440.106)
  (Driver info: chromedriver=2.35.528161 (5b82f2d2aae0ca24b877009200ced9065a772e73),platform=Windows NT 10.0.16299 x86_64) (WARNING: The server did not provide any stacktrace information)
Command duration or timeout: 0 milliseconds
Build info: version: '3.7.1', revision: '8a0099a', time: '2017-11-06T21:07:36.161Z'
System info: host: '5CG7062KWD', ip: '10.136.82.137', os.name: 'Windows 10', os.arch: 'amd64', os.version: '10.0', java.version: '1.8.0_181'
Driver info: com.kms.katalon.selenium.driver.CChromeDriver
Capabilities {acceptInsecureCerts: false, acceptSslCerts: false, applicationCacheEnabled: false, browserConnectionEnabled: false, browserName: chrome, chrome: {chromedriverVersion: 2.35.528161 (5b82f2d2aae0ca..., userDataDir: C:\Users\SEEBOR~1\AppData\L...}, cssSelectorsEnabled: true, databaseEnabled: false, handlesAlerts: true, hasTouchScreen: false, javascriptEnabled: true, locationContextEnabled: true, mobileEmulationEnabled: false, nativeEvents: true, networkConnectionEnabled: false, pageLoadStrategy: normal, platform: XP, platformName: XP, rotatable: false, setWindowRect: true, takesHeapSnapshot: true, takesScreenshot: true, unexpectedAlertBehaviour: , unhandledPromptBehavior: , version: 68.0.3440.106, webStorageEnabled: true}
Session ID: 603affecc0d5364ce61d9ffacf352cc0)
[[ATTACHMENT|C:\\Users\\seeboruts\\OneDrive - SD Worx\\Desktop\\Katalon_eBlox_Reporting\\Reports\\testing\\Demo\\20180821_120612\\1534839229847.png]]]]></system-out>
         <system-err><![CDATA[2018-08-21 12:12:27 - [TEST_CASE][FAILED] - Test Cases/New Folder/TC4 BASED ON MY REPORTS: Test Cases/New Folder/TC4 BASED ON MY REPORTS FAILED because (of) Unable to click on object 'Object Repository/Mes rapports Obj/EXECUTION/Exporter button' (Root cause: org.openqa.selenium.WebDriverException: unknown error: Element <button type="button" class="btn btn-default" title="Exporteer naar excel" ng-click="pagevm.downloadExcelFile(parametersvm.rapport,uitvoeringParametersForm)" ng-disabled="pagevm.processing || !(parametersvm.rapport.exportInhoud || parametersvm.rapport.exportDraaitabel || ((parametersvm.rapport.exportEigenGrafiek || parametersvm.rapport.sdSuggestieGebruiken) &amp;&amp;  !(parametersvm.rapport.kenmerken.historischUitvoeren &amp;&amp; parametersvm.rapport.kenmerken.aggregatiePeriode === 0)))" disabled="disabled">...</button> is not clickable at point (1289, 436). Other element would receive the click: <div class="btn-group">...</div>
  (Session info: chrome=68.0.3440.106)
  (Driver info: chromedriver=2.35.528161 (5b82f2d2aae0ca24b877009200ced9065a772e73),platform=Windows NT 10.0.16299 x86_64) (WARNING: The server did not provide any stacktrace information)
Command duration or timeout: 0 milliseconds
Build info: version: '3.7.1', revision: '8a0099a', time: '2017-11-06T21:07:36.161Z'
System info: host: '5CG7062KWD', ip: '10.136.82.137', os.name: 'Windows 10', os.arch: 'amd64', os.version: '10.0', java.version: '1.8.0_181'
Driver info: com.kms.katalon.selenium.driver.CChromeDriver
Capabilities {acceptInsecureCerts: false, acceptSslCerts: false, applicationCacheEnabled: false, browserConnectionEnabled: false, browserName: chrome, chrome: {chromedriverVersion: 2.35.528161 (5b82f2d2aae0ca..., userDataDir: C:\Users\SEEBOR~1\AppData\L...}, cssSelectorsEnabled: true, databaseEnabled: false, handlesAlerts: true, hasTouchScreen: false, javascriptEnabled: true, locationContextEnabled: true, mobileEmulationEnabled: false, nativeEvents: true, networkConnectionEnabled: false, pageLoadStrategy: normal, platform: XP, platformName: XP, rotatable: false, setWindowRect: true, takesHeapSnapshot: true, takesScreenshot: true, unexpectedAlertBehaviour: , unhandledPromptBehavior: , version: 68.0.3440.106, webStorageEnabled: true}
Session ID: 603affecc0d5364ce61d9ffacf352cc0)]]></system-err>
      </testcase>
      <testcase name="Test Cases/New Folder/TC17 ARGUMENT AGE" classname="Test Cases/New Folder/TC17 ARGUMENT AGE" status="PASSED">
         <system-out><![CDATA[2018-08-21 12:13:50 - [TEST_CASE][PASSED] - Test Cases/New Folder/TC17 ARGUMENT AGE: Test Cases/New Folder/TC17 ARGUMENT AGE

2018-08-21 12:13:50 - [TEST_STEP][PASSED] - callTestCase: Call Test Case 'Test Cases/Login/TC1 Login to Mysdworx' successfully

2018-08-21 12:13:50 - [TEST_CASE][PASSED] - Test Cases/Login/TC1 Login to Mysdworx: Test Cases/Login/TC1 Login to Mysdworx

2018-08-21 12:13:50 - [TEST_STEP][PASSED] - openBrowser: Browser is opened with url: ''

2018-08-21 12:13:50 - [MESSAGE][WARNING] - A browser is already opened. Closing browser and opening a new one

2018-08-21 12:13:53 - [MESSAGE][PASSED] - Browser is opened with url: ''

2018-08-21 12:13:53 - [TEST_STEP][PASSED] - navigateToUrl: Navigate to 'https://internet.acc.sd.dika.be/ebloxreporting/web.sensitive/main/?lang=fr' successfully

2018-08-21 12:13:58 - [MESSAGE][PASSED] - Navigate to 'https://internet.acc.sd.dika.be/ebloxreporting/web.sensitive/main/?lang=fr' successfully

2018-08-21 12:13:58 - [TEST_STEP][PASSED] - maximizeWindow: Current window maximized

2018-08-21 12:13:59 - [MESSAGE][PASSED] - Current window maximized

2018-08-21 12:13:59 - [TEST_STEP][PASSED] - setText: Text 'DP_EBLOX_RPP_VASCO' is set on object 'Object Repository/Page_mysdworx - Log in/input_Username'

2018-08-21 12:14:03 - [MESSAGE][PASSED] - Text 'DP_EBLOX_RPP_VASCO' is set on object 'Object Repository/Page_mysdworx - Log in/input_Username'

2018-08-21 12:14:03 - [TEST_STEP][PASSED] - Statement - frame = new javax.swing.JFrame(User Input Frame): null

2018-08-21 12:14:03 - [TEST_STEP][PASSED] - Statement - frame.requestFocus(): null

2018-08-21 12:14:03 - [TEST_STEP][PASSED] - Statement - pass = javax.swing.JOptionPane.showInputDialog(frame, "Enter the password from token!!"): null

2018-08-21 12:14:21 - [TEST_STEP][PASSED] - delay: Delayed 2 second(s)

2018-08-21 12:14:23 - [MESSAGE][PASSED] - Delayed 2 second(s)

2018-08-21 12:14:23 - [TEST_STEP][PASSED] - setText: Text '196735' is set on object 'Object Repository/Page_mysdworx - Log in/input_Password'

2018-08-21 12:14:23 - [MESSAGE][PASSED] - Text '196735' is set on object 'Object Repository/Page_mysdworx - Log in/input_Password'

2018-08-21 12:14:23 - [TEST_STEP][PASSED] - click: Object: 'Object Repository/Page_mysdworx - Log in/button_Se connecter' is clicked on

2018-08-21 12:14:23 - [MESSAGE][PASSED] - Object: 'Object Repository/Page_mysdworx - Log in/button_Se connecter' is clicked on

2018-08-21 12:14:23 - [TEST_STEP][PASSED] - waitForPageLoad: Wait for page load successfully

2018-08-21 12:14:23 - [MESSAGE][PASSED] - Wait for page load successfully

2018-08-21 12:14:23 - [TEST_STEP][NOT_RUN] - closeBrowser: NOT_RUN: closeBrowser

2018-08-21 12:14:23 - [MESSAGE][NOT_RUN] - NOT_RUN: closeBrowser

2018-08-21 12:14:23 - [MESSAGE][PASSED] - Call Test Case 'Test Cases/Login/TC1 Login to Mysdworx' successfully

2018-08-21 12:14:23 - [TEST_STEP][PASSED] - waitForPageLoad: Wait for page load successfully

2018-08-21 12:14:23 - [MESSAGE][PASSED] - Wait for page load successfully

2018-08-21 12:14:23 - [TEST_STEP][PASSED] - callTestCase: Call Test Case 'Test Cases/Select Language/TC1 Verify NL language' successfully

2018-08-21 12:14:23 - [TEST_CASE][PASSED] - Test Cases/Select Language/TC1 Verify NL language: Test Cases/Select Language/TC1 Verify NL language

2018-08-21 12:14:23 - [TEST_STEP][PASSED] - waitForElementClickable: Object 'Object Repository/Change language link Obj/NL_language' is clickable

2018-08-21 12:14:49 - [MESSAGE][PASSED] - Object 'Object Repository/Change language link Obj/NL_language' is clickable

2018-08-21 12:14:49 - [TEST_STEP][PASSED] - click: Object: 'Object Repository/Change language link Obj/NL_language' is clicked on

2018-08-21 12:14:54 - [MESSAGE][PASSED] - Object: 'Object Repository/Change language link Obj/NL_language' is clicked on

2018-08-21 12:14:54 - [TEST_STEP][PASSED] - waitForPageLoad: Wait for page load successfully

2018-08-21 12:14:54 - [MESSAGE][PASSED] - Wait for page load successfully

2018-08-21 12:14:54 - [MESSAGE][PASSED] - Call Test Case 'Test Cases/Select Language/TC1 Verify NL language' successfully

2018-08-21 12:14:54 - [TEST_STEP][PASSED] - callTestCase: Call Test Case 'Test Cases/Mes rapports/Main Page/TC Verify Mes rapports tab' successfully

2018-08-21 12:14:54 - [TEST_CASE][PASSED] - Test Cases/Mes rapports/Main Page/TC Verify Mes rapports tab: Test Cases/Mes rapports/Main Page/TC Verify Mes rapports tab

2018-08-21 12:14:54 - [TEST_STEP][PASSED] - click: Object: 'Object Repository/Mes rapports Obj/Mes rapports_tab' is clicked on

2018-08-21 12:14:55 - [MESSAGE][PASSED] - Object: 'Object Repository/Mes rapports Obj/Mes rapports_tab' is clicked on

2018-08-21 12:14:55 - [MESSAGE][PASSED] - Call Test Case 'Test Cases/Mes rapports/Main Page/TC Verify Mes rapports tab' successfully

2018-08-21 12:14:55 - [TEST_STEP][PASSED] - setText: Text 'REG ARGUMENT LEEFTIJD' is set on object 'Object Repository/Mes rapports Obj/input search filter'

2018-08-21 12:14:57 - [MESSAGE][PASSED] - Text 'REG ARGUMENT LEEFTIJD' is set on object 'Object Repository/Mes rapports Obj/input search filter'

2018-08-21 12:14:57 - [TEST_STEP][PASSED] - click: Object: 'Object Repository/Page_eBlox Reporting/Search_Icon' is clicked on

2018-08-21 12:14:57 - [MESSAGE][PASSED] - Object: 'Object Repository/Page_eBlox Reporting/Search_Icon' is clicked on

2018-08-21 12:14:57 - [TEST_STEP][PASSED] - Statement - myTestObject = new com.kms.katalon.core.testobject.TestObject(Select_report): null

2018-08-21 12:14:57 - [TEST_STEP][PASSED] - Statement - myTestObject.addProperty("xpath", EQUALS, "//a[@class='hide-on-hover']//span[@text='REG LEEFTIJD ARGUMENT']"): null

2018-08-21 12:14:57 - [TEST_STEP][PASSED] - click: Object: 'Select_report' is clicked on

2018-08-21 12:14:58 - [MESSAGE][PASSED] - Object: 'Select_report' is clicked on

2018-08-21 12:14:58 - [TEST_STEP][PASSED] - delay: Delayed 2 second(s)

2018-08-21 12:15:00 - [MESSAGE][PASSED] - Delayed 2 second(s)

2018-08-21 12:15:00 - [TEST_STEP][PASSED] - waitForElementClickable: Object 'Object Repository/Mes rapports Obj/EXECUTION/Description _Date de reference historique' is clickable

2018-08-21 12:15:00 - [MESSAGE][PASSED] - Object 'Object Repository/Mes rapports Obj/EXECUTION/Description _Date de reference historique' is clickable

2018-08-21 12:15:00 - [TEST_STEP][PASSED] - click: Object: 'Object Repository/Mes rapports Obj/EXECUTION/Description _Date de reference historique' is clicked on

2018-08-21 12:15:00 - [MESSAGE][PASSED] - Object: 'Object Repository/Mes rapports Obj/EXECUTION/Description _Date de reference historique' is clicked on

2018-08-21 12:15:00 - [TEST_STEP][PASSED] - delay: Delayed 2 second(s)

2018-08-21 12:15:02 - [MESSAGE][PASSED] - Delayed 2 second(s)

2018-08-21 12:15:02 - [TEST_STEP][PASSED] - click: Object: 'Object Repository/Mes rapports Obj/EXECUTION/Aujourdhui - Vandaag' is clicked on

2018-08-21 12:15:02 - [MESSAGE][PASSED] - Object: 'Object Repository/Mes rapports Obj/EXECUTION/Aujourdhui - Vandaag' is clicked on

2018-08-21 12:15:02 - [TEST_STEP][PASSED] - click: Object: 'Object Repository/Mes rapports Obj/EXECUTION/Button executer' is clicked on

2018-08-21 12:15:02 - [MESSAGE][PASSED] - Object: 'Object Repository/Mes rapports Obj/EXECUTION/Button executer' is clicked on

2018-08-21 12:15:02 - [TEST_STEP][PASSED] - waitForPageLoad: Wait for page load successfully

2018-08-21 12:15:02 - [MESSAGE][PASSED] - Wait for page load successfully

2018-08-21 12:15:02 - [TEST_STEP][PASSED] - closeBrowser: Browser is closed

2018-08-21 12:15:03 - [MESSAGE][PASSED] - Browser is closed]]></system-out>
         <system-err><![CDATA[]]></system-err>
      </testcase>
      <system-out><![CDATA[2018-08-21 12:06:15 - [TEST_SUITE][FAILED] - Demo: Test Cases/New Folder/TC4 BASED ON MY REPORTS FAILED because (of) Unable to click on object 'Object Repository/Mes rapports Obj/EXECUTION/Exporter button' (Root cause: org.openqa.selenium.WebDriverException: unknown error: Element <button type="button" class="btn btn-default" title="Exporteer naar excel" ng-click="pagevm.downloadExcelFile(parametersvm.rapport,uitvoeringParametersForm)" ng-disabled="pagevm.processing || !(parametersvm.rapport.exportInhoud || parametersvm.rapport.exportDraaitabel || ((parametersvm.rapport.exportEigenGrafiek || parametersvm.rapport.sdSuggestieGebruiken) &amp;&amp;  !(parametersvm.rapport.kenmerken.historischUitvoeren &amp;&amp; parametersvm.rapport.kenmerken.aggregatiePeriode === 0)))" disabled="disabled">...</button> is not clickable at point (1289, 436). Other element would receive the click: <div class="btn-group">...</div>
  (Session info: chrome=68.0.3440.106)
  (Driver info: chromedriver=2.35.528161 (5b82f2d2aae0ca24b877009200ced9065a772e73),platform=Windows NT 10.0.16299 x86_64) (WARNING: The server did not provide any stacktrace information)
Command duration or timeout: 0 milliseconds
Build info: version: '3.7.1', revision: '8a0099a', time: '2017-11-06T21:07:36.161Z'
System info: host: '5CG7062KWD', ip: '10.136.82.137', os.name: 'Windows 10', os.arch: 'amd64', os.version: '10.0', java.version: '1.8.0_181'
Driver info: com.kms.katalon.selenium.driver.CChromeDriver
Capabilities {acceptInsecureCerts: false, acceptSslCerts: false, applicationCacheEnabled: false, browserConnectionEnabled: false, browserName: chrome, chrome: {chromedriverVersion: 2.35.528161 (5b82f2d2aae0ca..., userDataDir: C:\Users\SEEBOR~1\AppData\L...}, cssSelectorsEnabled: true, databaseEnabled: false, handlesAlerts: true, hasTouchScreen: false, javascriptEnabled: true, locationContextEnabled: true, mobileEmulationEnabled: false, nativeEvents: true, networkConnectionEnabled: false, pageLoadStrategy: normal, platform: XP, platformName: XP, rotatable: false, setWindowRect: true, takesHeapSnapshot: true, takesScreenshot: true, unexpectedAlertBehaviour: , unhandledPromptBehavior: , version: 68.0.3440.106, webStorageEnabled: true}
Session ID: 603affecc0d5364ce61d9ffacf352cc0)]]></system-out>
      <system-err><![CDATA[2018-08-21 12:06:15 - [TEST_SUITE][FAILED] - Demo: Test Cases/New Folder/TC4 BASED ON MY REPORTS FAILED because (of) Unable to click on object 'Object Repository/Mes rapports Obj/EXECUTION/Exporter button' (Root cause: org.openqa.selenium.WebDriverException: unknown error: Element <button type="button" class="btn btn-default" title="Exporteer naar excel" ng-click="pagevm.downloadExcelFile(parametersvm.rapport,uitvoeringParametersForm)" ng-disabled="pagevm.processing || !(parametersvm.rapport.exportInhoud || parametersvm.rapport.exportDraaitabel || ((parametersvm.rapport.exportEigenGrafiek || parametersvm.rapport.sdSuggestieGebruiken) &amp;&amp;  !(parametersvm.rapport.kenmerken.historischUitvoeren &amp;&amp; parametersvm.rapport.kenmerken.aggregatiePeriode === 0)))" disabled="disabled">...</button> is not clickable at point (1289, 436). Other element would receive the click: <div class="btn-group">...</div>
  (Session info: chrome=68.0.3440.106)
  (Driver info: chromedriver=2.35.528161 (5b82f2d2aae0ca24b877009200ced9065a772e73),platform=Windows NT 10.0.16299 x86_64) (WARNING: The server did not provide any stacktrace information)
Command duration or timeout: 0 milliseconds
Build info: version: '3.7.1', revision: '8a0099a', time: '2017-11-06T21:07:36.161Z'
System info: host: '5CG7062KWD', ip: '10.136.82.137', os.name: 'Windows 10', os.arch: 'amd64', os.version: '10.0', java.version: '1.8.0_181'
Driver info: com.kms.katalon.selenium.driver.CChromeDriver
Capabilities {acceptInsecureCerts: false, acceptSslCerts: false, applicationCacheEnabled: false, browserConnectionEnabled: false, browserName: chrome, chrome: {chromedriverVersion: 2.35.528161 (5b82f2d2aae0ca..., userDataDir: C:\Users\SEEBOR~1\AppData\L...}, cssSelectorsEnabled: true, databaseEnabled: false, handlesAlerts: true, hasTouchScreen: false, javascriptEnabled: true, locationContextEnabled: true, mobileEmulationEnabled: false, nativeEvents: true, networkConnectionEnabled: false, pageLoadStrategy: normal, platform: XP, platformName: XP, rotatable: false, setWindowRect: true, takesHeapSnapshot: true, takesScreenshot: true, unexpectedAlertBehaviour: , unhandledPromptBehavior: , version: 68.0.3440.106, webStorageEnabled: true}
Session ID: 603affecc0d5364ce61d9ffacf352cc0)]]></system-err>
   </testsuite>
</testsuites>
